#
# A fatal error has been detected by the Java Runtime Environment:
#
#  EXCEPTION_ACCESS_VIOLATION (0xc0000005) at pc=0x00007ffbdaccbce8, pid=13924, tid=18464
#
# JRE version: Java(TM) SE Runtime Environment (12.0.2+10) (build 12.0.2+10)
# Java VM: Java HotSpot(TM) 64-Bit Server VM (12.0.2+10, mixed mode, sharing, tiered, compressed oops, g1 gc, windows-amd64)
# Problematic frame:
# V  [jvm.dll+0x3ebce8]
#
# No core dump will be written. Minidumps are not enabled by default on client versions of Windows
#
# If you would like to submit a bug report, please visit:
#   http://bugreport.java.com/bugreport/crash.jsp
#

---------------  S U M M A R Y ------------

Command Line: -agentlib:jdwp=transport=dt_socket,address=127.0.0.1:61291,suspend=y,server=n -Des.http.port=9000 -Des.tcp.port=10000 -Dstore.path=S:\\es-server-1 -Djava.net.preferIPv4Stack=true -Djgroups.bind_addr=127.0.0.1 -javaagent:C:\Users\Josue\AppData\Local\JetBrains\Toolbox\apps\IDEA-U\ch-0\192.5728.98\plugins\java\lib\rt\debugger-agent.jar -Dfile.encoding=UTF-8 io.joshworks.eventry.server.Server

Host: AMD Ryzen 7 2700X Eight-Core Processor         , 16 cores, 63G,  Windows 10 , 64 bit Build 18362 (10.0.18362.86)
Time: Sun Aug 11 18:14:25 2019 GMT Summer Time elapsed time: 8 seconds (0d 0h 0m 8s)

---------------  T H R E A D  ---------------

Current thread (0x000002047ee9a000):  JavaThread "JDWP Transport Listener: dt_socket" daemon [_thread_in_vm, id=18464, stack(0x00000072c4200000,0x00000072c4300000)]

Stack: [0x00000072c4200000,0x00000072c4300000],  sp=0x00000072c42ff140,  free space=1020k
Native frames: (J=compiled Java code, j=interpreted, Vv=VM code, C=native code)
V  [jvm.dll+0x3ebce8]
C  [jdwp.dll+0x26612]


siginfo: EXCEPTION_ACCESS_VIOLATION (0xc0000005), reading address 0x00000009d905d280


Register to memory mapping:

RIP=0x00007ffbdaccbce8 jvm.dll
RAX=
[error occurred during error reporting (printing register info), id 0xc0000005, EXCEPTION_ACCESS_VIOLATION (0xc0000005) at pc=0x00007ffbdabd98df]

Registers:
RAX=0x00000007fffffff8, RBX=0x000002047ee9a000, RCX=0x0000000000000038, RDX=0x0000000000000050
RSP=0x00000072c42ff140, RBP=0x000002047edf2fc0, RSI=0x000000080036c4f0, RDI=0x000002047edf2f00
R8 =0x00000009d905d248, R9 =0x000002047eccb9d0, R10=0x0000000000000000, R11=0x00000072c42ff1a0
R12=0x00007ffc2379c528, R13=0x0000000000000001, R14=0x000002047ee9a000, R15=0x00007ffc23799350
RIP=0x00007ffbdaccbce8, EFLAGS=0x0000000000010206

Top of Stack: (sp=0x00000072c42ff140)
0x00000072c42ff140:   000002047ee9a000 0000000000000000
0x00000072c42ff150:   0000000000000000 0000000000000000
0x00000072c42ff160:   00007ffc23799338 00007ffc23796612
0x00000072c42ff170:   000002047ee9a330 00007ffc2379e860
0x00000072c42ff180:   000002047ee9a330 000002047edf2fc0
0x00000072c42ff190:   000002047eca8720 0000000000000000
0x00000072c42ff1a0:   000000000000004c 00007ffc23777db6
0x00000072c42ff1b0:   0000000000000000 00000072c42ff1f0
0x00000072c42ff1c0:   00000072c42ff300 00000072c42ff300
0x00000072c42ff1d0:   00000072c42ff1e8 00007ffc2378748d
0x00000072c42ff1e0:   00000072c42ff2d0 000002047edf2fc0
0x00000072c42ff1f0:   000002047eca8720 0000000000020000
0x00000072c42ff200:   0000000000000001 00007ffc237773ec
0x00000072c42ff210:   00000072c42ff2d0 0000000000000000
0x00000072c42ff220:   00000072c42ff300 0000020422273da0
0x00000072c42ff230:   0000000000000001 00007ffc2378a04c 

Instructions: (pc=0x00007ffbdaccbce8)
0x00007ffbdaccbbe8:   04 5d da ff 48 8b 5c 24 50 48 8b c5 48 8b 6c 24
0x00007ffbdaccbbf8:   58 48 8b 74 24 60 48 8b 7c 24 68 48 83 c4 40 41
0x00007ffbdaccbc08:   5e c3 cc cc cc cc cc cc 48 89 5c 24 08 48 89 6c
0x00007ffbdaccbc18:   24 10 48 89 74 24 18 48 89 7c 24 20 41 56 48 83
0x00007ffbdaccbc28:   ec 20 8b 81 90 00 00 00 4c 8d b1 d0 fc ff ff 05
0x00007ffbdaccbc38:   55 21 ff ff 49 8b f0 48 8b ea 83 f8 01 76 0d 49
0x00007ffbdaccbc48:   8b ce 40 b7 01 e8 5e e4 35 00 eb 03 40 32 ff 33
0x00007ffbdaccbc58:   db ba 06 00 00 00 40 84 ff 49 0f 44 de 48 8b cb
0x00007ffbdaccbc68:   e8 b3 a4 d5 ff 40 b7 01 48 85 ed 0f 84 92 00 00
0x00007ffbdaccbc78:   00 40 32 ff 40 f6 c6 01 74 0c 48 8d 4e ff ff 15
0x00007ffbdaccbc88:   0c 51 62 00 eb 09 48 8b ce ff 15 f9 50 62 00 48
0x00007ffbdaccbc98:   8b c8 e8 91 1a fb ff 48 8b f0 48 85 c0 74 64 40
0x00007ffbdaccbca8:   f6 c5 01 74 0c 48 8d 4d ff ff 15 e1 50 62 00 eb
0x00007ffbdaccbcb8:   09 48 8b cd ff 15 ce 50 62 00 80 3d 28 b2 6a 00
0x00007ffbdaccbcc8:   00 74 16 44 8b 40 08 8b 0d 53 2d 64 00 49 d3 e0
0x00007ffbdaccbcd8:   4c 03 05 41 2d 64 00 eb 04 4c 8b 40 08 8b 4e 10
0x00007ffbdaccbce8:   4a 39 34 01 75 05 40 b7 01 eb 18 83 f9 20 74 05
0x00007ffbdaccbcf8:   40 32 ff eb 0e 48 8b d6 49 8b c8 e8 48 e4 12 00
0x00007ffbdaccbd08:   0f b6 f8 ba 06 00 00 00 48 8b cb 44 8d 42 fe e8
0x00007ffbdaccbd18:   d4 5b da ff 48 8b 5c 24 30 40 0f b6 c7 48 8b 7c
0x00007ffbdaccbd28:   24 48 48 8b 6c 24 38 48 8b 74 24 40 48 83 c4 20
0x00007ffbdaccbd38:   41 5e c3 cc cc cc cc cc 48 89 5c 24 08 48 89 6c
0x00007ffbdaccbd48:   24 10 48 89 74 24 18 57 48 83 ec 40 8b 81 90 00
0x00007ffbdaccbd58:   00 00 48 8d b1 d0 fc ff ff 05 55 21 ff ff 48 8b
0x00007ffbdaccbd68:   ea 83 f8 01 76 0d 48 8b ce 40 b7 01 e8 37 e3 35
0x00007ffbdaccbd78:   00 eb 03 40 32 ff 33 db ba 06 00 00 00 40 84 ff
0x00007ffbdaccbd88:   48 0f 44 de 48 8b cb e8 8c a3 d5 ff 48 83 7b 08
0x00007ffbdaccbd98:   00 48 89 5c 24 20 48 c7 44 24 28 00 00 00 00 74
0x00007ffbdaccbda8:   0a 48 8d 4c 24 20 e8 6d 42 28 00 48 8b d5 48 8b
0x00007ffbdaccbdb8:   cb e8 02 56 00 00 48 83 7c 24 28 00 74 0a 48 8d
0x00007ffbdaccbdc8:   4c 24 20 e8 f0 42 28 00 48 8b bb f0 00 00 00 48
0x00007ffbdaccbdd8:   8b 47 10 48 8b 77 08 48 83 38 00 74 19 48 8b 57 


Stack slot to memory mapping:
stack at sp + 0 slots: 0x000002047ee9a000 is a thread
stack at sp + 1 slots: 0x0 is NULL
stack at sp + 2 slots: 0x0 is NULL
stack at sp + 3 slots: 0x0 is NULL
stack at sp + 4 slots: 0x00007ffc23799338 jdwp.dll
stack at sp + 5 slots: 0x00007ffc23796612 jdwp.dll
stack at sp + 6 slots: 0x000002047ee9a330 points into unknown readable memory: f0 4d 2f db fb 7f 00 00
stack at sp + 7 slots: 0x00007ffc2379e860 jdwp.dll


---------------  P R O C E S S  ---------------

Threads class SMR info:
_java_thread_list=0x00000204219cc2f0, length=51, elements={
0x000002047ec99800, 0x000002047ec9e800, 0x000002047ecb3800, 0x000002047ecb5800,
0x000002047ecb8000, 0x000002047ecbd000, 0x000002047ecc7000, 0x000002047bd45800,
0x000002047edf8800, 0x000002047edf9800, 0x000002047ee9a000, 0x000002047eed8800,
0x000002047eedd800, 0x0000020420149800, 0x00000204209ad000, 0x0000020420c64000,
0x0000020420967800, 0x0000020421571800, 0x0000020420eb2000, 0x0000020421a86800,
0x0000020421724800, 0x0000020420eb0800, 0x00000204210ac800, 0x0000020420f97800,
0x0000020420f95000, 0x0000020420f96000, 0x0000020420f99000, 0x0000020420f9a000,
0x0000020420f98800, 0x0000020420f94800, 0x0000020420f9b000, 0x0000020420f96800,
0x00000204222c5800, 0x00000204222c6000, 0x00000204222c4800, 0x00000204222c7000,
0x00000204222c8000, 0x00000204222c4000, 0x00000204222c2000, 0x00000204222c8800,
0x00000204222c3000, 0x00000204222cc000, 0x00000204222c9800, 0x00000204222ca800,
0x00000204222cb000, 0x00000204222cc800, 0x00000204222ce800, 0x00000204222d0000,
0x00000204222d1000, 0x00000204222cf000, 0x00000204222cd800
}

Java Threads: ( => current thread )
  0x000002047ec99800 JavaThread "Reference Handler" daemon [_thread_blocked, id=18540, stack(0x00000072c3700000,0x00000072c3800000)]
  0x000002047ec9e800 JavaThread "Finalizer" daemon [_thread_blocked, id=17344, stack(0x00000072c3800000,0x00000072c3900000)]
  0x000002047ecb3800 JavaThread "Signal Dispatcher" daemon [_thread_blocked, id=9116, stack(0x00000072c3900000,0x00000072c3a00000)]
  0x000002047ecb5800 JavaThread "Attach Listener" daemon [_thread_blocked, id=14172, stack(0x00000072c3a00000,0x00000072c3b00000)]
  0x000002047ecb8000 JavaThread "C2 CompilerThread0" daemon [_thread_blocked, id=2328, stack(0x00000072c3b00000,0x00000072c3c00000)]
  0x000002047ecbd000 JavaThread "C1 CompilerThread0" daemon [_thread_blocked, id=15136, stack(0x00000072c3c00000,0x00000072c3d00000)]
  0x000002047ecc7000 JavaThread "Sweeper thread" daemon [_thread_blocked, id=20500, stack(0x00000072c3d00000,0x00000072c3e00000)]
  0x000002047bd45800 JavaThread "Common-Cleaner" daemon [_thread_blocked, id=19064, stack(0x00000072c3e00000,0x00000072c3f00000)]
  0x000002047edf8800 JavaThread "C1 CompilerThread1" daemon [_thread_blocked, id=1520, stack(0x00000072c3f00000,0x00000072c4000000)]
  0x000002047edf9800 JavaThread "C1 CompilerThread2" daemon [_thread_blocked, id=17096, stack(0x00000072c4000000,0x00000072c4100000)]
=>0x000002047ee9a000 JavaThread "JDWP Transport Listener: dt_socket" daemon [_thread_in_vm, id=18464, stack(0x00000072c4200000,0x00000072c4300000)]
  0x000002047eed8800 JavaThread "JDWP Event Helper Thread" daemon [_thread_blocked, id=3524, stack(0x00000072c4300000,0x00000072c4400000)]
  0x000002047eedd800 JavaThread "JDWP Command Reader" daemon [_thread_in_native, id=15408, stack(0x00000072c4400000,0x00000072c4500000)]
  0x0000020420149800 JavaThread "Service Thread" daemon [_thread_blocked, id=3900, stack(0x00000072c4500000,0x00000072c4600000)]
  0x00000204209ad000 JavaThread "compaction-coordinator" [_thread_blocked, id=21064, stack(0x00000072c4800000,0x00000072c4900000)]
  0x0000020420c64000 JavaThread "compaction-coordinator" [_thread_blocked, id=12984, stack(0x00000072c4900000,0x00000072c4a00000)]
  0x0000020420967800 JavaThread "compaction-coordinator" [_thread_blocked, id=14972, stack(0x00000072c4a00000,0x00000072c4b00000)]
  0x0000020421571800 JavaThread "event-writer" [_thread_blocked, id=4824, stack(0x00000072c4b00000,0x00000072c4c00000)]
  0x0000020420eb2000 JavaThread "Timer runner-1,es-cluster,7eb14221" [_thread_in_Java, id=8656, stack(0x00000072c5700000,0x00000072c5800000)]
  0x0000020421a86800 JavaThread "pool-2-thread-1" [_thread_blocked, id=11252, stack(0x00000072c5800000,0x00000072c5900000)]
  0x0000020421724800 JavaThread "pool-2-thread-1- Task Runner" [_thread_blocked, id=19672, stack(0x00000072c5900000,0x00000072c5a00000)]
  0x0000020420eb0800 JavaThread "DiagHandler-6,es-cluster,7eb14221" daemon [_thread_in_native, id=21080, stack(0x00000072c5a00000,0x00000072c5b00000)]
  0x00000204210ac800 JavaThread "TQ-Bundler-7,es-cluster,7eb14221" [_thread_blocked, id=11536, stack(0x00000072c5b00000,0x00000072c5c00000)]
  0x0000020420f97800 JavaThread "NioServer.Selector [/127.0.0.1:7800]-3,es-cluster,7eb14221" [_thread_in_native, id=2112, stack(0x00000072c4100000,0x00000072c4200000)]
  0x0000020420f95000 JavaThread "FD_SOCK acceptor-8,es-cluster,7eb14221" daemon [_thread_in_native, id=13440, stack(0x00000072c5c00000,0x00000072c5d00000)]
  0x0000020420f96000 JavaThread "jgroups-9,es-cluster,7eb14221" [_thread_blocked, id=19684, stack(0x00000072c5d00000,0x00000072c5e00000)]
  0x0000020420f99000 JavaThread "subscription-worker-0" [_thread_blocked, id=15020, stack(0x00000072c5f00000,0x00000072c6000000)]
  0x0000020420f9a000 JavaThread "subscription-worker-1" [_thread_blocked, id=18256, stack(0x00000072c6000000,0x00000072c6100000)]
  0x0000020420f98800 JavaThread "subscription-worker-2" [_thread_blocked, id=14400, stack(0x00000072c6100000,0x00000072c6200000)]
  0x0000020420f94800 JavaThread "Server" [_thread_in_native, id=20780, stack(0x00000072c6200000,0x00000072c6300000)]
  0x0000020420f9b000 JavaThread "snappy-worker I/O-1" [_thread_in_native, id=12512, stack(0x00000072c6400000,0x00000072c6500000)]
  0x0000020420f96800 JavaThread "snappy-worker I/O-2" [_thread_in_native, id=19820, stack(0x00000072c6500000,0x00000072c6600000)]
  0x00000204222c5800 JavaThread "snappy-worker I/O-3" [_thread_in_native, id=10152, stack(0x00000072c6600000,0x00000072c6700000)]
  0x00000204222c6000 JavaThread "snappy-worker I/O-4" [_thread_in_native, id=19908, stack(0x00000072c6700000,0x00000072c6800000)]
  0x00000204222c4800 JavaThread "snappy-worker I/O-5" [_thread_in_Java, id=19584, stack(0x00000072c6800000,0x00000072c6900000)]
  0x00000204222c7000 JavaThread "snappy-worker I/O-6" [_thread_in_native, id=14176, stack(0x00000072c6900000,0x00000072c6a00000)]
  0x00000204222c8000 JavaThread "snappy-worker I/O-7" [_thread_in_native, id=12308, stack(0x00000072c6a00000,0x00000072c6b00000)]
  0x00000204222c4000 JavaThread "snappy-worker I/O-8" [_thread_in_native, id=19368, stack(0x00000072c6b00000,0x00000072c6c00000)]
  0x00000204222c2000 JavaThread "snappy-worker I/O-9" [_thread_in_native, id=16356, stack(0x00000072c6c00000,0x00000072c6d00000)]
  0x00000204222c8800 JavaThread "snappy-worker I/O-10" [_thread_in_native, id=20748, stack(0x00000072c6d00000,0x00000072c6e00000)]
  0x00000204222c3000 JavaThread "snappy-worker I/O-11" [_thread_in_native, id=15368, stack(0x00000072c6e00000,0x00000072c6f00000)]
  0x00000204222cc000 JavaThread "snappy-worker I/O-12" [_thread_in_native, id=21396, stack(0x00000072c6f00000,0x00000072c7000000)]
  0x00000204222c9800 JavaThread "snappy-worker I/O-13" [_thread_in_native, id=9176, stack(0x00000072c7000000,0x00000072c7100000)]
  0x00000204222ca800 JavaThread "snappy-worker I/O-14" [_thread_in_native, id=14392, stack(0x00000072c7100000,0x00000072c7200000)]
  0x00000204222cb000 JavaThread "snappy-worker I/O-15" [_thread_in_native, id=8472, stack(0x00000072c7200000,0x00000072c7300000)]
  0x00000204222cc800 JavaThread "snappy-worker I/O-16" [_thread_in_native, id=16976, stack(0x00000072c7300000,0x00000072c7400000)]
  0x00000204222ce800 JavaThread "snappy-worker Accept" [_thread_in_native, id=14264, stack(0x00000072c7400000,0x00000072c7500000)]
  0x00000204222d0000 JavaThread "DestroyJavaVM" [_thread_blocked, id=20776, stack(0x00000072c3000000,0x00000072c3100000)]
  0x00000204222d1000 JavaThread "snappy-worker task-1" [_thread_blocked, id=21456, stack(0x00000072c6300000,0x00000072c6400000)]
  0x00000204222cf000 JavaThread "pool-3-thread-1" [_thread_blocked, id=17516, stack(0x00000072c7600000,0x00000072c7700000)]
  0x00000204222cd800 JavaThread "snappy-worker task-2" [_thread_blocked, id=19644, stack(0x00000072c7700000,0x00000072c7800000)]

Other Threads:
  0x000002047bd4e000 VMThread "VM Thread" [stack: 0x00000072c3600000,0x00000072c3700000] [id=17608]
  0x000002042014b000 WatcherThread [stack: 0x00000072c4600000,0x00000072c4700000] [id=9184]
  0x000002045bee5800 GCTaskThread "GC Thread#0" [stack: 0x00000072c3100000,0x00000072c3200000] [id=11928]
  0x000002042174e800 GCTaskThread "GC Thread#1" [stack: 0x00000072c4700000,0x00000072c4800000] [id=18812]
  0x0000020421da6800 GCTaskThread "GC Thread#2" [stack: 0x00000072c4c00000,0x00000072c4d00000] [id=21088]
  0x0000020421da3000 GCTaskThread "GC Thread#3" [stack: 0x00000072c4d00000,0x00000072c4e00000] [id=18572]
  0x0000020421da3800 GCTaskThread "GC Thread#4" [stack: 0x00000072c4e00000,0x00000072c4f00000] [id=1328]
  0x00000204210b5800 GCTaskThread "GC Thread#5" [stack: 0x00000072c4f00000,0x00000072c5000000] [id=5160]
  0x00000204210b6000 GCTaskThread "GC Thread#6" [stack: 0x00000072c5000000,0x00000072c5100000] [id=18744]
  0x0000020421648000 GCTaskThread "GC Thread#7" [stack: 0x00000072c5100000,0x00000072c5200000] [id=17888]
  0x0000020421648800 GCTaskThread "GC Thread#8" [stack: 0x00000072c5200000,0x00000072c5300000] [id=4048]
  0x0000020421107000 GCTaskThread "GC Thread#9" [stack: 0x00000072c5300000,0x00000072c5400000] [id=21492]
  0x0000020421107800 GCTaskThread "GC Thread#10" [stack: 0x00000072c5400000,0x00000072c5500000] [id=6744]
  0x0000020420feb800 GCTaskThread "GC Thread#11" [stack: 0x00000072c5500000,0x00000072c5600000] [id=15216]
  0x0000020420fec000 GCTaskThread "GC Thread#12" [stack: 0x00000072c5600000,0x00000072c5700000] [id=20988]
  0x000002047bb61800 ConcurrentGCThread "G1 Main Marker" [stack: 0x00000072c3200000,0x00000072c3300000] [id=20296]
  0x000002047bb64000 ConcurrentGCThread "G1 Conc#0" [stack: 0x00000072c3300000,0x00000072c3400000] [id=20364]
  0x000002047bd34800 ConcurrentGCThread "G1 Refine#0" [stack: 0x00000072c3400000,0x00000072c3500000] [id=16348]
  0x000002047bd36000 ConcurrentGCThread "G1 Young RemSet Sampling" [stack: 0x00000072c3500000,0x00000072c3600000] [id=10112]

Threads with active compile tasks:

VM state:not at safepoint (normal execution)

VM Mutex/Monitor currently owned by a thread: None

Heap address: 0x0000000401000000, size: 16368 MB, Compressed Oops mode: Zero based, Oop shift amount: 3
Narrow klass base: 0x0000000800000000, Narrow klass shift: 3
Compressed class space size: 1073741824 Address: 0x0000000801190000

Heap:
 garbage-first heap   total 1048576K, used 115049K [0x0000000401000000, 0x0000000800000000)
  region size 4096K, 26 young (106496K), 2 survivors (8192K)
 Metaspace       used 18079K, capacity 18841K, committed 19072K, reserved 1067008K
  class space    used 2059K, capacity 2326K, committed 2432K, reserved 1048576K
Heap Regions: E=young(eden), S=young(survivor), O=old, HS=humongous(starts), HC=humongous(continues), CS=collection set, F=free, A=archive, TAMS=top-at-mark-start (previous, next)
|   0|0x0000000401000000, 0x0000000401400000, 0x0000000401400000|100%|HS|  |TAMS 0x0000000401000000, 0x0000000401000000| Complete 
|   1|0x0000000401400000, 0x0000000401800000, 0x0000000401800000|100%|HS|  |TAMS 0x0000000401400000, 0x0000000401400000| Complete 
|   2|0x0000000401800000, 0x0000000401c00000, 0x0000000401c00000|100%|HS|  |TAMS 0x0000000401800000, 0x0000000401800000| Complete 
|   3|0x0000000401c00000, 0x0000000402000000, 0x0000000402000000|100%|HS|  |TAMS 0x0000000401c00000, 0x0000000401c00000| Complete 
|   4|0x0000000402000000, 0x0000000402000000, 0x0000000402400000|  0%| F|  |TAMS 0x0000000402000000, 0x0000000402000000| Untracked 
|   5|0x0000000402400000, 0x0000000402400000, 0x0000000402800000|  0%| F|  |TAMS 0x0000000402400000, 0x0000000402400000| Untracked 
|   6|0x0000000402800000, 0x0000000402800000, 0x0000000402c00000|  0%| F|  |TAMS 0x0000000402800000, 0x0000000402800000| Untracked 
|   7|0x0000000402c00000, 0x0000000402c00000, 0x0000000403000000|  0%| F|  |TAMS 0x0000000402c00000, 0x0000000402c00000| Untracked 
|   8|0x0000000403000000, 0x0000000403000000, 0x0000000403400000|  0%| F|  |TAMS 0x0000000403000000, 0x0000000403000000| Untracked 
|   9|0x0000000403400000, 0x0000000403400000, 0x0000000403800000|  0%| F|  |TAMS 0x0000000403400000, 0x0000000403400000| Untracked 
|  10|0x0000000403800000, 0x0000000403800000, 0x0000000403c00000|  0%| F|  |TAMS 0x0000000403800000, 0x0000000403800000| Untracked 
|  11|0x0000000403c00000, 0x0000000403c00000, 0x0000000404000000|  0%| F|  |TAMS 0x0000000403c00000, 0x0000000403c00000| Untracked 
|  12|0x0000000404000000, 0x0000000404000000, 0x0000000404400000|  0%| F|  |TAMS 0x0000000404000000, 0x0000000404000000| Untracked 
|  13|0x0000000404400000, 0x0000000404400000, 0x0000000404800000|  0%| F|  |TAMS 0x0000000404400000, 0x0000000404400000| Untracked 
|  14|0x0000000404800000, 0x0000000404800000, 0x0000000404c00000|  0%| F|  |TAMS 0x0000000404800000, 0x0000000404800000| Untracked 
|  15|0x0000000404c00000, 0x0000000404c00000, 0x0000000405000000|  0%| F|  |TAMS 0x0000000404c00000, 0x0000000404c00000| Untracked 
|  16|0x0000000405000000, 0x0000000405000000, 0x0000000405400000|  0%| F|  |TAMS 0x0000000405000000, 0x0000000405000000| Untracked 
|  17|0x0000000405400000, 0x0000000405400000, 0x0000000405800000|  0%| F|  |TAMS 0x0000000405400000, 0x0000000405400000| Untracked 
|  18|0x0000000405800000, 0x0000000405800000, 0x0000000405c00000|  0%| F|  |TAMS 0x0000000405800000, 0x0000000405800000| Untracked 
|  19|0x0000000405c00000, 0x0000000405c00000, 0x0000000406000000|  0%| F|  |TAMS 0x0000000405c00000, 0x0000000405c00000| Untracked 
|  20|0x0000000406000000, 0x0000000406000000, 0x0000000406400000|  0%| F|  |TAMS 0x0000000406000000, 0x0000000406000000| Untracked 
|  21|0x0000000406400000, 0x0000000406400000, 0x0000000406800000|  0%| F|  |TAMS 0x0000000406400000, 0x0000000406400000| Untracked 
|  22|0x0000000406800000, 0x0000000406800000, 0x0000000406c00000|  0%| F|  |TAMS 0x0000000406800000, 0x0000000406800000| Untracked 
|  23|0x0000000406c00000, 0x0000000406c00000, 0x0000000407000000|  0%| F|  |TAMS 0x0000000406c00000, 0x0000000406c00000| Untracked 
|  24|0x0000000407000000, 0x0000000407000000, 0x0000000407400000|  0%| F|  |TAMS 0x0000000407000000, 0x0000000407000000| Untracked 
|  25|0x0000000407400000, 0x0000000407400000, 0x0000000407800000|  0%| F|  |TAMS 0x0000000407400000, 0x0000000407400000| Untracked 
|  26|0x0000000407800000, 0x0000000407800000, 0x0000000407c00000|  0%| F|  |TAMS 0x0000000407800000, 0x0000000407800000| Untracked 
|  27|0x0000000407c00000, 0x0000000407c00000, 0x0000000408000000|  0%| F|  |TAMS 0x0000000407c00000, 0x0000000407c00000| Untracked 
|  28|0x0000000408000000, 0x0000000408000000, 0x0000000408400000|  0%| F|  |TAMS 0x0000000408000000, 0x0000000408000000| Untracked 
|  29|0x0000000408400000, 0x0000000408400000, 0x0000000408800000|  0%| F|  |TAMS 0x0000000408400000, 0x0000000408400000| Untracked 
|  30|0x0000000408800000, 0x0000000408800000, 0x0000000408c00000|  0%| F|  |TAMS 0x0000000408800000, 0x0000000408800000| Untracked 
|  31|0x0000000408c00000, 0x0000000408c00000, 0x0000000409000000|  0%| F|  |TAMS 0x0000000408c00000, 0x0000000408c00000| Untracked 
|  32|0x0000000409000000, 0x0000000409000000, 0x0000000409400000|  0%| F|  |TAMS 0x0000000409000000, 0x0000000409000000| Untracked 
|  33|0x0000000409400000, 0x0000000409400000, 0x0000000409800000|  0%| F|  |TAMS 0x0000000409400000, 0x0000000409400000| Untracked 
|  34|0x0000000409800000, 0x0000000409800000, 0x0000000409c00000|  0%| F|  |TAMS 0x0000000409800000, 0x0000000409800000| Untracked 
|  35|0x0000000409c00000, 0x0000000409c00000, 0x000000040a000000|  0%| F|  |TAMS 0x0000000409c00000, 0x0000000409c00000| Untracked 
|  36|0x000000040a000000, 0x000000040a000000, 0x000000040a400000|  0%| F|  |TAMS 0x000000040a000000, 0x000000040a000000| Untracked 
|  37|0x000000040a400000, 0x000000040a400000, 0x000000040a800000|  0%| F|  |TAMS 0x000000040a400000, 0x000000040a400000| Untracked 
|  38|0x000000040a800000, 0x000000040a800000, 0x000000040ac00000|  0%| F|  |TAMS 0x000000040a800000, 0x000000040a800000| Untracked 
|  39|0x000000040ac00000, 0x000000040ac00000, 0x000000040b000000|  0%| F|  |TAMS 0x000000040ac00000, 0x000000040ac00000| Untracked 
|  40|0x000000040b000000, 0x000000040b000000, 0x000000040b400000|  0%| F|  |TAMS 0x000000040b000000, 0x000000040b000000| Untracked 
|  41|0x000000040b400000, 0x000000040b400000, 0x000000040b800000|  0%| F|  |TAMS 0x000000040b400000, 0x000000040b400000| Untracked 
|  42|0x000000040b800000, 0x000000040b800000, 0x000000040bc00000|  0%| F|  |TAMS 0x000000040b800000, 0x000000040b800000| Untracked 
|  43|0x000000040bc00000, 0x000000040bc00000, 0x000000040c000000|  0%| F|  |TAMS 0x000000040bc00000, 0x000000040bc00000| Untracked 
|  44|0x000000040c000000, 0x000000040c000000, 0x000000040c400000|  0%| F|  |TAMS 0x000000040c000000, 0x000000040c000000| Untracked 
|  45|0x000000040c400000, 0x000000040c400000, 0x000000040c800000|  0%| F|  |TAMS 0x000000040c400000, 0x000000040c400000| Untracked 
|  46|0x000000040c800000, 0x000000040c800000, 0x000000040cc00000|  0%| F|  |TAMS 0x000000040c800000, 0x000000040c800000| Untracked 
|  47|0x000000040cc00000, 0x000000040cc00000, 0x000000040d000000|  0%| F|  |TAMS 0x000000040cc00000, 0x000000040cc00000| Untracked 
|  48|0x000000040d000000, 0x000000040d000000, 0x000000040d400000|  0%| F|  |TAMS 0x000000040d000000, 0x000000040d000000| Untracked 
|  49|0x000000040d400000, 0x000000040d400000, 0x000000040d800000|  0%| F|  |TAMS 0x000000040d400000, 0x000000040d400000| Untracked 
|  50|0x000000040d800000, 0x000000040d800000, 0x000000040dc00000|  0%| F|  |TAMS 0x000000040d800000, 0x000000040d800000| Untracked 
|  51|0x000000040dc00000, 0x000000040dc00000, 0x000000040e000000|  0%| F|  |TAMS 0x000000040dc00000, 0x000000040dc00000| Untracked 
|  52|0x000000040e000000, 0x000000040e000000, 0x000000040e400000|  0%| F|  |TAMS 0x000000040e000000, 0x000000040e000000| Untracked 
|  53|0x000000040e400000, 0x000000040e400000, 0x000000040e800000|  0%| F|  |TAMS 0x000000040e400000, 0x000000040e400000| Untracked 
|  54|0x000000040e800000, 0x000000040e800000, 0x000000040ec00000|  0%| F|  |TAMS 0x000000040e800000, 0x000000040e800000| Untracked 
|  55|0x000000040ec00000, 0x000000040ec00000, 0x000000040f000000|  0%| F|  |TAMS 0x000000040ec00000, 0x000000040ec00000| Untracked 
|  56|0x000000040f000000, 0x000000040f000000, 0x000000040f400000|  0%| F|  |TAMS 0x000000040f000000, 0x000000040f000000| Untracked 
|  57|0x000000040f400000, 0x000000040f400000, 0x000000040f800000|  0%| F|  |TAMS 0x000000040f400000, 0x000000040f400000| Untracked 
|  58|0x000000040f800000, 0x000000040f800000, 0x000000040fc00000|  0%| F|  |TAMS 0x000000040f800000, 0x000000040f800000| Untracked 
|  59|0x000000040fc00000, 0x000000040fc00000, 0x0000000410000000|  0%| F|  |TAMS 0x000000040fc00000, 0x000000040fc00000| Untracked 
|  60|0x0000000410000000, 0x0000000410000000, 0x0000000410400000|  0%| F|  |TAMS 0x0000000410000000, 0x0000000410000000| Untracked 
|  61|0x0000000410400000, 0x0000000410400000, 0x0000000410800000|  0%| F|  |TAMS 0x0000000410400000, 0x0000000410400000| Untracked 
|  62|0x0000000410800000, 0x0000000410800000, 0x0000000410c00000|  0%| F|  |TAMS 0x0000000410800000, 0x0000000410800000| Untracked 
|  63|0x0000000410c00000, 0x0000000410c00000, 0x0000000411000000|  0%| F|  |TAMS 0x0000000410c00000, 0x0000000410c00000| Untracked 
|  64|0x0000000411000000, 0x0000000411000000, 0x0000000411400000|  0%| F|  |TAMS 0x0000000411000000, 0x0000000411000000| Untracked 
|  65|0x0000000411400000, 0x0000000411400000, 0x0000000411800000|  0%| F|  |TAMS 0x0000000411400000, 0x0000000411400000| Untracked 
|  66|0x0000000411800000, 0x0000000411800000, 0x0000000411c00000|  0%| F|  |TAMS 0x0000000411800000, 0x0000000411800000| Untracked 
|  67|0x0000000411c00000, 0x0000000411c00000, 0x0000000412000000|  0%| F|  |TAMS 0x0000000411c00000, 0x0000000411c00000| Untracked 
|  68|0x0000000412000000, 0x0000000412000000, 0x0000000412400000|  0%| F|  |TAMS 0x0000000412000000, 0x0000000412000000| Untracked 
|  69|0x0000000412400000, 0x0000000412400000, 0x0000000412800000|  0%| F|  |TAMS 0x0000000412400000, 0x0000000412400000| Untracked 
|  70|0x0000000412800000, 0x0000000412800000, 0x0000000412c00000|  0%| F|  |TAMS 0x0000000412800000, 0x0000000412800000| Untracked 
|  71|0x0000000412c00000, 0x0000000412c00000, 0x0000000413000000|  0%| F|  |TAMS 0x0000000412c00000, 0x0000000412c00000| Untracked 
|  72|0x0000000413000000, 0x0000000413000000, 0x0000000413400000|  0%| F|  |TAMS 0x0000000413000000, 0x0000000413000000| Untracked 
|  73|0x0000000413400000, 0x0000000413400000, 0x0000000413800000|  0%| F|  |TAMS 0x0000000413400000, 0x0000000413400000| Untracked 
|  74|0x0000000413800000, 0x0000000413800000, 0x0000000413c00000|  0%| F|  |TAMS 0x0000000413800000, 0x0000000413800000| Untracked 
|  75|0x0000000413c00000, 0x0000000413c00000, 0x0000000414000000|  0%| F|  |TAMS 0x0000000413c00000, 0x0000000413c00000| Untracked 
|  76|0x0000000414000000, 0x0000000414000000, 0x0000000414400000|  0%| F|  |TAMS 0x0000000414000000, 0x0000000414000000| Untracked 
|  77|0x0000000414400000, 0x0000000414400000, 0x0000000414800000|  0%| F|  |TAMS 0x0000000414400000, 0x0000000414400000| Untracked 
|  78|0x0000000414800000, 0x0000000414800000, 0x0000000414c00000|  0%| F|  |TAMS 0x0000000414800000, 0x0000000414800000| Untracked 
|  79|0x0000000414c00000, 0x0000000414c00000, 0x0000000415000000|  0%| F|  |TAMS 0x0000000414c00000, 0x0000000414c00000| Untracked 
|  80|0x0000000415000000, 0x0000000415000000, 0x0000000415400000|  0%| F|  |TAMS 0x0000000415000000, 0x0000000415000000| Untracked 
|  81|0x0000000415400000, 0x0000000415400000, 0x0000000415800000|  0%| F|  |TAMS 0x0000000415400000, 0x0000000415400000| Untracked 
|  82|0x0000000415800000, 0x0000000415800000, 0x0000000415c00000|  0%| F|  |TAMS 0x0000000415800000, 0x0000000415800000| Untracked 
|  83|0x0000000415c00000, 0x0000000415c00000, 0x0000000416000000|  0%| F|  |TAMS 0x0000000415c00000, 0x0000000415c00000| Untracked 
|  84|0x0000000416000000, 0x0000000416000000, 0x0000000416400000|  0%| F|  |TAMS 0x0000000416000000, 0x0000000416000000| Untracked 
|  85|0x0000000416400000, 0x0000000416400000, 0x0000000416800000|  0%| F|  |TAMS 0x0000000416400000, 0x0000000416400000| Untracked 
|  86|0x0000000416800000, 0x0000000416800000, 0x0000000416c00000|  0%| F|  |TAMS 0x0000000416800000, 0x0000000416800000| Untracked 
|  87|0x0000000416c00000, 0x0000000416c00000, 0x0000000417000000|  0%| F|  |TAMS 0x0000000416c00000, 0x0000000416c00000| Untracked 
|  88|0x0000000417000000, 0x0000000417000000, 0x0000000417400000|  0%| F|  |TAMS 0x0000000417000000, 0x0000000417000000| Untracked 
|  89|0x0000000417400000, 0x0000000417400000, 0x0000000417800000|  0%| F|  |TAMS 0x0000000417400000, 0x0000000417400000| Untracked 
|  90|0x0000000417800000, 0x0000000417800000, 0x0000000417c00000|  0%| F|  |TAMS 0x0000000417800000, 0x0000000417800000| Untracked 
|  91|0x0000000417c00000, 0x0000000417c00000, 0x0000000418000000|  0%| F|  |TAMS 0x0000000417c00000, 0x0000000417c00000| Untracked 
|  92|0x0000000418000000, 0x0000000418000000, 0x0000000418400000|  0%| F|  |TAMS 0x0000000418000000, 0x0000000418000000| Untracked 
|  93|0x0000000418400000, 0x0000000418400000, 0x0000000418800000|  0%| F|  |TAMS 0x0000000418400000, 0x0000000418400000| Untracked 
|  94|0x0000000418800000, 0x0000000418800000, 0x0000000418c00000|  0%| F|  |TAMS 0x0000000418800000, 0x0000000418800000| Untracked 
|  95|0x0000000418c00000, 0x0000000418c00000, 0x0000000419000000|  0%| F|  |TAMS 0x0000000418c00000, 0x0000000418c00000| Untracked 
|  96|0x0000000419000000, 0x0000000419000000, 0x0000000419400000|  0%| F|  |TAMS 0x0000000419000000, 0x0000000419000000| Untracked 
|  97|0x0000000419400000, 0x0000000419400000, 0x0000000419800000|  0%| F|  |TAMS 0x0000000419400000, 0x0000000419400000| Untracked 
|  98|0x0000000419800000, 0x0000000419800000, 0x0000000419c00000|  0%| F|  |TAMS 0x0000000419800000, 0x0000000419800000| Untracked 
|  99|0x0000000419c00000, 0x0000000419c00000, 0x000000041a000000|  0%| F|  |TAMS 0x0000000419c00000, 0x0000000419c00000| Untracked 
| 100|0x000000041a000000, 0x000000041a000000, 0x000000041a400000|  0%| F|  |TAMS 0x000000041a000000, 0x000000041a000000| Untracked 
| 101|0x000000041a400000, 0x000000041a400000, 0x000000041a800000|  0%| F|  |TAMS 0x000000041a400000, 0x000000041a400000| Untracked 
| 102|0x000000041a800000, 0x000000041a800000, 0x000000041ac00000|  0%| F|  |TAMS 0x000000041a800000, 0x000000041a800000| Untracked 
| 103|0x000000041ac00000, 0x000000041ac00000, 0x000000041b000000|  0%| F|  |TAMS 0x000000041ac00000, 0x000000041ac00000| Untracked 
| 104|0x000000041b000000, 0x000000041b000000, 0x000000041b400000|  0%| F|  |TAMS 0x000000041b000000, 0x000000041b000000| Untracked 
| 105|0x000000041b400000, 0x000000041b400000, 0x000000041b800000|  0%| F|  |TAMS 0x000000041b400000, 0x000000041b400000| Untracked 
| 106|0x000000041b800000, 0x000000041b800000, 0x000000041bc00000|  0%| F|  |TAMS 0x000000041b800000, 0x000000041b800000| Untracked 
| 107|0x000000041bc00000, 0x000000041bc00000, 0x000000041c000000|  0%| F|  |TAMS 0x000000041bc00000, 0x000000041bc00000| Untracked 
| 108|0x000000041c000000, 0x000000041c000000, 0x000000041c400000|  0%| F|  |TAMS 0x000000041c000000, 0x000000041c000000| Untracked 
| 109|0x000000041c400000, 0x000000041c400000, 0x000000041c800000|  0%| F|  |TAMS 0x000000041c400000, 0x000000041c400000| Untracked 
| 110|0x000000041c800000, 0x000000041c800000, 0x000000041cc00000|  0%| F|  |TAMS 0x000000041c800000, 0x000000041c800000| Untracked 
| 111|0x000000041cc00000, 0x000000041cc00000, 0x000000041d000000|  0%| F|  |TAMS 0x000000041cc00000, 0x000000041cc00000| Untracked 
| 112|0x000000041d000000, 0x000000041d000000, 0x000000041d400000|  0%| F|  |TAMS 0x000000041d000000, 0x000000041d000000| Untracked 
| 113|0x000000041d400000, 0x000000041d400000, 0x000000041d800000|  0%| F|  |TAMS 0x000000041d400000, 0x000000041d400000| Untracked 
| 114|0x000000041d800000, 0x000000041d800000, 0x000000041dc00000|  0%| F|  |TAMS 0x000000041d800000, 0x000000041d800000| Untracked 
| 115|0x000000041dc00000, 0x000000041dc00000, 0x000000041e000000|  0%| F|  |TAMS 0x000000041dc00000, 0x000000041dc00000| Untracked 
| 116|0x000000041e000000, 0x000000041e000000, 0x000000041e400000|  0%| F|  |TAMS 0x000000041e000000, 0x000000041e000000| Untracked 
| 117|0x000000041e400000, 0x000000041e400000, 0x000000041e800000|  0%| F|  |TAMS 0x000000041e400000, 0x000000041e400000| Untracked 
| 118|0x000000041e800000, 0x000000041e800000, 0x000000041ec00000|  0%| F|  |TAMS 0x000000041e800000, 0x000000041e800000| Untracked 
| 119|0x000000041ec00000, 0x000000041ec00000, 0x000000041f000000|  0%| F|  |TAMS 0x000000041ec00000, 0x000000041ec00000| Untracked 
| 120|0x000000041f000000, 0x000000041f000000, 0x000000041f400000|  0%| F|  |TAMS 0x000000041f000000, 0x000000041f000000| Untracked 
| 121|0x000000041f400000, 0x000000041f400000, 0x000000041f800000|  0%| F|  |TAMS 0x000000041f400000, 0x000000041f400000| Untracked 
| 122|0x000000041f800000, 0x000000041f800000, 0x000000041fc00000|  0%| F|  |TAMS 0x000000041f800000, 0x000000041f800000| Untracked 
| 123|0x000000041fc00000, 0x000000041fc00000, 0x0000000420000000|  0%| F|  |TAMS 0x000000041fc00000, 0x000000041fc00000| Untracked 
| 124|0x0000000420000000, 0x0000000420000000, 0x0000000420400000|  0%| F|  |TAMS 0x0000000420000000, 0x0000000420000000| Untracked 
| 125|0x0000000420400000, 0x0000000420400000, 0x0000000420800000|  0%| F|  |TAMS 0x0000000420400000, 0x0000000420400000| Untracked 
| 126|0x0000000420800000, 0x0000000420800000, 0x0000000420c00000|  0%| F|  |TAMS 0x0000000420800000, 0x0000000420800000| Untracked 
| 127|0x0000000420c00000, 0x0000000420c00000, 0x0000000421000000|  0%| F|  |TAMS 0x0000000420c00000, 0x0000000420c00000| Untracked 
| 128|0x0000000421000000, 0x0000000421000000, 0x0000000421400000|  0%| F|  |TAMS 0x0000000421000000, 0x0000000421000000| Untracked 
| 129|0x0000000421400000, 0x0000000421400000, 0x0000000421800000|  0%| F|  |TAMS 0x0000000421400000, 0x0000000421400000| Untracked 
| 130|0x0000000421800000, 0x0000000421800000, 0x0000000421c00000|  0%| F|  |TAMS 0x0000000421800000, 0x0000000421800000| Untracked 
| 131|0x0000000421c00000, 0x0000000421c00000, 0x0000000422000000|  0%| F|  |TAMS 0x0000000421c00000, 0x0000000421c00000| Untracked 
| 132|0x0000000422000000, 0x0000000422000000, 0x0000000422400000|  0%| F|  |TAMS 0x0000000422000000, 0x0000000422000000| Untracked 
| 133|0x0000000422400000, 0x0000000422400000, 0x0000000422800000|  0%| F|  |TAMS 0x0000000422400000, 0x0000000422400000| Untracked 
| 134|0x0000000422800000, 0x0000000422800000, 0x0000000422c00000|  0%| F|  |TAMS 0x0000000422800000, 0x0000000422800000| Untracked 
| 135|0x0000000422c00000, 0x0000000422c00000, 0x0000000423000000|  0%| F|  |TAMS 0x0000000422c00000, 0x0000000422c00000| Untracked 
| 136|0x0000000423000000, 0x0000000423000000, 0x0000000423400000|  0%| F|  |TAMS 0x0000000423000000, 0x0000000423000000| Untracked 
| 137|0x0000000423400000, 0x0000000423400000, 0x0000000423800000|  0%| F|  |TAMS 0x0000000423400000, 0x0000000423400000| Untracked 
| 138|0x0000000423800000, 0x0000000423800000, 0x0000000423c00000|  0%| F|  |TAMS 0x0000000423800000, 0x0000000423800000| Untracked 
| 139|0x0000000423c00000, 0x0000000423c00000, 0x0000000424000000|  0%| F|  |TAMS 0x0000000423c00000, 0x0000000423c00000| Untracked 
| 140|0x0000000424000000, 0x0000000424000000, 0x0000000424400000|  0%| F|  |TAMS 0x0000000424000000, 0x0000000424000000| Untracked 
| 141|0x0000000424400000, 0x0000000424400000, 0x0000000424800000|  0%| F|  |TAMS 0x0000000424400000, 0x0000000424400000| Untracked 
| 142|0x0000000424800000, 0x0000000424800000, 0x0000000424c00000|  0%| F|  |TAMS 0x0000000424800000, 0x0000000424800000| Untracked 
| 143|0x0000000424c00000, 0x0000000424c00000, 0x0000000425000000|  0%| F|  |TAMS 0x0000000424c00000, 0x0000000424c00000| Untracked 
| 144|0x0000000425000000, 0x0000000425000000, 0x0000000425400000|  0%| F|  |TAMS 0x0000000425000000, 0x0000000425000000| Untracked 
| 145|0x0000000425400000, 0x0000000425400000, 0x0000000425800000|  0%| F|  |TAMS 0x0000000425400000, 0x0000000425400000| Untracked 
| 146|0x0000000425800000, 0x0000000425800000, 0x0000000425c00000|  0%| F|  |TAMS 0x0000000425800000, 0x0000000425800000| Untracked 
| 147|0x0000000425c00000, 0x0000000425c00000, 0x0000000426000000|  0%| F|  |TAMS 0x0000000425c00000, 0x0000000425c00000| Untracked 
| 148|0x0000000426000000, 0x0000000426000000, 0x0000000426400000|  0%| F|  |TAMS 0x0000000426000000, 0x0000000426000000| Untracked 
| 149|0x0000000426400000, 0x0000000426400000, 0x0000000426800000|  0%| F|  |TAMS 0x0000000426400000, 0x0000000426400000| Untracked 
| 150|0x0000000426800000, 0x0000000426800000, 0x0000000426c00000|  0%| F|  |TAMS 0x0000000426800000, 0x0000000426800000| Untracked 
| 151|0x0000000426c00000, 0x0000000426c00000, 0x0000000427000000|  0%| F|  |TAMS 0x0000000426c00000, 0x0000000426c00000| Untracked 
| 152|0x0000000427000000, 0x0000000427000000, 0x0000000427400000|  0%| F|  |TAMS 0x0000000427000000, 0x0000000427000000| Untracked 
| 153|0x0000000427400000, 0x0000000427400000, 0x0000000427800000|  0%| F|  |TAMS 0x0000000427400000, 0x0000000427400000| Untracked 
| 154|0x0000000427800000, 0x0000000427800000, 0x0000000427c00000|  0%| F|  |TAMS 0x0000000427800000, 0x0000000427800000| Untracked 
| 155|0x0000000427c00000, 0x0000000427c00000, 0x0000000428000000|  0%| F|  |TAMS 0x0000000427c00000, 0x0000000427c00000| Untracked 
| 156|0x0000000428000000, 0x0000000428000000, 0x0000000428400000|  0%| F|  |TAMS 0x0000000428000000, 0x0000000428000000| Untracked 
| 157|0x0000000428400000, 0x0000000428400000, 0x0000000428800000|  0%| F|  |TAMS 0x0000000428400000, 0x0000000428400000| Untracked 
| 158|0x0000000428800000, 0x0000000428800000, 0x0000000428c00000|  0%| F|  |TAMS 0x0000000428800000, 0x0000000428800000| Untracked 
| 159|0x0000000428c00000, 0x0000000428c00000, 0x0000000429000000|  0%| F|  |TAMS 0x0000000428c00000, 0x0000000428c00000| Untracked 
| 160|0x0000000429000000, 0x0000000429000000, 0x0000000429400000|  0%| F|  |TAMS 0x0000000429000000, 0x0000000429000000| Untracked 
| 161|0x0000000429400000, 0x0000000429400000, 0x0000000429800000|  0%| F|  |TAMS 0x0000000429400000, 0x0000000429400000| Untracked 
| 162|0x0000000429800000, 0x0000000429800000, 0x0000000429c00000|  0%| F|  |TAMS 0x0000000429800000, 0x0000000429800000| Untracked 
| 163|0x0000000429c00000, 0x0000000429c00000, 0x000000042a000000|  0%| F|  |TAMS 0x0000000429c00000, 0x0000000429c00000| Untracked 
| 164|0x000000042a000000, 0x000000042a000000, 0x000000042a400000|  0%| F|  |TAMS 0x000000042a000000, 0x000000042a000000| Untracked 
| 165|0x000000042a400000, 0x000000042a400000, 0x000000042a800000|  0%| F|  |TAMS 0x000000042a400000, 0x000000042a400000| Untracked 
| 166|0x000000042a800000, 0x000000042a800000, 0x000000042ac00000|  0%| F|  |TAMS 0x000000042a800000, 0x000000042a800000| Untracked 
| 167|0x000000042ac00000, 0x000000042ac00000, 0x000000042b000000|  0%| F|  |TAMS 0x000000042ac00000, 0x000000042ac00000| Untracked 
| 168|0x000000042b000000, 0x000000042b000000, 0x000000042b400000|  0%| F|  |TAMS 0x000000042b000000, 0x000000042b000000| Untracked 
| 169|0x000000042b400000, 0x000000042b400000, 0x000000042b800000|  0%| F|  |TAMS 0x000000042b400000, 0x000000042b400000| Untracked 
| 170|0x000000042b800000, 0x000000042b800000, 0x000000042bc00000|  0%| F|  |TAMS 0x000000042b800000, 0x000000042b800000| Untracked 
| 171|0x000000042bc00000, 0x000000042bc00000, 0x000000042c000000|  0%| F|  |TAMS 0x000000042bc00000, 0x000000042bc00000| Untracked 
| 172|0x000000042c000000, 0x000000042c000000, 0x000000042c400000|  0%| F|  |TAMS 0x000000042c000000, 0x000000042c000000| Untracked 
| 173|0x000000042c400000, 0x000000042c400000, 0x000000042c800000|  0%| F|  |TAMS 0x000000042c400000, 0x000000042c400000| Untracked 
| 174|0x000000042c800000, 0x000000042c800000, 0x000000042cc00000|  0%| F|  |TAMS 0x000000042c800000, 0x000000042c800000| Untracked 
| 175|0x000000042cc00000, 0x000000042cc00000, 0x000000042d000000|  0%| F|  |TAMS 0x000000042cc00000, 0x000000042cc00000| Untracked 
| 176|0x000000042d000000, 0x000000042d000000, 0x000000042d400000|  0%| F|  |TAMS 0x000000042d000000, 0x000000042d000000| Untracked 
| 177|0x000000042d400000, 0x000000042d400000, 0x000000042d800000|  0%| F|  |TAMS 0x000000042d400000, 0x000000042d400000| Untracked 
| 178|0x000000042d800000, 0x000000042d800000, 0x000000042dc00000|  0%| F|  |TAMS 0x000000042d800000, 0x000000042d800000| Untracked 
| 179|0x000000042dc00000, 0x000000042dc00000, 0x000000042e000000|  0%| F|  |TAMS 0x000000042dc00000, 0x000000042dc00000| Untracked 
| 180|0x000000042e000000, 0x000000042e000000, 0x000000042e400000|  0%| F|  |TAMS 0x000000042e000000, 0x000000042e000000| Untracked 
| 181|0x000000042e400000, 0x000000042e400000, 0x000000042e800000|  0%| F|  |TAMS 0x000000042e400000, 0x000000042e400000| Untracked 
| 182|0x000000042e800000, 0x000000042e800000, 0x000000042ec00000|  0%| F|  |TAMS 0x000000042e800000, 0x000000042e800000| Untracked 
| 183|0x000000042ec00000, 0x000000042ec00000, 0x000000042f000000|  0%| F|  |TAMS 0x000000042ec00000, 0x000000042ec00000| Untracked 
| 184|0x000000042f000000, 0x000000042f000000, 0x000000042f400000|  0%| F|  |TAMS 0x000000042f000000, 0x000000042f000000| Untracked 
| 185|0x000000042f400000, 0x000000042f400000, 0x000000042f800000|  0%| F|  |TAMS 0x000000042f400000, 0x000000042f400000| Untracked 
| 186|0x000000042f800000, 0x000000042f800000, 0x000000042fc00000|  0%| F|  |TAMS 0x000000042f800000, 0x000000042f800000| Untracked 
| 187|0x000000042fc00000, 0x000000042fc00000, 0x0000000430000000|  0%| F|  |TAMS 0x000000042fc00000, 0x000000042fc00000| Untracked 
| 188|0x0000000430000000, 0x0000000430000000, 0x0000000430400000|  0%| F|  |TAMS 0x0000000430000000, 0x0000000430000000| Untracked 
| 189|0x0000000430400000, 0x0000000430400000, 0x0000000430800000|  0%| F|  |TAMS 0x0000000430400000, 0x0000000430400000| Untracked 
| 190|0x0000000430800000, 0x0000000430800000, 0x0000000430c00000|  0%| F|  |TAMS 0x0000000430800000, 0x0000000430800000| Untracked 
| 191|0x0000000430c00000, 0x0000000430c00000, 0x0000000431000000|  0%| F|  |TAMS 0x0000000430c00000, 0x0000000430c00000| Untracked 
| 192|0x0000000431000000, 0x0000000431000000, 0x0000000431400000|  0%| F|  |TAMS 0x0000000431000000, 0x0000000431000000| Untracked 
| 193|0x0000000431400000, 0x0000000431400000, 0x0000000431800000|  0%| F|  |TAMS 0x0000000431400000, 0x0000000431400000| Untracked 
| 194|0x0000000431800000, 0x0000000431800000, 0x0000000431c00000|  0%| F|  |TAMS 0x0000000431800000, 0x0000000431800000| Untracked 
| 195|0x0000000431c00000, 0x0000000431c00000, 0x0000000432000000|  0%| F|  |TAMS 0x0000000431c00000, 0x0000000431c00000| Untracked 
| 196|0x0000000432000000, 0x0000000432000000, 0x0000000432400000|  0%| F|  |TAMS 0x0000000432000000, 0x0000000432000000| Untracked 
| 197|0x0000000432400000, 0x0000000432400000, 0x0000000432800000|  0%| F|  |TAMS 0x0000000432400000, 0x0000000432400000| Untracked 
| 198|0x0000000432800000, 0x0000000432800000, 0x0000000432c00000|  0%| F|  |TAMS 0x0000000432800000, 0x0000000432800000| Untracked 
| 199|0x0000000432c00000, 0x0000000432c00000, 0x0000000433000000|  0%| F|  |TAMS 0x0000000432c00000, 0x0000000432c00000| Untracked 
| 200|0x0000000433000000, 0x0000000433000000, 0x0000000433400000|  0%| F|  |TAMS 0x0000000433000000, 0x0000000433000000| Untracked 
| 201|0x0000000433400000, 0x0000000433400000, 0x0000000433800000|  0%| F|  |TAMS 0x0000000433400000, 0x0000000433400000| Untracked 
| 202|0x0000000433800000, 0x0000000433800000, 0x0000000433c00000|  0%| F|  |TAMS 0x0000000433800000, 0x0000000433800000| Untracked 
| 203|0x0000000433c00000, 0x0000000433c00000, 0x0000000434000000|  0%| F|  |TAMS 0x0000000433c00000, 0x0000000433c00000| Untracked 
| 204|0x0000000434000000, 0x0000000434000000, 0x0000000434400000|  0%| F|  |TAMS 0x0000000434000000, 0x0000000434000000| Untracked 
| 205|0x0000000434400000, 0x0000000434400000, 0x0000000434800000|  0%| F|  |TAMS 0x0000000434400000, 0x0000000434400000| Untracked 
| 206|0x0000000434800000, 0x0000000434800000, 0x0000000434c00000|  0%| F|  |TAMS 0x0000000434800000, 0x0000000434800000| Untracked 
| 207|0x0000000434c00000, 0x0000000434c00000, 0x0000000435000000|  0%| F|  |TAMS 0x0000000434c00000, 0x0000000434c00000| Untracked 
| 208|0x0000000435000000, 0x0000000435000000, 0x0000000435400000|  0%| F|  |TAMS 0x0000000435000000, 0x0000000435000000| Untracked 
| 209|0x0000000435400000, 0x0000000435400000, 0x0000000435800000|  0%| F|  |TAMS 0x0000000435400000, 0x0000000435400000| Untracked 
| 210|0x0000000435800000, 0x0000000435800000, 0x0000000435c00000|  0%| F|  |TAMS 0x0000000435800000, 0x0000000435800000| Untracked 
| 211|0x0000000435c00000, 0x0000000435c00000, 0x0000000436000000|  0%| F|  |TAMS 0x0000000435c00000, 0x0000000435c00000| Untracked 
| 212|0x0000000436000000, 0x0000000436000000, 0x0000000436400000|  0%| F|  |TAMS 0x0000000436000000, 0x0000000436000000| Untracked 
| 213|0x0000000436400000, 0x0000000436400000, 0x0000000436800000|  0%| F|  |TAMS 0x0000000436400000, 0x0000000436400000| Untracked 
| 214|0x0000000436800000, 0x0000000436800000, 0x0000000436c00000|  0%| F|  |TAMS 0x0000000436800000, 0x0000000436800000| Untracked 
| 215|0x0000000436c00000, 0x0000000436c00000, 0x0000000437000000|  0%| F|  |TAMS 0x0000000436c00000, 0x0000000436c00000| Untracked 
| 216|0x0000000437000000, 0x0000000437000000, 0x0000000437400000|  0%| F|  |TAMS 0x0000000437000000, 0x0000000437000000| Untracked 
| 217|0x0000000437400000, 0x0000000437400000, 0x0000000437800000|  0%| F|  |TAMS 0x0000000437400000, 0x0000000437400000| Untracked 
| 218|0x0000000437800000, 0x0000000437800000, 0x0000000437c00000|  0%| F|  |TAMS 0x0000000437800000, 0x0000000437800000| Untracked 
| 219|0x0000000437c00000, 0x0000000437c00000, 0x0000000438000000|  0%| F|  |TAMS 0x0000000437c00000, 0x0000000437c00000| Untracked 
| 220|0x0000000438000000, 0x0000000438000000, 0x0000000438400000|  0%| F|  |TAMS 0x0000000438000000, 0x0000000438000000| Untracked 
| 221|0x0000000438400000, 0x0000000438400000, 0x0000000438800000|  0%| F|  |TAMS 0x0000000438400000, 0x0000000438400000| Untracked 
| 222|0x0000000438800000, 0x0000000438800000, 0x0000000438c00000|  0%| F|  |TAMS 0x0000000438800000, 0x0000000438800000| Untracked 
| 223|0x0000000438c00000, 0x0000000438c00000, 0x0000000439000000|  0%| F|  |TAMS 0x0000000438c00000, 0x0000000438c00000| Untracked 
| 224|0x0000000439000000, 0x0000000439000000, 0x0000000439400000|  0%| F|  |TAMS 0x0000000439000000, 0x0000000439000000| Untracked 
| 225|0x0000000439400000, 0x0000000439400000, 0x0000000439800000|  0%| F|  |TAMS 0x0000000439400000, 0x0000000439400000| Untracked 
| 226|0x0000000439800000, 0x0000000439800000, 0x0000000439c00000|  0%| F|  |TAMS 0x0000000439800000, 0x0000000439800000| Untracked 
| 227|0x0000000439c00000, 0x0000000439c00000, 0x000000043a000000|  0%| F|  |TAMS 0x0000000439c00000, 0x0000000439c00000| Untracked 
| 228|0x000000043a000000, 0x000000043a000000, 0x000000043a400000|  0%| F|  |TAMS 0x000000043a000000, 0x000000043a000000| Untracked 
| 229|0x000000043a400000, 0x000000043a400000, 0x000000043a800000|  0%| F|  |TAMS 0x000000043a400000, 0x000000043a400000| Untracked 
| 230|0x000000043a800000, 0x000000043aa00800, 0x000000043ac00000| 50%| E|  |TAMS 0x000000043a800000, 0x000000043a800000| Complete 
| 231|0x000000043ac00000, 0x000000043b000000, 0x000000043b000000|100%| E|CS|TAMS 0x000000043ac00000, 0x000000043ac00000| Complete 
| 232|0x000000043b000000, 0x000000043b400000, 0x000000043b400000|100%| E|CS|TAMS 0x000000043b000000, 0x000000043b000000| Complete 
| 233|0x000000043b400000, 0x000000043b800000, 0x000000043b800000|100%| E|CS|TAMS 0x000000043b400000, 0x000000043b400000| Complete 
| 234|0x000000043b800000, 0x000000043bc00000, 0x000000043bc00000|100%| E|CS|TAMS 0x000000043b800000, 0x000000043b800000| Complete 
| 235|0x000000043bc00000, 0x000000043c000000, 0x000000043c000000|100%| E|CS|TAMS 0x000000043bc00000, 0x000000043bc00000| Complete 
| 236|0x000000043c000000, 0x000000043c400000, 0x000000043c400000|100%| E|CS|TAMS 0x000000043c000000, 0x000000043c000000| Complete 
| 237|0x000000043c400000, 0x000000043c800000, 0x000000043c800000|100%| E|CS|TAMS 0x000000043c400000, 0x000000043c400000| Complete 
| 238|0x000000043c800000, 0x000000043cc00000, 0x000000043cc00000|100%| E|CS|TAMS 0x000000043c800000, 0x000000043c800000| Complete 
| 239|0x000000043cc00000, 0x000000043d000000, 0x000000043d000000|100%| E|CS|TAMS 0x000000043cc00000, 0x000000043cc00000| Complete 
| 240|0x000000043d000000, 0x000000043d400000, 0x000000043d400000|100%| E|CS|TAMS 0x000000043d000000, 0x000000043d000000| Complete 
| 241|0x000000043d400000, 0x000000043d800000, 0x000000043d800000|100%| E|CS|TAMS 0x000000043d400000, 0x000000043d400000| Complete 
| 242|0x000000043d800000, 0x000000043d85a4e0, 0x000000043dc00000|  8%| S|CS|TAMS 0x000000043d800000, 0x000000043d800000| Complete 
| 243|0x000000043dc00000, 0x000000043e000000, 0x000000043e000000|100%| S|CS|TAMS 0x000000043dc00000, 0x000000043dc00000| Complete 
| 244|0x000000043e000000, 0x000000043e400000, 0x000000043e400000|100%| E|CS|TAMS 0x000000043e000000, 0x000000043e000000| Complete 
| 245|0x000000043e400000, 0x000000043e800000, 0x000000043e800000|100%| E|CS|TAMS 0x000000043e400000, 0x000000043e400000| Complete 
| 246|0x000000043e800000, 0x000000043ec00000, 0x000000043ec00000|100%| E|CS|TAMS 0x000000043e800000, 0x000000043e800000| Complete 
| 247|0x000000043ec00000, 0x000000043f000000, 0x000000043f000000|100%| E|CS|TAMS 0x000000043ec00000, 0x000000043ec00000| Complete 
| 248|0x000000043f000000, 0x000000043f400000, 0x000000043f400000|100%| E|CS|TAMS 0x000000043f000000, 0x000000043f000000| Complete 
| 249|0x000000043f400000, 0x000000043f800000, 0x000000043f800000|100%| E|CS|TAMS 0x000000043f400000, 0x000000043f400000| Complete 
| 250|0x000000043f800000, 0x000000043fc00000, 0x000000043fc00000|100%| E|CS|TAMS 0x000000043f800000, 0x000000043f800000| Complete 
| 251|0x000000043fc00000, 0x0000000440000000, 0x0000000440000000|100%| E|CS|TAMS 0x000000043fc00000, 0x000000043fc00000| Complete 
| 252|0x0000000440000000, 0x0000000440400000, 0x0000000440400000|100%| E|CS|TAMS 0x0000000440000000, 0x0000000440000000| Complete 
| 253|0x0000000440400000, 0x0000000440800000, 0x0000000440800000|100%| E|CS|TAMS 0x0000000440400000, 0x0000000440400000| Complete 
| 254|0x0000000440800000, 0x0000000440c00000, 0x0000000440c00000|100%| E|CS|TAMS 0x0000000440800000, 0x0000000440800000| Complete 
| 255|0x0000000440c00000, 0x0000000441000000, 0x0000000441000000|100%| E|CS|TAMS 0x0000000440c00000, 0x0000000440c00000| Complete 

Card table byte_map: [0x00000204779c0000,0x00000204799c0000] _byte_map_base: 0x00000204759b8000

Marking Bits (Prev, Next): (CMBitMap*) 0x000002045bee6428, (CMBitMap*) 0x000002045bee6468
 Prev Bits: [0x0000020400000000, 0x000002040ffc0000)
 Next Bits: [0x000002040ffc0000, 0x000002041ff80000)

Polling page: 0x000002045bef0000

Metaspace:

Usage:
  Non-class:     16.13 MB capacity,    15.64 MB ( 97%) used,   420.58 KB (  3%) free+waste,    75.19 KB ( <1%) overhead. 
      Class:      2.27 MB capacity,     2.01 MB ( 89%) used,   228.80 KB ( 10%) free+waste,    37.38 KB (  2%) overhead. 
       Both:     18.40 MB capacity,    17.66 MB ( 96%) used,   649.38 KB (  3%) free+waste,   112.56 KB ( <1%) overhead. 

Virtual space:
  Non-class space:       18.00 MB reserved,      16.25 MB ( 90%) committed 
      Class space:        1.00 GB reserved,       2.38 MB ( <1%) committed 
             Both:        1.02 GB reserved,      18.63 MB (  2%) committed 

Chunk freelists:
   Non-Class:  128 bytes
       Class:  1.25 KB
        Both:  1.38 KB

CodeHeap 'non-profiled nmethods': size=119168Kb used=968Kb max_used=968Kb free=118199Kb
 bounds [0x000002046d5b0000, 0x000002046d820000, 0x0000020474a10000]
CodeHeap 'profiled nmethods': size=119168Kb used=5054Kb max_used=5054Kb free=114113Kb
 bounds [0x0000020466150000, 0x0000020466640000, 0x000002046d5b0000]
CodeHeap 'non-nmethods': size=7424Kb used=2447Kb max_used=3025Kb free=4977Kb
 bounds [0x0000020465a10000, 0x0000020465d20000, 0x0000020466150000]
 total_blobs=3304 nmethods=2292 adapters=509
 compilation: enabled
              stopped_count=0, restarted_count=0
 full_count=0

Compilation events (10 events):
Event: 5.877 Thread 0x000002047ecbd000 2289  s    3       java.lang.StringBuffer::append (13 bytes)
Event: 5.877 Thread 0x000002047edf8800 2290       3       java.io.StringWriter::write (10 bytes)
Event: 5.877 Thread 0x000002047ecbd000 nmethod 2289 0x000002046663d890 code [0x000002046663da60, 0x000002046663ddf0]
Event: 5.877 Thread 0x000002047edf8800 nmethod 2290 0x000002046663de90 code [0x000002046663e060, 0x000002046663e4b0]
Event: 5.888 Thread 0x000002047edf9800 2291       3       jdk.internal.reflect.ClassFileAssembler::emitConstantPoolMethodref (28 bytes)
Event: 5.888 Thread 0x000002047edf9800 nmethod 2291 0x000002046663e610 code [0x000002046663e860, 0x000002046663eff0]
Event: 5.888 Thread 0x00000204222ad000 2292       1       java.util.concurrent.atomic.AtomicInteger::get (5 bytes)
Event: 5.888 Thread 0x00000204222ad000 nmethod 2292 0x000002046d6a1e10 code [0x000002046d6a1fc0, 0x000002046d6a20f8]
Event: 8.939 Thread 0x000002047ecbd000 2293       3       java.util.concurrent.ConcurrentHashMap$BaseIterator::<init> (21 bytes)
Event: 8.939 Thread 0x000002047ecbd000 nmethod 2293 0x000002046663f390 code [0x000002046663f560, 0x000002046663f7e0]

GC Heap History (2 events):
Event: 1.208 GC heap before
{Heap before GC invocations=0 (full 0):
 garbage-first heap   total 1048576K, used 65536K [0x0000000401000000, 0x0000000800000000)
  region size 4096K, 12 young (49152K), 0 survivors (0K)
 Metaspace       used 10394K, capacity 10932K, committed 11136K, reserved 1058816K
  class space    used 1172K, capacity 1379K, committed 1408K, reserved 1048576K
}
Event: 1.212 GC heap after
{Heap after GC invocations=1 (full 0):
 garbage-first heap   total 1048576K, used 20841K [0x0000000401000000, 0x0000000800000000)
  region size 4096K, 2 young (8192K), 2 survivors (8192K)
 Metaspace       used 10394K, capacity 10932K, committed 11136K, reserved 1058816K
  class space    used 1172K, capacity 1379K, committed 1408K, reserved 1048576K
}

Deoptimization events (10 events):
Event: 3.664 Thread 0x000002045be1f000 Uncommon trap: reason=class_check action=maybe_recompile pc=0x000002046d606f9c method=java.lang.invoke.LambdaForm$Name.replaceNames([Ljava/lang/invoke/LambdaForm$Name;[Ljava/lang/invoke/LambdaForm$Name;II)Ljava/lang/invoke/LambdaForm$Name; @ 33 c2
Event: 3.766 Thread 0x000002045be1f000 Uncommon trap: reason=unstable_if action=reinterpret pc=0x000002046d680edc method=java.util.Arrays.equals([Ljava/lang/Object;[Ljava/lang/Object;)Z @ 44 c2
Event: 3.769 Thread 0x000002045be1f000 Uncommon trap: reason=class_check action=maybe_recompile pc=0x000002046d66b824 method=java.lang.reflect.Executable.declaredAnnotations()Ljava/util/Map; @ 23 c2
Event: 3.770 Thread 0x000002045be1f000 Uncommon trap: reason=class_check action=maybe_recompile pc=0x000002046d66b824 method=java.lang.reflect.Executable.declaredAnnotations()Ljava/util/Map; @ 23 c2
Event: 3.785 Thread 0x000002045be1f000 Uncommon trap: reason=class_check action=maybe_recompile pc=0x000002046d66b824 method=java.lang.reflect.Executable.declaredAnnotations()Ljava/util/Map; @ 23 c2
Event: 3.785 Thread 0x000002045be1f000 Uncommon trap: reason=class_check action=maybe_recompile pc=0x000002046d66b824 method=java.lang.reflect.Executable.declaredAnnotations()Ljava/util/Map; @ 23 c2
Event: 5.648 Thread 0x00000204222d1000 Uncommon trap: reason=unstable_if action=reinterpret pc=0x000002046d64654c method=java.io.WinNTFileSystem.prefixLength(Ljava/lang/String;)I @ 68 c2
Event: 5.663 Thread 0x00000204222d1000 Uncommon trap: reason=unstable_if action=reinterpret pc=0x000002046d5c6550 method=java.lang.StringLatin1.canEncode(I)Z @ 4 c2
Event: 5.663 Thread 0x00000204222d1000 Uncommon trap: reason=unstable_if action=reinterpret pc=0x000002046d5c7f7c method=java.lang.AbstractStringBuilder.isLatin1()Z @ 10 c2
Event: 5.663 Thread 0x00000204222d1000 Uncommon trap: reason=unstable_if action=reinterpret pc=0x000002046d5f3d8c method=java.lang.AbstractStringBuilder.isLatin1()Z @ 10 c2

Classes redefined (0 events):
No events

Internal exceptions (10 events):
Event: 1.274 Thread 0x000002045be1f000 Exception <a 'java/lang/NoSuchMethodError'{0x00000004405faf00}: java.lang.invoke.DirectMethodHandle$Holder.invokeVirtual(Ljava/lang/Object;Ljava/lang/Object;Ljava/lang/Object;)I> (0x00000004405faf00) thrown at [t:/workspace/open/src/hotspot/share/interpre
Event: 1.395 Thread 0x000002045be1f000 Exception <a 'java/lang/NoSuchMethodError'{0x0000000440061e40}: java.lang.invoke.DirectMethodHandle$Holder.invokeVirtual(Ljava/lang/Object;Ljava/lang/Object;)I> (0x0000000440061e40) thrown at [t:/workspace/open/src/hotspot/share/interpreter/linkResolver.c
Event: 1.555 Thread 0x000002045be1f000 Exception <a 'java/lang/NoSuchMethodError'{0x000000043fe7a8f0}: java.lang.invoke.Invokers$Holder.linkToTargetMethod(Ljava/lang/Object;Ljava/lang/Object;ILjava/lang/Object;Ljava/lang/Object;)Ljava/lang/Object;> (0x000000043fe7a8f0) thrown at [t:/workspace/
Event: 1.567 Thread 0x00000204210ac800 Exception <a 'java/lang/NoSuchMethodError'{0x000000043fa3e258}: java.lang.invoke.DirectMethodHandle$Holder.invokeInterface(Ljava/lang/Object;Ljava/lang/Object;)V> (0x000000043fa3e258) thrown at [t:/workspace/open/src/hotspot/share/interpreter/linkResolver
Event: 3.662 Thread 0x000002045be1f000 Implicit null exception at 0x000002046d67554a to 0x000002046d675b6a
Event: 3.664 Thread 0x000002045be1f000 Exception <a 'java/lang/NoSuchMethodError'{0x000000043e41e5b0}: java.lang.invoke.DelegatingMethodHandle$Holder.delegate(Ljava/lang/Object;Ljava/lang/Object;ILjava/lang/Object;)V> (0x000000043e41e5b0) thrown at [t:/workspace/open/src/hotspot/share/interpre
Event: 3.687 Thread 0x000002045be1f000 Exception <a 'java/lang/NoSuchMethodError'{0x000000043e5f4ef8}: java.lang.invoke.DirectMethodHandle$Holder.invokeStatic(Ljava/lang/Object;Ljava/lang/Object;Ljava/lang/Object;Ljava/lang/Object;)V> (0x000000043e5f4ef8) thrown at [t:/workspace/open/src/hotsp
Event: 3.723 Thread 0x000002045be1f000 Exception <a 'java/lang/NoSuchMethodError'{0x000000043e115e78}: java.lang.invoke.DirectMethodHandle$Holder.invokeStatic(Ljava/lang/Object;ILjava/lang/Object;)Ljava/lang/Object;> (0x000000043e115e78) thrown at [t:/workspace/open/src/hotspot/share/interpret
Event: 3.740 Thread 0x000002045be1f000 Exception <a 'java/lang/ClassNotFoundException'{0x000000043e275628}: sun/nio/ch/PollSelectorImpl> (0x000000043e275628) thrown at [t:/workspace/open/src/hotspot/share/classfile/systemDictionary.cpp, line 235]
Event: 3.757 Thread 0x000002045be1f000 Exception <a 'java/lang/IncompatibleClassChangeError'{0x000000043e33cc68}: Found class java.lang.Object, but interface was expected> (0x000000043e33cc68) thrown at [t:/workspace/open/src/hotspot/share/interpreter/linkResolver.cpp, line 843]

Events (10 events):
Event: 8.946 Executing VM operation: GetFrameCount
Event: 8.946 Executing VM operation: GetFrameCount done
Event: 8.946 Executing VM operation: GetStackTrace
Event: 8.946 Executing VM operation: GetStackTrace done
Event: 8.946 Executing VM operation: GetFrameLocation
Event: 8.946 Executing VM operation: GetFrameLocation done
Event: 8.946 Executing VM operation: GetOrSetLocal
Event: 8.946 Executing VM operation: GetOrSetLocal done
Event: 8.954 Executing VM operation: GetOrSetLocal
Event: 8.954 Executing VM operation: GetOrSetLocal done


Dynamic libraries:
0x00007ff7d3650000 - 0x00007ff7d365f000 	C:\Program Files\Java\jdk-12.0.2\bin\java.exe
0x00007ffc465e0000 - 0x00007ffc467d0000 	C:\WINDOWS\SYSTEM32\ntdll.dll
0x00007ffc46320000 - 0x00007ffc463d2000 	C:\WINDOWS\System32\KERNEL32.DLL
0x00007ffc43920000 - 0x00007ffc43bc3000 	C:\WINDOWS\System32\KERNELBASE.dll
0x00007ffc43650000 - 0x00007ffc4374a000 	C:\WINDOWS\System32\ucrtbase.dll
0x00007ffc37440000 - 0x00007ffc37458000 	C:\Program Files\Java\jdk-12.0.2\bin\jli.dll
0x00007ffc40f70000 - 0x00007ffc40f86000 	C:\Program Files\Java\jdk-12.0.2\bin\VCRUNTIME140.dll
0x00007ffc44d30000 - 0x00007ffc44dd3000 	C:\WINDOWS\System32\ADVAPI32.dll
0x00007ffc46420000 - 0x00007ffc464be000 	C:\WINDOWS\System32\msvcrt.dll
0x00007ffc45a50000 - 0x00007ffc45ae7000 	C:\WINDOWS\System32\sechost.dll
0x00007ffc44840000 - 0x00007ffc44960000 	C:\WINDOWS\System32\RPCRT4.dll
0x00007ffc44990000 - 0x00007ffc44b23000 	C:\WINDOWS\System32\USER32.dll
0x00007ffc38ff0000 - 0x00007ffc39275000 	C:\WINDOWS\WinSxS\amd64_microsoft.windows.common-controls_6595b64144ccf1df_6.0.18362.267_none_e6c5adbd130e444d\COMCTL32.dll
0x00007ffc435d0000 - 0x00007ffc435f1000 	C:\WINDOWS\System32\win32u.dll
0x00007ffc45560000 - 0x00007ffc45896000 	C:\WINDOWS\System32\combase.dll
0x00007ffc463f0000 - 0x00007ffc46416000 	C:\WINDOWS\System32\GDI32.dll
0x00007ffc438a0000 - 0x00007ffc43920000 	C:\WINDOWS\System32\bcryptPrimitives.dll
0x00007ffc44450000 - 0x00007ffc445e4000 	C:\WINDOWS\System32\gdi32full.dll
0x00007ffc445f0000 - 0x00007ffc4468e000 	C:\WINDOWS\System32\msvcp_win.dll
0x00007ffc3bdc0000 - 0x00007ffc3bdca000 	C:\WINDOWS\SYSTEM32\VERSION.dll
0x00007ffc44960000 - 0x00007ffc4498e000 	C:\WINDOWS\System32\IMM32.DLL
0x00007ffc230c0000 - 0x00007ffc2316a000 	C:\Program Files\Java\jdk-12.0.2\bin\msvcp140.dll
0x00007ffbda8e0000 - 0x00007ffbdb457000 	C:\Program Files\Java\jdk-12.0.2\bin\server\jvm.dll
0x00007ffc44b30000 - 0x00007ffc44b38000 	C:\WINDOWS\System32\PSAPI.DLL
0x00007ffc3f6f0000 - 0x00007ffc3f714000 	C:\WINDOWS\SYSTEM32\WINMM.dll
0x00007ffc420b0000 - 0x00007ffc420b9000 	C:\WINDOWS\SYSTEM32\WSOCK32.dll
0x00007ffc458a0000 - 0x00007ffc4590f000 	C:\WINDOWS\System32\WS2_32.dll
0x00007ffc3f6c0000 - 0x00007ffc3f6ed000 	C:\WINDOWS\SYSTEM32\winmmbase.dll
0x00007ffc43bd0000 - 0x00007ffc43c1a000 	C:\WINDOWS\System32\cfgmgr32.dll
0x00007ffc434e0000 - 0x00007ffc434f1000 	C:\WINDOWS\System32\kernel.appcore.dll
0x00007ffc37420000 - 0x00007ffc37431000 	C:\Program Files\Java\jdk-12.0.2\bin\verify.dll
0x00007ffc41d40000 - 0x00007ffc41f34000 	C:\WINDOWS\SYSTEM32\DBGHELP.DLL
0x00007ffc3bc10000 - 0x00007ffc3bc3a000 	C:\WINDOWS\SYSTEM32\dbgcore.DLL
0x00007ffc279c0000 - 0x00007ffc279e6000 	C:\Program Files\Java\jdk-12.0.2\bin\java.dll
0x00007ffc23770000 - 0x00007ffc237a8000 	C:\Program Files\Java\jdk-12.0.2\bin\jdwp.dll
0x00007ffc357c0000 - 0x00007ffc357ce000 	C:\Program Files\Java\jdk-12.0.2\bin\instrument.dll
0x00007ffc31a00000 - 0x00007ffc31a17000 	C:\Program Files\Java\jdk-12.0.2\bin\zip.dll
0x00007ffc41ce0000 - 0x00007ffc41cea000 	C:\Program Files\Java\jdk-12.0.2\bin\jimage.dll
0x00007ffc45b60000 - 0x00007ffc46242000 	C:\WINDOWS\System32\SHELL32.dll
0x00007ffc464d0000 - 0x00007ffc46579000 	C:\WINDOWS\System32\shcore.dll
0x00007ffc43cd0000 - 0x00007ffc4444c000 	C:\WINDOWS\System32\windows.storage.dll
0x00007ffc43550000 - 0x00007ffc4356f000 	C:\WINDOWS\System32\profapi.dll
0x00007ffc43500000 - 0x00007ffc4354a000 	C:\WINDOWS\System32\powrprof.dll
0x00007ffc434b0000 - 0x00007ffc434c0000 	C:\WINDOWS\System32\UMPDC.dll
0x00007ffc45250000 - 0x00007ffc452a2000 	C:\WINDOWS\System32\shlwapi.dll
0x00007ffc43600000 - 0x00007ffc43617000 	C:\WINDOWS\System32\cryptsp.dll
0x00007ffc2fdb0000 - 0x00007ffc2fdba000 	C:\Program Files\Java\jdk-12.0.2\bin\dt_socket.dll
0x00007ffc42d20000 - 0x00007ffc42d87000 	C:\WINDOWS\system32\mswsock.dll
0x00007ffc30610000 - 0x00007ffc30629000 	C:\Program Files\Java\jdk-12.0.2\bin\net.dll
0x00007ffc3c8d0000 - 0x00007ffc3c9c0000 	C:\WINDOWS\SYSTEM32\WINHTTP.dll
0x00007ffc386f0000 - 0x00007ffc388c6000 	C:\WINDOWS\SYSTEM32\urlmon.dll
0x00007ffc36590000 - 0x00007ffc36836000 	C:\WINDOWS\SYSTEM32\iertutil.dll
0x00007ffc42ef0000 - 0x00007ffc42efc000 	C:\WINDOWS\SYSTEM32\CRYPTBASE.DLL
0x00007ffc304b0000 - 0x00007ffc304c3000 	C:\Program Files\Java\jdk-12.0.2\bin\nio.dll
0x00007ffc42890000 - 0x00007ffc428c3000 	C:\WINDOWS\system32\rsaenh.dll
0x00007ffc43620000 - 0x00007ffc43646000 	C:\WINDOWS\System32\bcrypt.dll
0x00007ffc433d0000 - 0x00007ffc433f5000 	C:\WINDOWS\SYSTEM32\USERENV.dll
0x00007ffc42a30000 - 0x00007ffc42a6a000 	C:\WINDOWS\SYSTEM32\IPHLPAPI.DLL
0x00007ffc464c0000 - 0x00007ffc464c8000 	C:\WINDOWS\System32\NSI.dll
0x00007ffc3f9a0000 - 0x00007ffc3f9b6000 	C:\WINDOWS\SYSTEM32\dhcpcsvc6.DLL
0x00007ffc3fcf0000 - 0x00007ffc3fd0c000 	C:\WINDOWS\SYSTEM32\dhcpcsvc.DLL
0x00007ffc42a70000 - 0x00007ffc42b3a000 	C:\WINDOWS\SYSTEM32\DNSAPI.dll
0x00007ffc3f810000 - 0x00007ffc3f887000 	C:\WINDOWS\System32\fwpuclnt.dll
0x00007ffc38260000 - 0x00007ffc3826a000 	C:\Windows\System32\rasadhlp.dll
0x00007ffc40f60000 - 0x00007ffc40f69000 	C:\Program Files\Java\jdk-12.0.2\bin\management.dll
0x00007ffc35bf0000 - 0x00007ffc35bfc000 	C:\Program Files\Java\jdk-12.0.2\bin\management_ext.dll

dbghelp: loaded successfully - version: 4.0.5 - missing functions: none
symbol engine: initialized successfully - sym options: 0x614 - pdb path: .;C:\Program Files\Java\jdk-12.0.2\bin;C:\WINDOWS\SYSTEM32;C:\WINDOWS\WinSxS\amd64_microsoft.windows.common-controls_6595b64144ccf1df_6.0.18362.267_none_e6c5adbd130e444d;C:\Program Files\Java\jdk-12.0.2\bin\server

VM Arguments:
jvm_args: -agentlib:jdwp=transport=dt_socket,address=127.0.0.1:61291,suspend=y,server=n -Des.http.port=9000 -Des.tcp.port=10000 -Dstore.path=S:\\es-server-1 -Djava.net.preferIPv4Stack=true -Djgroups.bind_addr=127.0.0.1 -javaagent:C:\Users\Josue\AppData\Local\JetBrains\Toolbox\apps\IDEA-U\ch-0\192.5728.98\plugins\java\lib\rt\debugger-agent.jar -Dfile.encoding=UTF-8 
java_command: io.joshworks.eventry.server.Server
java_class_path (initial): S:\Projects\fstore\es-server\target\classes;S:\Projects\fstore\event-store\target\classes;S:\Projects\fstore\logstore\target\classes;S:\Projects\fstore\codec\snappy-codec\target\classes;S:\maven-repository\org\xerial\snappy\snappy-java\1.1.7.1\snappy-java-1.1.7.1.jar;S:\Projects\fstore\codec\lz4-codec\target\classes;S:\maven-repository\org\lz4\lz4-java\1.5.1\lz4-java-1.5.1.jar;S:\maven-repository\org\jooq\jool\0.9.13\jool-0.9.13.jar;S:\Projects\fstore\serializer\kryo-serializer\target\classes;S:\maven-repository\com\esotericsoftware\kryo\4.0.1\kryo-4.0.1.jar;S:\maven-repository\com\esotericsoftware\reflectasm\1.11.3\reflectasm-1.11.3.jar;S:\maven-repository\org\ow2\asm\asm\5.0.4\asm-5.0.4.jar;S:\maven-repository\com\esotericsoftware\minlog\1.3.0\minlog-1.3.0.jar;S:\maven-repository\de\javakaffee\kryo-serializers\0.42\kryo-serializers-0.42.jar;S:\Projects\fstore\lsmtree\target\classes;S:\Projects\fstore\index\target\classes;S:\maven-repository\io\joshworks\unirest\unirest-java\1.8.0\unirest-java-1.8.0.jar;S:\maven-repository\org\apache\httpcomponents\httpclient\4.5.3\httpclient-4.5.3.jar;S:\maven-repository\org\apache\httpcomponents\httpcore\4.4.6\httpcore-4.4.6.jar;S:\maven-repository\commons-logging\commons-logging\1.2\commons-logging-1.2.jar;S:\maven-repository\commons-codec\commons-codec\1.9\commons-codec-1.9.jar;S:\maven-repository\org\apache\httpcomponents\httpasyncclient\4.1.3\httpasyncclient-4.1.3.jar;S:\maven-repository\org\apache\httpcomponents\httpcore-nio\4.4.6\httpcore-nio-4.4.6.jar;S:\maven-repository\org\apache\httpcomponents\httpmime\4.5.3\httpmime-4.5.3.jar;S:\Projects\fstore\networking\target\classes;S:\maven-repository\org\jgroups\jgroups\4.0.10.Final\jgroups-4.0.10.Final.jar;S:\maven-repository\org\slf4j\slf4j-api\1.7.25\slf4j-api-1.7.25.jar;S:\Projects\fstore\serializer\json-serializer\target\classes;S:\maven-repository\com\google\code\gson\gson\2.8.0\gson-2.8.0.jar;S:\Projects\fstore\serializer\standard-serializer\ta
Launcher Type: SUN_STANDARD

[Global flags]
     intx CICompilerCount                          = 12                                        {product} {ergonomic}
     uint ConcGCThreads                            = 3                                         {product} {ergonomic}
     uint G1ConcRefinementThreads                  = 13                                        {product} {ergonomic}
   size_t G1HeapRegionSize                         = 4194304                                   {product} {ergonomic}
    uintx GCDrainStackTargetSize                   = 64                                        {product} {ergonomic}
   size_t InitialHeapSize                          = 1073741824                                {product} {ergonomic}
   size_t MarkStackSize                            = 4194304                                   {product} {ergonomic}
   size_t MaxHeapSize                              = 17163091968                               {product} {ergonomic}
   size_t MaxNewSize                               = 10297016320                               {product} {ergonomic}
   size_t MinHeapDeltaBytes                        = 4194304                                   {product} {ergonomic}
    uintx NonNMethodCodeHeapSize                   = 7594288                                {pd product} {ergonomic}
    uintx NonProfiledCodeHeapSize                  = 122031976                              {pd product} {ergonomic}
    uintx ProfiledCodeHeapSize                     = 122031976                              {pd product} {ergonomic}
    uintx ReservedCodeCacheSize                    = 251658240                              {pd product} {ergonomic}
     bool SegmentedCodeCache                       = true                                      {product} {ergonomic}
     bool UseCompressedClassPointers               = true                                 {lp64_product} {ergonomic}
     bool UseCompressedOops                        = true                                 {lp64_product} {ergonomic}
     bool UseG1GC                                  = true                                      {product} {ergonomic}
     bool UseLargePagesIndividualAllocation        = false                                  {pd product} {ergonomic}

Logging:
Log output configuration:
 #0: stdout all=warning uptime,level,tags
 #1: stderr all=off uptime,level,tags

Environment Variables:
JAVA_HOME=C:\Program Files\Java\jdk-12.0.2
PATH=C:\Users\Josue\AppData\Local\JetBrains\Toolbox\apps\IDEA-U\ch-0\192.5728.98\jbr\\bin;C:\Users\Josue\AppData\Local\JetBrains\Toolbox\apps\IDEA-U\ch-0\192.5728.98\jbr\\bin\server;C:\WINDOWS\system32;C:\WINDOWS;C:\WINDOWS\System32\Wbem;C:\WINDOWS\System32\WindowsPowerShell\v1.0\;C:\WINDOWS\System32\OpenSSH\;C:\Program Files\Git\cmd;C:\Program Files\Java\jdk-12.0.2\bin;C:\Users\Josue\apache-maven-3.6.0\bin;C:\ProgramData\chocolatey\bin;C:\Users\Josue\gradle-5.2.1\bin;C:\Users\Josue\AppData\Local\Microsoft\WindowsApps;S:\Anaconda3\Scripts;S:\Anaconda3\Library;S:\Anaconda3\Library\bin;S:\Anaconda3\Library\mingw-w64\bin;
USERNAME=Josue
OS=Windows_NT
PROCESSOR_IDENTIFIER=AMD64 Family 23 Model 8 Stepping 2, AuthenticAMD



---------------  S Y S T E M  ---------------

OS: Windows 10 , 64 bit Build 18362 (10.0.18362.86)

CPU:total 16 (initial active 16) (16 cores per cpu, 2 threads per core) family 23 model 8 stepping 2, cmov, cx8, fxsr, mmx, sse, sse2, sse3, ssse3, sse4.1, sse4.2, popcnt, avx, avx2, aes, clmul, mmxext, 3dnowpref, lzcnt, sse4a, ht, tsc, tscinvbit, tscinv, bmi1, bmi2, adx, sha, fma

Memory: 4k page, system-wide physical 65456M (46992M free)
TotalPageFile size 75184M (AvailPageFile size 49745M)
current process WorkingSet (physical memory assigned to process): 165M, peak: 181M
current process commit charge ("private bytes"): 1213M, peak: 1235M

vm_info: Java HotSpot(TM) 64-Bit Server VM (12.0.2+10) for windows-amd64 JRE (12.0.2+10), built on Jul 16 2019 01:56:17 by "mach5one" with MS VC++ 15.5 (VS2017)

END.
