#
# A fatal error has been detected by the Java Runtime Environment:
#
#  EXCEPTION_ACCESS_VIOLATION (0xc0000005) at pc=0x00007ffbdaccbce8, pid=17412, tid=14904
#
# JRE version: Java(TM) SE Runtime Environment (12.0.2+10) (build 12.0.2+10)
# Java VM: Java HotSpot(TM) 64-Bit Server VM (12.0.2+10, mixed mode, sharing, tiered, compressed oops, g1 gc, windows-amd64)
# Problematic frame:
# V  [jvm.dll+0x3ebce8]
#
# No core dump will be written. Minidumps are not enabled by default on client versions of Windows
#
# If you would like to submit a bug report, please visit:
#   http://bugreport.java.com/bugreport/crash.jsp
#

---------------  S U M M A R Y ------------

Command Line: -agentlib:jdwp=transport=dt_socket,address=127.0.0.1:61040,suspend=y,server=n -Des.http.port=9000 -Des.tcp.port=10000 -Dstore.path=S:\\es-server-1 -Djava.net.preferIPv4Stack=true -Djgroups.bind_addr=127.0.0.1 -javaagent:C:\Users\Josue\AppData\Local\JetBrains\Toolbox\apps\IDEA-U\ch-0\192.5728.98\plugins\java\lib\rt\debugger-agent.jar -Dfile.encoding=UTF-8 io.joshworks.eventry.server.Server

Host: AMD Ryzen 7 2700X Eight-Core Processor         , 16 cores, 63G,  Windows 10 , 64 bit Build 18362 (10.0.18362.86)
Time: Sun Aug 11 18:10:14 2019 GMT Summer Time elapsed time: 12 seconds (0d 0h 0m 12s)

---------------  T H R E A D  ---------------

Current thread (0x000001f55564d000):  JavaThread "JDWP Transport Listener: dt_socket" daemon [_thread_in_vm, id=14904, stack(0x000000cbca900000,0x000000cbcaa00000)]

Stack: [0x000000cbca900000,0x000000cbcaa00000],  sp=0x000000cbca9ff040,  free space=1020k
Native frames: (J=compiled Java code, j=interpreted, Vv=VM code, C=native code)
V  [jvm.dll+0x3ebce8]
C  [jdwp.dll+0x26612]


siginfo: EXCEPTION_ACCESS_VIOLATION (0xc0000005), reading address 0x00000009d905d280


Register to memory mapping:

RIP=0x00007ffbdaccbce8 jvm.dll
RAX=
[error occurred during error reporting (printing register info), id 0xc0000005, EXCEPTION_ACCESS_VIOLATION (0xc0000005) at pc=0x00007ffbdabd98df]

Registers:
RAX=0x00000007fffffff8, RBX=0x000001f55564d000, RCX=0x0000000000000038, RDX=0x0000000000000050
RSP=0x000000cbca9ff040, RBP=0x000001f55564b800, RSI=0x000000080036c4f0, RDI=0x000001f55564b800
R8 =0x00000009d905d248, R9 =0x000001f5554aa380, R10=0x0000000000000000, R11=0x000000cbca9ff0a0
R12=0x00007ffc2379c528, R13=0x0000000000000001, R14=0x000001f55564d000, R15=0x00007ffc23799350
RIP=0x00007ffbdaccbce8, EFLAGS=0x0000000000010206

Top of Stack: (sp=0x000000cbca9ff040)
0x000000cbca9ff040:   000001f55564d000 0000000000000000
0x000000cbca9ff050:   0000000000000000 0000000000000000
0x000000cbca9ff060:   00007ffc23799338 00007ffc23796612
0x000000cbca9ff070:   000001f55564d330 00007ffc2379e860
0x000000cbca9ff080:   000001f55564d330 000001f55564b800
0x000000cbca9ff090:   000001f556d36878 0000000000000000
0x000000cbca9ff0a0:   000000000000004c 00007ffc23777db6
0x000000cbca9ff0b0:   0000000000000000 000000cbca9ff0f0
0x000000cbca9ff0c0:   000000cbca9ff200 000000cbca9ff200
0x000000cbca9ff0d0:   000000cbca9ff0e8 00007ffc2378748d
0x000000cbca9ff0e0:   000000cbca9ff1d0 000001f55564b800
0x000000cbca9ff0f0:   000001f556d36878 0000000000060000
0x000000cbca9ff100:   0000000000000001 00007ffc237773ec
0x000000cbca9ff110:   000000cbca9ff1d0 0000000000000000
0x000000cbca9ff120:   000000cbca9ff200 000001f5563d9c88
0x000000cbca9ff130:   0000000000000001 00007ffc2378a04c 

Instructions: (pc=0x00007ffbdaccbce8)
0x00007ffbdaccbbe8:   04 5d da ff 48 8b 5c 24 50 48 8b c5 48 8b 6c 24
0x00007ffbdaccbbf8:   58 48 8b 74 24 60 48 8b 7c 24 68 48 83 c4 40 41
0x00007ffbdaccbc08:   5e c3 cc cc cc cc cc cc 48 89 5c 24 08 48 89 6c
0x00007ffbdaccbc18:   24 10 48 89 74 24 18 48 89 7c 24 20 41 56 48 83
0x00007ffbdaccbc28:   ec 20 8b 81 90 00 00 00 4c 8d b1 d0 fc ff ff 05
0x00007ffbdaccbc38:   55 21 ff ff 49 8b f0 48 8b ea 83 f8 01 76 0d 49
0x00007ffbdaccbc48:   8b ce 40 b7 01 e8 5e e4 35 00 eb 03 40 32 ff 33
0x00007ffbdaccbc58:   db ba 06 00 00 00 40 84 ff 49 0f 44 de 48 8b cb
0x00007ffbdaccbc68:   e8 b3 a4 d5 ff 40 b7 01 48 85 ed 0f 84 92 00 00
0x00007ffbdaccbc78:   00 40 32 ff 40 f6 c6 01 74 0c 48 8d 4e ff ff 15
0x00007ffbdaccbc88:   0c 51 62 00 eb 09 48 8b ce ff 15 f9 50 62 00 48
0x00007ffbdaccbc98:   8b c8 e8 91 1a fb ff 48 8b f0 48 85 c0 74 64 40
0x00007ffbdaccbca8:   f6 c5 01 74 0c 48 8d 4d ff ff 15 e1 50 62 00 eb
0x00007ffbdaccbcb8:   09 48 8b cd ff 15 ce 50 62 00 80 3d 28 b2 6a 00
0x00007ffbdaccbcc8:   00 74 16 44 8b 40 08 8b 0d 53 2d 64 00 49 d3 e0
0x00007ffbdaccbcd8:   4c 03 05 41 2d 64 00 eb 04 4c 8b 40 08 8b 4e 10
0x00007ffbdaccbce8:   4a 39 34 01 75 05 40 b7 01 eb 18 83 f9 20 74 05
0x00007ffbdaccbcf8:   40 32 ff eb 0e 48 8b d6 49 8b c8 e8 48 e4 12 00
0x00007ffbdaccbd08:   0f b6 f8 ba 06 00 00 00 48 8b cb 44 8d 42 fe e8
0x00007ffbdaccbd18:   d4 5b da ff 48 8b 5c 24 30 40 0f b6 c7 48 8b 7c
0x00007ffbdaccbd28:   24 48 48 8b 6c 24 38 48 8b 74 24 40 48 83 c4 20
0x00007ffbdaccbd38:   41 5e c3 cc cc cc cc cc 48 89 5c 24 08 48 89 6c
0x00007ffbdaccbd48:   24 10 48 89 74 24 18 57 48 83 ec 40 8b 81 90 00
0x00007ffbdaccbd58:   00 00 48 8d b1 d0 fc ff ff 05 55 21 ff ff 48 8b
0x00007ffbdaccbd68:   ea 83 f8 01 76 0d 48 8b ce 40 b7 01 e8 37 e3 35
0x00007ffbdaccbd78:   00 eb 03 40 32 ff 33 db ba 06 00 00 00 40 84 ff
0x00007ffbdaccbd88:   48 0f 44 de 48 8b cb e8 8c a3 d5 ff 48 83 7b 08
0x00007ffbdaccbd98:   00 48 89 5c 24 20 48 c7 44 24 28 00 00 00 00 74
0x00007ffbdaccbda8:   0a 48 8d 4c 24 20 e8 6d 42 28 00 48 8b d5 48 8b
0x00007ffbdaccbdb8:   cb e8 02 56 00 00 48 83 7c 24 28 00 74 0a 48 8d
0x00007ffbdaccbdc8:   4c 24 20 e8 f0 42 28 00 48 8b bb f0 00 00 00 48
0x00007ffbdaccbdd8:   8b 47 10 48 8b 77 08 48 83 38 00 74 19 48 8b 57 


Stack slot to memory mapping:
stack at sp + 0 slots: 0x000001f55564d000 is a thread
stack at sp + 1 slots: 0x0 is NULL
stack at sp + 2 slots: 0x0 is NULL
stack at sp + 3 slots: 0x0 is NULL
stack at sp + 4 slots: 0x00007ffc23799338 jdwp.dll
stack at sp + 5 slots: 0x00007ffc23796612 jdwp.dll
stack at sp + 6 slots: 0x000001f55564d330 points into unknown readable memory: f0 4d 2f db fb 7f 00 00
stack at sp + 7 slots: 0x00007ffc2379e860 jdwp.dll


---------------  P R O C E S S  ---------------

Threads class SMR info:
_java_thread_list=0x000001f5574d25b0, length=51, elements={
0x000001f55544e800, 0x000001f555451800, 0x000001f555469800, 0x000001f55546b800,
0x000001f55546d800, 0x000001f555471000, 0x000001f55547e000, 0x000001f5555a1000,
0x000001f5555a8000, 0x000001f55564d000, 0x000001f555688800, 0x000001f555689000,
0x000001f556158000, 0x000001f556e05000, 0x000001f556e03800, 0x000001f556e07800,
0x000001f556e05800, 0x000001f556e06800, 0x000001f556e08000, 0x000001f556e09000,
0x000001f556e04000, 0x000001f557604000, 0x000001f557608000, 0x000001f557606800,
0x000001f557604800, 0x000001f557605800, 0x000001f557602800, 0x000001f557607000,
0x000001f557603000, 0x000001f55760c000, 0x000001f55760e800, 0x000001f557609000,
0x000001f557609800, 0x000001f55760d000, 0x000001f55760d800, 0x000001f55760a800,
0x000001f55760f800, 0x000001f557610000, 0x000001f557611000, 0x000001f55760b800,
0x000001f558b50800, 0x000001f558b51800, 0x000001f558b52000, 0x000001f558b4e000,
0x000001f558b4f000, 0x000001f558b4f800, 0x000001f558b53000, 0x000001f558b4d800,
0x000001f556e3a000, 0x000001f558b54800, 0x000001f558b55800
}

Java Threads: ( => current thread )
  0x000001f55544e800 JavaThread "Reference Handler" daemon [_thread_blocked, id=1512, stack(0x000000cbc9f00000,0x000000cbca000000)]
  0x000001f555451800 JavaThread "Finalizer" daemon [_thread_blocked, id=6792, stack(0x000000cbca000000,0x000000cbca100000)]
  0x000001f555469800 JavaThread "Signal Dispatcher" daemon [_thread_blocked, id=14192, stack(0x000000cbca100000,0x000000cbca200000)]
  0x000001f55546b800 JavaThread "Attach Listener" daemon [_thread_blocked, id=14804, stack(0x000000cbca200000,0x000000cbca300000)]
  0x000001f55546d800 JavaThread "C2 CompilerThread0" daemon [_thread_blocked, id=10352, stack(0x000000cbca300000,0x000000cbca400000)]
  0x000001f555471000 JavaThread "C1 CompilerThread0" daemon [_thread_blocked, id=19656, stack(0x000000cbca400000,0x000000cbca500000)]
  0x000001f55547e000 JavaThread "Sweeper thread" daemon [_thread_blocked, id=13048, stack(0x000000cbca500000,0x000000cbca600000)]
  0x000001f5555a1000 JavaThread "Common-Cleaner" daemon [_thread_blocked, id=15148, stack(0x000000cbca600000,0x000000cbca700000)]
  0x000001f5555a8000 JavaThread "C1 CompilerThread1" daemon [_thread_blocked, id=2032, stack(0x000000cbca700000,0x000000cbca800000)]
=>0x000001f55564d000 JavaThread "JDWP Transport Listener: dt_socket" daemon [_thread_in_vm, id=14904, stack(0x000000cbca900000,0x000000cbcaa00000)]
  0x000001f555688800 JavaThread "JDWP Event Helper Thread" daemon [_thread_blocked, id=19196, stack(0x000000cbcaa00000,0x000000cbcab00000)]
  0x000001f555689000 JavaThread "JDWP Command Reader" daemon [_thread_in_native, id=14480, stack(0x000000cbcab00000,0x000000cbcac00000)]
  0x000001f556158000 JavaThread "Service Thread" daemon [_thread_blocked, id=8604, stack(0x000000cbcac00000,0x000000cbcad00000)]
  0x000001f556e05000 JavaThread "compaction-coordinator" [_thread_blocked, id=9612, stack(0x000000cbcaf00000,0x000000cbcb000000)]
  0x000001f556e03800 JavaThread "compaction-coordinator" [_thread_blocked, id=6304, stack(0x000000cbcb000000,0x000000cbcb100000)]
  0x000001f556e07800 JavaThread "compaction-coordinator" [_thread_blocked, id=17704, stack(0x000000cbcb100000,0x000000cbcb200000)]
  0x000001f556e05800 JavaThread "event-writer" [_thread_blocked, id=4472, stack(0x000000cbcb200000,0x000000cbcb300000)]
  0x000001f556e06800 JavaThread "Timer runner-1,es-cluster,1e300b2d" [_thread_in_Java, id=7820, stack(0x000000cbcbf00000,0x000000cbcc000000)]
  0x000001f556e08000 JavaThread "pool-2-thread-1" [_thread_blocked, id=19744, stack(0x000000cbcc000000,0x000000cbcc100000)]
  0x000001f556e09000 JavaThread "pool-2-thread-1- Task Runner" [_thread_blocked, id=15780, stack(0x000000cbcc100000,0x000000cbcc200000)]
  0x000001f556e04000 JavaThread "DiagHandler-6,es-cluster,1e300b2d" daemon [_thread_in_native, id=19408, stack(0x000000cbcc200000,0x000000cbcc300000)]
  0x000001f557604000 JavaThread "TQ-Bundler-7,es-cluster,1e300b2d" [_thread_blocked, id=20248, stack(0x000000cbcc300000,0x000000cbcc400000)]
  0x000001f557608000 JavaThread "NioServer.Selector [/127.0.0.1:7800]-3,es-cluster,1e300b2d" [_thread_in_native, id=20976, stack(0x000000cbca800000,0x000000cbca900000)]
  0x000001f557606800 JavaThread "FD_SOCK acceptor-8,es-cluster,1e300b2d" daemon [_thread_in_native, id=14380, stack(0x000000cbcc400000,0x000000cbcc500000)]
  0x000001f557604800 JavaThread "jgroups-9,es-cluster,1e300b2d" [_thread_blocked, id=18900, stack(0x000000cbcc500000,0x000000cbcc600000)]
  0x000001f557605800 JavaThread "subscription-worker-0" [_thread_blocked, id=9204, stack(0x000000cbcae00000,0x000000cbcaf00000)]
  0x000001f557602800 JavaThread "subscription-worker-1" [_thread_blocked, id=6904, stack(0x000000cbcc700000,0x000000cbcc800000)]
  0x000001f557607000 JavaThread "subscription-worker-2" [_thread_blocked, id=4496, stack(0x000000cbcc800000,0x000000cbcc900000)]
  0x000001f557603000 JavaThread "Server" [_thread_in_native, id=18460, stack(0x000000cbcc900000,0x000000cbcca00000)]
  0x000001f55760c000 JavaThread "snappy-worker I/O-1" [_thread_in_native, id=6816, stack(0x000000cbccb00000,0x000000cbccc00000)]
  0x000001f55760e800 JavaThread "snappy-worker I/O-2" [_thread_in_native, id=21128, stack(0x000000cbccc00000,0x000000cbccd00000)]
  0x000001f557609000 JavaThread "snappy-worker I/O-3" [_thread_in_native, id=13140, stack(0x000000cbccd00000,0x000000cbcce00000)]
  0x000001f557609800 JavaThread "snappy-worker I/O-4" [_thread_in_native, id=10540, stack(0x000000cbcce00000,0x000000cbccf00000)]
  0x000001f55760d000 JavaThread "snappy-worker I/O-5" [_thread_in_native, id=13928, stack(0x000000cbccf00000,0x000000cbcd000000)]
  0x000001f55760d800 JavaThread "snappy-worker I/O-6" [_thread_in_native, id=13608, stack(0x000000cbcd000000,0x000000cbcd100000)]
  0x000001f55760a800 JavaThread "snappy-worker I/O-7" [_thread_in_native, id=18580, stack(0x000000cbcd100000,0x000000cbcd200000)]
  0x000001f55760f800 JavaThread "snappy-worker I/O-8" [_thread_in_native, id=20272, stack(0x000000cbcd200000,0x000000cbcd300000)]
  0x000001f557610000 JavaThread "snappy-worker I/O-9" [_thread_in_native, id=16796, stack(0x000000cbcd300000,0x000000cbcd400000)]
  0x000001f557611000 JavaThread "snappy-worker I/O-10" [_thread_in_native, id=14552, stack(0x000000cbcd400000,0x000000cbcd500000)]
  0x000001f55760b800 JavaThread "snappy-worker I/O-11" [_thread_in_native, id=2872, stack(0x000000cbcd500000,0x000000cbcd600000)]
  0x000001f558b50800 JavaThread "snappy-worker I/O-12" [_thread_in_native, id=16272, stack(0x000000cbcd600000,0x000000cbcd700000)]
  0x000001f558b51800 JavaThread "snappy-worker I/O-13" [_thread_in_native, id=13604, stack(0x000000cbcd700000,0x000000cbcd800000)]
  0x000001f558b52000 JavaThread "snappy-worker I/O-14" [_thread_in_native, id=13592, stack(0x000000cbcd800000,0x000000cbcd900000)]
  0x000001f558b4e000 JavaThread "snappy-worker I/O-15" [_thread_in_native, id=19508, stack(0x000000cbcd900000,0x000000cbcda00000)]
  0x000001f558b4f000 JavaThread "snappy-worker I/O-16" [_thread_in_native, id=1712, stack(0x000000cbcda00000,0x000000cbcdb00000)]
  0x000001f558b4f800 JavaThread "snappy-worker Accept" [_thread_in_native, id=18788, stack(0x000000cbcdb00000,0x000000cbcdc00000)]
  0x000001f558b53000 JavaThread "DestroyJavaVM" [_thread_blocked, id=18332, stack(0x000000cbc9800000,0x000000cbc9900000)]
  0x000001f558b4d800 JavaThread "snappy-worker task-1" [_thread_blocked, id=15604, stack(0x000000cbcca00000,0x000000cbccb00000)]
  0x000001f556e3a000 JavaThread "C1 CompilerThread2" daemon [_thread_blocked, id=7428, stack(0x000000cbcdc00000,0x000000cbcdd00000)]
  0x000001f558b54800 JavaThread "pool-3-thread-1" [_thread_blocked, id=7708, stack(0x000000cbcde00000,0x000000cbcdf00000)]
  0x000001f558b55800 JavaThread "snappy-worker task-2" [_thread_blocked, id=17572, stack(0x000000cbcdf00000,0x000000cbce000000)]

Other Threads:
  0x000001f55544d800 VMThread "VM Thread" [stack: 0x000000cbc9e00000,0x000000cbc9f00000] [id=15168]
  0x000001f5561a6000 WatcherThread [stack: 0x000000cbcad00000,0x000000cbcae00000] [id=20732]
  0x000001f514644800 GCTaskThread "GC Thread#0" [stack: 0x000000cbc9900000,0x000000cbc9a00000] [id=17952]
  0x000001f556c14800 GCTaskThread "GC Thread#1" [stack: 0x000000cbcb300000,0x000000cbcb400000] [id=19044]
  0x000001f557ef3000 GCTaskThread "GC Thread#2" [stack: 0x000000cbcb400000,0x000000cbcb500000] [id=14188]
  0x000001f55717d000 GCTaskThread "GC Thread#3" [stack: 0x000000cbcb500000,0x000000cbcb600000] [id=7252]
  0x000001f557153000 GCTaskThread "GC Thread#4" [stack: 0x000000cbcb600000,0x000000cbcb700000] [id=16524]
  0x000001f557179800 GCTaskThread "GC Thread#5" [stack: 0x000000cbcb700000,0x000000cbcb800000] [id=20696]
  0x000001f5573c0800 GCTaskThread "GC Thread#6" [stack: 0x000000cbcb800000,0x000000cbcb900000] [id=19292]
  0x000001f5573c7800 GCTaskThread "GC Thread#7" [stack: 0x000000cbcb900000,0x000000cbcba00000] [id=6632]
  0x000001f557290800 GCTaskThread "GC Thread#8" [stack: 0x000000cbcba00000,0x000000cbcbb00000] [id=20372]
  0x000001f5573d9800 GCTaskThread "GC Thread#9" [stack: 0x000000cbcbb00000,0x000000cbcbc00000] [id=16212]
  0x000001f5573da000 GCTaskThread "GC Thread#10" [stack: 0x000000cbcbc00000,0x000000cbcbd00000] [id=18292]
  0x000001f556d18800 GCTaskThread "GC Thread#11" [stack: 0x000000cbcbd00000,0x000000cbcbe00000] [id=1652]
  0x000001f556d19800 GCTaskThread "GC Thread#12" [stack: 0x000000cbcbe00000,0x000000cbcbf00000] [id=18836]
  0x000001f552320800 ConcurrentGCThread "G1 Main Marker" [stack: 0x000000cbc9a00000,0x000000cbc9b00000] [id=9248]
  0x000001f552323000 ConcurrentGCThread "G1 Conc#0" [stack: 0x000000cbc9b00000,0x000000cbc9c00000] [id=3104]
  0x000001f5524f6000 ConcurrentGCThread "G1 Refine#0" [stack: 0x000000cbc9c00000,0x000000cbc9d00000] [id=10060]
  0x000001f5524f7000 ConcurrentGCThread "G1 Young RemSet Sampling" [stack: 0x000000cbc9d00000,0x000000cbc9e00000] [id=12004]

Threads with active compile tasks:

VM state:not at safepoint (normal execution)

VM Mutex/Monitor currently owned by a thread: None

Heap address: 0x0000000401000000, size: 16368 MB, Compressed Oops mode: Zero based, Oop shift amount: 3
Narrow klass base: 0x0000000800000000, Narrow klass shift: 3
Compressed class space size: 1073741824 Address: 0x0000000801190000

Heap:
 garbage-first heap   total 1048576K, used 115061K [0x0000000401000000, 0x0000000800000000)
  region size 4096K, 26 young (106496K), 2 survivors (8192K)
 Metaspace       used 18101K, capacity 18841K, committed 19072K, reserved 1067008K
  class space    used 2062K, capacity 2326K, committed 2432K, reserved 1048576K
Heap Regions: E=young(eden), S=young(survivor), O=old, HS=humongous(starts), HC=humongous(continues), CS=collection set, F=free, A=archive, TAMS=top-at-mark-start (previous, next)
|   0|0x0000000401000000, 0x0000000401400000, 0x0000000401400000|100%|HS|  |TAMS 0x0000000401000000, 0x0000000401000000| Complete 
|   1|0x0000000401400000, 0x0000000401800000, 0x0000000401800000|100%|HS|  |TAMS 0x0000000401400000, 0x0000000401400000| Complete 
|   2|0x0000000401800000, 0x0000000401c00000, 0x0000000401c00000|100%|HS|  |TAMS 0x0000000401800000, 0x0000000401800000| Complete 
|   3|0x0000000401c00000, 0x0000000402000000, 0x0000000402000000|100%|HS|  |TAMS 0x0000000401c00000, 0x0000000401c00000| Complete 
|   4|0x0000000402000000, 0x0000000402000000, 0x0000000402400000|  0%| F|  |TAMS 0x0000000402000000, 0x0000000402000000| Untracked 
|   5|0x0000000402400000, 0x0000000402400000, 0x0000000402800000|  0%| F|  |TAMS 0x0000000402400000, 0x0000000402400000| Untracked 
|   6|0x0000000402800000, 0x0000000402800000, 0x0000000402c00000|  0%| F|  |TAMS 0x0000000402800000, 0x0000000402800000| Untracked 
|   7|0x0000000402c00000, 0x0000000402c00000, 0x0000000403000000|  0%| F|  |TAMS 0x0000000402c00000, 0x0000000402c00000| Untracked 
|   8|0x0000000403000000, 0x0000000403000000, 0x0000000403400000|  0%| F|  |TAMS 0x0000000403000000, 0x0000000403000000| Untracked 
|   9|0x0000000403400000, 0x0000000403400000, 0x0000000403800000|  0%| F|  |TAMS 0x0000000403400000, 0x0000000403400000| Untracked 
|  10|0x0000000403800000, 0x0000000403800000, 0x0000000403c00000|  0%| F|  |TAMS 0x0000000403800000, 0x0000000403800000| Untracked 
|  11|0x0000000403c00000, 0x0000000403c00000, 0x0000000404000000|  0%| F|  |TAMS 0x0000000403c00000, 0x0000000403c00000| Untracked 
|  12|0x0000000404000000, 0x0000000404000000, 0x0000000404400000|  0%| F|  |TAMS 0x0000000404000000, 0x0000000404000000| Untracked 
|  13|0x0000000404400000, 0x0000000404400000, 0x0000000404800000|  0%| F|  |TAMS 0x0000000404400000, 0x0000000404400000| Untracked 
|  14|0x0000000404800000, 0x0000000404800000, 0x0000000404c00000|  0%| F|  |TAMS 0x0000000404800000, 0x0000000404800000| Untracked 
|  15|0x0000000404c00000, 0x0000000404c00000, 0x0000000405000000|  0%| F|  |TAMS 0x0000000404c00000, 0x0000000404c00000| Untracked 
|  16|0x0000000405000000, 0x0000000405000000, 0x0000000405400000|  0%| F|  |TAMS 0x0000000405000000, 0x0000000405000000| Untracked 
|  17|0x0000000405400000, 0x0000000405400000, 0x0000000405800000|  0%| F|  |TAMS 0x0000000405400000, 0x0000000405400000| Untracked 
|  18|0x0000000405800000, 0x0000000405800000, 0x0000000405c00000|  0%| F|  |TAMS 0x0000000405800000, 0x0000000405800000| Untracked 
|  19|0x0000000405c00000, 0x0000000405c00000, 0x0000000406000000|  0%| F|  |TAMS 0x0000000405c00000, 0x0000000405c00000| Untracked 
|  20|0x0000000406000000, 0x0000000406000000, 0x0000000406400000|  0%| F|  |TAMS 0x0000000406000000, 0x0000000406000000| Untracked 
|  21|0x0000000406400000, 0x0000000406400000, 0x0000000406800000|  0%| F|  |TAMS 0x0000000406400000, 0x0000000406400000| Untracked 
|  22|0x0000000406800000, 0x0000000406800000, 0x0000000406c00000|  0%| F|  |TAMS 0x0000000406800000, 0x0000000406800000| Untracked 
|  23|0x0000000406c00000, 0x0000000406c00000, 0x0000000407000000|  0%| F|  |TAMS 0x0000000406c00000, 0x0000000406c00000| Untracked 
|  24|0x0000000407000000, 0x0000000407000000, 0x0000000407400000|  0%| F|  |TAMS 0x0000000407000000, 0x0000000407000000| Untracked 
|  25|0x0000000407400000, 0x0000000407400000, 0x0000000407800000|  0%| F|  |TAMS 0x0000000407400000, 0x0000000407400000| Untracked 
|  26|0x0000000407800000, 0x0000000407800000, 0x0000000407c00000|  0%| F|  |TAMS 0x0000000407800000, 0x0000000407800000| Untracked 
|  27|0x0000000407c00000, 0x0000000407c00000, 0x0000000408000000|  0%| F|  |TAMS 0x0000000407c00000, 0x0000000407c00000| Untracked 
|  28|0x0000000408000000, 0x0000000408000000, 0x0000000408400000|  0%| F|  |TAMS 0x0000000408000000, 0x0000000408000000| Untracked 
|  29|0x0000000408400000, 0x0000000408400000, 0x0000000408800000|  0%| F|  |TAMS 0x0000000408400000, 0x0000000408400000| Untracked 
|  30|0x0000000408800000, 0x0000000408800000, 0x0000000408c00000|  0%| F|  |TAMS 0x0000000408800000, 0x0000000408800000| Untracked 
|  31|0x0000000408c00000, 0x0000000408c00000, 0x0000000409000000|  0%| F|  |TAMS 0x0000000408c00000, 0x0000000408c00000| Untracked 
|  32|0x0000000409000000, 0x0000000409000000, 0x0000000409400000|  0%| F|  |TAMS 0x0000000409000000, 0x0000000409000000| Untracked 
|  33|0x0000000409400000, 0x0000000409400000, 0x0000000409800000|  0%| F|  |TAMS 0x0000000409400000, 0x0000000409400000| Untracked 
|  34|0x0000000409800000, 0x0000000409800000, 0x0000000409c00000|  0%| F|  |TAMS 0x0000000409800000, 0x0000000409800000| Untracked 
|  35|0x0000000409c00000, 0x0000000409c00000, 0x000000040a000000|  0%| F|  |TAMS 0x0000000409c00000, 0x0000000409c00000| Untracked 
|  36|0x000000040a000000, 0x000000040a000000, 0x000000040a400000|  0%| F|  |TAMS 0x000000040a000000, 0x000000040a000000| Untracked 
|  37|0x000000040a400000, 0x000000040a400000, 0x000000040a800000|  0%| F|  |TAMS 0x000000040a400000, 0x000000040a400000| Untracked 
|  38|0x000000040a800000, 0x000000040a800000, 0x000000040ac00000|  0%| F|  |TAMS 0x000000040a800000, 0x000000040a800000| Untracked 
|  39|0x000000040ac00000, 0x000000040ac00000, 0x000000040b000000|  0%| F|  |TAMS 0x000000040ac00000, 0x000000040ac00000| Untracked 
|  40|0x000000040b000000, 0x000000040b000000, 0x000000040b400000|  0%| F|  |TAMS 0x000000040b000000, 0x000000040b000000| Untracked 
|  41|0x000000040b400000, 0x000000040b400000, 0x000000040b800000|  0%| F|  |TAMS 0x000000040b400000, 0x000000040b400000| Untracked 
|  42|0x000000040b800000, 0x000000040b800000, 0x000000040bc00000|  0%| F|  |TAMS 0x000000040b800000, 0x000000040b800000| Untracked 
|  43|0x000000040bc00000, 0x000000040bc00000, 0x000000040c000000|  0%| F|  |TAMS 0x000000040bc00000, 0x000000040bc00000| Untracked 
|  44|0x000000040c000000, 0x000000040c000000, 0x000000040c400000|  0%| F|  |TAMS 0x000000040c000000, 0x000000040c000000| Untracked 
|  45|0x000000040c400000, 0x000000040c400000, 0x000000040c800000|  0%| F|  |TAMS 0x000000040c400000, 0x000000040c400000| Untracked 
|  46|0x000000040c800000, 0x000000040c800000, 0x000000040cc00000|  0%| F|  |TAMS 0x000000040c800000, 0x000000040c800000| Untracked 
|  47|0x000000040cc00000, 0x000000040cc00000, 0x000000040d000000|  0%| F|  |TAMS 0x000000040cc00000, 0x000000040cc00000| Untracked 
|  48|0x000000040d000000, 0x000000040d000000, 0x000000040d400000|  0%| F|  |TAMS 0x000000040d000000, 0x000000040d000000| Untracked 
|  49|0x000000040d400000, 0x000000040d400000, 0x000000040d800000|  0%| F|  |TAMS 0x000000040d400000, 0x000000040d400000| Untracked 
|  50|0x000000040d800000, 0x000000040d800000, 0x000000040dc00000|  0%| F|  |TAMS 0x000000040d800000, 0x000000040d800000| Untracked 
|  51|0x000000040dc00000, 0x000000040dc00000, 0x000000040e000000|  0%| F|  |TAMS 0x000000040dc00000, 0x000000040dc00000| Untracked 
|  52|0x000000040e000000, 0x000000040e000000, 0x000000040e400000|  0%| F|  |TAMS 0x000000040e000000, 0x000000040e000000| Untracked 
|  53|0x000000040e400000, 0x000000040e400000, 0x000000040e800000|  0%| F|  |TAMS 0x000000040e400000, 0x000000040e400000| Untracked 
|  54|0x000000040e800000, 0x000000040e800000, 0x000000040ec00000|  0%| F|  |TAMS 0x000000040e800000, 0x000000040e800000| Untracked 
|  55|0x000000040ec00000, 0x000000040ec00000, 0x000000040f000000|  0%| F|  |TAMS 0x000000040ec00000, 0x000000040ec00000| Untracked 
|  56|0x000000040f000000, 0x000000040f000000, 0x000000040f400000|  0%| F|  |TAMS 0x000000040f000000, 0x000000040f000000| Untracked 
|  57|0x000000040f400000, 0x000000040f400000, 0x000000040f800000|  0%| F|  |TAMS 0x000000040f400000, 0x000000040f400000| Untracked 
|  58|0x000000040f800000, 0x000000040f800000, 0x000000040fc00000|  0%| F|  |TAMS 0x000000040f800000, 0x000000040f800000| Untracked 
|  59|0x000000040fc00000, 0x000000040fc00000, 0x0000000410000000|  0%| F|  |TAMS 0x000000040fc00000, 0x000000040fc00000| Untracked 
|  60|0x0000000410000000, 0x0000000410000000, 0x0000000410400000|  0%| F|  |TAMS 0x0000000410000000, 0x0000000410000000| Untracked 
|  61|0x0000000410400000, 0x0000000410400000, 0x0000000410800000|  0%| F|  |TAMS 0x0000000410400000, 0x0000000410400000| Untracked 
|  62|0x0000000410800000, 0x0000000410800000, 0x0000000410c00000|  0%| F|  |TAMS 0x0000000410800000, 0x0000000410800000| Untracked 
|  63|0x0000000410c00000, 0x0000000410c00000, 0x0000000411000000|  0%| F|  |TAMS 0x0000000410c00000, 0x0000000410c00000| Untracked 
|  64|0x0000000411000000, 0x0000000411000000, 0x0000000411400000|  0%| F|  |TAMS 0x0000000411000000, 0x0000000411000000| Untracked 
|  65|0x0000000411400000, 0x0000000411400000, 0x0000000411800000|  0%| F|  |TAMS 0x0000000411400000, 0x0000000411400000| Untracked 
|  66|0x0000000411800000, 0x0000000411800000, 0x0000000411c00000|  0%| F|  |TAMS 0x0000000411800000, 0x0000000411800000| Untracked 
|  67|0x0000000411c00000, 0x0000000411c00000, 0x0000000412000000|  0%| F|  |TAMS 0x0000000411c00000, 0x0000000411c00000| Untracked 
|  68|0x0000000412000000, 0x0000000412000000, 0x0000000412400000|  0%| F|  |TAMS 0x0000000412000000, 0x0000000412000000| Untracked 
|  69|0x0000000412400000, 0x0000000412400000, 0x0000000412800000|  0%| F|  |TAMS 0x0000000412400000, 0x0000000412400000| Untracked 
|  70|0x0000000412800000, 0x0000000412800000, 0x0000000412c00000|  0%| F|  |TAMS 0x0000000412800000, 0x0000000412800000| Untracked 
|  71|0x0000000412c00000, 0x0000000412c00000, 0x0000000413000000|  0%| F|  |TAMS 0x0000000412c00000, 0x0000000412c00000| Untracked 
|  72|0x0000000413000000, 0x0000000413000000, 0x0000000413400000|  0%| F|  |TAMS 0x0000000413000000, 0x0000000413000000| Untracked 
|  73|0x0000000413400000, 0x0000000413400000, 0x0000000413800000|  0%| F|  |TAMS 0x0000000413400000, 0x0000000413400000| Untracked 
|  74|0x0000000413800000, 0x0000000413800000, 0x0000000413c00000|  0%| F|  |TAMS 0x0000000413800000, 0x0000000413800000| Untracked 
|  75|0x0000000413c00000, 0x0000000413c00000, 0x0000000414000000|  0%| F|  |TAMS 0x0000000413c00000, 0x0000000413c00000| Untracked 
|  76|0x0000000414000000, 0x0000000414000000, 0x0000000414400000|  0%| F|  |TAMS 0x0000000414000000, 0x0000000414000000| Untracked 
|  77|0x0000000414400000, 0x0000000414400000, 0x0000000414800000|  0%| F|  |TAMS 0x0000000414400000, 0x0000000414400000| Untracked 
|  78|0x0000000414800000, 0x0000000414800000, 0x0000000414c00000|  0%| F|  |TAMS 0x0000000414800000, 0x0000000414800000| Untracked 
|  79|0x0000000414c00000, 0x0000000414c00000, 0x0000000415000000|  0%| F|  |TAMS 0x0000000414c00000, 0x0000000414c00000| Untracked 
|  80|0x0000000415000000, 0x0000000415000000, 0x0000000415400000|  0%| F|  |TAMS 0x0000000415000000, 0x0000000415000000| Untracked 
|  81|0x0000000415400000, 0x0000000415400000, 0x0000000415800000|  0%| F|  |TAMS 0x0000000415400000, 0x0000000415400000| Untracked 
|  82|0x0000000415800000, 0x0000000415800000, 0x0000000415c00000|  0%| F|  |TAMS 0x0000000415800000, 0x0000000415800000| Untracked 
|  83|0x0000000415c00000, 0x0000000415c00000, 0x0000000416000000|  0%| F|  |TAMS 0x0000000415c00000, 0x0000000415c00000| Untracked 
|  84|0x0000000416000000, 0x0000000416000000, 0x0000000416400000|  0%| F|  |TAMS 0x0000000416000000, 0x0000000416000000| Untracked 
|  85|0x0000000416400000, 0x0000000416400000, 0x0000000416800000|  0%| F|  |TAMS 0x0000000416400000, 0x0000000416400000| Untracked 
|  86|0x0000000416800000, 0x0000000416800000, 0x0000000416c00000|  0%| F|  |TAMS 0x0000000416800000, 0x0000000416800000| Untracked 
|  87|0x0000000416c00000, 0x0000000416c00000, 0x0000000417000000|  0%| F|  |TAMS 0x0000000416c00000, 0x0000000416c00000| Untracked 
|  88|0x0000000417000000, 0x0000000417000000, 0x0000000417400000|  0%| F|  |TAMS 0x0000000417000000, 0x0000000417000000| Untracked 
|  89|0x0000000417400000, 0x0000000417400000, 0x0000000417800000|  0%| F|  |TAMS 0x0000000417400000, 0x0000000417400000| Untracked 
|  90|0x0000000417800000, 0x0000000417800000, 0x0000000417c00000|  0%| F|  |TAMS 0x0000000417800000, 0x0000000417800000| Untracked 
|  91|0x0000000417c00000, 0x0000000417c00000, 0x0000000418000000|  0%| F|  |TAMS 0x0000000417c00000, 0x0000000417c00000| Untracked 
|  92|0x0000000418000000, 0x0000000418000000, 0x0000000418400000|  0%| F|  |TAMS 0x0000000418000000, 0x0000000418000000| Untracked 
|  93|0x0000000418400000, 0x0000000418400000, 0x0000000418800000|  0%| F|  |TAMS 0x0000000418400000, 0x0000000418400000| Untracked 
|  94|0x0000000418800000, 0x0000000418800000, 0x0000000418c00000|  0%| F|  |TAMS 0x0000000418800000, 0x0000000418800000| Untracked 
|  95|0x0000000418c00000, 0x0000000418c00000, 0x0000000419000000|  0%| F|  |TAMS 0x0000000418c00000, 0x0000000418c00000| Untracked 
|  96|0x0000000419000000, 0x0000000419000000, 0x0000000419400000|  0%| F|  |TAMS 0x0000000419000000, 0x0000000419000000| Untracked 
|  97|0x0000000419400000, 0x0000000419400000, 0x0000000419800000|  0%| F|  |TAMS 0x0000000419400000, 0x0000000419400000| Untracked 
|  98|0x0000000419800000, 0x0000000419800000, 0x0000000419c00000|  0%| F|  |TAMS 0x0000000419800000, 0x0000000419800000| Untracked 
|  99|0x0000000419c00000, 0x0000000419c00000, 0x000000041a000000|  0%| F|  |TAMS 0x0000000419c00000, 0x0000000419c00000| Untracked 
| 100|0x000000041a000000, 0x000000041a000000, 0x000000041a400000|  0%| F|  |TAMS 0x000000041a000000, 0x000000041a000000| Untracked 
| 101|0x000000041a400000, 0x000000041a400000, 0x000000041a800000|  0%| F|  |TAMS 0x000000041a400000, 0x000000041a400000| Untracked 
| 102|0x000000041a800000, 0x000000041a800000, 0x000000041ac00000|  0%| F|  |TAMS 0x000000041a800000, 0x000000041a800000| Untracked 
| 103|0x000000041ac00000, 0x000000041ac00000, 0x000000041b000000|  0%| F|  |TAMS 0x000000041ac00000, 0x000000041ac00000| Untracked 
| 104|0x000000041b000000, 0x000000041b000000, 0x000000041b400000|  0%| F|  |TAMS 0x000000041b000000, 0x000000041b000000| Untracked 
| 105|0x000000041b400000, 0x000000041b400000, 0x000000041b800000|  0%| F|  |TAMS 0x000000041b400000, 0x000000041b400000| Untracked 
| 106|0x000000041b800000, 0x000000041b800000, 0x000000041bc00000|  0%| F|  |TAMS 0x000000041b800000, 0x000000041b800000| Untracked 
| 107|0x000000041bc00000, 0x000000041bc00000, 0x000000041c000000|  0%| F|  |TAMS 0x000000041bc00000, 0x000000041bc00000| Untracked 
| 108|0x000000041c000000, 0x000000041c000000, 0x000000041c400000|  0%| F|  |TAMS 0x000000041c000000, 0x000000041c000000| Untracked 
| 109|0x000000041c400000, 0x000000041c400000, 0x000000041c800000|  0%| F|  |TAMS 0x000000041c400000, 0x000000041c400000| Untracked 
| 110|0x000000041c800000, 0x000000041c800000, 0x000000041cc00000|  0%| F|  |TAMS 0x000000041c800000, 0x000000041c800000| Untracked 
| 111|0x000000041cc00000, 0x000000041cc00000, 0x000000041d000000|  0%| F|  |TAMS 0x000000041cc00000, 0x000000041cc00000| Untracked 
| 112|0x000000041d000000, 0x000000041d000000, 0x000000041d400000|  0%| F|  |TAMS 0x000000041d000000, 0x000000041d000000| Untracked 
| 113|0x000000041d400000, 0x000000041d400000, 0x000000041d800000|  0%| F|  |TAMS 0x000000041d400000, 0x000000041d400000| Untracked 
| 114|0x000000041d800000, 0x000000041d800000, 0x000000041dc00000|  0%| F|  |TAMS 0x000000041d800000, 0x000000041d800000| Untracked 
| 115|0x000000041dc00000, 0x000000041dc00000, 0x000000041e000000|  0%| F|  |TAMS 0x000000041dc00000, 0x000000041dc00000| Untracked 
| 116|0x000000041e000000, 0x000000041e000000, 0x000000041e400000|  0%| F|  |TAMS 0x000000041e000000, 0x000000041e000000| Untracked 
| 117|0x000000041e400000, 0x000000041e400000, 0x000000041e800000|  0%| F|  |TAMS 0x000000041e400000, 0x000000041e400000| Untracked 
| 118|0x000000041e800000, 0x000000041e800000, 0x000000041ec00000|  0%| F|  |TAMS 0x000000041e800000, 0x000000041e800000| Untracked 
| 119|0x000000041ec00000, 0x000000041ec00000, 0x000000041f000000|  0%| F|  |TAMS 0x000000041ec00000, 0x000000041ec00000| Untracked 
| 120|0x000000041f000000, 0x000000041f000000, 0x000000041f400000|  0%| F|  |TAMS 0x000000041f000000, 0x000000041f000000| Untracked 
| 121|0x000000041f400000, 0x000000041f400000, 0x000000041f800000|  0%| F|  |TAMS 0x000000041f400000, 0x000000041f400000| Untracked 
| 122|0x000000041f800000, 0x000000041f800000, 0x000000041fc00000|  0%| F|  |TAMS 0x000000041f800000, 0x000000041f800000| Untracked 
| 123|0x000000041fc00000, 0x000000041fc00000, 0x0000000420000000|  0%| F|  |TAMS 0x000000041fc00000, 0x000000041fc00000| Untracked 
| 124|0x0000000420000000, 0x0000000420000000, 0x0000000420400000|  0%| F|  |TAMS 0x0000000420000000, 0x0000000420000000| Untracked 
| 125|0x0000000420400000, 0x0000000420400000, 0x0000000420800000|  0%| F|  |TAMS 0x0000000420400000, 0x0000000420400000| Untracked 
| 126|0x0000000420800000, 0x0000000420800000, 0x0000000420c00000|  0%| F|  |TAMS 0x0000000420800000, 0x0000000420800000| Untracked 
| 127|0x0000000420c00000, 0x0000000420c00000, 0x0000000421000000|  0%| F|  |TAMS 0x0000000420c00000, 0x0000000420c00000| Untracked 
| 128|0x0000000421000000, 0x0000000421000000, 0x0000000421400000|  0%| F|  |TAMS 0x0000000421000000, 0x0000000421000000| Untracked 
| 129|0x0000000421400000, 0x0000000421400000, 0x0000000421800000|  0%| F|  |TAMS 0x0000000421400000, 0x0000000421400000| Untracked 
| 130|0x0000000421800000, 0x0000000421800000, 0x0000000421c00000|  0%| F|  |TAMS 0x0000000421800000, 0x0000000421800000| Untracked 
| 131|0x0000000421c00000, 0x0000000421c00000, 0x0000000422000000|  0%| F|  |TAMS 0x0000000421c00000, 0x0000000421c00000| Untracked 
| 132|0x0000000422000000, 0x0000000422000000, 0x0000000422400000|  0%| F|  |TAMS 0x0000000422000000, 0x0000000422000000| Untracked 
| 133|0x0000000422400000, 0x0000000422400000, 0x0000000422800000|  0%| F|  |TAMS 0x0000000422400000, 0x0000000422400000| Untracked 
| 134|0x0000000422800000, 0x0000000422800000, 0x0000000422c00000|  0%| F|  |TAMS 0x0000000422800000, 0x0000000422800000| Untracked 
| 135|0x0000000422c00000, 0x0000000422c00000, 0x0000000423000000|  0%| F|  |TAMS 0x0000000422c00000, 0x0000000422c00000| Untracked 
| 136|0x0000000423000000, 0x0000000423000000, 0x0000000423400000|  0%| F|  |TAMS 0x0000000423000000, 0x0000000423000000| Untracked 
| 137|0x0000000423400000, 0x0000000423400000, 0x0000000423800000|  0%| F|  |TAMS 0x0000000423400000, 0x0000000423400000| Untracked 
| 138|0x0000000423800000, 0x0000000423800000, 0x0000000423c00000|  0%| F|  |TAMS 0x0000000423800000, 0x0000000423800000| Untracked 
| 139|0x0000000423c00000, 0x0000000423c00000, 0x0000000424000000|  0%| F|  |TAMS 0x0000000423c00000, 0x0000000423c00000| Untracked 
| 140|0x0000000424000000, 0x0000000424000000, 0x0000000424400000|  0%| F|  |TAMS 0x0000000424000000, 0x0000000424000000| Untracked 
| 141|0x0000000424400000, 0x0000000424400000, 0x0000000424800000|  0%| F|  |TAMS 0x0000000424400000, 0x0000000424400000| Untracked 
| 142|0x0000000424800000, 0x0000000424800000, 0x0000000424c00000|  0%| F|  |TAMS 0x0000000424800000, 0x0000000424800000| Untracked 
| 143|0x0000000424c00000, 0x0000000424c00000, 0x0000000425000000|  0%| F|  |TAMS 0x0000000424c00000, 0x0000000424c00000| Untracked 
| 144|0x0000000425000000, 0x0000000425000000, 0x0000000425400000|  0%| F|  |TAMS 0x0000000425000000, 0x0000000425000000| Untracked 
| 145|0x0000000425400000, 0x0000000425400000, 0x0000000425800000|  0%| F|  |TAMS 0x0000000425400000, 0x0000000425400000| Untracked 
| 146|0x0000000425800000, 0x0000000425800000, 0x0000000425c00000|  0%| F|  |TAMS 0x0000000425800000, 0x0000000425800000| Untracked 
| 147|0x0000000425c00000, 0x0000000425c00000, 0x0000000426000000|  0%| F|  |TAMS 0x0000000425c00000, 0x0000000425c00000| Untracked 
| 148|0x0000000426000000, 0x0000000426000000, 0x0000000426400000|  0%| F|  |TAMS 0x0000000426000000, 0x0000000426000000| Untracked 
| 149|0x0000000426400000, 0x0000000426400000, 0x0000000426800000|  0%| F|  |TAMS 0x0000000426400000, 0x0000000426400000| Untracked 
| 150|0x0000000426800000, 0x0000000426800000, 0x0000000426c00000|  0%| F|  |TAMS 0x0000000426800000, 0x0000000426800000| Untracked 
| 151|0x0000000426c00000, 0x0000000426c00000, 0x0000000427000000|  0%| F|  |TAMS 0x0000000426c00000, 0x0000000426c00000| Untracked 
| 152|0x0000000427000000, 0x0000000427000000, 0x0000000427400000|  0%| F|  |TAMS 0x0000000427000000, 0x0000000427000000| Untracked 
| 153|0x0000000427400000, 0x0000000427400000, 0x0000000427800000|  0%| F|  |TAMS 0x0000000427400000, 0x0000000427400000| Untracked 
| 154|0x0000000427800000, 0x0000000427800000, 0x0000000427c00000|  0%| F|  |TAMS 0x0000000427800000, 0x0000000427800000| Untracked 
| 155|0x0000000427c00000, 0x0000000427c00000, 0x0000000428000000|  0%| F|  |TAMS 0x0000000427c00000, 0x0000000427c00000| Untracked 
| 156|0x0000000428000000, 0x0000000428000000, 0x0000000428400000|  0%| F|  |TAMS 0x0000000428000000, 0x0000000428000000| Untracked 
| 157|0x0000000428400000, 0x0000000428400000, 0x0000000428800000|  0%| F|  |TAMS 0x0000000428400000, 0x0000000428400000| Untracked 
| 158|0x0000000428800000, 0x0000000428800000, 0x0000000428c00000|  0%| F|  |TAMS 0x0000000428800000, 0x0000000428800000| Untracked 
| 159|0x0000000428c00000, 0x0000000428c00000, 0x0000000429000000|  0%| F|  |TAMS 0x0000000428c00000, 0x0000000428c00000| Untracked 
| 160|0x0000000429000000, 0x0000000429000000, 0x0000000429400000|  0%| F|  |TAMS 0x0000000429000000, 0x0000000429000000| Untracked 
| 161|0x0000000429400000, 0x0000000429400000, 0x0000000429800000|  0%| F|  |TAMS 0x0000000429400000, 0x0000000429400000| Untracked 
| 162|0x0000000429800000, 0x0000000429800000, 0x0000000429c00000|  0%| F|  |TAMS 0x0000000429800000, 0x0000000429800000| Untracked 
| 163|0x0000000429c00000, 0x0000000429c00000, 0x000000042a000000|  0%| F|  |TAMS 0x0000000429c00000, 0x0000000429c00000| Untracked 
| 164|0x000000042a000000, 0x000000042a000000, 0x000000042a400000|  0%| F|  |TAMS 0x000000042a000000, 0x000000042a000000| Untracked 
| 165|0x000000042a400000, 0x000000042a400000, 0x000000042a800000|  0%| F|  |TAMS 0x000000042a400000, 0x000000042a400000| Untracked 
| 166|0x000000042a800000, 0x000000042a800000, 0x000000042ac00000|  0%| F|  |TAMS 0x000000042a800000, 0x000000042a800000| Untracked 
| 167|0x000000042ac00000, 0x000000042ac00000, 0x000000042b000000|  0%| F|  |TAMS 0x000000042ac00000, 0x000000042ac00000| Untracked 
| 168|0x000000042b000000, 0x000000042b000000, 0x000000042b400000|  0%| F|  |TAMS 0x000000042b000000, 0x000000042b000000| Untracked 
| 169|0x000000042b400000, 0x000000042b400000, 0x000000042b800000|  0%| F|  |TAMS 0x000000042b400000, 0x000000042b400000| Untracked 
| 170|0x000000042b800000, 0x000000042b800000, 0x000000042bc00000|  0%| F|  |TAMS 0x000000042b800000, 0x000000042b800000| Untracked 
| 171|0x000000042bc00000, 0x000000042bc00000, 0x000000042c000000|  0%| F|  |TAMS 0x000000042bc00000, 0x000000042bc00000| Untracked 
| 172|0x000000042c000000, 0x000000042c000000, 0x000000042c400000|  0%| F|  |TAMS 0x000000042c000000, 0x000000042c000000| Untracked 
| 173|0x000000042c400000, 0x000000042c400000, 0x000000042c800000|  0%| F|  |TAMS 0x000000042c400000, 0x000000042c400000| Untracked 
| 174|0x000000042c800000, 0x000000042c800000, 0x000000042cc00000|  0%| F|  |TAMS 0x000000042c800000, 0x000000042c800000| Untracked 
| 175|0x000000042cc00000, 0x000000042cc00000, 0x000000042d000000|  0%| F|  |TAMS 0x000000042cc00000, 0x000000042cc00000| Untracked 
| 176|0x000000042d000000, 0x000000042d000000, 0x000000042d400000|  0%| F|  |TAMS 0x000000042d000000, 0x000000042d000000| Untracked 
| 177|0x000000042d400000, 0x000000042d400000, 0x000000042d800000|  0%| F|  |TAMS 0x000000042d400000, 0x000000042d400000| Untracked 
| 178|0x000000042d800000, 0x000000042d800000, 0x000000042dc00000|  0%| F|  |TAMS 0x000000042d800000, 0x000000042d800000| Untracked 
| 179|0x000000042dc00000, 0x000000042dc00000, 0x000000042e000000|  0%| F|  |TAMS 0x000000042dc00000, 0x000000042dc00000| Untracked 
| 180|0x000000042e000000, 0x000000042e000000, 0x000000042e400000|  0%| F|  |TAMS 0x000000042e000000, 0x000000042e000000| Untracked 
| 181|0x000000042e400000, 0x000000042e400000, 0x000000042e800000|  0%| F|  |TAMS 0x000000042e400000, 0x000000042e400000| Untracked 
| 182|0x000000042e800000, 0x000000042e800000, 0x000000042ec00000|  0%| F|  |TAMS 0x000000042e800000, 0x000000042e800000| Untracked 
| 183|0x000000042ec00000, 0x000000042ec00000, 0x000000042f000000|  0%| F|  |TAMS 0x000000042ec00000, 0x000000042ec00000| Untracked 
| 184|0x000000042f000000, 0x000000042f000000, 0x000000042f400000|  0%| F|  |TAMS 0x000000042f000000, 0x000000042f000000| Untracked 
| 185|0x000000042f400000, 0x000000042f400000, 0x000000042f800000|  0%| F|  |TAMS 0x000000042f400000, 0x000000042f400000| Untracked 
| 186|0x000000042f800000, 0x000000042f800000, 0x000000042fc00000|  0%| F|  |TAMS 0x000000042f800000, 0x000000042f800000| Untracked 
| 187|0x000000042fc00000, 0x000000042fc00000, 0x0000000430000000|  0%| F|  |TAMS 0x000000042fc00000, 0x000000042fc00000| Untracked 
| 188|0x0000000430000000, 0x0000000430000000, 0x0000000430400000|  0%| F|  |TAMS 0x0000000430000000, 0x0000000430000000| Untracked 
| 189|0x0000000430400000, 0x0000000430400000, 0x0000000430800000|  0%| F|  |TAMS 0x0000000430400000, 0x0000000430400000| Untracked 
| 190|0x0000000430800000, 0x0000000430800000, 0x0000000430c00000|  0%| F|  |TAMS 0x0000000430800000, 0x0000000430800000| Untracked 
| 191|0x0000000430c00000, 0x0000000430c00000, 0x0000000431000000|  0%| F|  |TAMS 0x0000000430c00000, 0x0000000430c00000| Untracked 
| 192|0x0000000431000000, 0x0000000431000000, 0x0000000431400000|  0%| F|  |TAMS 0x0000000431000000, 0x0000000431000000| Untracked 
| 193|0x0000000431400000, 0x0000000431400000, 0x0000000431800000|  0%| F|  |TAMS 0x0000000431400000, 0x0000000431400000| Untracked 
| 194|0x0000000431800000, 0x0000000431800000, 0x0000000431c00000|  0%| F|  |TAMS 0x0000000431800000, 0x0000000431800000| Untracked 
| 195|0x0000000431c00000, 0x0000000431c00000, 0x0000000432000000|  0%| F|  |TAMS 0x0000000431c00000, 0x0000000431c00000| Untracked 
| 196|0x0000000432000000, 0x0000000432000000, 0x0000000432400000|  0%| F|  |TAMS 0x0000000432000000, 0x0000000432000000| Untracked 
| 197|0x0000000432400000, 0x0000000432400000, 0x0000000432800000|  0%| F|  |TAMS 0x0000000432400000, 0x0000000432400000| Untracked 
| 198|0x0000000432800000, 0x0000000432800000, 0x0000000432c00000|  0%| F|  |TAMS 0x0000000432800000, 0x0000000432800000| Untracked 
| 199|0x0000000432c00000, 0x0000000432c00000, 0x0000000433000000|  0%| F|  |TAMS 0x0000000432c00000, 0x0000000432c00000| Untracked 
| 200|0x0000000433000000, 0x0000000433000000, 0x0000000433400000|  0%| F|  |TAMS 0x0000000433000000, 0x0000000433000000| Untracked 
| 201|0x0000000433400000, 0x0000000433400000, 0x0000000433800000|  0%| F|  |TAMS 0x0000000433400000, 0x0000000433400000| Untracked 
| 202|0x0000000433800000, 0x0000000433800000, 0x0000000433c00000|  0%| F|  |TAMS 0x0000000433800000, 0x0000000433800000| Untracked 
| 203|0x0000000433c00000, 0x0000000433c00000, 0x0000000434000000|  0%| F|  |TAMS 0x0000000433c00000, 0x0000000433c00000| Untracked 
| 204|0x0000000434000000, 0x0000000434000000, 0x0000000434400000|  0%| F|  |TAMS 0x0000000434000000, 0x0000000434000000| Untracked 
| 205|0x0000000434400000, 0x0000000434400000, 0x0000000434800000|  0%| F|  |TAMS 0x0000000434400000, 0x0000000434400000| Untracked 
| 206|0x0000000434800000, 0x0000000434800000, 0x0000000434c00000|  0%| F|  |TAMS 0x0000000434800000, 0x0000000434800000| Untracked 
| 207|0x0000000434c00000, 0x0000000434c00000, 0x0000000435000000|  0%| F|  |TAMS 0x0000000434c00000, 0x0000000434c00000| Untracked 
| 208|0x0000000435000000, 0x0000000435000000, 0x0000000435400000|  0%| F|  |TAMS 0x0000000435000000, 0x0000000435000000| Untracked 
| 209|0x0000000435400000, 0x0000000435400000, 0x0000000435800000|  0%| F|  |TAMS 0x0000000435400000, 0x0000000435400000| Untracked 
| 210|0x0000000435800000, 0x0000000435800000, 0x0000000435c00000|  0%| F|  |TAMS 0x0000000435800000, 0x0000000435800000| Untracked 
| 211|0x0000000435c00000, 0x0000000435c00000, 0x0000000436000000|  0%| F|  |TAMS 0x0000000435c00000, 0x0000000435c00000| Untracked 
| 212|0x0000000436000000, 0x0000000436000000, 0x0000000436400000|  0%| F|  |TAMS 0x0000000436000000, 0x0000000436000000| Untracked 
| 213|0x0000000436400000, 0x0000000436400000, 0x0000000436800000|  0%| F|  |TAMS 0x0000000436400000, 0x0000000436400000| Untracked 
| 214|0x0000000436800000, 0x0000000436800000, 0x0000000436c00000|  0%| F|  |TAMS 0x0000000436800000, 0x0000000436800000| Untracked 
| 215|0x0000000436c00000, 0x0000000436c00000, 0x0000000437000000|  0%| F|  |TAMS 0x0000000436c00000, 0x0000000436c00000| Untracked 
| 216|0x0000000437000000, 0x0000000437000000, 0x0000000437400000|  0%| F|  |TAMS 0x0000000437000000, 0x0000000437000000| Untracked 
| 217|0x0000000437400000, 0x0000000437400000, 0x0000000437800000|  0%| F|  |TAMS 0x0000000437400000, 0x0000000437400000| Untracked 
| 218|0x0000000437800000, 0x0000000437800000, 0x0000000437c00000|  0%| F|  |TAMS 0x0000000437800000, 0x0000000437800000| Untracked 
| 219|0x0000000437c00000, 0x0000000437c00000, 0x0000000438000000|  0%| F|  |TAMS 0x0000000437c00000, 0x0000000437c00000| Untracked 
| 220|0x0000000438000000, 0x0000000438000000, 0x0000000438400000|  0%| F|  |TAMS 0x0000000438000000, 0x0000000438000000| Untracked 
| 221|0x0000000438400000, 0x0000000438400000, 0x0000000438800000|  0%| F|  |TAMS 0x0000000438400000, 0x0000000438400000| Untracked 
| 222|0x0000000438800000, 0x0000000438800000, 0x0000000438c00000|  0%| F|  |TAMS 0x0000000438800000, 0x0000000438800000| Untracked 
| 223|0x0000000438c00000, 0x0000000438c00000, 0x0000000439000000|  0%| F|  |TAMS 0x0000000438c00000, 0x0000000438c00000| Untracked 
| 224|0x0000000439000000, 0x0000000439000000, 0x0000000439400000|  0%| F|  |TAMS 0x0000000439000000, 0x0000000439000000| Untracked 
| 225|0x0000000439400000, 0x0000000439400000, 0x0000000439800000|  0%| F|  |TAMS 0x0000000439400000, 0x0000000439400000| Untracked 
| 226|0x0000000439800000, 0x0000000439800000, 0x0000000439c00000|  0%| F|  |TAMS 0x0000000439800000, 0x0000000439800000| Untracked 
| 227|0x0000000439c00000, 0x0000000439c00000, 0x000000043a000000|  0%| F|  |TAMS 0x0000000439c00000, 0x0000000439c00000| Untracked 
| 228|0x000000043a000000, 0x000000043a000000, 0x000000043a400000|  0%| F|  |TAMS 0x000000043a000000, 0x000000043a000000| Untracked 
| 229|0x000000043a400000, 0x000000043a400000, 0x000000043a800000|  0%| F|  |TAMS 0x000000043a400000, 0x000000043a400000| Untracked 
| 230|0x000000043a800000, 0x000000043ac00000, 0x000000043ac00000|100%| E|  |TAMS 0x000000043a800000, 0x000000043a800000| Complete 
| 231|0x000000043ac00000, 0x000000043b000000, 0x000000043b000000|100%| E|CS|TAMS 0x000000043ac00000, 0x000000043ac00000| Complete 
| 232|0x000000043b000000, 0x000000043b400000, 0x000000043b400000|100%| E|CS|TAMS 0x000000043b000000, 0x000000043b000000| Complete 
| 233|0x000000043b400000, 0x000000043b800000, 0x000000043b800000|100%| E|CS|TAMS 0x000000043b400000, 0x000000043b400000| Complete 
| 234|0x000000043b800000, 0x000000043bc00000, 0x000000043bc00000|100%| E|CS|TAMS 0x000000043b800000, 0x000000043b800000| Complete 
| 235|0x000000043bc00000, 0x000000043c000000, 0x000000043c000000|100%| E|CS|TAMS 0x000000043bc00000, 0x000000043bc00000| Complete 
| 236|0x000000043c000000, 0x000000043c400000, 0x000000043c400000|100%| E|CS|TAMS 0x000000043c000000, 0x000000043c000000| Complete 
| 237|0x000000043c400000, 0x000000043c800000, 0x000000043c800000|100%| E|CS|TAMS 0x000000043c400000, 0x000000043c400000| Complete 
| 238|0x000000043c800000, 0x000000043cc00000, 0x000000043cc00000|100%| E|CS|TAMS 0x000000043c800000, 0x000000043c800000| Complete 
| 239|0x000000043cc00000, 0x000000043d000000, 0x000000043d000000|100%| E|CS|TAMS 0x000000043cc00000, 0x000000043cc00000| Complete 
| 240|0x000000043d000000, 0x000000043d400000, 0x000000043d400000|100%| E|CS|TAMS 0x000000043d000000, 0x000000043d000000| Complete 
| 241|0x000000043d400000, 0x000000043d800000, 0x000000043d800000|100%| E|CS|TAMS 0x000000043d400000, 0x000000043d400000| Complete 
| 242|0x000000043d800000, 0x000000043d85d4e8, 0x000000043dc00000|  9%| S|CS|TAMS 0x000000043d800000, 0x000000043d800000| Complete 
| 243|0x000000043dc00000, 0x000000043e000000, 0x000000043e000000|100%| S|CS|TAMS 0x000000043dc00000, 0x000000043dc00000| Complete 
| 244|0x000000043e000000, 0x000000043e400000, 0x000000043e400000|100%| E|CS|TAMS 0x000000043e000000, 0x000000043e000000| Complete 
| 245|0x000000043e400000, 0x000000043e800000, 0x000000043e800000|100%| E|CS|TAMS 0x000000043e400000, 0x000000043e400000| Complete 
| 246|0x000000043e800000, 0x000000043ec00000, 0x000000043ec00000|100%| E|CS|TAMS 0x000000043e800000, 0x000000043e800000| Complete 
| 247|0x000000043ec00000, 0x000000043f000000, 0x000000043f000000|100%| E|CS|TAMS 0x000000043ec00000, 0x000000043ec00000| Complete 
| 248|0x000000043f000000, 0x000000043f400000, 0x000000043f400000|100%| E|CS|TAMS 0x000000043f000000, 0x000000043f000000| Complete 
| 249|0x000000043f400000, 0x000000043f800000, 0x000000043f800000|100%| E|CS|TAMS 0x000000043f400000, 0x000000043f400000| Complete 
| 250|0x000000043f800000, 0x000000043fc00000, 0x000000043fc00000|100%| E|CS|TAMS 0x000000043f800000, 0x000000043f800000| Complete 
| 251|0x000000043fc00000, 0x0000000440000000, 0x0000000440000000|100%| E|CS|TAMS 0x000000043fc00000, 0x000000043fc00000| Complete 
| 252|0x0000000440000000, 0x0000000440400000, 0x0000000440400000|100%| E|CS|TAMS 0x0000000440000000, 0x0000000440000000| Complete 
| 253|0x0000000440400000, 0x0000000440800000, 0x0000000440800000|100%| E|CS|TAMS 0x0000000440400000, 0x0000000440400000| Complete 
| 254|0x0000000440800000, 0x0000000440c00000, 0x0000000440c00000|100%| E|CS|TAMS 0x0000000440800000, 0x0000000440800000| Complete 
| 255|0x0000000440c00000, 0x0000000441000000, 0x0000000441000000|100%| E|CS|TAMS 0x0000000440c00000, 0x0000000440c00000| Complete 

Card table byte_map: [0x000001f52e200000,0x000001f530200000] _byte_map_base: 0x000001f52c1f8000

Marking Bits (Prev, Next): (CMBitMap*) 0x000001f5146456b8, (CMBitMap*) 0x000001f5146456f8
 Prev Bits: [0x000001f532200000, 0x000001f5421c0000)
 Next Bits: [0x000001f5421c0000, 0x000001f552180000)

Polling page: 0x000001f5122b0000

Metaspace:

Usage:
  Non-class:     16.13 MB capacity,    15.66 MB ( 97%) used,   400.95 KB (  2%) free+waste,    75.19 KB ( <1%) overhead. 
      Class:      2.27 MB capacity,     2.01 MB ( 89%) used,   225.88 KB ( 10%) free+waste,    37.38 KB (  2%) overhead. 
       Both:     18.40 MB capacity,    17.68 MB ( 96%) used,   626.84 KB (  3%) free+waste,   112.56 KB ( <1%) overhead. 

Virtual space:
  Non-class space:       18.00 MB reserved,      16.25 MB ( 90%) committed 
      Class space:        1.00 GB reserved,       2.38 MB ( <1%) committed 
             Both:        1.02 GB reserved,      18.63 MB (  2%) committed 

Chunk freelists:
   Non-Class:  128 bytes
       Class:  1.25 KB
        Both:  1.38 KB

CodeHeap 'non-profiled nmethods': size=119168Kb used=938Kb max_used=938Kb free=118229Kb
 bounds [0x000001f524520000, 0x000001f524790000, 0x000001f52b980000]
CodeHeap 'profiled nmethods': size=119168Kb used=5022Kb max_used=5022Kb free=114145Kb
 bounds [0x000001f51d0c0000, 0x000001f51d5b0000, 0x000001f524520000]
CodeHeap 'non-nmethods': size=7424Kb used=2446Kb max_used=3025Kb free=4977Kb
 bounds [0x000001f51c980000, 0x000001f51cc80000, 0x000001f51d0c0000]
 total_blobs=3312 nmethods=2293 adapters=509
 compilation: enabled
              stopped_count=0, restarted_count=0
 full_count=0

Compilation events (10 events):
Event: 5.606 Thread 0x000001f556e3a000 2289       3       java.lang.Float::isNaN (12 bytes)
Event: 5.606 Thread 0x000001f556e3a000 nmethod 2289 0x000001f51d5a5e90 code [0x000001f51d5a6040, 0x000001f51d5a61f8]
Event: 5.607 Thread 0x000001f55768d800 2290       3       jdk.internal.reflect.ClassFileAssembler::emitConstantPoolMethodref (28 bytes)
Event: 5.608 Thread 0x000001f55768d800 nmethod 2290 0x000001f51d5a6290 code [0x000001f51d5a64e0, 0x000001f51d5a6c70]
Event: 5.608 Thread 0x000001f55768d800 2291       1       java.util.concurrent.atomic.AtomicInteger::get (5 bytes)
Event: 5.608 Thread 0x000001f55768d800 nmethod 2291 0x000001f52460a690 code [0x000001f52460a840, 0x000001f52460a978]
Event: 8.141 Thread 0x000001f555471000 2292       3       org.jgroups.util.TimeScheduler3$Task::getDelay (23 bytes)
Event: 8.141 Thread 0x000001f556e3a000 2293       3       java.util.concurrent.ConcurrentHashMap$BaseIterator::<init> (21 bytes)
Event: 8.141 Thread 0x000001f555471000 nmethod 2292 0x000001f51d5a7010 code [0x000001f51d5a71e0, 0x000001f51d5a73f0]
Event: 8.141 Thread 0x000001f556e3a000 nmethod 2293 0x000001f51d5a7510 code [0x000001f51d5a76e0, 0x000001f51d5a7960]

GC Heap History (2 events):
Event: 1.214 GC heap before
{Heap before GC invocations=0 (full 0):
 garbage-first heap   total 1048576K, used 65536K [0x0000000401000000, 0x0000000800000000)
  region size 4096K, 12 young (49152K), 0 survivors (0K)
 Metaspace       used 10203K, capacity 10772K, committed 10880K, reserved 1058816K
  class space    used 1161K, capacity 1347K, committed 1408K, reserved 1048576K
}
Event: 1.217 GC heap after
{Heap after GC invocations=1 (full 0):
 garbage-first heap   total 1048576K, used 20853K [0x0000000401000000, 0x0000000800000000)
  region size 4096K, 2 young (8192K), 2 survivors (8192K)
 Metaspace       used 10203K, capacity 10772K, committed 10880K, reserved 1058816K
  class space    used 1161K, capacity 1347K, committed 1408K, reserved 1048576K
}

Deoptimization events (10 events):
Event: 3.680 Thread 0x000001f51457f000 Uncommon trap: reason=class_check action=maybe_recompile pc=0x000001f52457615c method=java.lang.invoke.LambdaForm$Name.replaceNames([Ljava/lang/invoke/LambdaForm$Name;[Ljava/lang/invoke/LambdaForm$Name;II)Ljava/lang/invoke/LambdaForm$Name; @ 33 c2
Event: 3.749 Thread 0x000001f51457f000 Uncommon trap: reason=unstable_if action=reinterpret pc=0x000001f52453a0c4 method=java.lang.StringLatin1.indexOf([BI[BII)I @ 80 c2
Event: 3.779 Thread 0x000001f51457f000 Uncommon trap: reason=unstable_if action=reinterpret pc=0x000001f5245e925c method=java.util.Arrays.equals([Ljava/lang/Object;[Ljava/lang/Object;)Z @ 44 c2
Event: 3.783 Thread 0x000001f51457f000 Uncommon trap: reason=class_check action=maybe_recompile pc=0x000001f5245d39e0 method=java.lang.reflect.Executable.declaredAnnotations()Ljava/util/Map; @ 23 c2
Event: 3.783 Thread 0x000001f51457f000 Uncommon trap: reason=class_check action=maybe_recompile pc=0x000001f5245d39e0 method=java.lang.reflect.Executable.declaredAnnotations()Ljava/util/Map; @ 23 c2
Event: 3.798 Thread 0x000001f51457f000 Uncommon trap: reason=class_check action=maybe_recompile pc=0x000001f5245d39e0 method=java.lang.reflect.Executable.declaredAnnotations()Ljava/util/Map; @ 23 c2
Event: 3.799 Thread 0x000001f51457f000 Uncommon trap: reason=class_check action=maybe_recompile pc=0x000001f5245d39e0 method=java.lang.reflect.Executable.declaredAnnotations()Ljava/util/Map; @ 23 c2
Event: 5.363 Thread 0x000001f558b4d800 Uncommon trap: reason=unstable_if action=reinterpret pc=0x000001f5245ab3cc method=java.io.WinNTFileSystem.prefixLength(Ljava/lang/String;)I @ 68 c2
Event: 5.379 Thread 0x000001f558b4d800 Uncommon trap: reason=unstable_if action=reinterpret pc=0x000001f524535fd0 method=java.lang.StringLatin1.canEncode(I)Z @ 4 c2
Event: 5.379 Thread 0x000001f558b4d800 Uncommon trap: reason=unstable_if action=reinterpret pc=0x000001f52455ba7c method=java.lang.AbstractStringBuilder.isLatin1()Z @ 10 c2

Classes redefined (0 events):
No events

Internal exceptions (10 events):
Event: 1.291 Thread 0x000001f51457f000 Exception <a 'java/lang/NoSuchMethodError'{0x0000000440764d60}: java.lang.invoke.DirectMethodHandle$Holder.invokeVirtual(Ljava/lang/Object;Ljava/lang/Object;Ljava/lang/Object;)I> (0x0000000440764d60) thrown at [t:/workspace/open/src/hotspot/share/interpre
Event: 1.412 Thread 0x000001f51457f000 Exception <a 'java/lang/NoSuchMethodError'{0x00000004401cbac8}: java.lang.invoke.DirectMethodHandle$Holder.invokeVirtual(Ljava/lang/Object;Ljava/lang/Object;)I> (0x00000004401cbac8) thrown at [t:/workspace/open/src/hotspot/share/interpreter/linkResolver.c
Event: 1.569 Thread 0x000001f51457f000 Exception <a 'java/lang/NoSuchMethodError'{0x000000043fde8670}: java.lang.invoke.Invokers$Holder.linkToTargetMethod(Ljava/lang/Object;Ljava/lang/Object;ILjava/lang/Object;Ljava/lang/Object;)Ljava/lang/Object;> (0x000000043fde8670) thrown at [t:/workspace/
Event: 1.581 Thread 0x000001f557604000 Exception <a 'java/lang/NoSuchMethodError'{0x000000043f23d7f8}: java.lang.invoke.DirectMethodHandle$Holder.invokeInterface(Ljava/lang/Object;Ljava/lang/Object;)V> (0x000000043f23d7f8) thrown at [t:/workspace/open/src/hotspot/share/interpreter/linkResolver
Event: 3.678 Thread 0x000001f51457f000 Implicit null exception at 0x000001f5245df1ca to 0x000001f5245df7ea
Event: 3.680 Thread 0x000001f51457f000 Exception <a 'java/lang/NoSuchMethodError'{0x000000043e727300}: java.lang.invoke.DelegatingMethodHandle$Holder.delegate(Ljava/lang/Object;Ljava/lang/Object;ILjava/lang/Object;)V> (0x000000043e727300) thrown at [t:/workspace/open/src/hotspot/share/interpre
Event: 3.702 Thread 0x000001f51457f000 Exception <a 'java/lang/NoSuchMethodError'{0x000000043e0fe118}: java.lang.invoke.DirectMethodHandle$Holder.invokeStatic(Ljava/lang/Object;Ljava/lang/Object;Ljava/lang/Object;Ljava/lang/Object;)V> (0x000000043e0fe118) thrown at [t:/workspace/open/src/hotsp
Event: 3.736 Thread 0x000001f51457f000 Exception <a 'java/lang/NoSuchMethodError'{0x000000043d419b70}: java.lang.invoke.DirectMethodHandle$Holder.invokeStatic(Ljava/lang/Object;ILjava/lang/Object;)Ljava/lang/Object;> (0x000000043d419b70) thrown at [t:/workspace/open/src/hotspot/share/interpret
Event: 3.753 Thread 0x000001f51457f000 Exception <a 'java/lang/ClassNotFoundException'{0x000000043d5790b8}: sun/nio/ch/PollSelectorImpl> (0x000000043d5790b8) thrown at [t:/workspace/open/src/hotspot/share/classfile/systemDictionary.cpp, line 235]
Event: 3.770 Thread 0x000001f51457f000 Exception <a 'java/lang/IncompatibleClassChangeError'{0x000000043d640900}: Found class java.lang.Object, but interface was expected> (0x000000043d640900) thrown at [t:/workspace/open/src/hotspot/share/interpreter/linkResolver.cpp, line 843]

Events (10 events):
Event: 12.092 Executing VM operation: GetFrameCount
Event: 12.092 Executing VM operation: GetFrameCount done
Event: 12.092 Executing VM operation: GetStackTrace
Event: 12.092 Executing VM operation: GetStackTrace done
Event: 12.092 Executing VM operation: GetFrameLocation
Event: 12.092 Executing VM operation: GetFrameLocation done
Event: 12.092 Executing VM operation: GetOrSetLocal
Event: 12.092 Executing VM operation: GetOrSetLocal done
Event: 12.102 Executing VM operation: GetOrSetLocal
Event: 12.102 Executing VM operation: GetOrSetLocal done


Dynamic libraries:
0x00007ff7d3650000 - 0x00007ff7d365f000 	C:\Program Files\Java\jdk-12.0.2\bin\java.exe
0x00007ffc465e0000 - 0x00007ffc467d0000 	C:\WINDOWS\SYSTEM32\ntdll.dll
0x00007ffc46320000 - 0x00007ffc463d2000 	C:\WINDOWS\System32\KERNEL32.DLL
0x00007ffc43920000 - 0x00007ffc43bc3000 	C:\WINDOWS\System32\KERNELBASE.dll
0x00007ffc43650000 - 0x00007ffc4374a000 	C:\WINDOWS\System32\ucrtbase.dll
0x00007ffc37440000 - 0x00007ffc37458000 	C:\Program Files\Java\jdk-12.0.2\bin\jli.dll
0x00007ffc40f70000 - 0x00007ffc40f86000 	C:\Program Files\Java\jdk-12.0.2\bin\VCRUNTIME140.dll
0x00007ffc44d30000 - 0x00007ffc44dd3000 	C:\WINDOWS\System32\ADVAPI32.dll
0x00007ffc46420000 - 0x00007ffc464be000 	C:\WINDOWS\System32\msvcrt.dll
0x00007ffc45a50000 - 0x00007ffc45ae7000 	C:\WINDOWS\System32\sechost.dll
0x00007ffc44840000 - 0x00007ffc44960000 	C:\WINDOWS\System32\RPCRT4.dll
0x00007ffc44990000 - 0x00007ffc44b23000 	C:\WINDOWS\System32\USER32.dll
0x00007ffc38ff0000 - 0x00007ffc39275000 	C:\WINDOWS\WinSxS\amd64_microsoft.windows.common-controls_6595b64144ccf1df_6.0.18362.267_none_e6c5adbd130e444d\COMCTL32.dll
0x00007ffc435d0000 - 0x00007ffc435f1000 	C:\WINDOWS\System32\win32u.dll
0x00007ffc45560000 - 0x00007ffc45896000 	C:\WINDOWS\System32\combase.dll
0x00007ffc463f0000 - 0x00007ffc46416000 	C:\WINDOWS\System32\GDI32.dll
0x00007ffc438a0000 - 0x00007ffc43920000 	C:\WINDOWS\System32\bcryptPrimitives.dll
0x00007ffc44450000 - 0x00007ffc445e4000 	C:\WINDOWS\System32\gdi32full.dll
0x00007ffc445f0000 - 0x00007ffc4468e000 	C:\WINDOWS\System32\msvcp_win.dll
0x00007ffc3bdc0000 - 0x00007ffc3bdca000 	C:\WINDOWS\SYSTEM32\VERSION.dll
0x00007ffc44960000 - 0x00007ffc4498e000 	C:\WINDOWS\System32\IMM32.DLL
0x00007ffc230c0000 - 0x00007ffc2316a000 	C:\Program Files\Java\jdk-12.0.2\bin\msvcp140.dll
0x00007ffbda8e0000 - 0x00007ffbdb457000 	C:\Program Files\Java\jdk-12.0.2\bin\server\jvm.dll
0x00007ffc44b30000 - 0x00007ffc44b38000 	C:\WINDOWS\System32\PSAPI.DLL
0x00007ffc3f6f0000 - 0x00007ffc3f714000 	C:\WINDOWS\SYSTEM32\WINMM.dll
0x00007ffc420b0000 - 0x00007ffc420b9000 	C:\WINDOWS\SYSTEM32\WSOCK32.dll
0x00007ffc458a0000 - 0x00007ffc4590f000 	C:\WINDOWS\System32\WS2_32.dll
0x00007ffc3f6c0000 - 0x00007ffc3f6ed000 	C:\WINDOWS\SYSTEM32\WINMMBASE.dll
0x00007ffc43bd0000 - 0x00007ffc43c1a000 	C:\WINDOWS\System32\cfgmgr32.dll
0x00007ffc434e0000 - 0x00007ffc434f1000 	C:\WINDOWS\System32\kernel.appcore.dll
0x00007ffc37420000 - 0x00007ffc37431000 	C:\Program Files\Java\jdk-12.0.2\bin\verify.dll
0x00007ffc41d40000 - 0x00007ffc41f34000 	C:\WINDOWS\SYSTEM32\DBGHELP.DLL
0x00007ffc3bc10000 - 0x00007ffc3bc3a000 	C:\WINDOWS\SYSTEM32\dbgcore.DLL
0x00007ffc279c0000 - 0x00007ffc279e6000 	C:\Program Files\Java\jdk-12.0.2\bin\java.dll
0x00007ffc23770000 - 0x00007ffc237a8000 	C:\Program Files\Java\jdk-12.0.2\bin\jdwp.dll
0x00007ffc357c0000 - 0x00007ffc357ce000 	C:\Program Files\Java\jdk-12.0.2\bin\instrument.dll
0x00007ffc31a00000 - 0x00007ffc31a17000 	C:\Program Files\Java\jdk-12.0.2\bin\zip.dll
0x00007ffc41ce0000 - 0x00007ffc41cea000 	C:\Program Files\Java\jdk-12.0.2\bin\jimage.dll
0x00007ffc45b60000 - 0x00007ffc46242000 	C:\WINDOWS\System32\SHELL32.dll
0x00007ffc464d0000 - 0x00007ffc46579000 	C:\WINDOWS\System32\shcore.dll
0x00007ffc43cd0000 - 0x00007ffc4444c000 	C:\WINDOWS\System32\windows.storage.dll
0x00007ffc43550000 - 0x00007ffc4356f000 	C:\WINDOWS\System32\profapi.dll
0x00007ffc43500000 - 0x00007ffc4354a000 	C:\WINDOWS\System32\powrprof.dll
0x00007ffc434b0000 - 0x00007ffc434c0000 	C:\WINDOWS\System32\UMPDC.dll
0x00007ffc45250000 - 0x00007ffc452a2000 	C:\WINDOWS\System32\shlwapi.dll
0x00007ffc43600000 - 0x00007ffc43617000 	C:\WINDOWS\System32\cryptsp.dll
0x00007ffc2d5c0000 - 0x00007ffc2d5ca000 	C:\Program Files\Java\jdk-12.0.2\bin\dt_socket.dll
0x00007ffc42d20000 - 0x00007ffc42d87000 	C:\WINDOWS\system32\mswsock.dll
0x00007ffc30610000 - 0x00007ffc30629000 	C:\Program Files\Java\jdk-12.0.2\bin\net.dll
0x00007ffc386f0000 - 0x00007ffc388c6000 	C:\WINDOWS\SYSTEM32\urlmon.dll
0x00007ffc3c8d0000 - 0x00007ffc3c9c0000 	C:\WINDOWS\SYSTEM32\WINHTTP.dll
0x00007ffc36590000 - 0x00007ffc36836000 	C:\WINDOWS\SYSTEM32\iertutil.dll
0x00007ffc42ef0000 - 0x00007ffc42efc000 	C:\WINDOWS\SYSTEM32\CRYPTBASE.DLL
0x00007ffc304b0000 - 0x00007ffc304c3000 	C:\Program Files\Java\jdk-12.0.2\bin\nio.dll
0x00007ffc42890000 - 0x00007ffc428c3000 	C:\WINDOWS\system32\rsaenh.dll
0x00007ffc43620000 - 0x00007ffc43646000 	C:\WINDOWS\System32\bcrypt.dll
0x00007ffc433d0000 - 0x00007ffc433f5000 	C:\WINDOWS\SYSTEM32\USERENV.dll
0x00007ffc42a30000 - 0x00007ffc42a6a000 	C:\WINDOWS\SYSTEM32\IPHLPAPI.DLL
0x00007ffc464c0000 - 0x00007ffc464c8000 	C:\WINDOWS\System32\NSI.dll
0x00007ffc3f9a0000 - 0x00007ffc3f9b6000 	C:\WINDOWS\SYSTEM32\dhcpcsvc6.DLL
0x00007ffc3fcf0000 - 0x00007ffc3fd0c000 	C:\WINDOWS\SYSTEM32\dhcpcsvc.DLL
0x00007ffc42a70000 - 0x00007ffc42b3a000 	C:\WINDOWS\SYSTEM32\DNSAPI.dll
0x00007ffc3f810000 - 0x00007ffc3f887000 	C:\WINDOWS\System32\fwpuclnt.dll
0x00007ffc38260000 - 0x00007ffc3826a000 	C:\Windows\System32\rasadhlp.dll
0x00007ffc40f60000 - 0x00007ffc40f69000 	C:\Program Files\Java\jdk-12.0.2\bin\management.dll
0x00007ffc35bf0000 - 0x00007ffc35bfc000 	C:\Program Files\Java\jdk-12.0.2\bin\management_ext.dll

dbghelp: loaded successfully - version: 4.0.5 - missing functions: none
symbol engine: initialized successfully - sym options: 0x614 - pdb path: .;C:\Program Files\Java\jdk-12.0.2\bin;C:\WINDOWS\SYSTEM32;C:\WINDOWS\WinSxS\amd64_microsoft.windows.common-controls_6595b64144ccf1df_6.0.18362.267_none_e6c5adbd130e444d;C:\Program Files\Java\jdk-12.0.2\bin\server

VM Arguments:
jvm_args: -agentlib:jdwp=transport=dt_socket,address=127.0.0.1:61040,suspend=y,server=n -Des.http.port=9000 -Des.tcp.port=10000 -Dstore.path=S:\\es-server-1 -Djava.net.preferIPv4Stack=true -Djgroups.bind_addr=127.0.0.1 -javaagent:C:\Users\Josue\AppData\Local\JetBrains\Toolbox\apps\IDEA-U\ch-0\192.5728.98\plugins\java\lib\rt\debugger-agent.jar -Dfile.encoding=UTF-8 
java_command: io.joshworks.eventry.server.Server
java_class_path (initial): S:\Projects\fstore\es-server\target\classes;S:\Projects\fstore\event-store\target\classes;S:\Projects\fstore\logstore\target\classes;S:\Projects\fstore\codec\snappy-codec\target\classes;S:\maven-repository\org\xerial\snappy\snappy-java\1.1.7.1\snappy-java-1.1.7.1.jar;S:\Projects\fstore\codec\lz4-codec\target\classes;S:\maven-repository\org\lz4\lz4-java\1.5.1\lz4-java-1.5.1.jar;S:\maven-repository\org\jooq\jool\0.9.13\jool-0.9.13.jar;S:\Projects\fstore\serializer\kryo-serializer\target\classes;S:\maven-repository\com\esotericsoftware\kryo\4.0.1\kryo-4.0.1.jar;S:\maven-repository\com\esotericsoftware\reflectasm\1.11.3\reflectasm-1.11.3.jar;S:\maven-repository\org\ow2\asm\asm\5.0.4\asm-5.0.4.jar;S:\maven-repository\com\esotericsoftware\minlog\1.3.0\minlog-1.3.0.jar;S:\maven-repository\de\javakaffee\kryo-serializers\0.42\kryo-serializers-0.42.jar;S:\Projects\fstore\lsmtree\target\classes;S:\Projects\fstore\index\target\classes;S:\maven-repository\io\joshworks\unirest\unirest-java\1.8.0\unirest-java-1.8.0.jar;S:\maven-repository\org\apache\httpcomponents\httpclient\4.5.3\httpclient-4.5.3.jar;S:\maven-repository\org\apache\httpcomponents\httpcore\4.4.6\httpcore-4.4.6.jar;S:\maven-repository\commons-logging\commons-logging\1.2\commons-logging-1.2.jar;S:\maven-repository\commons-codec\commons-codec\1.9\commons-codec-1.9.jar;S:\maven-repository\org\apache\httpcomponents\httpasyncclient\4.1.3\httpasyncclient-4.1.3.jar;S:\maven-repository\org\apache\httpcomponents\httpcore-nio\4.4.6\httpcore-nio-4.4.6.jar;S:\maven-repository\org\apache\httpcomponents\httpmime\4.5.3\httpmime-4.5.3.jar;S:\Projects\fstore\networking\target\classes;S:\maven-repository\org\jgroups\jgroups\4.0.10.Final\jgroups-4.0.10.Final.jar;S:\maven-repository\org\slf4j\slf4j-api\1.7.25\slf4j-api-1.7.25.jar;S:\Projects\fstore\serializer\json-serializer\target\classes;S:\maven-repository\com\google\code\gson\gson\2.8.0\gson-2.8.0.jar;S:\Projects\fstore\serializer\standard-serializer\ta
Launcher Type: SUN_STANDARD

[Global flags]
     intx CICompilerCount                          = 12                                        {product} {ergonomic}
     uint ConcGCThreads                            = 3                                         {product} {ergonomic}
     uint G1ConcRefinementThreads                  = 13                                        {product} {ergonomic}
   size_t G1HeapRegionSize                         = 4194304                                   {product} {ergonomic}
    uintx GCDrainStackTargetSize                   = 64                                        {product} {ergonomic}
   size_t InitialHeapSize                          = 1073741824                                {product} {ergonomic}
   size_t MarkStackSize                            = 4194304                                   {product} {ergonomic}
   size_t MaxHeapSize                              = 17163091968                               {product} {ergonomic}
   size_t MaxNewSize                               = 10297016320                               {product} {ergonomic}
   size_t MinHeapDeltaBytes                        = 4194304                                   {product} {ergonomic}
    uintx NonNMethodCodeHeapSize                   = 7594288                                {pd product} {ergonomic}
    uintx NonProfiledCodeHeapSize                  = 122031976                              {pd product} {ergonomic}
    uintx ProfiledCodeHeapSize                     = 122031976                              {pd product} {ergonomic}
    uintx ReservedCodeCacheSize                    = 251658240                              {pd product} {ergonomic}
     bool SegmentedCodeCache                       = true                                      {product} {ergonomic}
     bool UseCompressedClassPointers               = true                                 {lp64_product} {ergonomic}
     bool UseCompressedOops                        = true                                 {lp64_product} {ergonomic}
     bool UseG1GC                                  = true                                      {product} {ergonomic}
     bool UseLargePagesIndividualAllocation        = false                                  {pd product} {ergonomic}

Logging:
Log output configuration:
 #0: stdout all=warning uptime,level,tags
 #1: stderr all=off uptime,level,tags

Environment Variables:
JAVA_HOME=C:\Program Files\Java\jdk-12.0.2
PATH=C:\Users\Josue\AppData\Local\JetBrains\Toolbox\apps\IDEA-U\ch-0\192.5728.98\jbr\\bin;C:\Users\Josue\AppData\Local\JetBrains\Toolbox\apps\IDEA-U\ch-0\192.5728.98\jbr\\bin\server;C:\WINDOWS\system32;C:\WINDOWS;C:\WINDOWS\System32\Wbem;C:\WINDOWS\System32\WindowsPowerShell\v1.0\;C:\WINDOWS\System32\OpenSSH\;C:\Program Files\Git\cmd;C:\Program Files\Java\jdk-12.0.2\bin;C:\Users\Josue\apache-maven-3.6.0\bin;C:\ProgramData\chocolatey\bin;C:\Users\Josue\gradle-5.2.1\bin;C:\Users\Josue\AppData\Local\Microsoft\WindowsApps;S:\Anaconda3\Scripts;S:\Anaconda3\Library;S:\Anaconda3\Library\bin;S:\Anaconda3\Library\mingw-w64\bin;
USERNAME=Josue
OS=Windows_NT
PROCESSOR_IDENTIFIER=AMD64 Family 23 Model 8 Stepping 2, AuthenticAMD



---------------  S Y S T E M  ---------------

OS: Windows 10 , 64 bit Build 18362 (10.0.18362.86)

CPU:total 16 (initial active 16) (16 cores per cpu, 2 threads per core) family 23 model 8 stepping 2, cmov, cx8, fxsr, mmx, sse, sse2, sse3, ssse3, sse4.1, sse4.2, popcnt, avx, avx2, aes, clmul, mmxext, 3dnowpref, lzcnt, sse4a, ht, tsc, tscinvbit, tscinv, bmi1, bmi2, adx, sha, fma

Memory: 4k page, system-wide physical 65456M (47049M free)
TotalPageFile size 75184M (AvailPageFile size 49794M)
current process WorkingSet (physical memory assigned to process): 161M, peak: 184M
current process commit charge ("private bytes"): 1206M, peak: 1236M

vm_info: Java HotSpot(TM) 64-Bit Server VM (12.0.2+10) for windows-amd64 JRE (12.0.2+10), built on Jul 16 2019 01:56:17 by "mach5one" with MS VC++ 15.5 (VS2017)

END.
