#
# A fatal error has been detected by the Java Runtime Environment:
#
#  EXCEPTION_ACCESS_VIOLATION (0xc0000005) at pc=0x00000240b9e1d70f, pid=17908, tid=20440
#
# JRE version: Java(TM) SE Runtime Environment (12.0.2+10) (build 12.0.2+10)
# Java VM: Java HotSpot(TM) 64-Bit Server VM (12.0.2+10, mixed mode, sharing, tiered, compressed oops, g1 gc, windows-amd64)
# Problematic frame:
# j  io.joshworks.fstore.es.shared.streams.StreamHasher.hash(Ljava/lang/String;)J+4
#
# No core dump will be written. Minidumps are not enabled by default on client versions of Windows
#
# If you would like to submit a bug report, please visit:
#   http://bugreport.java.com/bugreport/crash.jsp
#

---------------  S U M M A R Y ------------

Command Line: -agentlib:jdwp=transport=dt_socket,address=127.0.0.1:62083,suspend=y,server=n -Des.http.port=9000 -Des.tcp.port=10000 -Dstore.path=S:\\es-server-1 -Djava.net.preferIPv4Stack=true -Djgroups.bind_addr=127.0.0.1 -javaagent:C:\Users\Josue\AppData\Local\JetBrains\Toolbox\apps\IDEA-U\ch-0\192.5728.98\plugins\java\lib\rt\debugger-agent.jar -Dfile.encoding=UTF-8 io.joshworks.eventry.server.Server

Host: AMD Ryzen 7 2700X Eight-Core Processor         , 16 cores, 63G,  Windows 10 , 64 bit Build 18362 (10.0.18362.86)
Time: Sun Aug 11 18:57:07 2019 GMT Summer Time elapsed time: 50 seconds (0d 0h 0m 50s)

---------------  T H R E A D  ---------------

Current thread (0x00000240f669a000):  JavaThread "pool-3-thread-1" [_thread_in_Java, id=20440, stack(0x0000005c7cb00000,0x0000005c7cc00000)]

Stack: [0x0000005c7cb00000,0x0000005c7cc00000],  sp=0x0000005c7cbfe910,  free space=1018k
Native frames: (J=compiled Java code, j=interpreted, Vv=VM code, C=native code)
C  0x00000240b9e1d70f


siginfo: EXCEPTION_ACCESS_VIOLATION (0xc0000005), reading address 0x00000007fffffff8


Register to memory mapping:

RIP=0x00000240b9e1d70f is at code_begin+559 in an Interpreter codelet
invokevirtual  182 invokevirtual  [0x00000240b9e1d4e0, 0x00000240b9e1dae0]  1536 bytes
RAX=0x0000000000100000 is an unknown value
RBX={method} {0x000000080036fa38} 'getBytes' '(Ljava/nio/charset/Charset;)[B' in 'java/lang/String'
RCX=
[error occurred during error reporting (printing register info), id 0xc0000005, EXCEPTION_ACCESS_VIOLATION (0xc0000005) at pc=0x00007ffbdabd98df]

Registers:
RAX=0x0000000000100000, RBX=0x000000080036fa30, RCX=0x00000007fffffff8, RDX=0x0000000080500002
RSP=0x0000005c7cbfe910, RBP=0x0000005c7cbfe970, RSI=0x0000000000000009, RDI=0x00000008002db1f8
R8 =0x0000000000000004, R9 =0x000000043d83d880, R10=0x00007ffbdb3a1bc0, R11=0x0000005c7cbfe8e8
R12=0x0000000000000000, R13=0x00000240f38fe3ec, R14=0x0000005c7cbfe9a0, R15=0x00000240f669a000
RIP=0x00000240b9e1d70f, EFLAGS=0x0000000000010206

Top of Stack: (sp=0x0000005c7cbfe910)
0x0000005c7cbfe910:   00000240b9dfc4c8 000000043dc2bec0
0x0000005c7cbfe920:   00000007fffffff8 0000005c7cbfe928
0x0000005c7cbfe930:   00000240f38fe3ec 0000005c7cbfe9a0
0x0000005c7cbfe940:   00000240f38fe980 0000000000000000
0x0000005c7cbfe950:   000000043df90ff8 00000240f38fe450
0x0000005c7cbfe960:   0000000000000000 0000005c7cbfe9a0
0x0000005c7cbfe970:   0000005c7cbfe9f8 00000240b9dfbba1
0x0000005c7cbfe980:   0000000000000000 0000000000000000
0x0000005c7cbfe990:   0000000000000000 0000000000000000
0x0000005c7cbfe9a0:   00000007fffffff8 000000043dc01cd8
0x0000005c7cbfe9b0:   0000005c7cbfe9b0 00000240f3708612
0x0000005c7cbfe9c0:   0000005c7cbfea10 00000240f370bcb8
0x0000005c7cbfe9d0:   0000000000000000 000000043dc0c210
0x0000005c7cbfe9e0:   00000240f3708638 0000005c7cbfe9a0
0x0000005c7cbfe9f0:   0000005c7cbfea08 0000005c7cbfea60
0x0000005c7cbfea00:   00000240b9dfc4c8 00000007fffffff8 

Instructions: (pc=0x00000240b9e1d70f)
0x00000240b9e1d60f:   00 00 0f 84 1a 00 00 00 48 83 ec 08 49 ba b0 20
0x00000240b9e1d61f:   c7 da fb 7f 00 00 41 ff d2 48 83 c4 08 e9 0d 00
0x00000240b9e1d62f:   00 00 49 ba b0 20 c7 da fb 7f 00 00 41 ff d2 48
0x00000240b9e1d63f:   83 c4 20 ff e0 49 8b 8f 70 04 00 00 48 85 c9 0f
0x00000240b9e1d64f:   84 53 00 00 00 8b 49 74 83 f9 01 0f 85 47 00 00
0x00000240b9e1d65f:   00 49 8b 8f 70 04 00 00 8b 49 78 48 83 ec 20 f7
0x00000240b9e1d66f:   c4 0f 00 00 00 0f 84 1a 00 00 00 48 83 ec 08 49
0x00000240b9e1d67f:   ba a0 20 c7 da fb 7f 00 00 41 ff d2 48 83 c4 08
0x00000240b9e1d68f:   e9 0d 00 00 00 49 ba a0 20 c7 da fb 7f 00 00 41
0x00000240b9e1d69f:   ff d2 48 83 c4 20 ff e0 49 81 7f 08 00 00 00 00
0x00000240b9e1d6af:   0f 84 05 00 00 00 e9 c6 32 fd ff 4c 8b 6d c0 4c
0x00000240b9e1d6bf:   8b 75 c8 c3 41 0f b7 55 01 48 8b 4d d0 c1 e2 02
0x00000240b9e1d6cf:   48 8b 5c d1 30 8b 54 d1 38 8b ca 81 e1 ff 00 00
0x00000240b9e1d6df:   00 48 8b 4c cc f8 44 8b ea c1 ea 1c 49 ba c0 1b
0x00000240b9e1d6ef:   3a db fb 7f 00 00 49 8b 14 d2 52 41 8b d5 4c 8b
0x00000240b9e1d6ff:   6d c0 8b c2 81 e0 00 00 10 00 0f 84 97 01 00 00
0x00000240b9e1d70f:   48 3b 01 48 8b 45 d8 48 85 c0 0f 84 12 00 00 00
0x00000240b9e1d71f:   48 83 40 08 01 48 83 58 08 00 48 83 c0 38 48 89
0x00000240b9e1d72f:   45 d8 48 8b 45 d8 48 85 c0 0f 84 4f 01 00 00 80
0x00000240b9e1d73f:   78 c8 0b 0f 85 45 01 00 00 48 83 c0 08 4c 8b 68
0x00000240b9e1d74f:   f8 41 83 ed 00 41 83 fd 02 0f 8c 24 01 00 00 4c
0x00000240b9e1d75f:   8b 6b 08 45 0f b7 6d 34 4c 2b 28 41 83 ed 01 4e
0x00000240b9e1d76f:   8b 6c ec 08 4d 85 ed 75 0a 48 81 48 08 01 00 00
0x00000240b9e1d77f:   00 eb 5d 45 8b 6d 08 49 c1 e5 03 49 bc 00 00 00
0x00000240b9e1d78f:   00 08 00 00 00 4d 03 ec 4d 33 e4 4c 33 68 08 49
0x00000240b9e1d79f:   f7 c5 fc ff ff ff 74 38 49 f7 c5 02 00 00 00 75
0x00000240b9e1d7af:   2f 48 81 78 08 00 00 00 00 74 21 48 81 78 08 01
0x00000240b9e1d7bf:   00 00 00 74 17 4c 33 68 08 49 f7 c5 fc ff ff ff
0x00000240b9e1d7cf:   74 0e 48 81 48 08 02 00 00 00 eb 04 4c 89 68 08
0x00000240b9e1d7df:   48 83 c0 10 4c 8b 68 e8 41 83 ed 02 41 83 fd 02
0x00000240b9e1d7ef:   0f 8c 8d 00 00 00 4c 8b 6b 08 45 0f b7 6d 34 4c
0x00000240b9e1d7ff:   2b 28 41 83 ed 01 4e 8b 6c ec 08 4d 85 ed 75 0a 


Stack slot to memory mapping:
stack at sp + 0 slots: 0x00000240b9dfc4c8 is at code_begin+6248 in an Interpreter codelet
invoke return entry points  [0x00000240b9dfac60, 0x00000240b9dfcce0]  8320 bytes
stack at sp + 1 slots: 0x000000043dc2bec0 points into unknown readable memory: 09 00 00 00 00 00 00 00
stack at sp + 2 slots: 
[error occurred during error reporting (inspecting top of stack), id 0xc0000005, EXCEPTION_ACCESS_VIOLATION (0xc0000005) at pc=0x00007ffbdabd98df]

invokevirtual  182 invokevirtual  [0x00000240b9e1d4e0, 0x00000240b9e1dae0]  1536 bytes

---------------  P R O C E S S  ---------------

Threads class SMR info:
_java_thread_list=0x00000240f3de0420, length=48, elements={
0x00000240f3009800, 0x00000240f300e000, 0x00000240f3023000, 0x00000240f3025000,
0x00000240f3027800, 0x00000240f302b800, 0x00000240f3043000, 0x00000240f3183000,
0x00000240f3bbf800, 0x00000240f3bee800, 0x00000240f3dde000, 0x00000240f4b00000,
0x00000240f5e9b800, 0x00000240f50ba800, 0x00000240f5a38800, 0x00000240f4d2c800,
0x00000240f55f1000, 0x00000240f4d0f800, 0x00000240f4d26800, 0x00000240f4d2a000,
0x00000240f4d14800, 0x00000240f4d15800, 0x00000240f4d16000, 0x00000240f4d18800,
0x00000240f4d14000, 0x00000240f4d1a800, 0x00000240f4d17000, 0x00000240f4d18000,
0x00000240f4d19800, 0x00000240f668c000, 0x00000240f6692000, 0x00000240f668e800,
0x00000240f6691000, 0x00000240f668d000, 0x00000240f6692800, 0x00000240f668d800,
0x00000240f6690000, 0x00000240f6694000, 0x00000240f6693800, 0x00000240f6695000,
0x00000240f668f800, 0x00000240f6698800, 0x00000240f6699000, 0x00000240f6696000,
0x00000240f6697800, 0x00000240f6696800, 0x00000240f669a000, 0x00000240f669b000
}

Java Threads: ( => current thread )
  0x00000240f3009800 JavaThread "Reference Handler" daemon [_thread_blocked, id=19908, stack(0x0000005c78c00000,0x0000005c78d00000)]
  0x00000240f300e000 JavaThread "Finalizer" daemon [_thread_blocked, id=520, stack(0x0000005c78d00000,0x0000005c78e00000)]
  0x00000240f3023000 JavaThread "Signal Dispatcher" daemon [_thread_blocked, id=20092, stack(0x0000005c78e00000,0x0000005c78f00000)]
  0x00000240f3025000 JavaThread "Attach Listener" daemon [_thread_blocked, id=8656, stack(0x0000005c78f00000,0x0000005c79000000)]
  0x00000240f3027800 JavaThread "C2 CompilerThread0" daemon [_thread_blocked, id=6288, stack(0x0000005c79000000,0x0000005c79100000)]
  0x00000240f302b800 JavaThread "C1 CompilerThread0" daemon [_thread_blocked, id=18792, stack(0x0000005c79100000,0x0000005c79200000)]
  0x00000240f3043000 JavaThread "Sweeper thread" daemon [_thread_blocked, id=15228, stack(0x0000005c79200000,0x0000005c79300000)]
  0x00000240f3183000 JavaThread "Common-Cleaner" daemon [_thread_blocked, id=2528, stack(0x0000005c79300000,0x0000005c79400000)]
  0x00000240f3bbf800 JavaThread "JDWP Transport Listener: dt_socket" daemon [_thread_in_vm, id=11928, stack(0x0000005c79600000,0x0000005c79700000)]
  0x00000240f3bee800 JavaThread "JDWP Event Helper Thread" daemon [_thread_blocked, id=3208, stack(0x0000005c79700000,0x0000005c79800000)]
  0x00000240f3dde000 JavaThread "Service Thread" daemon [_thread_blocked, id=7536, stack(0x0000005c79900000,0x0000005c79a00000)]
  0x00000240f4b00000 JavaThread "compaction-coordinator" [_thread_blocked, id=16116, stack(0x0000005c79c00000,0x0000005c79d00000)]
  0x00000240f5e9b800 JavaThread "compaction-coordinator" [_thread_blocked, id=9152, stack(0x0000005c79d00000,0x0000005c79e00000)]
  0x00000240f50ba800 JavaThread "compaction-coordinator" [_thread_blocked, id=20488, stack(0x0000005c79e00000,0x0000005c79f00000)]
  0x00000240f5a38800 JavaThread "event-writer" [_thread_blocked, id=15432, stack(0x0000005c79f00000,0x0000005c7a000000)]
  0x00000240f4d2c800 JavaThread "Timer runner-1,es-cluster,bb486a42" [_thread_in_vm, id=7516, stack(0x0000005c7ad00000,0x0000005c7ae00000)]
  0x00000240f55f1000 JavaThread "pool-2-thread-1" [_thread_blocked, id=17976, stack(0x0000005c7ae00000,0x0000005c7af00000)]
  0x00000240f4d0f800 JavaThread "pool-2-thread-1- Task Runner" [_thread_blocked, id=13044, stack(0x0000005c7af00000,0x0000005c7b000000)]
  0x00000240f4d26800 JavaThread "DiagHandler-6,es-cluster,bb486a42" daemon [_thread_in_native, id=18272, stack(0x0000005c7b000000,0x0000005c7b100000)]
  0x00000240f4d2a000 JavaThread "TQ-Bundler-7,es-cluster,bb486a42" [_thread_blocked, id=15144, stack(0x0000005c7b100000,0x0000005c7b200000)]
  0x00000240f4d14800 JavaThread "NioServer.Selector [/127.0.0.1:7800]-3,es-cluster,bb486a42" [_thread_in_native, id=15420, stack(0x0000005c79500000,0x0000005c79600000)]
  0x00000240f4d15800 JavaThread "FD_SOCK acceptor-8,es-cluster,bb486a42" daemon [_thread_in_native, id=18096, stack(0x0000005c79b00000,0x0000005c79c00000)]
  0x00000240f4d16000 JavaThread "jgroups-9,es-cluster,bb486a42" [_thread_in_vm, id=7296, stack(0x0000005c7b200000,0x0000005c7b300000)]
  0x00000240f4d18800 JavaThread "subscription-worker-0" [_thread_blocked, id=12880, stack(0x0000005c7a000000,0x0000005c7a100000)]
  0x00000240f4d14000 JavaThread "subscription-worker-1" [_thread_blocked, id=6792, stack(0x0000005c7b400000,0x0000005c7b500000)]
  0x00000240f4d1a800 JavaThread "subscription-worker-2" [_thread_blocked, id=10536, stack(0x0000005c7b500000,0x0000005c7b600000)]
  0x00000240f4d17000 JavaThread "Server" [_thread_blocked, id=16212, stack(0x0000005c7b600000,0x0000005c7b700000)]
  0x00000240f4d18000 JavaThread "snappy-worker I/O-1" [_thread_blocked, id=14812, stack(0x0000005c7b800000,0x0000005c7b900000)]
  0x00000240f4d19800 JavaThread "snappy-worker I/O-2" [_thread_in_native, id=19684, stack(0x0000005c7b900000,0x0000005c7ba00000)]
  0x00000240f668c000 JavaThread "snappy-worker I/O-3" [_thread_in_native, id=19328, stack(0x0000005c7ba00000,0x0000005c7bb00000)]
  0x00000240f6692000 JavaThread "snappy-worker I/O-4" [_thread_in_native, id=21172, stack(0x0000005c7bb00000,0x0000005c7bc00000)]
  0x00000240f668e800 JavaThread "snappy-worker I/O-5" [_thread_in_native, id=492, stack(0x0000005c7bc00000,0x0000005c7bd00000)]
  0x00000240f6691000 JavaThread "snappy-worker I/O-6" [_thread_in_native, id=10620, stack(0x0000005c7bd00000,0x0000005c7be00000)]
  0x00000240f668d000 JavaThread "snappy-worker I/O-7" [_thread_in_native, id=1984, stack(0x0000005c7be00000,0x0000005c7bf00000)]
  0x00000240f6692800 JavaThread "snappy-worker I/O-8" [_thread_in_native, id=11416, stack(0x0000005c7bf00000,0x0000005c7c000000)]
  0x00000240f668d800 JavaThread "snappy-worker I/O-9" [_thread_in_native, id=10004, stack(0x0000005c7c000000,0x0000005c7c100000)]
  0x00000240f6690000 JavaThread "snappy-worker I/O-10" [_thread_in_native, id=9128, stack(0x0000005c7c100000,0x0000005c7c200000)]
  0x00000240f6694000 JavaThread "snappy-worker I/O-11" [_thread_in_native, id=15324, stack(0x0000005c7c200000,0x0000005c7c300000)]
  0x00000240f6693800 JavaThread "snappy-worker I/O-12" [_thread_in_native, id=16492, stack(0x0000005c7c300000,0x0000005c7c400000)]
  0x00000240f6695000 JavaThread "snappy-worker I/O-13" [_thread_blocked, id=15824, stack(0x0000005c7c400000,0x0000005c7c500000)]
  0x00000240f668f800 JavaThread "snappy-worker I/O-14" [_thread_in_native, id=15416, stack(0x0000005c7c500000,0x0000005c7c600000)]
  0x00000240f6698800 JavaThread "snappy-worker I/O-15" [_thread_in_native, id=2172, stack(0x0000005c7c600000,0x0000005c7c700000)]
  0x00000240f6699000 JavaThread "snappy-worker I/O-16" [_thread_in_native, id=20916, stack(0x0000005c7c700000,0x0000005c7c800000)]
  0x00000240f6696000 JavaThread "snappy-worker Accept" [_thread_in_native, id=8180, stack(0x0000005c7c800000,0x0000005c7c900000)]
  0x00000240f6697800 JavaThread "DestroyJavaVM" [_thread_blocked, id=17320, stack(0x0000005c78500000,0x0000005c78600000)]
  0x00000240f6696800 JavaThread "snappy-worker task-1" [_thread_blocked, id=12976, stack(0x0000005c7b700000,0x0000005c7b800000)]
=>0x00000240f669a000 JavaThread "pool-3-thread-1" [_thread_in_Java, id=20440, stack(0x0000005c7cb00000,0x0000005c7cc00000)]
  0x00000240f669b000 JavaThread "snappy-worker task-2" [_thread_blocked, id=17196, stack(0x0000005c7cc00000,0x0000005c7cd00000)]

Other Threads:
  0x00000240f00be000 VMThread "VM Thread" [stack: 0x0000005c78b00000,0x0000005c78c00000] [id=16560] _threads_hazard_ptr=0x00000240f3de0420
  0x00000240f3ddf000 WatcherThread [stack: 0x0000005c79a00000,0x0000005c79b00000] [id=17564]
  0x00000240b02e4800 GCTaskThread "GC Thread#0" [stack: 0x0000005c78600000,0x0000005c78700000] [id=1632]
  0x00000240f4c93000 GCTaskThread "GC Thread#1" [stack: 0x0000005c7a100000,0x0000005c7a200000] [id=17092]
  0x00000240f486c800 GCTaskThread "GC Thread#2" [stack: 0x0000005c7a200000,0x0000005c7a300000] [id=10264]
  0x00000240f4819800 GCTaskThread "GC Thread#3" [stack: 0x0000005c7a300000,0x0000005c7a400000] [id=19440]
  0x00000240f481a000 GCTaskThread "GC Thread#4" [stack: 0x0000005c7a400000,0x0000005c7a500000] [id=20560]
  0x00000240f481a800 GCTaskThread "GC Thread#5" [stack: 0x0000005c7a500000,0x0000005c7a600000] [id=7428]
  0x00000240f52ff000 GCTaskThread "GC Thread#6" [stack: 0x0000005c7a600000,0x0000005c7a700000] [id=20308]
  0x00000240f5301800 GCTaskThread "GC Thread#7" [stack: 0x0000005c7a700000,0x0000005c7a800000] [id=19216]
  0x00000240f5302000 GCTaskThread "GC Thread#8" [stack: 0x0000005c7a800000,0x0000005c7a900000] [id=18748]
  0x00000240f5303000 GCTaskThread "GC Thread#9" [stack: 0x0000005c7a900000,0x0000005c7aa00000] [id=16716]
  0x00000240f5303800 GCTaskThread "GC Thread#10" [stack: 0x0000005c7aa00000,0x0000005c7ab00000] [id=20892]
  0x00000240f5304800 GCTaskThread "GC Thread#11" [stack: 0x0000005c7ab00000,0x0000005c7ac00000] [id=5952]
  0x00000240f53bf800 GCTaskThread "GC Thread#12" [stack: 0x0000005c7ac00000,0x0000005c7ad00000] [id=10340]
  0x00000240efed0800 ConcurrentGCThread "G1 Main Marker" [stack: 0x0000005c78700000,0x0000005c78800000] [id=14852]
  0x00000240efed3000 ConcurrentGCThread "G1 Conc#0" [stack: 0x0000005c78800000,0x0000005c78900000] [id=10348]
  0x00000240f00a2000 ConcurrentGCThread "G1 Refine#0" [stack: 0x0000005c78900000,0x0000005c78a00000] [id=12512]
  0x00000240f00a3000 ConcurrentGCThread "G1 Young RemSet Sampling" [stack: 0x0000005c78a00000,0x0000005c78b00000] [id=16596]

Threads with active compile tasks:

VM state:synchronizing (normal execution)

VM Mutex/Monitor currently owned by a thread:  ([mutex/lock_event])
[0x00000240b021baf0] Safepoint_lock - owner thread: 0x00000240f00be000
[0x00000240b021b820] Threads_lock - owner thread: 0x00000240f00be000

Heap address: 0x0000000401000000, size: 16368 MB, Compressed Oops mode: Zero based, Oop shift amount: 3
Narrow klass base: 0x0000000800000000, Narrow klass shift: 3
Compressed class space size: 1073741824 Address: 0x0000000801190000

Heap:
 garbage-first heap   total 1048576K, used 119159K [0x0000000401000000, 0x0000000800000000)
  region size 4096K, 27 young (110592K), 2 survivors (8192K)
 Metaspace       used 18111K, capacity 18873K, committed 19072K, reserved 1067008K
  class space    used 2066K, capacity 2358K, committed 2432K, reserved 1048576K
Heap Regions: E=young(eden), S=young(survivor), O=old, HS=humongous(starts), HC=humongous(continues), CS=collection set, F=free, A=archive, TAMS=top-at-mark-start (previous, next)
|   0|0x0000000401000000, 0x0000000401400000, 0x0000000401400000|100%|HS|  |TAMS 0x0000000401000000, 0x0000000401000000| Complete 
|   1|0x0000000401400000, 0x0000000401800000, 0x0000000401800000|100%|HS|  |TAMS 0x0000000401400000, 0x0000000401400000| Complete 
|   2|0x0000000401800000, 0x0000000401c00000, 0x0000000401c00000|100%|HS|  |TAMS 0x0000000401800000, 0x0000000401800000| Complete 
|   3|0x0000000401c00000, 0x0000000402000000, 0x0000000402000000|100%|HS|  |TAMS 0x0000000401c00000, 0x0000000401c00000| Complete 
|   4|0x0000000402000000, 0x0000000402000000, 0x0000000402400000|  0%| F|  |TAMS 0x0000000402000000, 0x0000000402000000| Untracked 
|   5|0x0000000402400000, 0x0000000402400000, 0x0000000402800000|  0%| F|  |TAMS 0x0000000402400000, 0x0000000402400000| Untracked 
|   6|0x0000000402800000, 0x0000000402800000, 0x0000000402c00000|  0%| F|  |TAMS 0x0000000402800000, 0x0000000402800000| Untracked 
|   7|0x0000000402c00000, 0x0000000402c00000, 0x0000000403000000|  0%| F|  |TAMS 0x0000000402c00000, 0x0000000402c00000| Untracked 
|   8|0x0000000403000000, 0x0000000403000000, 0x0000000403400000|  0%| F|  |TAMS 0x0000000403000000, 0x0000000403000000| Untracked 
|   9|0x0000000403400000, 0x0000000403400000, 0x0000000403800000|  0%| F|  |TAMS 0x0000000403400000, 0x0000000403400000| Untracked 
|  10|0x0000000403800000, 0x0000000403800000, 0x0000000403c00000|  0%| F|  |TAMS 0x0000000403800000, 0x0000000403800000| Untracked 
|  11|0x0000000403c00000, 0x0000000403c00000, 0x0000000404000000|  0%| F|  |TAMS 0x0000000403c00000, 0x0000000403c00000| Untracked 
|  12|0x0000000404000000, 0x0000000404000000, 0x0000000404400000|  0%| F|  |TAMS 0x0000000404000000, 0x0000000404000000| Untracked 
|  13|0x0000000404400000, 0x0000000404400000, 0x0000000404800000|  0%| F|  |TAMS 0x0000000404400000, 0x0000000404400000| Untracked 
|  14|0x0000000404800000, 0x0000000404800000, 0x0000000404c00000|  0%| F|  |TAMS 0x0000000404800000, 0x0000000404800000| Untracked 
|  15|0x0000000404c00000, 0x0000000404c00000, 0x0000000405000000|  0%| F|  |TAMS 0x0000000404c00000, 0x0000000404c00000| Untracked 
|  16|0x0000000405000000, 0x0000000405000000, 0x0000000405400000|  0%| F|  |TAMS 0x0000000405000000, 0x0000000405000000| Untracked 
|  17|0x0000000405400000, 0x0000000405400000, 0x0000000405800000|  0%| F|  |TAMS 0x0000000405400000, 0x0000000405400000| Untracked 
|  18|0x0000000405800000, 0x0000000405800000, 0x0000000405c00000|  0%| F|  |TAMS 0x0000000405800000, 0x0000000405800000| Untracked 
|  19|0x0000000405c00000, 0x0000000405c00000, 0x0000000406000000|  0%| F|  |TAMS 0x0000000405c00000, 0x0000000405c00000| Untracked 
|  20|0x0000000406000000, 0x0000000406000000, 0x0000000406400000|  0%| F|  |TAMS 0x0000000406000000, 0x0000000406000000| Untracked 
|  21|0x0000000406400000, 0x0000000406400000, 0x0000000406800000|  0%| F|  |TAMS 0x0000000406400000, 0x0000000406400000| Untracked 
|  22|0x0000000406800000, 0x0000000406800000, 0x0000000406c00000|  0%| F|  |TAMS 0x0000000406800000, 0x0000000406800000| Untracked 
|  23|0x0000000406c00000, 0x0000000406c00000, 0x0000000407000000|  0%| F|  |TAMS 0x0000000406c00000, 0x0000000406c00000| Untracked 
|  24|0x0000000407000000, 0x0000000407000000, 0x0000000407400000|  0%| F|  |TAMS 0x0000000407000000, 0x0000000407000000| Untracked 
|  25|0x0000000407400000, 0x0000000407400000, 0x0000000407800000|  0%| F|  |TAMS 0x0000000407400000, 0x0000000407400000| Untracked 
|  26|0x0000000407800000, 0x0000000407800000, 0x0000000407c00000|  0%| F|  |TAMS 0x0000000407800000, 0x0000000407800000| Untracked 
|  27|0x0000000407c00000, 0x0000000407c00000, 0x0000000408000000|  0%| F|  |TAMS 0x0000000407c00000, 0x0000000407c00000| Untracked 
|  28|0x0000000408000000, 0x0000000408000000, 0x0000000408400000|  0%| F|  |TAMS 0x0000000408000000, 0x0000000408000000| Untracked 
|  29|0x0000000408400000, 0x0000000408400000, 0x0000000408800000|  0%| F|  |TAMS 0x0000000408400000, 0x0000000408400000| Untracked 
|  30|0x0000000408800000, 0x0000000408800000, 0x0000000408c00000|  0%| F|  |TAMS 0x0000000408800000, 0x0000000408800000| Untracked 
|  31|0x0000000408c00000, 0x0000000408c00000, 0x0000000409000000|  0%| F|  |TAMS 0x0000000408c00000, 0x0000000408c00000| Untracked 
|  32|0x0000000409000000, 0x0000000409000000, 0x0000000409400000|  0%| F|  |TAMS 0x0000000409000000, 0x0000000409000000| Untracked 
|  33|0x0000000409400000, 0x0000000409400000, 0x0000000409800000|  0%| F|  |TAMS 0x0000000409400000, 0x0000000409400000| Untracked 
|  34|0x0000000409800000, 0x0000000409800000, 0x0000000409c00000|  0%| F|  |TAMS 0x0000000409800000, 0x0000000409800000| Untracked 
|  35|0x0000000409c00000, 0x0000000409c00000, 0x000000040a000000|  0%| F|  |TAMS 0x0000000409c00000, 0x0000000409c00000| Untracked 
|  36|0x000000040a000000, 0x000000040a000000, 0x000000040a400000|  0%| F|  |TAMS 0x000000040a000000, 0x000000040a000000| Untracked 
|  37|0x000000040a400000, 0x000000040a400000, 0x000000040a800000|  0%| F|  |TAMS 0x000000040a400000, 0x000000040a400000| Untracked 
|  38|0x000000040a800000, 0x000000040a800000, 0x000000040ac00000|  0%| F|  |TAMS 0x000000040a800000, 0x000000040a800000| Untracked 
|  39|0x000000040ac00000, 0x000000040ac00000, 0x000000040b000000|  0%| F|  |TAMS 0x000000040ac00000, 0x000000040ac00000| Untracked 
|  40|0x000000040b000000, 0x000000040b000000, 0x000000040b400000|  0%| F|  |TAMS 0x000000040b000000, 0x000000040b000000| Untracked 
|  41|0x000000040b400000, 0x000000040b400000, 0x000000040b800000|  0%| F|  |TAMS 0x000000040b400000, 0x000000040b400000| Untracked 
|  42|0x000000040b800000, 0x000000040b800000, 0x000000040bc00000|  0%| F|  |TAMS 0x000000040b800000, 0x000000040b800000| Untracked 
|  43|0x000000040bc00000, 0x000000040bc00000, 0x000000040c000000|  0%| F|  |TAMS 0x000000040bc00000, 0x000000040bc00000| Untracked 
|  44|0x000000040c000000, 0x000000040c000000, 0x000000040c400000|  0%| F|  |TAMS 0x000000040c000000, 0x000000040c000000| Untracked 
|  45|0x000000040c400000, 0x000000040c400000, 0x000000040c800000|  0%| F|  |TAMS 0x000000040c400000, 0x000000040c400000| Untracked 
|  46|0x000000040c800000, 0x000000040c800000, 0x000000040cc00000|  0%| F|  |TAMS 0x000000040c800000, 0x000000040c800000| Untracked 
|  47|0x000000040cc00000, 0x000000040cc00000, 0x000000040d000000|  0%| F|  |TAMS 0x000000040cc00000, 0x000000040cc00000| Untracked 
|  48|0x000000040d000000, 0x000000040d000000, 0x000000040d400000|  0%| F|  |TAMS 0x000000040d000000, 0x000000040d000000| Untracked 
|  49|0x000000040d400000, 0x000000040d400000, 0x000000040d800000|  0%| F|  |TAMS 0x000000040d400000, 0x000000040d400000| Untracked 
|  50|0x000000040d800000, 0x000000040d800000, 0x000000040dc00000|  0%| F|  |TAMS 0x000000040d800000, 0x000000040d800000| Untracked 
|  51|0x000000040dc00000, 0x000000040dc00000, 0x000000040e000000|  0%| F|  |TAMS 0x000000040dc00000, 0x000000040dc00000| Untracked 
|  52|0x000000040e000000, 0x000000040e000000, 0x000000040e400000|  0%| F|  |TAMS 0x000000040e000000, 0x000000040e000000| Untracked 
|  53|0x000000040e400000, 0x000000040e400000, 0x000000040e800000|  0%| F|  |TAMS 0x000000040e400000, 0x000000040e400000| Untracked 
|  54|0x000000040e800000, 0x000000040e800000, 0x000000040ec00000|  0%| F|  |TAMS 0x000000040e800000, 0x000000040e800000| Untracked 
|  55|0x000000040ec00000, 0x000000040ec00000, 0x000000040f000000|  0%| F|  |TAMS 0x000000040ec00000, 0x000000040ec00000| Untracked 
|  56|0x000000040f000000, 0x000000040f000000, 0x000000040f400000|  0%| F|  |TAMS 0x000000040f000000, 0x000000040f000000| Untracked 
|  57|0x000000040f400000, 0x000000040f400000, 0x000000040f800000|  0%| F|  |TAMS 0x000000040f400000, 0x000000040f400000| Untracked 
|  58|0x000000040f800000, 0x000000040f800000, 0x000000040fc00000|  0%| F|  |TAMS 0x000000040f800000, 0x000000040f800000| Untracked 
|  59|0x000000040fc00000, 0x000000040fc00000, 0x0000000410000000|  0%| F|  |TAMS 0x000000040fc00000, 0x000000040fc00000| Untracked 
|  60|0x0000000410000000, 0x0000000410000000, 0x0000000410400000|  0%| F|  |TAMS 0x0000000410000000, 0x0000000410000000| Untracked 
|  61|0x0000000410400000, 0x0000000410400000, 0x0000000410800000|  0%| F|  |TAMS 0x0000000410400000, 0x0000000410400000| Untracked 
|  62|0x0000000410800000, 0x0000000410800000, 0x0000000410c00000|  0%| F|  |TAMS 0x0000000410800000, 0x0000000410800000| Untracked 
|  63|0x0000000410c00000, 0x0000000410c00000, 0x0000000411000000|  0%| F|  |TAMS 0x0000000410c00000, 0x0000000410c00000| Untracked 
|  64|0x0000000411000000, 0x0000000411000000, 0x0000000411400000|  0%| F|  |TAMS 0x0000000411000000, 0x0000000411000000| Untracked 
|  65|0x0000000411400000, 0x0000000411400000, 0x0000000411800000|  0%| F|  |TAMS 0x0000000411400000, 0x0000000411400000| Untracked 
|  66|0x0000000411800000, 0x0000000411800000, 0x0000000411c00000|  0%| F|  |TAMS 0x0000000411800000, 0x0000000411800000| Untracked 
|  67|0x0000000411c00000, 0x0000000411c00000, 0x0000000412000000|  0%| F|  |TAMS 0x0000000411c00000, 0x0000000411c00000| Untracked 
|  68|0x0000000412000000, 0x0000000412000000, 0x0000000412400000|  0%| F|  |TAMS 0x0000000412000000, 0x0000000412000000| Untracked 
|  69|0x0000000412400000, 0x0000000412400000, 0x0000000412800000|  0%| F|  |TAMS 0x0000000412400000, 0x0000000412400000| Untracked 
|  70|0x0000000412800000, 0x0000000412800000, 0x0000000412c00000|  0%| F|  |TAMS 0x0000000412800000, 0x0000000412800000| Untracked 
|  71|0x0000000412c00000, 0x0000000412c00000, 0x0000000413000000|  0%| F|  |TAMS 0x0000000412c00000, 0x0000000412c00000| Untracked 
|  72|0x0000000413000000, 0x0000000413000000, 0x0000000413400000|  0%| F|  |TAMS 0x0000000413000000, 0x0000000413000000| Untracked 
|  73|0x0000000413400000, 0x0000000413400000, 0x0000000413800000|  0%| F|  |TAMS 0x0000000413400000, 0x0000000413400000| Untracked 
|  74|0x0000000413800000, 0x0000000413800000, 0x0000000413c00000|  0%| F|  |TAMS 0x0000000413800000, 0x0000000413800000| Untracked 
|  75|0x0000000413c00000, 0x0000000413c00000, 0x0000000414000000|  0%| F|  |TAMS 0x0000000413c00000, 0x0000000413c00000| Untracked 
|  76|0x0000000414000000, 0x0000000414000000, 0x0000000414400000|  0%| F|  |TAMS 0x0000000414000000, 0x0000000414000000| Untracked 
|  77|0x0000000414400000, 0x0000000414400000, 0x0000000414800000|  0%| F|  |TAMS 0x0000000414400000, 0x0000000414400000| Untracked 
|  78|0x0000000414800000, 0x0000000414800000, 0x0000000414c00000|  0%| F|  |TAMS 0x0000000414800000, 0x0000000414800000| Untracked 
|  79|0x0000000414c00000, 0x0000000414c00000, 0x0000000415000000|  0%| F|  |TAMS 0x0000000414c00000, 0x0000000414c00000| Untracked 
|  80|0x0000000415000000, 0x0000000415000000, 0x0000000415400000|  0%| F|  |TAMS 0x0000000415000000, 0x0000000415000000| Untracked 
|  81|0x0000000415400000, 0x0000000415400000, 0x0000000415800000|  0%| F|  |TAMS 0x0000000415400000, 0x0000000415400000| Untracked 
|  82|0x0000000415800000, 0x0000000415800000, 0x0000000415c00000|  0%| F|  |TAMS 0x0000000415800000, 0x0000000415800000| Untracked 
|  83|0x0000000415c00000, 0x0000000415c00000, 0x0000000416000000|  0%| F|  |TAMS 0x0000000415c00000, 0x0000000415c00000| Untracked 
|  84|0x0000000416000000, 0x0000000416000000, 0x0000000416400000|  0%| F|  |TAMS 0x0000000416000000, 0x0000000416000000| Untracked 
|  85|0x0000000416400000, 0x0000000416400000, 0x0000000416800000|  0%| F|  |TAMS 0x0000000416400000, 0x0000000416400000| Untracked 
|  86|0x0000000416800000, 0x0000000416800000, 0x0000000416c00000|  0%| F|  |TAMS 0x0000000416800000, 0x0000000416800000| Untracked 
|  87|0x0000000416c00000, 0x0000000416c00000, 0x0000000417000000|  0%| F|  |TAMS 0x0000000416c00000, 0x0000000416c00000| Untracked 
|  88|0x0000000417000000, 0x0000000417000000, 0x0000000417400000|  0%| F|  |TAMS 0x0000000417000000, 0x0000000417000000| Untracked 
|  89|0x0000000417400000, 0x0000000417400000, 0x0000000417800000|  0%| F|  |TAMS 0x0000000417400000, 0x0000000417400000| Untracked 
|  90|0x0000000417800000, 0x0000000417800000, 0x0000000417c00000|  0%| F|  |TAMS 0x0000000417800000, 0x0000000417800000| Untracked 
|  91|0x0000000417c00000, 0x0000000417c00000, 0x0000000418000000|  0%| F|  |TAMS 0x0000000417c00000, 0x0000000417c00000| Untracked 
|  92|0x0000000418000000, 0x0000000418000000, 0x0000000418400000|  0%| F|  |TAMS 0x0000000418000000, 0x0000000418000000| Untracked 
|  93|0x0000000418400000, 0x0000000418400000, 0x0000000418800000|  0%| F|  |TAMS 0x0000000418400000, 0x0000000418400000| Untracked 
|  94|0x0000000418800000, 0x0000000418800000, 0x0000000418c00000|  0%| F|  |TAMS 0x0000000418800000, 0x0000000418800000| Untracked 
|  95|0x0000000418c00000, 0x0000000418c00000, 0x0000000419000000|  0%| F|  |TAMS 0x0000000418c00000, 0x0000000418c00000| Untracked 
|  96|0x0000000419000000, 0x0000000419000000, 0x0000000419400000|  0%| F|  |TAMS 0x0000000419000000, 0x0000000419000000| Untracked 
|  97|0x0000000419400000, 0x0000000419400000, 0x0000000419800000|  0%| F|  |TAMS 0x0000000419400000, 0x0000000419400000| Untracked 
|  98|0x0000000419800000, 0x0000000419800000, 0x0000000419c00000|  0%| F|  |TAMS 0x0000000419800000, 0x0000000419800000| Untracked 
|  99|0x0000000419c00000, 0x0000000419c00000, 0x000000041a000000|  0%| F|  |TAMS 0x0000000419c00000, 0x0000000419c00000| Untracked 
| 100|0x000000041a000000, 0x000000041a000000, 0x000000041a400000|  0%| F|  |TAMS 0x000000041a000000, 0x000000041a000000| Untracked 
| 101|0x000000041a400000, 0x000000041a400000, 0x000000041a800000|  0%| F|  |TAMS 0x000000041a400000, 0x000000041a400000| Untracked 
| 102|0x000000041a800000, 0x000000041a800000, 0x000000041ac00000|  0%| F|  |TAMS 0x000000041a800000, 0x000000041a800000| Untracked 
| 103|0x000000041ac00000, 0x000000041ac00000, 0x000000041b000000|  0%| F|  |TAMS 0x000000041ac00000, 0x000000041ac00000| Untracked 
| 104|0x000000041b000000, 0x000000041b000000, 0x000000041b400000|  0%| F|  |TAMS 0x000000041b000000, 0x000000041b000000| Untracked 
| 105|0x000000041b400000, 0x000000041b400000, 0x000000041b800000|  0%| F|  |TAMS 0x000000041b400000, 0x000000041b400000| Untracked 
| 106|0x000000041b800000, 0x000000041b800000, 0x000000041bc00000|  0%| F|  |TAMS 0x000000041b800000, 0x000000041b800000| Untracked 
| 107|0x000000041bc00000, 0x000000041bc00000, 0x000000041c000000|  0%| F|  |TAMS 0x000000041bc00000, 0x000000041bc00000| Untracked 
| 108|0x000000041c000000, 0x000000041c000000, 0x000000041c400000|  0%| F|  |TAMS 0x000000041c000000, 0x000000041c000000| Untracked 
| 109|0x000000041c400000, 0x000000041c400000, 0x000000041c800000|  0%| F|  |TAMS 0x000000041c400000, 0x000000041c400000| Untracked 
| 110|0x000000041c800000, 0x000000041c800000, 0x000000041cc00000|  0%| F|  |TAMS 0x000000041c800000, 0x000000041c800000| Untracked 
| 111|0x000000041cc00000, 0x000000041cc00000, 0x000000041d000000|  0%| F|  |TAMS 0x000000041cc00000, 0x000000041cc00000| Untracked 
| 112|0x000000041d000000, 0x000000041d000000, 0x000000041d400000|  0%| F|  |TAMS 0x000000041d000000, 0x000000041d000000| Untracked 
| 113|0x000000041d400000, 0x000000041d400000, 0x000000041d800000|  0%| F|  |TAMS 0x000000041d400000, 0x000000041d400000| Untracked 
| 114|0x000000041d800000, 0x000000041d800000, 0x000000041dc00000|  0%| F|  |TAMS 0x000000041d800000, 0x000000041d800000| Untracked 
| 115|0x000000041dc00000, 0x000000041dc00000, 0x000000041e000000|  0%| F|  |TAMS 0x000000041dc00000, 0x000000041dc00000| Untracked 
| 116|0x000000041e000000, 0x000000041e000000, 0x000000041e400000|  0%| F|  |TAMS 0x000000041e000000, 0x000000041e000000| Untracked 
| 117|0x000000041e400000, 0x000000041e400000, 0x000000041e800000|  0%| F|  |TAMS 0x000000041e400000, 0x000000041e400000| Untracked 
| 118|0x000000041e800000, 0x000000041e800000, 0x000000041ec00000|  0%| F|  |TAMS 0x000000041e800000, 0x000000041e800000| Untracked 
| 119|0x000000041ec00000, 0x000000041ec00000, 0x000000041f000000|  0%| F|  |TAMS 0x000000041ec00000, 0x000000041ec00000| Untracked 
| 120|0x000000041f000000, 0x000000041f000000, 0x000000041f400000|  0%| F|  |TAMS 0x000000041f000000, 0x000000041f000000| Untracked 
| 121|0x000000041f400000, 0x000000041f400000, 0x000000041f800000|  0%| F|  |TAMS 0x000000041f400000, 0x000000041f400000| Untracked 
| 122|0x000000041f800000, 0x000000041f800000, 0x000000041fc00000|  0%| F|  |TAMS 0x000000041f800000, 0x000000041f800000| Untracked 
| 123|0x000000041fc00000, 0x000000041fc00000, 0x0000000420000000|  0%| F|  |TAMS 0x000000041fc00000, 0x000000041fc00000| Untracked 
| 124|0x0000000420000000, 0x0000000420000000, 0x0000000420400000|  0%| F|  |TAMS 0x0000000420000000, 0x0000000420000000| Untracked 
| 125|0x0000000420400000, 0x0000000420400000, 0x0000000420800000|  0%| F|  |TAMS 0x0000000420400000, 0x0000000420400000| Untracked 
| 126|0x0000000420800000, 0x0000000420800000, 0x0000000420c00000|  0%| F|  |TAMS 0x0000000420800000, 0x0000000420800000| Untracked 
| 127|0x0000000420c00000, 0x0000000420c00000, 0x0000000421000000|  0%| F|  |TAMS 0x0000000420c00000, 0x0000000420c00000| Untracked 
| 128|0x0000000421000000, 0x0000000421000000, 0x0000000421400000|  0%| F|  |TAMS 0x0000000421000000, 0x0000000421000000| Untracked 
| 129|0x0000000421400000, 0x0000000421400000, 0x0000000421800000|  0%| F|  |TAMS 0x0000000421400000, 0x0000000421400000| Untracked 
| 130|0x0000000421800000, 0x0000000421800000, 0x0000000421c00000|  0%| F|  |TAMS 0x0000000421800000, 0x0000000421800000| Untracked 
| 131|0x0000000421c00000, 0x0000000421c00000, 0x0000000422000000|  0%| F|  |TAMS 0x0000000421c00000, 0x0000000421c00000| Untracked 
| 132|0x0000000422000000, 0x0000000422000000, 0x0000000422400000|  0%| F|  |TAMS 0x0000000422000000, 0x0000000422000000| Untracked 
| 133|0x0000000422400000, 0x0000000422400000, 0x0000000422800000|  0%| F|  |TAMS 0x0000000422400000, 0x0000000422400000| Untracked 
| 134|0x0000000422800000, 0x0000000422800000, 0x0000000422c00000|  0%| F|  |TAMS 0x0000000422800000, 0x0000000422800000| Untracked 
| 135|0x0000000422c00000, 0x0000000422c00000, 0x0000000423000000|  0%| F|  |TAMS 0x0000000422c00000, 0x0000000422c00000| Untracked 
| 136|0x0000000423000000, 0x0000000423000000, 0x0000000423400000|  0%| F|  |TAMS 0x0000000423000000, 0x0000000423000000| Untracked 
| 137|0x0000000423400000, 0x0000000423400000, 0x0000000423800000|  0%| F|  |TAMS 0x0000000423400000, 0x0000000423400000| Untracked 
| 138|0x0000000423800000, 0x0000000423800000, 0x0000000423c00000|  0%| F|  |TAMS 0x0000000423800000, 0x0000000423800000| Untracked 
| 139|0x0000000423c00000, 0x0000000423c00000, 0x0000000424000000|  0%| F|  |TAMS 0x0000000423c00000, 0x0000000423c00000| Untracked 
| 140|0x0000000424000000, 0x0000000424000000, 0x0000000424400000|  0%| F|  |TAMS 0x0000000424000000, 0x0000000424000000| Untracked 
| 141|0x0000000424400000, 0x0000000424400000, 0x0000000424800000|  0%| F|  |TAMS 0x0000000424400000, 0x0000000424400000| Untracked 
| 142|0x0000000424800000, 0x0000000424800000, 0x0000000424c00000|  0%| F|  |TAMS 0x0000000424800000, 0x0000000424800000| Untracked 
| 143|0x0000000424c00000, 0x0000000424c00000, 0x0000000425000000|  0%| F|  |TAMS 0x0000000424c00000, 0x0000000424c00000| Untracked 
| 144|0x0000000425000000, 0x0000000425000000, 0x0000000425400000|  0%| F|  |TAMS 0x0000000425000000, 0x0000000425000000| Untracked 
| 145|0x0000000425400000, 0x0000000425400000, 0x0000000425800000|  0%| F|  |TAMS 0x0000000425400000, 0x0000000425400000| Untracked 
| 146|0x0000000425800000, 0x0000000425800000, 0x0000000425c00000|  0%| F|  |TAMS 0x0000000425800000, 0x0000000425800000| Untracked 
| 147|0x0000000425c00000, 0x0000000425c00000, 0x0000000426000000|  0%| F|  |TAMS 0x0000000425c00000, 0x0000000425c00000| Untracked 
| 148|0x0000000426000000, 0x0000000426000000, 0x0000000426400000|  0%| F|  |TAMS 0x0000000426000000, 0x0000000426000000| Untracked 
| 149|0x0000000426400000, 0x0000000426400000, 0x0000000426800000|  0%| F|  |TAMS 0x0000000426400000, 0x0000000426400000| Untracked 
| 150|0x0000000426800000, 0x0000000426800000, 0x0000000426c00000|  0%| F|  |TAMS 0x0000000426800000, 0x0000000426800000| Untracked 
| 151|0x0000000426c00000, 0x0000000426c00000, 0x0000000427000000|  0%| F|  |TAMS 0x0000000426c00000, 0x0000000426c00000| Untracked 
| 152|0x0000000427000000, 0x0000000427000000, 0x0000000427400000|  0%| F|  |TAMS 0x0000000427000000, 0x0000000427000000| Untracked 
| 153|0x0000000427400000, 0x0000000427400000, 0x0000000427800000|  0%| F|  |TAMS 0x0000000427400000, 0x0000000427400000| Untracked 
| 154|0x0000000427800000, 0x0000000427800000, 0x0000000427c00000|  0%| F|  |TAMS 0x0000000427800000, 0x0000000427800000| Untracked 
| 155|0x0000000427c00000, 0x0000000427c00000, 0x0000000428000000|  0%| F|  |TAMS 0x0000000427c00000, 0x0000000427c00000| Untracked 
| 156|0x0000000428000000, 0x0000000428000000, 0x0000000428400000|  0%| F|  |TAMS 0x0000000428000000, 0x0000000428000000| Untracked 
| 157|0x0000000428400000, 0x0000000428400000, 0x0000000428800000|  0%| F|  |TAMS 0x0000000428400000, 0x0000000428400000| Untracked 
| 158|0x0000000428800000, 0x0000000428800000, 0x0000000428c00000|  0%| F|  |TAMS 0x0000000428800000, 0x0000000428800000| Untracked 
| 159|0x0000000428c00000, 0x0000000428c00000, 0x0000000429000000|  0%| F|  |TAMS 0x0000000428c00000, 0x0000000428c00000| Untracked 
| 160|0x0000000429000000, 0x0000000429000000, 0x0000000429400000|  0%| F|  |TAMS 0x0000000429000000, 0x0000000429000000| Untracked 
| 161|0x0000000429400000, 0x0000000429400000, 0x0000000429800000|  0%| F|  |TAMS 0x0000000429400000, 0x0000000429400000| Untracked 
| 162|0x0000000429800000, 0x0000000429800000, 0x0000000429c00000|  0%| F|  |TAMS 0x0000000429800000, 0x0000000429800000| Untracked 
| 163|0x0000000429c00000, 0x0000000429c00000, 0x000000042a000000|  0%| F|  |TAMS 0x0000000429c00000, 0x0000000429c00000| Untracked 
| 164|0x000000042a000000, 0x000000042a000000, 0x000000042a400000|  0%| F|  |TAMS 0x000000042a000000, 0x000000042a000000| Untracked 
| 165|0x000000042a400000, 0x000000042a400000, 0x000000042a800000|  0%| F|  |TAMS 0x000000042a400000, 0x000000042a400000| Untracked 
| 166|0x000000042a800000, 0x000000042a800000, 0x000000042ac00000|  0%| F|  |TAMS 0x000000042a800000, 0x000000042a800000| Untracked 
| 167|0x000000042ac00000, 0x000000042ac00000, 0x000000042b000000|  0%| F|  |TAMS 0x000000042ac00000, 0x000000042ac00000| Untracked 
| 168|0x000000042b000000, 0x000000042b000000, 0x000000042b400000|  0%| F|  |TAMS 0x000000042b000000, 0x000000042b000000| Untracked 
| 169|0x000000042b400000, 0x000000042b400000, 0x000000042b800000|  0%| F|  |TAMS 0x000000042b400000, 0x000000042b400000| Untracked 
| 170|0x000000042b800000, 0x000000042b800000, 0x000000042bc00000|  0%| F|  |TAMS 0x000000042b800000, 0x000000042b800000| Untracked 
| 171|0x000000042bc00000, 0x000000042bc00000, 0x000000042c000000|  0%| F|  |TAMS 0x000000042bc00000, 0x000000042bc00000| Untracked 
| 172|0x000000042c000000, 0x000000042c000000, 0x000000042c400000|  0%| F|  |TAMS 0x000000042c000000, 0x000000042c000000| Untracked 
| 173|0x000000042c400000, 0x000000042c400000, 0x000000042c800000|  0%| F|  |TAMS 0x000000042c400000, 0x000000042c400000| Untracked 
| 174|0x000000042c800000, 0x000000042c800000, 0x000000042cc00000|  0%| F|  |TAMS 0x000000042c800000, 0x000000042c800000| Untracked 
| 175|0x000000042cc00000, 0x000000042cc00000, 0x000000042d000000|  0%| F|  |TAMS 0x000000042cc00000, 0x000000042cc00000| Untracked 
| 176|0x000000042d000000, 0x000000042d000000, 0x000000042d400000|  0%| F|  |TAMS 0x000000042d000000, 0x000000042d000000| Untracked 
| 177|0x000000042d400000, 0x000000042d400000, 0x000000042d800000|  0%| F|  |TAMS 0x000000042d400000, 0x000000042d400000| Untracked 
| 178|0x000000042d800000, 0x000000042d800000, 0x000000042dc00000|  0%| F|  |TAMS 0x000000042d800000, 0x000000042d800000| Untracked 
| 179|0x000000042dc00000, 0x000000042dc00000, 0x000000042e000000|  0%| F|  |TAMS 0x000000042dc00000, 0x000000042dc00000| Untracked 
| 180|0x000000042e000000, 0x000000042e000000, 0x000000042e400000|  0%| F|  |TAMS 0x000000042e000000, 0x000000042e000000| Untracked 
| 181|0x000000042e400000, 0x000000042e400000, 0x000000042e800000|  0%| F|  |TAMS 0x000000042e400000, 0x000000042e400000| Untracked 
| 182|0x000000042e800000, 0x000000042e800000, 0x000000042ec00000|  0%| F|  |TAMS 0x000000042e800000, 0x000000042e800000| Untracked 
| 183|0x000000042ec00000, 0x000000042ec00000, 0x000000042f000000|  0%| F|  |TAMS 0x000000042ec00000, 0x000000042ec00000| Untracked 
| 184|0x000000042f000000, 0x000000042f000000, 0x000000042f400000|  0%| F|  |TAMS 0x000000042f000000, 0x000000042f000000| Untracked 
| 185|0x000000042f400000, 0x000000042f400000, 0x000000042f800000|  0%| F|  |TAMS 0x000000042f400000, 0x000000042f400000| Untracked 
| 186|0x000000042f800000, 0x000000042f800000, 0x000000042fc00000|  0%| F|  |TAMS 0x000000042f800000, 0x000000042f800000| Untracked 
| 187|0x000000042fc00000, 0x000000042fc00000, 0x0000000430000000|  0%| F|  |TAMS 0x000000042fc00000, 0x000000042fc00000| Untracked 
| 188|0x0000000430000000, 0x0000000430000000, 0x0000000430400000|  0%| F|  |TAMS 0x0000000430000000, 0x0000000430000000| Untracked 
| 189|0x0000000430400000, 0x0000000430400000, 0x0000000430800000|  0%| F|  |TAMS 0x0000000430400000, 0x0000000430400000| Untracked 
| 190|0x0000000430800000, 0x0000000430800000, 0x0000000430c00000|  0%| F|  |TAMS 0x0000000430800000, 0x0000000430800000| Untracked 
| 191|0x0000000430c00000, 0x0000000430c00000, 0x0000000431000000|  0%| F|  |TAMS 0x0000000430c00000, 0x0000000430c00000| Untracked 
| 192|0x0000000431000000, 0x0000000431000000, 0x0000000431400000|  0%| F|  |TAMS 0x0000000431000000, 0x0000000431000000| Untracked 
| 193|0x0000000431400000, 0x0000000431400000, 0x0000000431800000|  0%| F|  |TAMS 0x0000000431400000, 0x0000000431400000| Untracked 
| 194|0x0000000431800000, 0x0000000431800000, 0x0000000431c00000|  0%| F|  |TAMS 0x0000000431800000, 0x0000000431800000| Untracked 
| 195|0x0000000431c00000, 0x0000000431c00000, 0x0000000432000000|  0%| F|  |TAMS 0x0000000431c00000, 0x0000000431c00000| Untracked 
| 196|0x0000000432000000, 0x0000000432000000, 0x0000000432400000|  0%| F|  |TAMS 0x0000000432000000, 0x0000000432000000| Untracked 
| 197|0x0000000432400000, 0x0000000432400000, 0x0000000432800000|  0%| F|  |TAMS 0x0000000432400000, 0x0000000432400000| Untracked 
| 198|0x0000000432800000, 0x0000000432800000, 0x0000000432c00000|  0%| F|  |TAMS 0x0000000432800000, 0x0000000432800000| Untracked 
| 199|0x0000000432c00000, 0x0000000432c00000, 0x0000000433000000|  0%| F|  |TAMS 0x0000000432c00000, 0x0000000432c00000| Untracked 
| 200|0x0000000433000000, 0x0000000433000000, 0x0000000433400000|  0%| F|  |TAMS 0x0000000433000000, 0x0000000433000000| Untracked 
| 201|0x0000000433400000, 0x0000000433400000, 0x0000000433800000|  0%| F|  |TAMS 0x0000000433400000, 0x0000000433400000| Untracked 
| 202|0x0000000433800000, 0x0000000433800000, 0x0000000433c00000|  0%| F|  |TAMS 0x0000000433800000, 0x0000000433800000| Untracked 
| 203|0x0000000433c00000, 0x0000000433c00000, 0x0000000434000000|  0%| F|  |TAMS 0x0000000433c00000, 0x0000000433c00000| Untracked 
| 204|0x0000000434000000, 0x0000000434000000, 0x0000000434400000|  0%| F|  |TAMS 0x0000000434000000, 0x0000000434000000| Untracked 
| 205|0x0000000434400000, 0x0000000434400000, 0x0000000434800000|  0%| F|  |TAMS 0x0000000434400000, 0x0000000434400000| Untracked 
| 206|0x0000000434800000, 0x0000000434800000, 0x0000000434c00000|  0%| F|  |TAMS 0x0000000434800000, 0x0000000434800000| Untracked 
| 207|0x0000000434c00000, 0x0000000434c00000, 0x0000000435000000|  0%| F|  |TAMS 0x0000000434c00000, 0x0000000434c00000| Untracked 
| 208|0x0000000435000000, 0x0000000435000000, 0x0000000435400000|  0%| F|  |TAMS 0x0000000435000000, 0x0000000435000000| Untracked 
| 209|0x0000000435400000, 0x0000000435400000, 0x0000000435800000|  0%| F|  |TAMS 0x0000000435400000, 0x0000000435400000| Untracked 
| 210|0x0000000435800000, 0x0000000435800000, 0x0000000435c00000|  0%| F|  |TAMS 0x0000000435800000, 0x0000000435800000| Untracked 
| 211|0x0000000435c00000, 0x0000000435c00000, 0x0000000436000000|  0%| F|  |TAMS 0x0000000435c00000, 0x0000000435c00000| Untracked 
| 212|0x0000000436000000, 0x0000000436000000, 0x0000000436400000|  0%| F|  |TAMS 0x0000000436000000, 0x0000000436000000| Untracked 
| 213|0x0000000436400000, 0x0000000436400000, 0x0000000436800000|  0%| F|  |TAMS 0x0000000436400000, 0x0000000436400000| Untracked 
| 214|0x0000000436800000, 0x0000000436800000, 0x0000000436c00000|  0%| F|  |TAMS 0x0000000436800000, 0x0000000436800000| Untracked 
| 215|0x0000000436c00000, 0x0000000436c00000, 0x0000000437000000|  0%| F|  |TAMS 0x0000000436c00000, 0x0000000436c00000| Untracked 
| 216|0x0000000437000000, 0x0000000437000000, 0x0000000437400000|  0%| F|  |TAMS 0x0000000437000000, 0x0000000437000000| Untracked 
| 217|0x0000000437400000, 0x0000000437400000, 0x0000000437800000|  0%| F|  |TAMS 0x0000000437400000, 0x0000000437400000| Untracked 
| 218|0x0000000437800000, 0x0000000437800000, 0x0000000437c00000|  0%| F|  |TAMS 0x0000000437800000, 0x0000000437800000| Untracked 
| 219|0x0000000437c00000, 0x0000000437c00000, 0x0000000438000000|  0%| F|  |TAMS 0x0000000437c00000, 0x0000000437c00000| Untracked 
| 220|0x0000000438000000, 0x0000000438000000, 0x0000000438400000|  0%| F|  |TAMS 0x0000000438000000, 0x0000000438000000| Untracked 
| 221|0x0000000438400000, 0x0000000438400000, 0x0000000438800000|  0%| F|  |TAMS 0x0000000438400000, 0x0000000438400000| Untracked 
| 222|0x0000000438800000, 0x0000000438800000, 0x0000000438c00000|  0%| F|  |TAMS 0x0000000438800000, 0x0000000438800000| Untracked 
| 223|0x0000000438c00000, 0x0000000438c00000, 0x0000000439000000|  0%| F|  |TAMS 0x0000000438c00000, 0x0000000438c00000| Untracked 
| 224|0x0000000439000000, 0x0000000439000000, 0x0000000439400000|  0%| F|  |TAMS 0x0000000439000000, 0x0000000439000000| Untracked 
| 225|0x0000000439400000, 0x0000000439400000, 0x0000000439800000|  0%| F|  |TAMS 0x0000000439400000, 0x0000000439400000| Untracked 
| 226|0x0000000439800000, 0x0000000439800000, 0x0000000439c00000|  0%| F|  |TAMS 0x0000000439800000, 0x0000000439800000| Untracked 
| 227|0x0000000439c00000, 0x0000000439c00000, 0x000000043a000000|  0%| F|  |TAMS 0x0000000439c00000, 0x0000000439c00000| Untracked 
| 228|0x000000043a000000, 0x000000043a000000, 0x000000043a400000|  0%| F|  |TAMS 0x000000043a000000, 0x000000043a000000| Untracked 
| 229|0x000000043a400000, 0x000000043a400800, 0x000000043a800000|  0%| E|  |TAMS 0x000000043a400000, 0x000000043a400000| Complete 
| 230|0x000000043a800000, 0x000000043ac00000, 0x000000043ac00000|100%| E|CS|TAMS 0x000000043a800000, 0x000000043a800000| Complete 
| 231|0x000000043ac00000, 0x000000043b000000, 0x000000043b000000|100%| E|CS|TAMS 0x000000043ac00000, 0x000000043ac00000| Complete 
| 232|0x000000043b000000, 0x000000043b400000, 0x000000043b400000|100%| E|CS|TAMS 0x000000043b000000, 0x000000043b000000| Complete 
| 233|0x000000043b400000, 0x000000043b800000, 0x000000043b800000|100%| E|CS|TAMS 0x000000043b400000, 0x000000043b400000| Complete 
| 234|0x000000043b800000, 0x000000043bc00000, 0x000000043bc00000|100%| E|CS|TAMS 0x000000043b800000, 0x000000043b800000| Complete 
| 235|0x000000043bc00000, 0x000000043c000000, 0x000000043c000000|100%| E|CS|TAMS 0x000000043bc00000, 0x000000043bc00000| Complete 
| 236|0x000000043c000000, 0x000000043c400000, 0x000000043c400000|100%| E|CS|TAMS 0x000000043c000000, 0x000000043c000000| Complete 
| 237|0x000000043c400000, 0x000000043c800000, 0x000000043c800000|100%| E|CS|TAMS 0x000000043c400000, 0x000000043c400000| Complete 
| 238|0x000000043c800000, 0x000000043cc00000, 0x000000043cc00000|100%| E|CS|TAMS 0x000000043c800000, 0x000000043c800000| Complete 
| 239|0x000000043cc00000, 0x000000043d000000, 0x000000043d000000|100%| E|CS|TAMS 0x000000043cc00000, 0x000000043cc00000| Complete 
| 240|0x000000043d000000, 0x000000043d400000, 0x000000043d400000|100%| E|CS|TAMS 0x000000043d000000, 0x000000043d000000| Complete 
| 241|0x000000043d400000, 0x000000043d800000, 0x000000043d800000|100%| E|CS|TAMS 0x000000043d400000, 0x000000043d400000| Complete 
| 242|0x000000043d800000, 0x000000043d85de68, 0x000000043dc00000|  9%| S|CS|TAMS 0x000000043d800000, 0x000000043d800000| Complete 
| 243|0x000000043dc00000, 0x000000043e000000, 0x000000043e000000|100%| S|CS|TAMS 0x000000043dc00000, 0x000000043dc00000| Complete 
| 244|0x000000043e000000, 0x000000043e400000, 0x000000043e400000|100%| E|CS|TAMS 0x000000043e000000, 0x000000043e000000| Complete 
| 245|0x000000043e400000, 0x000000043e800000, 0x000000043e800000|100%| E|CS|TAMS 0x000000043e400000, 0x000000043e400000| Complete 
| 246|0x000000043e800000, 0x000000043ec00000, 0x000000043ec00000|100%| E|CS|TAMS 0x000000043e800000, 0x000000043e800000| Complete 
| 247|0x000000043ec00000, 0x000000043f000000, 0x000000043f000000|100%| E|CS|TAMS 0x000000043ec00000, 0x000000043ec00000| Complete 
| 248|0x000000043f000000, 0x000000043f400000, 0x000000043f400000|100%| E|CS|TAMS 0x000000043f000000, 0x000000043f000000| Complete 
| 249|0x000000043f400000, 0x000000043f800000, 0x000000043f800000|100%| E|CS|TAMS 0x000000043f400000, 0x000000043f400000| Complete 
| 250|0x000000043f800000, 0x000000043fc00000, 0x000000043fc00000|100%| E|CS|TAMS 0x000000043f800000, 0x000000043f800000| Complete 
| 251|0x000000043fc00000, 0x0000000440000000, 0x0000000440000000|100%| E|CS|TAMS 0x000000043fc00000, 0x000000043fc00000| Complete 
| 252|0x0000000440000000, 0x0000000440400000, 0x0000000440400000|100%| E|CS|TAMS 0x0000000440000000, 0x0000000440000000| Complete 
| 253|0x0000000440400000, 0x0000000440800000, 0x0000000440800000|100%| E|CS|TAMS 0x0000000440400000, 0x0000000440400000| Complete 
| 254|0x0000000440800000, 0x0000000440c00000, 0x0000000440c00000|100%| E|CS|TAMS 0x0000000440800000, 0x0000000440800000| Complete 
| 255|0x0000000440c00000, 0x0000000441000000, 0x0000000441000000|100%| E|CS|TAMS 0x0000000440c00000, 0x0000000440c00000| Complete 

Card table byte_map: [0x00000240cbdb0000,0x00000240cddb0000] _byte_map_base: 0x00000240c9da8000

Marking Bits (Prev, Next): (CMBitMap*) 0x00000240b02e55a8, (CMBitMap*) 0x00000240b02e55e8
 Prev Bits: [0x00000240cfdb0000, 0x00000240dfd70000)
 Next Bits: [0x00000240dfd70000, 0x00000240efd30000)

Polling page: 0x00000240b02f0000

Metaspace:

Usage:
  Non-class:     16.13 MB capacity,    15.67 MB ( 97%) used,   394.38 KB (  2%) free+waste,    75.19 KB ( <1%) overhead. 
      Class:      2.30 MB capacity,     2.02 MB ( 88%) used,   254.02 KB ( 11%) free+waste,    37.44 KB (  2%) overhead. 
       Both:     18.43 MB capacity,    17.69 MB ( 96%) used,   648.41 KB (  3%) free+waste,   112.63 KB ( <1%) overhead. 

Virtual space:
  Non-class space:       18.00 MB reserved,      16.25 MB ( 90%) committed 
      Class space:        1.00 GB reserved,       2.38 MB ( <1%) committed 
             Both:        1.02 GB reserved,      18.63 MB (  2%) committed 

Chunk freelists:
   Non-Class:  128 bytes
       Class:  1.25 KB
        Both:  1.38 KB

CodeHeap 'non-profiled nmethods': size=119168Kb used=979Kb max_used=979Kb free=118188Kb
 bounds [0x00000240c1990000, 0x00000240c1c00000, 0x00000240c8df0000]
CodeHeap 'profiled nmethods': size=119168Kb used=5011Kb max_used=5011Kb free=114156Kb
 bounds [0x00000240ba530000, 0x00000240baa20000, 0x00000240c1990000]
CodeHeap 'non-nmethods': size=7424Kb used=1321Kb max_used=3026Kb free=6102Kb
 bounds [0x00000240b9df0000, 0x00000240ba0f0000, 0x00000240ba530000]
 total_blobs=3314 nmethods=2291 adapters=509
 compilation: enabled
              stopped_count=0, restarted_count=0
 full_count=0

Compilation events (10 events):
Event: 8.921 Thread 0x00000240f302b800 2287       3       jdk.internal.reflect.ClassFileAssembler::emitConstantPoolMethodref (28 bytes)
Event: 8.921 Thread 0x00000240f302b800 nmethod 2287 0x00000240baa12990 code [0x00000240baa12be0, 0x00000240baa13350]
Event: 20.415 Thread 0x00000240f302b800 2288       3       java.util.concurrent.TimeUnit::toNanos (45 bytes)
Event: 20.416 Thread 0x00000240f302b800 nmethod 2288 0x00000240baa13710 code [0x00000240baa138e0, 0x00000240baa13b78]
Event: 20.449 Thread 0x00000240f302b800 2289       3       java.nio.Buffer::nextPutIndex (31 bytes)
Event: 20.449 Thread 0x00000240f302b800 nmethod 2289 0x00000240baa13c10 code [0x00000240baa13de0, 0x00000240baa14090]
Event: 20.449 Thread 0x00000240f302b800 2290       3       java.util.concurrent.TimeUnit::convert (77 bytes)
Event: 20.450 Thread 0x00000240f302b800 nmethod 2290 0x00000240baa14190 code [0x00000240baa143a0, 0x00000240baa14790]
Event: 50.053 Thread 0x00000240f302b800 2291       3       org.jgroups.util.TimeScheduler3$Task::getDelay (23 bytes)
Event: 50.054 Thread 0x00000240f302b800 nmethod 2291 0x00000240baa14990 code [0x00000240baa14b60, 0x00000240baa14d70]

GC Heap History (2 events):
Event: 1.285 GC heap before
{Heap before GC invocations=0 (full 0):
 garbage-first heap   total 1048576K, used 65536K [0x0000000401000000, 0x0000000800000000)
  region size 4096K, 12 young (49152K), 0 survivors (0K)
 Metaspace       used 10415K, capacity 10932K, committed 11136K, reserved 1058816K
  class space    used 1185K, capacity 1379K, committed 1408K, reserved 1048576K
}
Event: 1.289 GC heap after
{Heap after GC invocations=1 (full 0):
 garbage-first heap   total 1048576K, used 20855K [0x0000000401000000, 0x0000000800000000)
  region size 4096K, 2 young (8192K), 2 survivors (8192K)
 Metaspace       used 10415K, capacity 10932K, committed 11136K, reserved 1058816K
  class space    used 1185K, capacity 1379K, committed 1408K, reserved 1048576K
}

Deoptimization events (10 events):
Event: 3.786 Thread 0x00000240b021f000 Uncommon trap: reason=unstable_if action=reinterpret pc=0x00000240c1a1c268 method=jdk.internal.org.objectweb.asm.MethodWriter.visitVarInsn(II)V @ 108 c2
Event: 3.789 Thread 0x00000240b021f000 Uncommon trap: reason=class_check action=maybe_recompile pc=0x00000240c19e5244 method=java.lang.invoke.LambdaForm$Name.replaceNames([Ljava/lang/invoke/LambdaForm$Name;[Ljava/lang/invoke/LambdaForm$Name;II)Ljava/lang/invoke/LambdaForm$Name; @ 33 c2
Event: 3.789 Thread 0x00000240b021f000 Uncommon trap: reason=class_check action=maybe_recompile pc=0x00000240c19e5244 method=java.lang.invoke.LambdaForm$Name.replaceNames([Ljava/lang/invoke/LambdaForm$Name;[Ljava/lang/invoke/LambdaForm$Name;II)Ljava/lang/invoke/LambdaForm$Name; @ 33 c2
Event: 3.861 Thread 0x00000240b021f000 Uncommon trap: reason=unstable_if action=reinterpret pc=0x00000240c19aa89c method=java.lang.StringLatin1.indexOf([BI[BII)I @ 91 c2
Event: 3.943 Thread 0x00000240b021f000 Uncommon trap: reason=class_check action=maybe_recompile pc=0x00000240c1a4c6a4 method=java.lang.reflect.Executable.declaredAnnotations()Ljava/util/Map; @ 23 c2
Event: 3.943 Thread 0x00000240b021f000 Uncommon trap: reason=class_check action=maybe_recompile pc=0x00000240c1a4c6a4 method=java.lang.reflect.Executable.declaredAnnotations()Ljava/util/Map; @ 23 c2
Event: 3.963 Thread 0x00000240b021f000 Uncommon trap: reason=class_check action=maybe_recompile pc=0x00000240c1a4c6a4 method=java.lang.reflect.Executable.declaredAnnotations()Ljava/util/Map; @ 23 c2
Event: 3.963 Thread 0x00000240b021f000 Uncommon trap: reason=class_check action=maybe_recompile pc=0x00000240c1a4c6a4 method=java.lang.reflect.Executable.declaredAnnotations()Ljava/util/Map; @ 23 c2
Event: 4.445 Thread 0x00000240f6696800 Uncommon trap: reason=unstable_if action=reinterpret pc=0x00000240c19a63d0 method=java.lang.StringLatin1.canEncode(I)Z @ 4 c2
Event: 4.445 Thread 0x00000240f6696800 Uncommon trap: reason=unstable_if action=reinterpret pc=0x00000240c19cd1fc method=java.lang.AbstractStringBuilder.isLatin1()Z @ 10 c2

Classes redefined (0 events):
No events

Internal exceptions (10 events):
Event: 1.356 Thread 0x00000240b021f000 Exception <a 'java/lang/NoSuchMethodError'{0x000000044064f428}: java.lang.invoke.DirectMethodHandle$Holder.invokeVirtual(Ljava/lang/Object;Ljava/lang/Object;Ljava/lang/Object;)I> (0x000000044064f428) thrown at [t:/workspace/open/src/hotspot/share/interpre
Event: 1.479 Thread 0x00000240b021f000 Exception <a 'java/lang/NoSuchMethodError'{0x00000004400b63f8}: java.lang.invoke.DirectMethodHandle$Holder.invokeVirtual(Ljava/lang/Object;Ljava/lang/Object;)I> (0x00000004400b63f8) thrown at [t:/workspace/open/src/hotspot/share/interpreter/linkResolver.c
Event: 1.639 Thread 0x00000240b021f000 Exception <a 'java/lang/NoSuchMethodError'{0x000000043fece7b8}: java.lang.invoke.Invokers$Holder.linkToTargetMethod(Ljava/lang/Object;Ljava/lang/Object;ILjava/lang/Object;Ljava/lang/Object;)Ljava/lang/Object;> (0x000000043fece7b8) thrown at [t:/workspace/
Event: 1.651 Thread 0x00000240f4d2a000 Exception <a 'java/lang/NoSuchMethodError'{0x000000043fa3f950}: java.lang.invoke.DirectMethodHandle$Holder.invokeInterface(Ljava/lang/Object;Ljava/lang/Object;)V> (0x000000043fa3f950) thrown at [t:/workspace/open/src/hotspot/share/interpreter/linkResolver
Event: 3.786 Thread 0x00000240b021f000 Implicit null exception at 0x00000240c1a1bc4a to 0x00000240c1a1c25e
Event: 3.788 Thread 0x00000240b021f000 Exception <a 'java/lang/NoSuchMethodError'{0x000000043e412368}: java.lang.invoke.DelegatingMethodHandle$Holder.delegate(Ljava/lang/Object;Ljava/lang/Object;ILjava/lang/Object;)V> (0x000000043e412368) thrown at [t:/workspace/open/src/hotspot/share/interpre
Event: 3.842 Thread 0x00000240b021f000 Exception <a 'java/lang/NoSuchMethodError'{0x000000043e5e8cb0}: java.lang.invoke.DirectMethodHandle$Holder.invokeStatic(Ljava/lang/Object;Ljava/lang/Object;Ljava/lang/Object;Ljava/lang/Object;)V> (0x000000043e5e8cb0) thrown at [t:/workspace/open/src/hotsp
Event: 3.886 Thread 0x00000240b021f000 Exception <a 'java/lang/NoSuchMethodError'{0x000000043e107830}: java.lang.invoke.DirectMethodHandle$Holder.invokeStatic(Ljava/lang/Object;ILjava/lang/Object;)Ljava/lang/Object;> (0x000000043e107830) thrown at [t:/workspace/open/src/hotspot/share/interpret
Event: 3.909 Thread 0x00000240b021f000 Exception <a 'java/lang/ClassNotFoundException'{0x000000043e266fc8}: sun/nio/ch/PollSelectorImpl> (0x000000043e266fc8) thrown at [t:/workspace/open/src/hotspot/share/classfile/systemDictionary.cpp, line 235]
Event: 3.930 Thread 0x00000240b021f000 Exception <a 'java/lang/IncompatibleClassChangeError'{0x000000043e32e5c8}: Found class java.lang.Object, but interface was expected> (0x000000043e32e5c8) thrown at [t:/workspace/open/src/hotspot/share/interpreter/linkResolver.cpp, line 843]

Events (10 events):
Event: 50.054 Executing VM operation: ChangeBreakpoints
Event: 50.054 Executing VM operation: ChangeBreakpoints done
Event: 50.054 Executing VM operation: ChangeBreakpoints
Event: 50.054 Executing VM operation: ChangeBreakpoints done
Event: 50.054 Executing VM operation: ChangeBreakpoints
Event: 50.054 Executing VM operation: ChangeBreakpoints done
Event: 50.054 Executing VM operation: ChangeBreakpoints
Event: 50.054 Executing VM operation: ChangeBreakpoints done
Event: 50.054 loading class com/esotericsoftware/kryonet/FrameworkMessage$KeepAliveConstructorAccess
Event: 50.054 loading class com/esotericsoftware/kryonet/FrameworkMessage$KeepAliveConstructorAccess done


Dynamic libraries:
0x00007ff7d3650000 - 0x00007ff7d365f000 	C:\Program Files\Java\jdk-12.0.2\bin\java.exe
0x00007ffc465e0000 - 0x00007ffc467d0000 	C:\WINDOWS\SYSTEM32\ntdll.dll
0x00007ffc46320000 - 0x00007ffc463d2000 	C:\WINDOWS\System32\KERNEL32.DLL
0x00007ffc43920000 - 0x00007ffc43bc3000 	C:\WINDOWS\System32\KERNELBASE.dll
0x00007ffc43650000 - 0x00007ffc4374a000 	C:\WINDOWS\System32\ucrtbase.dll
0x00007ffc37440000 - 0x00007ffc37458000 	C:\Program Files\Java\jdk-12.0.2\bin\jli.dll
0x00007ffc40f70000 - 0x00007ffc40f86000 	C:\Program Files\Java\jdk-12.0.2\bin\VCRUNTIME140.dll
0x00007ffc44d30000 - 0x00007ffc44dd3000 	C:\WINDOWS\System32\ADVAPI32.dll
0x00007ffc46420000 - 0x00007ffc464be000 	C:\WINDOWS\System32\msvcrt.dll
0x00007ffc45a50000 - 0x00007ffc45ae7000 	C:\WINDOWS\System32\sechost.dll
0x00007ffc44840000 - 0x00007ffc44960000 	C:\WINDOWS\System32\RPCRT4.dll
0x00007ffc44990000 - 0x00007ffc44b23000 	C:\WINDOWS\System32\USER32.dll
0x00007ffc38ff0000 - 0x00007ffc39275000 	C:\WINDOWS\WinSxS\amd64_microsoft.windows.common-controls_6595b64144ccf1df_6.0.18362.267_none_e6c5adbd130e444d\COMCTL32.dll
0x00007ffc435d0000 - 0x00007ffc435f1000 	C:\WINDOWS\System32\win32u.dll
0x00007ffc45560000 - 0x00007ffc45896000 	C:\WINDOWS\System32\combase.dll
0x00007ffc463f0000 - 0x00007ffc46416000 	C:\WINDOWS\System32\GDI32.dll
0x00007ffc438a0000 - 0x00007ffc43920000 	C:\WINDOWS\System32\bcryptPrimitives.dll
0x00007ffc44450000 - 0x00007ffc445e4000 	C:\WINDOWS\System32\gdi32full.dll
0x00007ffc445f0000 - 0x00007ffc4468e000 	C:\WINDOWS\System32\msvcp_win.dll
0x00007ffc3bdc0000 - 0x00007ffc3bdca000 	C:\WINDOWS\SYSTEM32\VERSION.dll
0x00007ffc44960000 - 0x00007ffc4498e000 	C:\WINDOWS\System32\IMM32.DLL
0x00007ffc230c0000 - 0x00007ffc2316a000 	C:\Program Files\Java\jdk-12.0.2\bin\msvcp140.dll
0x00007ffbda8e0000 - 0x00007ffbdb457000 	C:\Program Files\Java\jdk-12.0.2\bin\server\jvm.dll
0x00007ffc44b30000 - 0x00007ffc44b38000 	C:\WINDOWS\System32\PSAPI.DLL
0x00007ffc3f6f0000 - 0x00007ffc3f714000 	C:\WINDOWS\SYSTEM32\WINMM.dll
0x00007ffc420b0000 - 0x00007ffc420b9000 	C:\WINDOWS\SYSTEM32\WSOCK32.dll
0x00007ffc458a0000 - 0x00007ffc4590f000 	C:\WINDOWS\System32\WS2_32.dll
0x00007ffc3f6c0000 - 0x00007ffc3f6ed000 	C:\WINDOWS\SYSTEM32\winmmbase.dll
0x00007ffc43bd0000 - 0x00007ffc43c1a000 	C:\WINDOWS\System32\cfgmgr32.dll
0x00007ffc434e0000 - 0x00007ffc434f1000 	C:\WINDOWS\System32\kernel.appcore.dll
0x00007ffc37420000 - 0x00007ffc37431000 	C:\Program Files\Java\jdk-12.0.2\bin\verify.dll
0x00007ffc41d40000 - 0x00007ffc41f34000 	C:\WINDOWS\SYSTEM32\DBGHELP.DLL
0x00007ffc3bc10000 - 0x00007ffc3bc3a000 	C:\WINDOWS\SYSTEM32\dbgcore.DLL
0x00007ffc279c0000 - 0x00007ffc279e6000 	C:\Program Files\Java\jdk-12.0.2\bin\java.dll
0x00007ffc23770000 - 0x00007ffc237a8000 	C:\Program Files\Java\jdk-12.0.2\bin\jdwp.dll
0x00007ffc357c0000 - 0x00007ffc357ce000 	C:\Program Files\Java\jdk-12.0.2\bin\instrument.dll
0x00007ffc31a00000 - 0x00007ffc31a17000 	C:\Program Files\Java\jdk-12.0.2\bin\zip.dll
0x00007ffc41ce0000 - 0x00007ffc41cea000 	C:\Program Files\Java\jdk-12.0.2\bin\jimage.dll
0x00007ffc45b60000 - 0x00007ffc46242000 	C:\WINDOWS\System32\SHELL32.dll
0x00007ffc464d0000 - 0x00007ffc46579000 	C:\WINDOWS\System32\shcore.dll
0x00007ffc43cd0000 - 0x00007ffc4444c000 	C:\WINDOWS\System32\windows.storage.dll
0x00007ffc43550000 - 0x00007ffc4356f000 	C:\WINDOWS\System32\profapi.dll
0x00007ffc43500000 - 0x00007ffc4354a000 	C:\WINDOWS\System32\powrprof.dll
0x00007ffc434b0000 - 0x00007ffc434c0000 	C:\WINDOWS\System32\UMPDC.dll
0x00007ffc45250000 - 0x00007ffc452a2000 	C:\WINDOWS\System32\shlwapi.dll
0x00007ffc43600000 - 0x00007ffc43617000 	C:\WINDOWS\System32\cryptsp.dll
0x00007ffc2d5c0000 - 0x00007ffc2d5ca000 	C:\Program Files\Java\jdk-12.0.2\bin\dt_socket.dll
0x00007ffc42d20000 - 0x00007ffc42d87000 	C:\WINDOWS\system32\mswsock.dll
0x00007ffc30610000 - 0x00007ffc30629000 	C:\Program Files\Java\jdk-12.0.2\bin\net.dll
0x00007ffc386f0000 - 0x00007ffc388c6000 	C:\WINDOWS\SYSTEM32\urlmon.dll
0x00007ffc3c8d0000 - 0x00007ffc3c9c0000 	C:\WINDOWS\SYSTEM32\WINHTTP.dll
0x00007ffc36590000 - 0x00007ffc36836000 	C:\WINDOWS\SYSTEM32\iertutil.dll
0x00007ffc42ef0000 - 0x00007ffc42efc000 	C:\WINDOWS\SYSTEM32\CRYPTBASE.DLL
0x00007ffc304b0000 - 0x00007ffc304c3000 	C:\Program Files\Java\jdk-12.0.2\bin\nio.dll
0x00007ffc42890000 - 0x00007ffc428c3000 	C:\WINDOWS\system32\rsaenh.dll
0x00007ffc43620000 - 0x00007ffc43646000 	C:\WINDOWS\System32\bcrypt.dll
0x00007ffc433d0000 - 0x00007ffc433f5000 	C:\WINDOWS\SYSTEM32\USERENV.dll
0x00007ffc42a30000 - 0x00007ffc42a6a000 	C:\WINDOWS\SYSTEM32\IPHLPAPI.DLL
0x00007ffc464c0000 - 0x00007ffc464c8000 	C:\WINDOWS\System32\NSI.dll
0x00007ffc3f9a0000 - 0x00007ffc3f9b6000 	C:\WINDOWS\SYSTEM32\dhcpcsvc6.DLL
0x00007ffc3fcf0000 - 0x00007ffc3fd0c000 	C:\WINDOWS\SYSTEM32\dhcpcsvc.DLL
0x00007ffc42a70000 - 0x00007ffc42b3a000 	C:\WINDOWS\SYSTEM32\DNSAPI.dll
0x0000000066f40000 - 0x0000000066fbe000 	C:\Users\Josue\AppData\Local\Temp\liblz4-java10197591199109468189.so
0x00007ffc3f810000 - 0x00007ffc3f887000 	C:\WINDOWS\System32\fwpuclnt.dll
0x00007ffc38260000 - 0x00007ffc3826a000 	C:\Windows\System32\rasadhlp.dll
0x00007ffc40f60000 - 0x00007ffc40f69000 	C:\Program Files\Java\jdk-12.0.2\bin\management.dll
0x00007ffc35bf0000 - 0x00007ffc35bfc000 	C:\Program Files\Java\jdk-12.0.2\bin\management_ext.dll

dbghelp: loaded successfully - version: 4.0.5 - missing functions: none
symbol engine: initialized successfully - sym options: 0x614 - pdb path: .;C:\Program Files\Java\jdk-12.0.2\bin;C:\WINDOWS\SYSTEM32;C:\WINDOWS\WinSxS\amd64_microsoft.windows.common-controls_6595b64144ccf1df_6.0.18362.267_none_e6c5adbd130e444d;C:\Program Files\Java\jdk-12.0.2\bin\server;C:\Users\Josue\AppData\Local\Temp

VM Arguments:
jvm_args: -agentlib:jdwp=transport=dt_socket,address=127.0.0.1:62083,suspend=y,server=n -Des.http.port=9000 -Des.tcp.port=10000 -Dstore.path=S:\\es-server-1 -Djava.net.preferIPv4Stack=true -Djgroups.bind_addr=127.0.0.1 -javaagent:C:\Users\Josue\AppData\Local\JetBrains\Toolbox\apps\IDEA-U\ch-0\192.5728.98\plugins\java\lib\rt\debugger-agent.jar -Dfile.encoding=UTF-8 
java_command: io.joshworks.eventry.server.Server
java_class_path (initial): S:\Projects\fstore\es-server\target\classes;S:\Projects\fstore\event-store\target\classes;S:\Projects\fstore\logstore\target\classes;S:\Projects\fstore\codec\snappy-codec\target\classes;S:\maven-repository\org\xerial\snappy\snappy-java\1.1.7.1\snappy-java-1.1.7.1.jar;S:\Projects\fstore\codec\lz4-codec\target\classes;S:\maven-repository\org\lz4\lz4-java\1.5.1\lz4-java-1.5.1.jar;S:\maven-repository\org\jooq\jool\0.9.13\jool-0.9.13.jar;S:\Projects\fstore\serializer\kryo-serializer\target\classes;S:\maven-repository\com\esotericsoftware\kryo\4.0.1\kryo-4.0.1.jar;S:\maven-repository\com\esotericsoftware\reflectasm\1.11.3\reflectasm-1.11.3.jar;S:\maven-repository\org\ow2\asm\asm\5.0.4\asm-5.0.4.jar;S:\maven-repository\com\esotericsoftware\minlog\1.3.0\minlog-1.3.0.jar;S:\maven-repository\de\javakaffee\kryo-serializers\0.42\kryo-serializers-0.42.jar;S:\Projects\fstore\lsmtree\target\classes;S:\Projects\fstore\index\target\classes;S:\maven-repository\io\joshworks\unirest\unirest-java\1.8.0\unirest-java-1.8.0.jar;S:\maven-repository\org\apache\httpcomponents\httpclient\4.5.3\httpclient-4.5.3.jar;S:\maven-repository\org\apache\httpcomponents\httpcore\4.4.6\httpcore-4.4.6.jar;S:\maven-repository\commons-logging\commons-logging\1.2\commons-logging-1.2.jar;S:\maven-repository\commons-codec\commons-codec\1.9\commons-codec-1.9.jar;S:\maven-repository\org\apache\httpcomponents\httpasyncclient\4.1.3\httpasyncclient-4.1.3.jar;S:\maven-repository\org\apache\httpcomponents\httpcore-nio\4.4.6\httpcore-nio-4.4.6.jar;S:\maven-repository\org\apache\httpcomponents\httpmime\4.5.3\httpmime-4.5.3.jar;S:\Projects\fstore\networking\target\classes;S:\maven-repository\org\jgroups\jgroups\4.0.10.Final\jgroups-4.0.10.Final.jar;S:\maven-repository\org\slf4j\slf4j-api\1.7.25\slf4j-api-1.7.25.jar;S:\Projects\fstore\serializer\json-serializer\target\classes;S:\maven-repository\com\google\code\gson\gson\2.8.0\gson-2.8.0.jar;S:\Projects\fstore\serializer\standard-serializer\ta
Launcher Type: SUN_STANDARD

[Global flags]
     intx CICompilerCount                          = 12                                        {product} {ergonomic}
     uint ConcGCThreads                            = 3                                         {product} {ergonomic}
     uint G1ConcRefinementThreads                  = 13                                        {product} {ergonomic}
   size_t G1HeapRegionSize                         = 4194304                                   {product} {ergonomic}
    uintx GCDrainStackTargetSize                   = 64                                        {product} {ergonomic}
   size_t InitialHeapSize                          = 1073741824                                {product} {ergonomic}
   size_t MarkStackSize                            = 4194304                                   {product} {ergonomic}
   size_t MaxHeapSize                              = 17163091968                               {product} {ergonomic}
   size_t MaxNewSize                               = 10297016320                               {product} {ergonomic}
   size_t MinHeapDeltaBytes                        = 4194304                                   {product} {ergonomic}
    uintx NonNMethodCodeHeapSize                   = 7594288                                {pd product} {ergonomic}
    uintx NonProfiledCodeHeapSize                  = 122031976                              {pd product} {ergonomic}
    uintx ProfiledCodeHeapSize                     = 122031976                              {pd product} {ergonomic}
    uintx ReservedCodeCacheSize                    = 251658240                              {pd product} {ergonomic}
     bool SegmentedCodeCache                       = true                                      {product} {ergonomic}
     bool UseCompressedClassPointers               = true                                 {lp64_product} {ergonomic}
     bool UseCompressedOops                        = true                                 {lp64_product} {ergonomic}
     bool UseG1GC                                  = true                                      {product} {ergonomic}
     bool UseLargePagesIndividualAllocation        = false                                  {pd product} {ergonomic}

Logging:
Log output configuration:
 #0: stdout all=warning uptime,level,tags
 #1: stderr all=off uptime,level,tags

Environment Variables:
JAVA_HOME=C:\Program Files\Java\jdk-12.0.2
PATH=C:\Users\Josue\AppData\Local\JetBrains\Toolbox\apps\IDEA-U\ch-0\192.5728.98\jbr\\bin;C:\Users\Josue\AppData\Local\JetBrains\Toolbox\apps\IDEA-U\ch-0\192.5728.98\jbr\\bin\server;C:\WINDOWS\system32;C:\WINDOWS;C:\WINDOWS\System32\Wbem;C:\WINDOWS\System32\WindowsPowerShell\v1.0\;C:\WINDOWS\System32\OpenSSH\;C:\Program Files\Git\cmd;C:\Program Files\Java\jdk-12.0.2\bin;C:\Users\Josue\apache-maven-3.6.0\bin;C:\ProgramData\chocolatey\bin;C:\Users\Josue\gradle-5.2.1\bin;C:\Users\Josue\AppData\Local\Microsoft\WindowsApps;S:\Anaconda3\Scripts;S:\Anaconda3\Library;S:\Anaconda3\Library\bin;S:\Anaconda3\Library\mingw-w64\bin;
USERNAME=Josue
OS=Windows_NT
PROCESSOR_IDENTIFIER=AMD64 Family 23 Model 8 Stepping 2, AuthenticAMD



---------------  S Y S T E M  ---------------

OS: Windows 10 , 64 bit Build 18362 (10.0.18362.86)

CPU:total 16 (initial active 16) (16 cores per cpu, 2 threads per core) family 23 model 8 stepping 2, cmov, cx8, fxsr, mmx, sse, sse2, sse3, ssse3, sse4.1, sse4.2, popcnt, avx, avx2, aes, clmul, mmxext, 3dnowpref, lzcnt, sse4a, ht, tsc, tscinvbit, tscinv, bmi1, bmi2, adx, sha, fma

Memory: 4k page, system-wide physical 65456M (46945M free)
TotalPageFile size 75184M (AvailPageFile size 49705M)
current process WorkingSet (physical memory assigned to process): 159M, peak: 185M
current process commit charge ("private bytes"): 1206M, peak: 1233M

vm_info: Java HotSpot(TM) 64-Bit Server VM (12.0.2+10) for windows-amd64 JRE (12.0.2+10), built on Jul 16 2019 01:56:17 by "mach5one" with MS VC++ 15.5 (VS2017)

END.
