#
# A fatal error has been detected by the Java Runtime Environment:
#
#  EXCEPTION_ACCESS_VIOLATION (0xc0000005) at pc=0x000001eb0835d70f, pid=3608, tid=21124
#
# JRE version: Java(TM) SE Runtime Environment (12.0.2+10) (build 12.0.2+10)
# Java VM: Java HotSpot(TM) 64-Bit Server VM (12.0.2+10, mixed mode, sharing, tiered, compressed oops, g1 gc, windows-amd64)
# Problematic frame:
# j  io.joshworks.fstore.es.shared.streams.StreamHasher.hash(Ljava/lang/String;)J+4
#
# No core dump will be written. Minidumps are not enabled by default on client versions of Windows
#
# If you would like to submit a bug report, please visit:
#   http://bugreport.java.com/bugreport/crash.jsp
#

---------------  S U M M A R Y ------------

Command Line: -agentlib:jdwp=transport=dt_socket,address=127.0.0.1:62009,suspend=y,server=n -Des.http.port=9000 -Des.tcp.port=10000 -Dstore.path=S:\\es-server-1 -Djava.net.preferIPv4Stack=true -Djgroups.bind_addr=127.0.0.1 -javaagent:C:\Users\Josue\AppData\Local\JetBrains\Toolbox\apps\IDEA-U\ch-0\192.5728.98\plugins\java\lib\rt\debugger-agent.jar -Dfile.encoding=UTF-8 io.joshworks.eventry.server.Server

Host: AMD Ryzen 7 2700X Eight-Core Processor         , 16 cores, 63G,  Windows 10 , 64 bit Build 18362 (10.0.18362.86)
Time: Sun Aug 11 18:55:00 2019 GMT Summer Time elapsed time: 66 seconds (0d 0h 1m 6s)

---------------  T H R E A D  ---------------

Current thread (0x000001eb4071b000):  JavaThread "pool-3-thread-1" [_thread_in_Java, id=21124, stack(0x0000002211500000,0x0000002211600000)]

Stack: [0x0000002211500000,0x0000002211600000],  sp=0x00000022115fee70,  free space=1019k
Native frames: (J=compiled Java code, j=interpreted, Vv=VM code, C=native code)
C  0x000001eb0835d70f


siginfo: EXCEPTION_ACCESS_VIOLATION (0xc0000005), reading address 0x00000007fffffff8


Register to memory mapping:

RIP=0x000001eb0835d70f is at code_begin+559 in an Interpreter codelet
invokevirtual  182 invokevirtual  [0x000001eb0835d4e0, 0x000001eb0835dae0]  1536 bytes
RAX=0x0000000000100000 is an unknown value
RBX={method} {0x000000080036fa38} 'getBytes' '(Ljava/nio/charset/Charset;)[B' in 'java/lang/String'
RCX=
[error occurred during error reporting (printing register info), id 0xc0000005, EXCEPTION_ACCESS_VIOLATION (0xc0000005) at pc=0x00007ffbdabd98df]

Registers:
RAX=0x0000000000100000, RBX=0x000000080036fa30, RCX=0x00000007fffffff8, RDX=0x0000000080500002
RSP=0x00000022115fee70, RBP=0x00000022115feed0, RSI=0x000000043e4f3948, RDI=0x0000000087ca818e
R8 =0x0000000000000004, R9 =0x000000043d83cfb0, R10=0x00007ffbdb3a1bc0, R11=0x00000022115fed40
R12=0x0000000000000000, R13=0x000001eb3d90e3ec, R14=0x00000022115fef00, R15=0x000001eb4071b000
RIP=0x000001eb0835d70f, EFLAGS=0x0000000000010206

Top of Stack: (sp=0x00000022115fee70)
0x00000022115fee70:   000001eb0833c4c8 000000043dd57b48
0x00000022115fee80:   00000007fffffff8 00000022115fee88
0x00000022115fee90:   000001eb3d90e3ec 00000022115fef00
0x00000022115feea0:   000001eb3d90e980 0000000000000000
0x00000022115feeb0:   000000043df75bb8 000001eb3d90e450
0x00000022115feec0:   0000000000000000 00000022115fef00
0x00000022115feed0:   00000022115fef58 000001eb0833bba1
0x00000022115feee0:   0000000000000000 0000000000000000
0x00000022115feef0:   0000000000000000 0000000000000000
0x00000022115fef00:   00000007fffffff8 000000043ddacfb8
0x00000022115fef10:   00000022115fef10 000001eb3d718612
0x00000022115fef20:   00000022115fef70 000001eb3d71bcb8
0x00000022115fef30:   0000000000000000 000000043dc0d1f8
0x00000022115fef40:   000001eb3d718638 00000022115fef00
0x00000022115fef50:   00000022115fef68 00000022115fefc0
0x00000022115fef60:   000001eb0833c4c8 00000007fffffff8 

Instructions: (pc=0x000001eb0835d70f)
0x000001eb0835d60f:   00 00 0f 84 1a 00 00 00 48 83 ec 08 49 ba b0 20
0x000001eb0835d61f:   c7 da fb 7f 00 00 41 ff d2 48 83 c4 08 e9 0d 00
0x000001eb0835d62f:   00 00 49 ba b0 20 c7 da fb 7f 00 00 41 ff d2 48
0x000001eb0835d63f:   83 c4 20 ff e0 49 8b 8f 70 04 00 00 48 85 c9 0f
0x000001eb0835d64f:   84 53 00 00 00 8b 49 74 83 f9 01 0f 85 47 00 00
0x000001eb0835d65f:   00 49 8b 8f 70 04 00 00 8b 49 78 48 83 ec 20 f7
0x000001eb0835d66f:   c4 0f 00 00 00 0f 84 1a 00 00 00 48 83 ec 08 49
0x000001eb0835d67f:   ba a0 20 c7 da fb 7f 00 00 41 ff d2 48 83 c4 08
0x000001eb0835d68f:   e9 0d 00 00 00 49 ba a0 20 c7 da fb 7f 00 00 41
0x000001eb0835d69f:   ff d2 48 83 c4 20 ff e0 49 81 7f 08 00 00 00 00
0x000001eb0835d6af:   0f 84 05 00 00 00 e9 c6 32 fd ff 4c 8b 6d c0 4c
0x000001eb0835d6bf:   8b 75 c8 c3 41 0f b7 55 01 48 8b 4d d0 c1 e2 02
0x000001eb0835d6cf:   48 8b 5c d1 30 8b 54 d1 38 8b ca 81 e1 ff 00 00
0x000001eb0835d6df:   00 48 8b 4c cc f8 44 8b ea c1 ea 1c 49 ba c0 1b
0x000001eb0835d6ef:   3a db fb 7f 00 00 49 8b 14 d2 52 41 8b d5 4c 8b
0x000001eb0835d6ff:   6d c0 8b c2 81 e0 00 00 10 00 0f 84 97 01 00 00
0x000001eb0835d70f:   48 3b 01 48 8b 45 d8 48 85 c0 0f 84 12 00 00 00
0x000001eb0835d71f:   48 83 40 08 01 48 83 58 08 00 48 83 c0 38 48 89
0x000001eb0835d72f:   45 d8 48 8b 45 d8 48 85 c0 0f 84 4f 01 00 00 80
0x000001eb0835d73f:   78 c8 0b 0f 85 45 01 00 00 48 83 c0 08 4c 8b 68
0x000001eb0835d74f:   f8 41 83 ed 00 41 83 fd 02 0f 8c 24 01 00 00 4c
0x000001eb0835d75f:   8b 6b 08 45 0f b7 6d 34 4c 2b 28 41 83 ed 01 4e
0x000001eb0835d76f:   8b 6c ec 08 4d 85 ed 75 0a 48 81 48 08 01 00 00
0x000001eb0835d77f:   00 eb 5d 45 8b 6d 08 49 c1 e5 03 49 bc 00 00 00
0x000001eb0835d78f:   00 08 00 00 00 4d 03 ec 4d 33 e4 4c 33 68 08 49
0x000001eb0835d79f:   f7 c5 fc ff ff ff 74 38 49 f7 c5 02 00 00 00 75
0x000001eb0835d7af:   2f 48 81 78 08 00 00 00 00 74 21 48 81 78 08 01
0x000001eb0835d7bf:   00 00 00 74 17 4c 33 68 08 49 f7 c5 fc ff ff ff
0x000001eb0835d7cf:   74 0e 48 81 48 08 02 00 00 00 eb 04 4c 89 68 08
0x000001eb0835d7df:   48 83 c0 10 4c 8b 68 e8 41 83 ed 02 41 83 fd 02
0x000001eb0835d7ef:   0f 8c 8d 00 00 00 4c 8b 6b 08 45 0f b7 6d 34 4c
0x000001eb0835d7ff:   2b 28 41 83 ed 01 4e 8b 6c ec 08 4d 85 ed 75 0a 


Stack slot to memory mapping:
stack at sp + 0 slots: 0x000001eb0833c4c8 is at code_begin+6248 in an Interpreter codelet
invoke return entry points  [0x000001eb0833ac60, 0x000001eb0833cce0]  8320 bytes
stack at sp + 1 slots: 0x000000043dd57b48 points into unknown readable memory: 09 00 00 00 00 00 00 00
stack at sp + 2 slots: 
[error occurred during error reporting (inspecting top of stack), id 0xc0000005, EXCEPTION_ACCESS_VIOLATION (0xc0000005) at pc=0x00007ffbdabd98df]

invokevirtual  182 invokevirtual  [0x000001eb0835d4e0, 0x000001eb0835dae0]  1536 bytes

---------------  P R O C E S S  ---------------

Threads class SMR info:
_java_thread_list=0x000001eb4047b020, length=49, elements={
0x000001eb7fd7f000, 0x000001eb7fd83800, 0x000001eb7fd96000, 0x000001eb7fd98000,
0x000001eb7fd9a000, 0x000001eb7fda1800, 0x000001eb7fdab000, 0x000001eb7fd67000,
0x000001eb7ff4b800, 0x000001eb7ff8a800, 0x000001eb7ff8d800, 0x000001eb3dd4f000,
0x000001eb3ea16000, 0x000001eb3e807800, 0x000001eb3f1f9800, 0x000001eb3efdf000,
0x000001eb3eced800, 0x000001eb3edbb000, 0x000001eb3ed80800, 0x000001eb3f29a800,
0x000001eb4056b800, 0x000001eb3f679000, 0x000001eb3f679800, 0x000001eb3f67a800,
0x000001eb3f67b800, 0x000001eb3f67c000, 0x000001eb3f677800, 0x000001eb3f67d000,
0x000001eb3f67e000, 0x000001eb3f678000, 0x000001eb40713000, 0x000001eb40712000,
0x000001eb4070d000, 0x000001eb40711800, 0x000001eb40713800, 0x000001eb4070e000,
0x000001eb40714800, 0x000001eb4070f000, 0x000001eb40715800, 0x000001eb4070f800,
0x000001eb40716000, 0x000001eb40710800, 0x000001eb40719800, 0x000001eb40717000,
0x000001eb4071a000, 0x000001eb40718000, 0x000001eb40718800, 0x000001eb4071b000,
0x000001eb4071c000
}

Java Threads: ( => current thread )
  0x000001eb7fd7f000 JavaThread "Reference Handler" daemon [_thread_blocked, id=21468, stack(0x000000220d600000,0x000000220d700000)]
  0x000001eb7fd83800 JavaThread "Finalizer" daemon [_thread_blocked, id=18064, stack(0x000000220d700000,0x000000220d800000)]
  0x000001eb7fd96000 JavaThread "Signal Dispatcher" daemon [_thread_blocked, id=12352, stack(0x000000220d800000,0x000000220d900000)]
  0x000001eb7fd98000 JavaThread "Attach Listener" daemon [_thread_blocked, id=14924, stack(0x000000220d900000,0x000000220da00000)]
  0x000001eb7fd9a000 JavaThread "C2 CompilerThread0" daemon [_thread_blocked, id=9000, stack(0x000000220da00000,0x000000220db00000)]
  0x000001eb7fda1800 JavaThread "C1 CompilerThread0" daemon [_thread_blocked, id=20724, stack(0x000000220db00000,0x000000220dc00000)]
  0x000001eb7fdab000 JavaThread "Sweeper thread" daemon [_thread_blocked, id=15200, stack(0x000000220dc00000,0x000000220dd00000)]
  0x000001eb7fd67000 JavaThread "Common-Cleaner" daemon [_thread_blocked, id=11828, stack(0x000000220dd00000,0x000000220de00000)]
  0x000001eb7ff4b800 JavaThread "JDWP Transport Listener: dt_socket" daemon [_thread_blocked, id=16824, stack(0x000000220e000000,0x000000220e100000)]
  0x000001eb7ff8a800 JavaThread "JDWP Event Helper Thread" daemon [_thread_blocked, id=7700, stack(0x000000220e100000,0x000000220e200000)]
  0x000001eb7ff8d800 JavaThread "JDWP Command Reader" daemon [_thread_blocked, id=18516, stack(0x000000220e200000,0x000000220e300000)]
  0x000001eb3dd4f000 JavaThread "Service Thread" daemon [_thread_blocked, id=11252, stack(0x000000220e300000,0x000000220e400000)]
  0x000001eb3ea16000 JavaThread "compaction-coordinator" [_thread_blocked, id=21160, stack(0x000000220e600000,0x000000220e700000)]
  0x000001eb3e807800 JavaThread "compaction-coordinator" [_thread_blocked, id=12708, stack(0x000000220e700000,0x000000220e800000)]
  0x000001eb3f1f9800 JavaThread "compaction-coordinator" [_thread_blocked, id=14360, stack(0x000000220e800000,0x000000220e900000)]
  0x000001eb3efdf000 JavaThread "event-writer" [_thread_blocked, id=19776, stack(0x000000220e900000,0x000000220ea00000)]
  0x000001eb3eced800 JavaThread "Timer runner-1,es-cluster,2f76536d" [_thread_in_vm, id=20552, stack(0x000000220f600000,0x000000220f700000)]
  0x000001eb3edbb000 JavaThread "pool-2-thread-1" [_thread_blocked, id=7856, stack(0x000000220f700000,0x000000220f800000)]
  0x000001eb3ed80800 JavaThread "pool-2-thread-1- Task Runner" [_thread_blocked, id=19768, stack(0x000000220f800000,0x000000220f900000)]
  0x000001eb3f29a800 JavaThread "DiagHandler-6,es-cluster,2f76536d" daemon [_thread_in_native, id=20412, stack(0x000000220f900000,0x000000220fa00000)]
  0x000001eb4056b800 JavaThread "TQ-Bundler-7,es-cluster,2f76536d" [_thread_blocked, id=20556, stack(0x000000220fa00000,0x000000220fb00000)]
  0x000001eb3f679000 JavaThread "NioServer.Selector [/127.0.0.1:7800]-3,es-cluster,2f76536d" [_thread_in_native, id=10292, stack(0x000000220f500000,0x000000220f600000)]
  0x000001eb3f679800 JavaThread "FD_SOCK acceptor-8,es-cluster,2f76536d" daemon [_thread_in_native, id=21200, stack(0x000000220fb00000,0x000000220fc00000)]
  0x000001eb3f67a800 JavaThread "jgroups-9,es-cluster,2f76536d" [_thread_blocked, id=20984, stack(0x000000220fc00000,0x000000220fd00000)]
  0x000001eb3f67b800 JavaThread "subscription-worker-0" [_thread_blocked, id=4120, stack(0x000000220df00000,0x000000220e000000)]
  0x000001eb3f67c000 JavaThread "subscription-worker-1" [_thread_blocked, id=21144, stack(0x000000220fe00000,0x000000220ff00000)]
  0x000001eb3f677800 JavaThread "subscription-worker-2" [_thread_blocked, id=13968, stack(0x000000220ff00000,0x0000002210000000)]
  0x000001eb3f67d000 JavaThread "Server" [_thread_in_vm, id=6704, stack(0x0000002210000000,0x0000002210100000)]
  0x000001eb3f67e000 JavaThread "snappy-worker I/O-1" [_thread_in_native, id=16936, stack(0x0000002210200000,0x0000002210300000)]
  0x000001eb3f678000 JavaThread "snappy-worker I/O-2" [_thread_in_native, id=19888, stack(0x0000002210300000,0x0000002210400000)]
  0x000001eb40713000 JavaThread "snappy-worker I/O-3" [_thread_in_vm, id=10336, stack(0x0000002210400000,0x0000002210500000)]
  0x000001eb40712000 JavaThread "snappy-worker I/O-4" [_thread_in_native, id=16816, stack(0x0000002210500000,0x0000002210600000)]
  0x000001eb4070d000 JavaThread "snappy-worker I/O-5" [_thread_in_native, id=19428, stack(0x0000002210600000,0x0000002210700000)]
  0x000001eb40711800 JavaThread "snappy-worker I/O-6" [_thread_in_native, id=15020, stack(0x0000002210700000,0x0000002210800000)]
  0x000001eb40713800 JavaThread "snappy-worker I/O-7" [_thread_in_vm, id=14824, stack(0x0000002210800000,0x0000002210900000)]
  0x000001eb4070e000 JavaThread "snappy-worker I/O-8" [_thread_in_native, id=14480, stack(0x0000002210900000,0x0000002210a00000)]
  0x000001eb40714800 JavaThread "snappy-worker I/O-9" [_thread_in_native, id=17748, stack(0x0000002210a00000,0x0000002210b00000)]
  0x000001eb4070f000 JavaThread "snappy-worker I/O-10" [_thread_in_native, id=11952, stack(0x0000002210b00000,0x0000002210c00000)]
  0x000001eb40715800 JavaThread "snappy-worker I/O-11" [_thread_in_native, id=8428, stack(0x0000002210c00000,0x0000002210d00000)]
  0x000001eb4070f800 JavaThread "snappy-worker I/O-12" [_thread_in_native, id=2476, stack(0x0000002210d00000,0x0000002210e00000)]
  0x000001eb40716000 JavaThread "snappy-worker I/O-13" [_thread_in_native, id=13068, stack(0x0000002210e00000,0x0000002210f00000)]
  0x000001eb40710800 JavaThread "snappy-worker I/O-14" [_thread_in_native, id=21212, stack(0x0000002210f00000,0x0000002211000000)]
  0x000001eb40719800 JavaThread "snappy-worker I/O-15" [_thread_in_native, id=12940, stack(0x0000002211000000,0x0000002211100000)]
  0x000001eb40717000 JavaThread "snappy-worker I/O-16" [_thread_in_native, id=14676, stack(0x0000002211100000,0x0000002211200000)]
  0x000001eb4071a000 JavaThread "snappy-worker Accept" [_thread_in_native, id=15832, stack(0x0000002211200000,0x0000002211300000)]
  0x000001eb40718000 JavaThread "DestroyJavaVM" [_thread_blocked, id=13376, stack(0x000000220cf00000,0x000000220d000000)]
  0x000001eb40718800 JavaThread "snappy-worker task-1" [_thread_blocked, id=12552, stack(0x0000002210100000,0x0000002210200000)]
=>0x000001eb4071b000 JavaThread "pool-3-thread-1" [_thread_in_Java, id=21124, stack(0x0000002211500000,0x0000002211600000)]
  0x000001eb4071c000 JavaThread "snappy-worker task-2" [_thread_blocked, id=9648, stack(0x0000002211600000,0x0000002211700000)]

Other Threads:
  0x000001eb7fd7b800 VMThread "VM Thread" [stack: 0x000000220d500000,0x000000220d600000] [id=19680] _threads_hazard_ptr=0x000001eb4047b020
  0x000001eb3dda4000 WatcherThread [stack: 0x000000220e400000,0x000000220e500000] [id=7728]
  0x000001eb7c1f7000 GCTaskThread "GC Thread#0" [stack: 0x000000220d000000,0x000000220d100000] [id=19348]
  0x000001eb3f317800 GCTaskThread "GC Thread#1" [stack: 0x000000220e500000,0x000000220e600000] [id=18844]
  0x000001eb3f318000 GCTaskThread "GC Thread#2" [stack: 0x000000220ea00000,0x000000220eb00000] [id=4656]
  0x000001eb3f201000 GCTaskThread "GC Thread#3" [stack: 0x000000220eb00000,0x000000220ec00000] [id=7424]
  0x000001eb3f201800 GCTaskThread "GC Thread#4" [stack: 0x000000220ec00000,0x000000220ed00000] [id=11768]
  0x000001eb3ec48000 GCTaskThread "GC Thread#5" [stack: 0x000000220ed00000,0x000000220ee00000] [id=12780]
  0x000001eb3ec49000 GCTaskThread "GC Thread#6" [stack: 0x000000220ee00000,0x000000220ef00000] [id=18980]
  0x000001eb3ed72800 GCTaskThread "GC Thread#7" [stack: 0x000000220ef00000,0x000000220f000000] [id=21464]
  0x000001eb3ed73000 GCTaskThread "GC Thread#8" [stack: 0x000000220f000000,0x000000220f100000] [id=3832]
  0x000001eb3f3c1000 GCTaskThread "GC Thread#9" [stack: 0x000000220f100000,0x000000220f200000] [id=13160]
  0x000001eb3f3c1800 GCTaskThread "GC Thread#10" [stack: 0x000000220f200000,0x000000220f300000] [id=13168]
  0x000001eb3f3c2800 GCTaskThread "GC Thread#11" [stack: 0x000000220f300000,0x000000220f400000] [id=1380]
  0x000001eb3f3c3000 GCTaskThread "GC Thread#12" [stack: 0x000000220f400000,0x000000220f500000] [id=17096]
  0x000001eb7ec48800 ConcurrentGCThread "G1 Main Marker" [stack: 0x000000220d100000,0x000000220d200000] [id=17024]
  0x000001eb7c1fa800 ConcurrentGCThread "G1 Conc#0" [stack: 0x000000220d200000,0x000000220d300000] [id=16760]
  0x000001eb7fc08800 ConcurrentGCThread "G1 Refine#0" [stack: 0x000000220d300000,0x000000220d400000] [id=14172]
  0x000001eb7fc09000 ConcurrentGCThread "G1 Young RemSet Sampling" [stack: 0x000000220d400000,0x000000220d500000] [id=16580]

Threads with active compile tasks:
C1 CompilerThread0  2286       3       org.jgroups.util.TimeScheduler3$Task::getDelay (23 bytes)

VM state:synchronizing (normal execution)

VM Mutex/Monitor currently owned by a thread:  ([mutex/lock_event])
[0x000001eb7c1344a0] Safepoint_lock - owner thread: 0x000001eb7fd7b800
[0x000001eb7c1333c0] Threads_lock - owner thread: 0x000001eb7fd7b800

Heap address: 0x0000000401000000, size: 16368 MB, Compressed Oops mode: Zero based, Oop shift amount: 3
Narrow klass base: 0x0000000800000000, Narrow klass shift: 3
Compressed class space size: 1073741824 Address: 0x0000000801190000

Heap:
 garbage-first heap   total 1048576K, used 123255K [0x0000000401000000, 0x0000000800000000)
  region size 4096K, 28 young (114688K), 2 survivors (8192K)
 Metaspace       used 18209K, capacity 19000K, committed 19328K, reserved 1067008K
  class space    used 2075K, capacity 2358K, committed 2432K, reserved 1048576K
Heap Regions: E=young(eden), S=young(survivor), O=old, HS=humongous(starts), HC=humongous(continues), CS=collection set, F=free, A=archive, TAMS=top-at-mark-start (previous, next)
|   0|0x0000000401000000, 0x0000000401400000, 0x0000000401400000|100%|HS|  |TAMS 0x0000000401000000, 0x0000000401000000| Complete 
|   1|0x0000000401400000, 0x0000000401800000, 0x0000000401800000|100%|HS|  |TAMS 0x0000000401400000, 0x0000000401400000| Complete 
|   2|0x0000000401800000, 0x0000000401c00000, 0x0000000401c00000|100%|HS|  |TAMS 0x0000000401800000, 0x0000000401800000| Complete 
|   3|0x0000000401c00000, 0x0000000402000000, 0x0000000402000000|100%|HS|  |TAMS 0x0000000401c00000, 0x0000000401c00000| Complete 
|   4|0x0000000402000000, 0x0000000402000000, 0x0000000402400000|  0%| F|  |TAMS 0x0000000402000000, 0x0000000402000000| Untracked 
|   5|0x0000000402400000, 0x0000000402400000, 0x0000000402800000|  0%| F|  |TAMS 0x0000000402400000, 0x0000000402400000| Untracked 
|   6|0x0000000402800000, 0x0000000402800000, 0x0000000402c00000|  0%| F|  |TAMS 0x0000000402800000, 0x0000000402800000| Untracked 
|   7|0x0000000402c00000, 0x0000000402c00000, 0x0000000403000000|  0%| F|  |TAMS 0x0000000402c00000, 0x0000000402c00000| Untracked 
|   8|0x0000000403000000, 0x0000000403000000, 0x0000000403400000|  0%| F|  |TAMS 0x0000000403000000, 0x0000000403000000| Untracked 
|   9|0x0000000403400000, 0x0000000403400000, 0x0000000403800000|  0%| F|  |TAMS 0x0000000403400000, 0x0000000403400000| Untracked 
|  10|0x0000000403800000, 0x0000000403800000, 0x0000000403c00000|  0%| F|  |TAMS 0x0000000403800000, 0x0000000403800000| Untracked 
|  11|0x0000000403c00000, 0x0000000403c00000, 0x0000000404000000|  0%| F|  |TAMS 0x0000000403c00000, 0x0000000403c00000| Untracked 
|  12|0x0000000404000000, 0x0000000404000000, 0x0000000404400000|  0%| F|  |TAMS 0x0000000404000000, 0x0000000404000000| Untracked 
|  13|0x0000000404400000, 0x0000000404400000, 0x0000000404800000|  0%| F|  |TAMS 0x0000000404400000, 0x0000000404400000| Untracked 
|  14|0x0000000404800000, 0x0000000404800000, 0x0000000404c00000|  0%| F|  |TAMS 0x0000000404800000, 0x0000000404800000| Untracked 
|  15|0x0000000404c00000, 0x0000000404c00000, 0x0000000405000000|  0%| F|  |TAMS 0x0000000404c00000, 0x0000000404c00000| Untracked 
|  16|0x0000000405000000, 0x0000000405000000, 0x0000000405400000|  0%| F|  |TAMS 0x0000000405000000, 0x0000000405000000| Untracked 
|  17|0x0000000405400000, 0x0000000405400000, 0x0000000405800000|  0%| F|  |TAMS 0x0000000405400000, 0x0000000405400000| Untracked 
|  18|0x0000000405800000, 0x0000000405800000, 0x0000000405c00000|  0%| F|  |TAMS 0x0000000405800000, 0x0000000405800000| Untracked 
|  19|0x0000000405c00000, 0x0000000405c00000, 0x0000000406000000|  0%| F|  |TAMS 0x0000000405c00000, 0x0000000405c00000| Untracked 
|  20|0x0000000406000000, 0x0000000406000000, 0x0000000406400000|  0%| F|  |TAMS 0x0000000406000000, 0x0000000406000000| Untracked 
|  21|0x0000000406400000, 0x0000000406400000, 0x0000000406800000|  0%| F|  |TAMS 0x0000000406400000, 0x0000000406400000| Untracked 
|  22|0x0000000406800000, 0x0000000406800000, 0x0000000406c00000|  0%| F|  |TAMS 0x0000000406800000, 0x0000000406800000| Untracked 
|  23|0x0000000406c00000, 0x0000000406c00000, 0x0000000407000000|  0%| F|  |TAMS 0x0000000406c00000, 0x0000000406c00000| Untracked 
|  24|0x0000000407000000, 0x0000000407000000, 0x0000000407400000|  0%| F|  |TAMS 0x0000000407000000, 0x0000000407000000| Untracked 
|  25|0x0000000407400000, 0x0000000407400000, 0x0000000407800000|  0%| F|  |TAMS 0x0000000407400000, 0x0000000407400000| Untracked 
|  26|0x0000000407800000, 0x0000000407800000, 0x0000000407c00000|  0%| F|  |TAMS 0x0000000407800000, 0x0000000407800000| Untracked 
|  27|0x0000000407c00000, 0x0000000407c00000, 0x0000000408000000|  0%| F|  |TAMS 0x0000000407c00000, 0x0000000407c00000| Untracked 
|  28|0x0000000408000000, 0x0000000408000000, 0x0000000408400000|  0%| F|  |TAMS 0x0000000408000000, 0x0000000408000000| Untracked 
|  29|0x0000000408400000, 0x0000000408400000, 0x0000000408800000|  0%| F|  |TAMS 0x0000000408400000, 0x0000000408400000| Untracked 
|  30|0x0000000408800000, 0x0000000408800000, 0x0000000408c00000|  0%| F|  |TAMS 0x0000000408800000, 0x0000000408800000| Untracked 
|  31|0x0000000408c00000, 0x0000000408c00000, 0x0000000409000000|  0%| F|  |TAMS 0x0000000408c00000, 0x0000000408c00000| Untracked 
|  32|0x0000000409000000, 0x0000000409000000, 0x0000000409400000|  0%| F|  |TAMS 0x0000000409000000, 0x0000000409000000| Untracked 
|  33|0x0000000409400000, 0x0000000409400000, 0x0000000409800000|  0%| F|  |TAMS 0x0000000409400000, 0x0000000409400000| Untracked 
|  34|0x0000000409800000, 0x0000000409800000, 0x0000000409c00000|  0%| F|  |TAMS 0x0000000409800000, 0x0000000409800000| Untracked 
|  35|0x0000000409c00000, 0x0000000409c00000, 0x000000040a000000|  0%| F|  |TAMS 0x0000000409c00000, 0x0000000409c00000| Untracked 
|  36|0x000000040a000000, 0x000000040a000000, 0x000000040a400000|  0%| F|  |TAMS 0x000000040a000000, 0x000000040a000000| Untracked 
|  37|0x000000040a400000, 0x000000040a400000, 0x000000040a800000|  0%| F|  |TAMS 0x000000040a400000, 0x000000040a400000| Untracked 
|  38|0x000000040a800000, 0x000000040a800000, 0x000000040ac00000|  0%| F|  |TAMS 0x000000040a800000, 0x000000040a800000| Untracked 
|  39|0x000000040ac00000, 0x000000040ac00000, 0x000000040b000000|  0%| F|  |TAMS 0x000000040ac00000, 0x000000040ac00000| Untracked 
|  40|0x000000040b000000, 0x000000040b000000, 0x000000040b400000|  0%| F|  |TAMS 0x000000040b000000, 0x000000040b000000| Untracked 
|  41|0x000000040b400000, 0x000000040b400000, 0x000000040b800000|  0%| F|  |TAMS 0x000000040b400000, 0x000000040b400000| Untracked 
|  42|0x000000040b800000, 0x000000040b800000, 0x000000040bc00000|  0%| F|  |TAMS 0x000000040b800000, 0x000000040b800000| Untracked 
|  43|0x000000040bc00000, 0x000000040bc00000, 0x000000040c000000|  0%| F|  |TAMS 0x000000040bc00000, 0x000000040bc00000| Untracked 
|  44|0x000000040c000000, 0x000000040c000000, 0x000000040c400000|  0%| F|  |TAMS 0x000000040c000000, 0x000000040c000000| Untracked 
|  45|0x000000040c400000, 0x000000040c400000, 0x000000040c800000|  0%| F|  |TAMS 0x000000040c400000, 0x000000040c400000| Untracked 
|  46|0x000000040c800000, 0x000000040c800000, 0x000000040cc00000|  0%| F|  |TAMS 0x000000040c800000, 0x000000040c800000| Untracked 
|  47|0x000000040cc00000, 0x000000040cc00000, 0x000000040d000000|  0%| F|  |TAMS 0x000000040cc00000, 0x000000040cc00000| Untracked 
|  48|0x000000040d000000, 0x000000040d000000, 0x000000040d400000|  0%| F|  |TAMS 0x000000040d000000, 0x000000040d000000| Untracked 
|  49|0x000000040d400000, 0x000000040d400000, 0x000000040d800000|  0%| F|  |TAMS 0x000000040d400000, 0x000000040d400000| Untracked 
|  50|0x000000040d800000, 0x000000040d800000, 0x000000040dc00000|  0%| F|  |TAMS 0x000000040d800000, 0x000000040d800000| Untracked 
|  51|0x000000040dc00000, 0x000000040dc00000, 0x000000040e000000|  0%| F|  |TAMS 0x000000040dc00000, 0x000000040dc00000| Untracked 
|  52|0x000000040e000000, 0x000000040e000000, 0x000000040e400000|  0%| F|  |TAMS 0x000000040e000000, 0x000000040e000000| Untracked 
|  53|0x000000040e400000, 0x000000040e400000, 0x000000040e800000|  0%| F|  |TAMS 0x000000040e400000, 0x000000040e400000| Untracked 
|  54|0x000000040e800000, 0x000000040e800000, 0x000000040ec00000|  0%| F|  |TAMS 0x000000040e800000, 0x000000040e800000| Untracked 
|  55|0x000000040ec00000, 0x000000040ec00000, 0x000000040f000000|  0%| F|  |TAMS 0x000000040ec00000, 0x000000040ec00000| Untracked 
|  56|0x000000040f000000, 0x000000040f000000, 0x000000040f400000|  0%| F|  |TAMS 0x000000040f000000, 0x000000040f000000| Untracked 
|  57|0x000000040f400000, 0x000000040f400000, 0x000000040f800000|  0%| F|  |TAMS 0x000000040f400000, 0x000000040f400000| Untracked 
|  58|0x000000040f800000, 0x000000040f800000, 0x000000040fc00000|  0%| F|  |TAMS 0x000000040f800000, 0x000000040f800000| Untracked 
|  59|0x000000040fc00000, 0x000000040fc00000, 0x0000000410000000|  0%| F|  |TAMS 0x000000040fc00000, 0x000000040fc00000| Untracked 
|  60|0x0000000410000000, 0x0000000410000000, 0x0000000410400000|  0%| F|  |TAMS 0x0000000410000000, 0x0000000410000000| Untracked 
|  61|0x0000000410400000, 0x0000000410400000, 0x0000000410800000|  0%| F|  |TAMS 0x0000000410400000, 0x0000000410400000| Untracked 
|  62|0x0000000410800000, 0x0000000410800000, 0x0000000410c00000|  0%| F|  |TAMS 0x0000000410800000, 0x0000000410800000| Untracked 
|  63|0x0000000410c00000, 0x0000000410c00000, 0x0000000411000000|  0%| F|  |TAMS 0x0000000410c00000, 0x0000000410c00000| Untracked 
|  64|0x0000000411000000, 0x0000000411000000, 0x0000000411400000|  0%| F|  |TAMS 0x0000000411000000, 0x0000000411000000| Untracked 
|  65|0x0000000411400000, 0x0000000411400000, 0x0000000411800000|  0%| F|  |TAMS 0x0000000411400000, 0x0000000411400000| Untracked 
|  66|0x0000000411800000, 0x0000000411800000, 0x0000000411c00000|  0%| F|  |TAMS 0x0000000411800000, 0x0000000411800000| Untracked 
|  67|0x0000000411c00000, 0x0000000411c00000, 0x0000000412000000|  0%| F|  |TAMS 0x0000000411c00000, 0x0000000411c00000| Untracked 
|  68|0x0000000412000000, 0x0000000412000000, 0x0000000412400000|  0%| F|  |TAMS 0x0000000412000000, 0x0000000412000000| Untracked 
|  69|0x0000000412400000, 0x0000000412400000, 0x0000000412800000|  0%| F|  |TAMS 0x0000000412400000, 0x0000000412400000| Untracked 
|  70|0x0000000412800000, 0x0000000412800000, 0x0000000412c00000|  0%| F|  |TAMS 0x0000000412800000, 0x0000000412800000| Untracked 
|  71|0x0000000412c00000, 0x0000000412c00000, 0x0000000413000000|  0%| F|  |TAMS 0x0000000412c00000, 0x0000000412c00000| Untracked 
|  72|0x0000000413000000, 0x0000000413000000, 0x0000000413400000|  0%| F|  |TAMS 0x0000000413000000, 0x0000000413000000| Untracked 
|  73|0x0000000413400000, 0x0000000413400000, 0x0000000413800000|  0%| F|  |TAMS 0x0000000413400000, 0x0000000413400000| Untracked 
|  74|0x0000000413800000, 0x0000000413800000, 0x0000000413c00000|  0%| F|  |TAMS 0x0000000413800000, 0x0000000413800000| Untracked 
|  75|0x0000000413c00000, 0x0000000413c00000, 0x0000000414000000|  0%| F|  |TAMS 0x0000000413c00000, 0x0000000413c00000| Untracked 
|  76|0x0000000414000000, 0x0000000414000000, 0x0000000414400000|  0%| F|  |TAMS 0x0000000414000000, 0x0000000414000000| Untracked 
|  77|0x0000000414400000, 0x0000000414400000, 0x0000000414800000|  0%| F|  |TAMS 0x0000000414400000, 0x0000000414400000| Untracked 
|  78|0x0000000414800000, 0x0000000414800000, 0x0000000414c00000|  0%| F|  |TAMS 0x0000000414800000, 0x0000000414800000| Untracked 
|  79|0x0000000414c00000, 0x0000000414c00000, 0x0000000415000000|  0%| F|  |TAMS 0x0000000414c00000, 0x0000000414c00000| Untracked 
|  80|0x0000000415000000, 0x0000000415000000, 0x0000000415400000|  0%| F|  |TAMS 0x0000000415000000, 0x0000000415000000| Untracked 
|  81|0x0000000415400000, 0x0000000415400000, 0x0000000415800000|  0%| F|  |TAMS 0x0000000415400000, 0x0000000415400000| Untracked 
|  82|0x0000000415800000, 0x0000000415800000, 0x0000000415c00000|  0%| F|  |TAMS 0x0000000415800000, 0x0000000415800000| Untracked 
|  83|0x0000000415c00000, 0x0000000415c00000, 0x0000000416000000|  0%| F|  |TAMS 0x0000000415c00000, 0x0000000415c00000| Untracked 
|  84|0x0000000416000000, 0x0000000416000000, 0x0000000416400000|  0%| F|  |TAMS 0x0000000416000000, 0x0000000416000000| Untracked 
|  85|0x0000000416400000, 0x0000000416400000, 0x0000000416800000|  0%| F|  |TAMS 0x0000000416400000, 0x0000000416400000| Untracked 
|  86|0x0000000416800000, 0x0000000416800000, 0x0000000416c00000|  0%| F|  |TAMS 0x0000000416800000, 0x0000000416800000| Untracked 
|  87|0x0000000416c00000, 0x0000000416c00000, 0x0000000417000000|  0%| F|  |TAMS 0x0000000416c00000, 0x0000000416c00000| Untracked 
|  88|0x0000000417000000, 0x0000000417000000, 0x0000000417400000|  0%| F|  |TAMS 0x0000000417000000, 0x0000000417000000| Untracked 
|  89|0x0000000417400000, 0x0000000417400000, 0x0000000417800000|  0%| F|  |TAMS 0x0000000417400000, 0x0000000417400000| Untracked 
|  90|0x0000000417800000, 0x0000000417800000, 0x0000000417c00000|  0%| F|  |TAMS 0x0000000417800000, 0x0000000417800000| Untracked 
|  91|0x0000000417c00000, 0x0000000417c00000, 0x0000000418000000|  0%| F|  |TAMS 0x0000000417c00000, 0x0000000417c00000| Untracked 
|  92|0x0000000418000000, 0x0000000418000000, 0x0000000418400000|  0%| F|  |TAMS 0x0000000418000000, 0x0000000418000000| Untracked 
|  93|0x0000000418400000, 0x0000000418400000, 0x0000000418800000|  0%| F|  |TAMS 0x0000000418400000, 0x0000000418400000| Untracked 
|  94|0x0000000418800000, 0x0000000418800000, 0x0000000418c00000|  0%| F|  |TAMS 0x0000000418800000, 0x0000000418800000| Untracked 
|  95|0x0000000418c00000, 0x0000000418c00000, 0x0000000419000000|  0%| F|  |TAMS 0x0000000418c00000, 0x0000000418c00000| Untracked 
|  96|0x0000000419000000, 0x0000000419000000, 0x0000000419400000|  0%| F|  |TAMS 0x0000000419000000, 0x0000000419000000| Untracked 
|  97|0x0000000419400000, 0x0000000419400000, 0x0000000419800000|  0%| F|  |TAMS 0x0000000419400000, 0x0000000419400000| Untracked 
|  98|0x0000000419800000, 0x0000000419800000, 0x0000000419c00000|  0%| F|  |TAMS 0x0000000419800000, 0x0000000419800000| Untracked 
|  99|0x0000000419c00000, 0x0000000419c00000, 0x000000041a000000|  0%| F|  |TAMS 0x0000000419c00000, 0x0000000419c00000| Untracked 
| 100|0x000000041a000000, 0x000000041a000000, 0x000000041a400000|  0%| F|  |TAMS 0x000000041a000000, 0x000000041a000000| Untracked 
| 101|0x000000041a400000, 0x000000041a400000, 0x000000041a800000|  0%| F|  |TAMS 0x000000041a400000, 0x000000041a400000| Untracked 
| 102|0x000000041a800000, 0x000000041a800000, 0x000000041ac00000|  0%| F|  |TAMS 0x000000041a800000, 0x000000041a800000| Untracked 
| 103|0x000000041ac00000, 0x000000041ac00000, 0x000000041b000000|  0%| F|  |TAMS 0x000000041ac00000, 0x000000041ac00000| Untracked 
| 104|0x000000041b000000, 0x000000041b000000, 0x000000041b400000|  0%| F|  |TAMS 0x000000041b000000, 0x000000041b000000| Untracked 
| 105|0x000000041b400000, 0x000000041b400000, 0x000000041b800000|  0%| F|  |TAMS 0x000000041b400000, 0x000000041b400000| Untracked 
| 106|0x000000041b800000, 0x000000041b800000, 0x000000041bc00000|  0%| F|  |TAMS 0x000000041b800000, 0x000000041b800000| Untracked 
| 107|0x000000041bc00000, 0x000000041bc00000, 0x000000041c000000|  0%| F|  |TAMS 0x000000041bc00000, 0x000000041bc00000| Untracked 
| 108|0x000000041c000000, 0x000000041c000000, 0x000000041c400000|  0%| F|  |TAMS 0x000000041c000000, 0x000000041c000000| Untracked 
| 109|0x000000041c400000, 0x000000041c400000, 0x000000041c800000|  0%| F|  |TAMS 0x000000041c400000, 0x000000041c400000| Untracked 
| 110|0x000000041c800000, 0x000000041c800000, 0x000000041cc00000|  0%| F|  |TAMS 0x000000041c800000, 0x000000041c800000| Untracked 
| 111|0x000000041cc00000, 0x000000041cc00000, 0x000000041d000000|  0%| F|  |TAMS 0x000000041cc00000, 0x000000041cc00000| Untracked 
| 112|0x000000041d000000, 0x000000041d000000, 0x000000041d400000|  0%| F|  |TAMS 0x000000041d000000, 0x000000041d000000| Untracked 
| 113|0x000000041d400000, 0x000000041d400000, 0x000000041d800000|  0%| F|  |TAMS 0x000000041d400000, 0x000000041d400000| Untracked 
| 114|0x000000041d800000, 0x000000041d800000, 0x000000041dc00000|  0%| F|  |TAMS 0x000000041d800000, 0x000000041d800000| Untracked 
| 115|0x000000041dc00000, 0x000000041dc00000, 0x000000041e000000|  0%| F|  |TAMS 0x000000041dc00000, 0x000000041dc00000| Untracked 
| 116|0x000000041e000000, 0x000000041e000000, 0x000000041e400000|  0%| F|  |TAMS 0x000000041e000000, 0x000000041e000000| Untracked 
| 117|0x000000041e400000, 0x000000041e400000, 0x000000041e800000|  0%| F|  |TAMS 0x000000041e400000, 0x000000041e400000| Untracked 
| 118|0x000000041e800000, 0x000000041e800000, 0x000000041ec00000|  0%| F|  |TAMS 0x000000041e800000, 0x000000041e800000| Untracked 
| 119|0x000000041ec00000, 0x000000041ec00000, 0x000000041f000000|  0%| F|  |TAMS 0x000000041ec00000, 0x000000041ec00000| Untracked 
| 120|0x000000041f000000, 0x000000041f000000, 0x000000041f400000|  0%| F|  |TAMS 0x000000041f000000, 0x000000041f000000| Untracked 
| 121|0x000000041f400000, 0x000000041f400000, 0x000000041f800000|  0%| F|  |TAMS 0x000000041f400000, 0x000000041f400000| Untracked 
| 122|0x000000041f800000, 0x000000041f800000, 0x000000041fc00000|  0%| F|  |TAMS 0x000000041f800000, 0x000000041f800000| Untracked 
| 123|0x000000041fc00000, 0x000000041fc00000, 0x0000000420000000|  0%| F|  |TAMS 0x000000041fc00000, 0x000000041fc00000| Untracked 
| 124|0x0000000420000000, 0x0000000420000000, 0x0000000420400000|  0%| F|  |TAMS 0x0000000420000000, 0x0000000420000000| Untracked 
| 125|0x0000000420400000, 0x0000000420400000, 0x0000000420800000|  0%| F|  |TAMS 0x0000000420400000, 0x0000000420400000| Untracked 
| 126|0x0000000420800000, 0x0000000420800000, 0x0000000420c00000|  0%| F|  |TAMS 0x0000000420800000, 0x0000000420800000| Untracked 
| 127|0x0000000420c00000, 0x0000000420c00000, 0x0000000421000000|  0%| F|  |TAMS 0x0000000420c00000, 0x0000000420c00000| Untracked 
| 128|0x0000000421000000, 0x0000000421000000, 0x0000000421400000|  0%| F|  |TAMS 0x0000000421000000, 0x0000000421000000| Untracked 
| 129|0x0000000421400000, 0x0000000421400000, 0x0000000421800000|  0%| F|  |TAMS 0x0000000421400000, 0x0000000421400000| Untracked 
| 130|0x0000000421800000, 0x0000000421800000, 0x0000000421c00000|  0%| F|  |TAMS 0x0000000421800000, 0x0000000421800000| Untracked 
| 131|0x0000000421c00000, 0x0000000421c00000, 0x0000000422000000|  0%| F|  |TAMS 0x0000000421c00000, 0x0000000421c00000| Untracked 
| 132|0x0000000422000000, 0x0000000422000000, 0x0000000422400000|  0%| F|  |TAMS 0x0000000422000000, 0x0000000422000000| Untracked 
| 133|0x0000000422400000, 0x0000000422400000, 0x0000000422800000|  0%| F|  |TAMS 0x0000000422400000, 0x0000000422400000| Untracked 
| 134|0x0000000422800000, 0x0000000422800000, 0x0000000422c00000|  0%| F|  |TAMS 0x0000000422800000, 0x0000000422800000| Untracked 
| 135|0x0000000422c00000, 0x0000000422c00000, 0x0000000423000000|  0%| F|  |TAMS 0x0000000422c00000, 0x0000000422c00000| Untracked 
| 136|0x0000000423000000, 0x0000000423000000, 0x0000000423400000|  0%| F|  |TAMS 0x0000000423000000, 0x0000000423000000| Untracked 
| 137|0x0000000423400000, 0x0000000423400000, 0x0000000423800000|  0%| F|  |TAMS 0x0000000423400000, 0x0000000423400000| Untracked 
| 138|0x0000000423800000, 0x0000000423800000, 0x0000000423c00000|  0%| F|  |TAMS 0x0000000423800000, 0x0000000423800000| Untracked 
| 139|0x0000000423c00000, 0x0000000423c00000, 0x0000000424000000|  0%| F|  |TAMS 0x0000000423c00000, 0x0000000423c00000| Untracked 
| 140|0x0000000424000000, 0x0000000424000000, 0x0000000424400000|  0%| F|  |TAMS 0x0000000424000000, 0x0000000424000000| Untracked 
| 141|0x0000000424400000, 0x0000000424400000, 0x0000000424800000|  0%| F|  |TAMS 0x0000000424400000, 0x0000000424400000| Untracked 
| 142|0x0000000424800000, 0x0000000424800000, 0x0000000424c00000|  0%| F|  |TAMS 0x0000000424800000, 0x0000000424800000| Untracked 
| 143|0x0000000424c00000, 0x0000000424c00000, 0x0000000425000000|  0%| F|  |TAMS 0x0000000424c00000, 0x0000000424c00000| Untracked 
| 144|0x0000000425000000, 0x0000000425000000, 0x0000000425400000|  0%| F|  |TAMS 0x0000000425000000, 0x0000000425000000| Untracked 
| 145|0x0000000425400000, 0x0000000425400000, 0x0000000425800000|  0%| F|  |TAMS 0x0000000425400000, 0x0000000425400000| Untracked 
| 146|0x0000000425800000, 0x0000000425800000, 0x0000000425c00000|  0%| F|  |TAMS 0x0000000425800000, 0x0000000425800000| Untracked 
| 147|0x0000000425c00000, 0x0000000425c00000, 0x0000000426000000|  0%| F|  |TAMS 0x0000000425c00000, 0x0000000425c00000| Untracked 
| 148|0x0000000426000000, 0x0000000426000000, 0x0000000426400000|  0%| F|  |TAMS 0x0000000426000000, 0x0000000426000000| Untracked 
| 149|0x0000000426400000, 0x0000000426400000, 0x0000000426800000|  0%| F|  |TAMS 0x0000000426400000, 0x0000000426400000| Untracked 
| 150|0x0000000426800000, 0x0000000426800000, 0x0000000426c00000|  0%| F|  |TAMS 0x0000000426800000, 0x0000000426800000| Untracked 
| 151|0x0000000426c00000, 0x0000000426c00000, 0x0000000427000000|  0%| F|  |TAMS 0x0000000426c00000, 0x0000000426c00000| Untracked 
| 152|0x0000000427000000, 0x0000000427000000, 0x0000000427400000|  0%| F|  |TAMS 0x0000000427000000, 0x0000000427000000| Untracked 
| 153|0x0000000427400000, 0x0000000427400000, 0x0000000427800000|  0%| F|  |TAMS 0x0000000427400000, 0x0000000427400000| Untracked 
| 154|0x0000000427800000, 0x0000000427800000, 0x0000000427c00000|  0%| F|  |TAMS 0x0000000427800000, 0x0000000427800000| Untracked 
| 155|0x0000000427c00000, 0x0000000427c00000, 0x0000000428000000|  0%| F|  |TAMS 0x0000000427c00000, 0x0000000427c00000| Untracked 
| 156|0x0000000428000000, 0x0000000428000000, 0x0000000428400000|  0%| F|  |TAMS 0x0000000428000000, 0x0000000428000000| Untracked 
| 157|0x0000000428400000, 0x0000000428400000, 0x0000000428800000|  0%| F|  |TAMS 0x0000000428400000, 0x0000000428400000| Untracked 
| 158|0x0000000428800000, 0x0000000428800000, 0x0000000428c00000|  0%| F|  |TAMS 0x0000000428800000, 0x0000000428800000| Untracked 
| 159|0x0000000428c00000, 0x0000000428c00000, 0x0000000429000000|  0%| F|  |TAMS 0x0000000428c00000, 0x0000000428c00000| Untracked 
| 160|0x0000000429000000, 0x0000000429000000, 0x0000000429400000|  0%| F|  |TAMS 0x0000000429000000, 0x0000000429000000| Untracked 
| 161|0x0000000429400000, 0x0000000429400000, 0x0000000429800000|  0%| F|  |TAMS 0x0000000429400000, 0x0000000429400000| Untracked 
| 162|0x0000000429800000, 0x0000000429800000, 0x0000000429c00000|  0%| F|  |TAMS 0x0000000429800000, 0x0000000429800000| Untracked 
| 163|0x0000000429c00000, 0x0000000429c00000, 0x000000042a000000|  0%| F|  |TAMS 0x0000000429c00000, 0x0000000429c00000| Untracked 
| 164|0x000000042a000000, 0x000000042a000000, 0x000000042a400000|  0%| F|  |TAMS 0x000000042a000000, 0x000000042a000000| Untracked 
| 165|0x000000042a400000, 0x000000042a400000, 0x000000042a800000|  0%| F|  |TAMS 0x000000042a400000, 0x000000042a400000| Untracked 
| 166|0x000000042a800000, 0x000000042a800000, 0x000000042ac00000|  0%| F|  |TAMS 0x000000042a800000, 0x000000042a800000| Untracked 
| 167|0x000000042ac00000, 0x000000042ac00000, 0x000000042b000000|  0%| F|  |TAMS 0x000000042ac00000, 0x000000042ac00000| Untracked 
| 168|0x000000042b000000, 0x000000042b000000, 0x000000042b400000|  0%| F|  |TAMS 0x000000042b000000, 0x000000042b000000| Untracked 
| 169|0x000000042b400000, 0x000000042b400000, 0x000000042b800000|  0%| F|  |TAMS 0x000000042b400000, 0x000000042b400000| Untracked 
| 170|0x000000042b800000, 0x000000042b800000, 0x000000042bc00000|  0%| F|  |TAMS 0x000000042b800000, 0x000000042b800000| Untracked 
| 171|0x000000042bc00000, 0x000000042bc00000, 0x000000042c000000|  0%| F|  |TAMS 0x000000042bc00000, 0x000000042bc00000| Untracked 
| 172|0x000000042c000000, 0x000000042c000000, 0x000000042c400000|  0%| F|  |TAMS 0x000000042c000000, 0x000000042c000000| Untracked 
| 173|0x000000042c400000, 0x000000042c400000, 0x000000042c800000|  0%| F|  |TAMS 0x000000042c400000, 0x000000042c400000| Untracked 
| 174|0x000000042c800000, 0x000000042c800000, 0x000000042cc00000|  0%| F|  |TAMS 0x000000042c800000, 0x000000042c800000| Untracked 
| 175|0x000000042cc00000, 0x000000042cc00000, 0x000000042d000000|  0%| F|  |TAMS 0x000000042cc00000, 0x000000042cc00000| Untracked 
| 176|0x000000042d000000, 0x000000042d000000, 0x000000042d400000|  0%| F|  |TAMS 0x000000042d000000, 0x000000042d000000| Untracked 
| 177|0x000000042d400000, 0x000000042d400000, 0x000000042d800000|  0%| F|  |TAMS 0x000000042d400000, 0x000000042d400000| Untracked 
| 178|0x000000042d800000, 0x000000042d800000, 0x000000042dc00000|  0%| F|  |TAMS 0x000000042d800000, 0x000000042d800000| Untracked 
| 179|0x000000042dc00000, 0x000000042dc00000, 0x000000042e000000|  0%| F|  |TAMS 0x000000042dc00000, 0x000000042dc00000| Untracked 
| 180|0x000000042e000000, 0x000000042e000000, 0x000000042e400000|  0%| F|  |TAMS 0x000000042e000000, 0x000000042e000000| Untracked 
| 181|0x000000042e400000, 0x000000042e400000, 0x000000042e800000|  0%| F|  |TAMS 0x000000042e400000, 0x000000042e400000| Untracked 
| 182|0x000000042e800000, 0x000000042e800000, 0x000000042ec00000|  0%| F|  |TAMS 0x000000042e800000, 0x000000042e800000| Untracked 
| 183|0x000000042ec00000, 0x000000042ec00000, 0x000000042f000000|  0%| F|  |TAMS 0x000000042ec00000, 0x000000042ec00000| Untracked 
| 184|0x000000042f000000, 0x000000042f000000, 0x000000042f400000|  0%| F|  |TAMS 0x000000042f000000, 0x000000042f000000| Untracked 
| 185|0x000000042f400000, 0x000000042f400000, 0x000000042f800000|  0%| F|  |TAMS 0x000000042f400000, 0x000000042f400000| Untracked 
| 186|0x000000042f800000, 0x000000042f800000, 0x000000042fc00000|  0%| F|  |TAMS 0x000000042f800000, 0x000000042f800000| Untracked 
| 187|0x000000042fc00000, 0x000000042fc00000, 0x0000000430000000|  0%| F|  |TAMS 0x000000042fc00000, 0x000000042fc00000| Untracked 
| 188|0x0000000430000000, 0x0000000430000000, 0x0000000430400000|  0%| F|  |TAMS 0x0000000430000000, 0x0000000430000000| Untracked 
| 189|0x0000000430400000, 0x0000000430400000, 0x0000000430800000|  0%| F|  |TAMS 0x0000000430400000, 0x0000000430400000| Untracked 
| 190|0x0000000430800000, 0x0000000430800000, 0x0000000430c00000|  0%| F|  |TAMS 0x0000000430800000, 0x0000000430800000| Untracked 
| 191|0x0000000430c00000, 0x0000000430c00000, 0x0000000431000000|  0%| F|  |TAMS 0x0000000430c00000, 0x0000000430c00000| Untracked 
| 192|0x0000000431000000, 0x0000000431000000, 0x0000000431400000|  0%| F|  |TAMS 0x0000000431000000, 0x0000000431000000| Untracked 
| 193|0x0000000431400000, 0x0000000431400000, 0x0000000431800000|  0%| F|  |TAMS 0x0000000431400000, 0x0000000431400000| Untracked 
| 194|0x0000000431800000, 0x0000000431800000, 0x0000000431c00000|  0%| F|  |TAMS 0x0000000431800000, 0x0000000431800000| Untracked 
| 195|0x0000000431c00000, 0x0000000431c00000, 0x0000000432000000|  0%| F|  |TAMS 0x0000000431c00000, 0x0000000431c00000| Untracked 
| 196|0x0000000432000000, 0x0000000432000000, 0x0000000432400000|  0%| F|  |TAMS 0x0000000432000000, 0x0000000432000000| Untracked 
| 197|0x0000000432400000, 0x0000000432400000, 0x0000000432800000|  0%| F|  |TAMS 0x0000000432400000, 0x0000000432400000| Untracked 
| 198|0x0000000432800000, 0x0000000432800000, 0x0000000432c00000|  0%| F|  |TAMS 0x0000000432800000, 0x0000000432800000| Untracked 
| 199|0x0000000432c00000, 0x0000000432c00000, 0x0000000433000000|  0%| F|  |TAMS 0x0000000432c00000, 0x0000000432c00000| Untracked 
| 200|0x0000000433000000, 0x0000000433000000, 0x0000000433400000|  0%| F|  |TAMS 0x0000000433000000, 0x0000000433000000| Untracked 
| 201|0x0000000433400000, 0x0000000433400000, 0x0000000433800000|  0%| F|  |TAMS 0x0000000433400000, 0x0000000433400000| Untracked 
| 202|0x0000000433800000, 0x0000000433800000, 0x0000000433c00000|  0%| F|  |TAMS 0x0000000433800000, 0x0000000433800000| Untracked 
| 203|0x0000000433c00000, 0x0000000433c00000, 0x0000000434000000|  0%| F|  |TAMS 0x0000000433c00000, 0x0000000433c00000| Untracked 
| 204|0x0000000434000000, 0x0000000434000000, 0x0000000434400000|  0%| F|  |TAMS 0x0000000434000000, 0x0000000434000000| Untracked 
| 205|0x0000000434400000, 0x0000000434400000, 0x0000000434800000|  0%| F|  |TAMS 0x0000000434400000, 0x0000000434400000| Untracked 
| 206|0x0000000434800000, 0x0000000434800000, 0x0000000434c00000|  0%| F|  |TAMS 0x0000000434800000, 0x0000000434800000| Untracked 
| 207|0x0000000434c00000, 0x0000000434c00000, 0x0000000435000000|  0%| F|  |TAMS 0x0000000434c00000, 0x0000000434c00000| Untracked 
| 208|0x0000000435000000, 0x0000000435000000, 0x0000000435400000|  0%| F|  |TAMS 0x0000000435000000, 0x0000000435000000| Untracked 
| 209|0x0000000435400000, 0x0000000435400000, 0x0000000435800000|  0%| F|  |TAMS 0x0000000435400000, 0x0000000435400000| Untracked 
| 210|0x0000000435800000, 0x0000000435800000, 0x0000000435c00000|  0%| F|  |TAMS 0x0000000435800000, 0x0000000435800000| Untracked 
| 211|0x0000000435c00000, 0x0000000435c00000, 0x0000000436000000|  0%| F|  |TAMS 0x0000000435c00000, 0x0000000435c00000| Untracked 
| 212|0x0000000436000000, 0x0000000436000000, 0x0000000436400000|  0%| F|  |TAMS 0x0000000436000000, 0x0000000436000000| Untracked 
| 213|0x0000000436400000, 0x0000000436400000, 0x0000000436800000|  0%| F|  |TAMS 0x0000000436400000, 0x0000000436400000| Untracked 
| 214|0x0000000436800000, 0x0000000436800000, 0x0000000436c00000|  0%| F|  |TAMS 0x0000000436800000, 0x0000000436800000| Untracked 
| 215|0x0000000436c00000, 0x0000000436c00000, 0x0000000437000000|  0%| F|  |TAMS 0x0000000436c00000, 0x0000000436c00000| Untracked 
| 216|0x0000000437000000, 0x0000000437000000, 0x0000000437400000|  0%| F|  |TAMS 0x0000000437000000, 0x0000000437000000| Untracked 
| 217|0x0000000437400000, 0x0000000437400000, 0x0000000437800000|  0%| F|  |TAMS 0x0000000437400000, 0x0000000437400000| Untracked 
| 218|0x0000000437800000, 0x0000000437800000, 0x0000000437c00000|  0%| F|  |TAMS 0x0000000437800000, 0x0000000437800000| Untracked 
| 219|0x0000000437c00000, 0x0000000437c00000, 0x0000000438000000|  0%| F|  |TAMS 0x0000000437c00000, 0x0000000437c00000| Untracked 
| 220|0x0000000438000000, 0x0000000438000000, 0x0000000438400000|  0%| F|  |TAMS 0x0000000438000000, 0x0000000438000000| Untracked 
| 221|0x0000000438400000, 0x0000000438400000, 0x0000000438800000|  0%| F|  |TAMS 0x0000000438400000, 0x0000000438400000| Untracked 
| 222|0x0000000438800000, 0x0000000438800000, 0x0000000438c00000|  0%| F|  |TAMS 0x0000000438800000, 0x0000000438800000| Untracked 
| 223|0x0000000438c00000, 0x0000000438c00000, 0x0000000439000000|  0%| F|  |TAMS 0x0000000438c00000, 0x0000000438c00000| Untracked 
| 224|0x0000000439000000, 0x0000000439000000, 0x0000000439400000|  0%| F|  |TAMS 0x0000000439000000, 0x0000000439000000| Untracked 
| 225|0x0000000439400000, 0x0000000439400000, 0x0000000439800000|  0%| F|  |TAMS 0x0000000439400000, 0x0000000439400000| Untracked 
| 226|0x0000000439800000, 0x0000000439800000, 0x0000000439c00000|  0%| F|  |TAMS 0x0000000439800000, 0x0000000439800000| Untracked 
| 227|0x0000000439c00000, 0x0000000439c00000, 0x000000043a000000|  0%| F|  |TAMS 0x0000000439c00000, 0x0000000439c00000| Untracked 
| 228|0x000000043a000000, 0x000000043a400000, 0x000000043a400000|100%| E|  |TAMS 0x000000043a000000, 0x000000043a000000| Complete 
| 229|0x000000043a400000, 0x000000043a800000, 0x000000043a800000|100%| E|CS|TAMS 0x000000043a400000, 0x000000043a400000| Complete 
| 230|0x000000043a800000, 0x000000043ac00000, 0x000000043ac00000|100%| E|CS|TAMS 0x000000043a800000, 0x000000043a800000| Complete 
| 231|0x000000043ac00000, 0x000000043b000000, 0x000000043b000000|100%| E|CS|TAMS 0x000000043ac00000, 0x000000043ac00000| Complete 
| 232|0x000000043b000000, 0x000000043b400000, 0x000000043b400000|100%| E|CS|TAMS 0x000000043b000000, 0x000000043b000000| Complete 
| 233|0x000000043b400000, 0x000000043b800000, 0x000000043b800000|100%| E|CS|TAMS 0x000000043b400000, 0x000000043b400000| Complete 
| 234|0x000000043b800000, 0x000000043bc00000, 0x000000043bc00000|100%| E|CS|TAMS 0x000000043b800000, 0x000000043b800000| Complete 
| 235|0x000000043bc00000, 0x000000043c000000, 0x000000043c000000|100%| E|CS|TAMS 0x000000043bc00000, 0x000000043bc00000| Complete 
| 236|0x000000043c000000, 0x000000043c400000, 0x000000043c400000|100%| E|CS|TAMS 0x000000043c000000, 0x000000043c000000| Complete 
| 237|0x000000043c400000, 0x000000043c800000, 0x000000043c800000|100%| E|CS|TAMS 0x000000043c400000, 0x000000043c400000| Complete 
| 238|0x000000043c800000, 0x000000043cc00000, 0x000000043cc00000|100%| E|CS|TAMS 0x000000043c800000, 0x000000043c800000| Complete 
| 239|0x000000043cc00000, 0x000000043d000000, 0x000000043d000000|100%| E|CS|TAMS 0x000000043cc00000, 0x000000043cc00000| Complete 
| 240|0x000000043d000000, 0x000000043d400000, 0x000000043d400000|100%| E|CS|TAMS 0x000000043d000000, 0x000000043d000000| Complete 
| 241|0x000000043d400000, 0x000000043d800000, 0x000000043d800000|100%| E|CS|TAMS 0x000000043d400000, 0x000000043d400000| Complete 
| 242|0x000000043d800000, 0x000000043d85dd68, 0x000000043dc00000|  9%| S|CS|TAMS 0x000000043d800000, 0x000000043d800000| Complete 
| 243|0x000000043dc00000, 0x000000043e000000, 0x000000043e000000|100%| S|CS|TAMS 0x000000043dc00000, 0x000000043dc00000| Complete 
| 244|0x000000043e000000, 0x000000043e400000, 0x000000043e400000|100%| E|CS|TAMS 0x000000043e000000, 0x000000043e000000| Complete 
| 245|0x000000043e400000, 0x000000043e800000, 0x000000043e800000|100%| E|CS|TAMS 0x000000043e400000, 0x000000043e400000| Complete 
| 246|0x000000043e800000, 0x000000043ec00000, 0x000000043ec00000|100%| E|CS|TAMS 0x000000043e800000, 0x000000043e800000| Complete 
| 247|0x000000043ec00000, 0x000000043f000000, 0x000000043f000000|100%| E|CS|TAMS 0x000000043ec00000, 0x000000043ec00000| Complete 
| 248|0x000000043f000000, 0x000000043f400000, 0x000000043f400000|100%| E|CS|TAMS 0x000000043f000000, 0x000000043f000000| Complete 
| 249|0x000000043f400000, 0x000000043f800000, 0x000000043f800000|100%| E|CS|TAMS 0x000000043f400000, 0x000000043f400000| Complete 
| 250|0x000000043f800000, 0x000000043fc00000, 0x000000043fc00000|100%| E|CS|TAMS 0x000000043f800000, 0x000000043f800000| Complete 
| 251|0x000000043fc00000, 0x0000000440000000, 0x0000000440000000|100%| E|CS|TAMS 0x000000043fc00000, 0x000000043fc00000| Complete 
| 252|0x0000000440000000, 0x0000000440400000, 0x0000000440400000|100%| E|CS|TAMS 0x0000000440000000, 0x0000000440000000| Complete 
| 253|0x0000000440400000, 0x0000000440800000, 0x0000000440800000|100%| E|CS|TAMS 0x0000000440400000, 0x0000000440400000| Complete 
| 254|0x0000000440800000, 0x0000000440c00000, 0x0000000440c00000|100%| E|CS|TAMS 0x0000000440800000, 0x0000000440800000| Complete 
| 255|0x0000000440c00000, 0x0000000441000000, 0x0000000441000000|100%| E|CS|TAMS 0x0000000440c00000, 0x0000000440c00000| Complete 

Card table byte_map: [0x000001eb17330000,0x000001eb19330000] _byte_map_base: 0x000001eb15328000

Marking Bits (Prev, Next): (CMBitMap*) 0x000001eb7c1f7c88, (CMBitMap*) 0x000001eb7c1f7cc8
 Prev Bits: [0x000001eb1b330000, 0x000001eb2b2f0000)
 Next Bits: [0x000001eb2b2f0000, 0x000001eb3b2b0000)

Polling page: 0x000001eb79f90000

Metaspace:

Usage:
  Non-class:     16.25 MB capacity,    15.76 MB ( 97%) used,   432.20 KB (  3%) free+waste,    75.25 KB ( <1%) overhead. 
      Class:      2.30 MB capacity,     2.03 MB ( 88%) used,   245.52 KB ( 10%) free+waste,    37.44 KB (  2%) overhead. 
       Both:     18.55 MB capacity,    17.78 MB ( 96%) used,   677.72 KB (  4%) free+waste,   112.69 KB ( <1%) overhead. 

Virtual space:
  Non-class space:       18.00 MB reserved,      16.50 MB ( 92%) committed 
      Class space:        1.00 GB reserved,       2.38 MB ( <1%) committed 
             Both:        1.02 GB reserved,      18.88 MB (  2%) committed 

Chunk freelists:
   Non-Class:  256 bytes
       Class:  1.25 KB
        Both:  1.50 KB

CodeHeap 'non-profiled nmethods': size=119168Kb used=952Kb max_used=952Kb free=118215Kb
 bounds [0x000001eb0fed0000, 0x000001eb10140000, 0x000001eb17330000]
CodeHeap 'profiled nmethods': size=119168Kb used=5010Kb max_used=5010Kb free=114157Kb
 bounds [0x000001eb08a70000, 0x000001eb08f60000, 0x000001eb0fed0000]
CodeHeap 'non-nmethods': size=7424Kb used=1321Kb max_used=3026Kb free=6102Kb
 bounds [0x000001eb08330000, 0x000001eb08630000, 0x000001eb08a70000]
 total_blobs=3301 nmethods=2285 adapters=510
 compilation: enabled
              stopped_count=0, restarted_count=0
 full_count=0

Compilation events (10 events):
Event: 13.283 Thread 0x000001eb7fed5800 nmethod 2281 0x000001eb08f52390 code [0x000001eb08f525a0, 0x000001eb08f52d20]
Event: 13.284 Thread 0x000001eb3ef4e800 2282       1       java.util.concurrent.atomic.AtomicInteger::get (5 bytes)
Event: 13.284 Thread 0x000001eb7fda1800 2283       3       java.nio.Buffer::nextPutIndex (31 bytes)
Event: 13.284 Thread 0x000001eb3ef4e800 nmethod 2282 0x000001eb0ffbe010 code [0x000001eb0ffbe1c0, 0x000001eb0ffbe2f8]
Event: 13.284 Thread 0x000001eb7fda1800 nmethod 2283 0x000001eb08f52f10 code [0x000001eb08f530e0, 0x000001eb08f53390]
Event: 13.291 Thread 0x000001eb7fed5800 2284       3       jdk.internal.reflect.ClassFileAssembler::emitConstantPoolMethodref (28 bytes)
Event: 13.291 Thread 0x000001eb3ef4e800 2285       3       java.lang.reflect.Constructor::acquireConstructorAccessor (44 bytes)
Event: 13.291 Thread 0x000001eb7fed5800 nmethod 2284 0x000001eb08f53490 code [0x000001eb08f536e0, 0x000001eb08f53e70]
Event: 13.291 Thread 0x000001eb3ef4e800 nmethod 2285 0x000001eb08f54210 code [0x000001eb08f54420, 0x000001eb08f549c0]
Event: 66.368 Thread 0x000001eb7fda1800 2286       3       org.jgroups.util.TimeScheduler3$Task::getDelay (23 bytes)

GC Heap History (2 events):
Event: 1.216 GC heap before
{Heap before GC invocations=0 (full 0):
 garbage-first heap   total 1048576K, used 65536K [0x0000000401000000, 0x0000000800000000)
  region size 4096K, 12 young (49152K), 0 survivors (0K)
 Metaspace       used 10204K, capacity 10804K, committed 10880K, reserved 1058816K
  class space    used 1164K, capacity 1379K, committed 1408K, reserved 1048576K
}
Event: 1.220 GC heap after
{Heap after GC invocations=1 (full 0):
 garbage-first heap   total 1048576K, used 20855K [0x0000000401000000, 0x0000000800000000)
  region size 4096K, 2 young (8192K), 2 survivors (8192K)
 Metaspace       used 10204K, capacity 10804K, committed 10880K, reserved 1058816K
  class space    used 1164K, capacity 1379K, committed 1408K, reserved 1048576K
}

Deoptimization events (10 events):
Event: 1.585 Thread 0x000001eb4056b800 Uncommon trap: reason=unstable_if action=reinterpret pc=0x000001eb0ff169e4 method=java.lang.StringLatin1.regionMatchesCI([BI[BII)Z @ 66 c2
Event: 3.687 Thread 0x000001eb7c136800 Uncommon trap: reason=unstable_if action=reinterpret pc=0x000001eb0ff8fdf4 method=jdk.internal.org.objectweb.asm.MethodWriter.visitVarInsn(II)V @ 108 c2
Event: 3.689 Thread 0x000001eb7c136800 Uncommon trap: reason=class_check action=maybe_recompile pc=0x000001eb0ff24f44 method=java.lang.invoke.LambdaForm$Name.replaceNames([Ljava/lang/invoke/LambdaForm$Name;[Ljava/lang/invoke/LambdaForm$Name;II)Ljava/lang/invoke/LambdaForm$Name; @ 33 c2
Event: 3.689 Thread 0x000001eb7c136800 Uncommon trap: reason=class_check action=maybe_recompile pc=0x000001eb0ff24f44 method=java.lang.invoke.LambdaForm$Name.replaceNames([Ljava/lang/invoke/LambdaForm$Name;[Ljava/lang/invoke/LambdaForm$Name;II)Ljava/lang/invoke/LambdaForm$Name; @ 33 c2
Event: 3.790 Thread 0x000001eb7c136800 Uncommon trap: reason=class_check action=maybe_recompile pc=0x000001eb0ff7dd24 method=java.lang.reflect.Executable.declaredAnnotations()Ljava/util/Map; @ 23 c2
Event: 3.790 Thread 0x000001eb7c136800 Uncommon trap: reason=class_check action=maybe_recompile pc=0x000001eb0ff7dd24 method=java.lang.reflect.Executable.declaredAnnotations()Ljava/util/Map; @ 23 c2
Event: 3.805 Thread 0x000001eb7c136800 Uncommon trap: reason=class_check action=maybe_recompile pc=0x000001eb0ff7dd24 method=java.lang.reflect.Executable.declaredAnnotations()Ljava/util/Map; @ 23 c2
Event: 3.805 Thread 0x000001eb7c136800 Uncommon trap: reason=class_check action=maybe_recompile pc=0x000001eb0ff7dd24 method=java.lang.reflect.Executable.declaredAnnotations()Ljava/util/Map; @ 23 c2
Event: 5.034 Thread 0x000001eb40718800 Uncommon trap: reason=unstable_if action=reinterpret pc=0x000001eb0fee62d0 method=java.lang.StringLatin1.canEncode(I)Z @ 4 c2
Event: 5.034 Thread 0x000001eb40718800 Uncommon trap: reason=unstable_if action=reinterpret pc=0x000001eb0ff0cffc method=java.lang.AbstractStringBuilder.isLatin1()Z @ 10 c2

Classes redefined (0 events):
No events

Internal exceptions (10 events):
Event: 1.295 Thread 0x000001eb7c136800 Exception <a 'java/lang/NoSuchMethodError'{0x000000044076b1c0}: java.lang.invoke.DirectMethodHandle$Holder.invokeVirtual(Ljava/lang/Object;Ljava/lang/Object;Ljava/lang/Object;)I> (0x000000044076b1c0) thrown at [t:/workspace/open/src/hotspot/share/interpre
Event: 1.417 Thread 0x000001eb7c136800 Exception <a 'java/lang/NoSuchMethodError'{0x00000004401d2258}: java.lang.invoke.DirectMethodHandle$Holder.invokeVirtual(Ljava/lang/Object;Ljava/lang/Object;)I> (0x00000004401d2258) thrown at [t:/workspace/open/src/hotspot/share/interpreter/linkResolver.c
Event: 1.580 Thread 0x000001eb7c136800 Exception <a 'java/lang/NoSuchMethodError'{0x000000043fdec580}: java.lang.invoke.Invokers$Holder.linkToTargetMethod(Ljava/lang/Object;Ljava/lang/Object;ILjava/lang/Object;Ljava/lang/Object;)Ljava/lang/Object;> (0x000000043fdec580) thrown at [t:/workspace/
Event: 1.591 Thread 0x000001eb4056b800 Exception <a 'java/lang/NoSuchMethodError'{0x000000043f23d4c8}: java.lang.invoke.DirectMethodHandle$Holder.invokeInterface(Ljava/lang/Object;Ljava/lang/Object;)V> (0x000000043f23d4c8) thrown at [t:/workspace/open/src/hotspot/share/interpreter/linkResolver
Event: 3.687 Thread 0x000001eb7c136800 Implicit null exception at 0x000001eb0ff8f7ca to 0x000001eb0ff8fdea
Event: 3.689 Thread 0x000001eb7c136800 Exception <a 'java/lang/NoSuchMethodError'{0x000000043e12ab38}: java.lang.invoke.DelegatingMethodHandle$Holder.delegate(Ljava/lang/Object;Ljava/lang/Object;ILjava/lang/Object;)V> (0x000000043e12ab38) thrown at [t:/workspace/open/src/hotspot/share/interpre
Event: 3.711 Thread 0x000001eb7c136800 Exception <a 'java/lang/NoSuchMethodError'{0x000000043e3017d0}: java.lang.invoke.DirectMethodHandle$Holder.invokeStatic(Ljava/lang/Object;Ljava/lang/Object;Ljava/lang/Object;Ljava/lang/Object;)V> (0x000000043e3017d0) thrown at [t:/workspace/open/src/hotsp
Event: 3.745 Thread 0x000001eb7c136800 Exception <a 'java/lang/NoSuchMethodError'{0x000000043d61d240}: java.lang.invoke.DirectMethodHandle$Holder.invokeStatic(Ljava/lang/Object;ILjava/lang/Object;)Ljava/lang/Object;> (0x000000043d61d240) thrown at [t:/workspace/open/src/hotspot/share/interpret
Event: 3.762 Thread 0x000001eb7c136800 Exception <a 'java/lang/ClassNotFoundException'{0x000000043d77c788}: sun/nio/ch/PollSelectorImpl> (0x000000043d77c788) thrown at [t:/workspace/open/src/hotspot/share/classfile/systemDictionary.cpp, line 235]
Event: 3.778 Thread 0x000001eb7c136800 Exception <a 'java/lang/IncompatibleClassChangeError'{0x000000043d044480}: Found class java.lang.Object, but interface was expected> (0x000000043d044480) thrown at [t:/workspace/open/src/hotspot/share/interpreter/linkResolver.cpp, line 843]

Events (10 events):
Event: 53.143 Executing VM operation: GetFrameCount
Event: 53.143 Executing VM operation: GetFrameCount done
Event: 53.143 Executing VM operation: GetStackTrace
Event: 53.143 Executing VM operation: GetStackTrace done
Event: 53.159 Executing VM operation: GetFrameCount
Event: 53.159 Executing VM operation: GetFrameCount done
Event: 53.159 Executing VM operation: GetFrameCount
Event: 53.159 Executing VM operation: GetFrameCount done
Event: 53.159 Executing VM operation: GetStackTrace
Event: 53.159 Executing VM operation: GetStackTrace done


Dynamic libraries:
0x00007ff7d3650000 - 0x00007ff7d365f000 	C:\Program Files\Java\jdk-12.0.2\bin\java.exe
0x00007ffc465e0000 - 0x00007ffc467d0000 	C:\WINDOWS\SYSTEM32\ntdll.dll
0x00007ffc46320000 - 0x00007ffc463d2000 	C:\WINDOWS\System32\KERNEL32.DLL
0x00007ffc43920000 - 0x00007ffc43bc3000 	C:\WINDOWS\System32\KERNELBASE.dll
0x00007ffc43650000 - 0x00007ffc4374a000 	C:\WINDOWS\System32\ucrtbase.dll
0x00007ffc37440000 - 0x00007ffc37458000 	C:\Program Files\Java\jdk-12.0.2\bin\jli.dll
0x00007ffc40f70000 - 0x00007ffc40f86000 	C:\Program Files\Java\jdk-12.0.2\bin\VCRUNTIME140.dll
0x00007ffc44d30000 - 0x00007ffc44dd3000 	C:\WINDOWS\System32\ADVAPI32.dll
0x00007ffc46420000 - 0x00007ffc464be000 	C:\WINDOWS\System32\msvcrt.dll
0x00007ffc45a50000 - 0x00007ffc45ae7000 	C:\WINDOWS\System32\sechost.dll
0x00007ffc44840000 - 0x00007ffc44960000 	C:\WINDOWS\System32\RPCRT4.dll
0x00007ffc44990000 - 0x00007ffc44b23000 	C:\WINDOWS\System32\USER32.dll
0x00007ffc435d0000 - 0x00007ffc435f1000 	C:\WINDOWS\System32\win32u.dll
0x00007ffc38ff0000 - 0x00007ffc39275000 	C:\WINDOWS\WinSxS\amd64_microsoft.windows.common-controls_6595b64144ccf1df_6.0.18362.267_none_e6c5adbd130e444d\COMCTL32.dll
0x00007ffc463f0000 - 0x00007ffc46416000 	C:\WINDOWS\System32\GDI32.dll
0x00007ffc45560000 - 0x00007ffc45896000 	C:\WINDOWS\System32\combase.dll
0x00007ffc44450000 - 0x00007ffc445e4000 	C:\WINDOWS\System32\gdi32full.dll
0x00007ffc445f0000 - 0x00007ffc4468e000 	C:\WINDOWS\System32\msvcp_win.dll
0x00007ffc438a0000 - 0x00007ffc43920000 	C:\WINDOWS\System32\bcryptPrimitives.dll
0x00007ffc3bdc0000 - 0x00007ffc3bdca000 	C:\WINDOWS\SYSTEM32\VERSION.dll
0x00007ffc44960000 - 0x00007ffc4498e000 	C:\WINDOWS\System32\IMM32.DLL
0x00007ffc230c0000 - 0x00007ffc2316a000 	C:\Program Files\Java\jdk-12.0.2\bin\msvcp140.dll
0x00007ffbda8e0000 - 0x00007ffbdb457000 	C:\Program Files\Java\jdk-12.0.2\bin\server\jvm.dll
0x00007ffc44b30000 - 0x00007ffc44b38000 	C:\WINDOWS\System32\PSAPI.DLL
0x00007ffc420b0000 - 0x00007ffc420b9000 	C:\WINDOWS\SYSTEM32\WSOCK32.dll
0x00007ffc3f6f0000 - 0x00007ffc3f714000 	C:\WINDOWS\SYSTEM32\WINMM.dll
0x00007ffc458a0000 - 0x00007ffc4590f000 	C:\WINDOWS\System32\WS2_32.dll
0x00007ffc3f6c0000 - 0x00007ffc3f6ed000 	C:\WINDOWS\SYSTEM32\winmmbase.dll
0x00007ffc43bd0000 - 0x00007ffc43c1a000 	C:\WINDOWS\System32\cfgmgr32.dll
0x00007ffc434e0000 - 0x00007ffc434f1000 	C:\WINDOWS\System32\kernel.appcore.dll
0x00007ffc37420000 - 0x00007ffc37431000 	C:\Program Files\Java\jdk-12.0.2\bin\verify.dll
0x00007ffc41d40000 - 0x00007ffc41f34000 	C:\WINDOWS\SYSTEM32\DBGHELP.DLL
0x00007ffc3bc10000 - 0x00007ffc3bc3a000 	C:\WINDOWS\SYSTEM32\dbgcore.DLL
0x00007ffc279c0000 - 0x00007ffc279e6000 	C:\Program Files\Java\jdk-12.0.2\bin\java.dll
0x00007ffc23770000 - 0x00007ffc237a8000 	C:\Program Files\Java\jdk-12.0.2\bin\jdwp.dll
0x00007ffc357c0000 - 0x00007ffc357ce000 	C:\Program Files\Java\jdk-12.0.2\bin\instrument.dll
0x00007ffc31a00000 - 0x00007ffc31a17000 	C:\Program Files\Java\jdk-12.0.2\bin\zip.dll
0x00007ffc41ce0000 - 0x00007ffc41cea000 	C:\Program Files\Java\jdk-12.0.2\bin\jimage.dll
0x00007ffc45b60000 - 0x00007ffc46242000 	C:\WINDOWS\System32\SHELL32.dll
0x00007ffc464d0000 - 0x00007ffc46579000 	C:\WINDOWS\System32\shcore.dll
0x00007ffc43cd0000 - 0x00007ffc4444c000 	C:\WINDOWS\System32\windows.storage.dll
0x00007ffc43550000 - 0x00007ffc4356f000 	C:\WINDOWS\System32\profapi.dll
0x00007ffc43500000 - 0x00007ffc4354a000 	C:\WINDOWS\System32\powrprof.dll
0x00007ffc434b0000 - 0x00007ffc434c0000 	C:\WINDOWS\System32\UMPDC.dll
0x00007ffc45250000 - 0x00007ffc452a2000 	C:\WINDOWS\System32\shlwapi.dll
0x00007ffc43600000 - 0x00007ffc43617000 	C:\WINDOWS\System32\cryptsp.dll
0x00007ffc2d5c0000 - 0x00007ffc2d5ca000 	C:\Program Files\Java\jdk-12.0.2\bin\dt_socket.dll
0x00007ffc42d20000 - 0x00007ffc42d87000 	C:\WINDOWS\system32\mswsock.dll
0x00007ffc30610000 - 0x00007ffc30629000 	C:\Program Files\Java\jdk-12.0.2\bin\net.dll
0x00007ffc3c8d0000 - 0x00007ffc3c9c0000 	C:\WINDOWS\SYSTEM32\WINHTTP.dll
0x00007ffc386f0000 - 0x00007ffc388c6000 	C:\WINDOWS\SYSTEM32\urlmon.dll
0x00007ffc36590000 - 0x00007ffc36836000 	C:\WINDOWS\SYSTEM32\iertutil.dll
0x00007ffc42ef0000 - 0x00007ffc42efc000 	C:\WINDOWS\SYSTEM32\CRYPTBASE.DLL
0x00007ffc304b0000 - 0x00007ffc304c3000 	C:\Program Files\Java\jdk-12.0.2\bin\nio.dll
0x00007ffc42890000 - 0x00007ffc428c3000 	C:\WINDOWS\system32\rsaenh.dll
0x00007ffc43620000 - 0x00007ffc43646000 	C:\WINDOWS\System32\bcrypt.dll
0x00007ffc433d0000 - 0x00007ffc433f5000 	C:\WINDOWS\SYSTEM32\USERENV.dll
0x00007ffc42a30000 - 0x00007ffc42a6a000 	C:\WINDOWS\SYSTEM32\IPHLPAPI.DLL
0x00007ffc464c0000 - 0x00007ffc464c8000 	C:\WINDOWS\System32\NSI.dll
0x00007ffc3f9a0000 - 0x00007ffc3f9b6000 	C:\WINDOWS\SYSTEM32\dhcpcsvc6.DLL
0x00007ffc3fcf0000 - 0x00007ffc3fd0c000 	C:\WINDOWS\SYSTEM32\dhcpcsvc.DLL
0x00007ffc42a70000 - 0x00007ffc42b3a000 	C:\WINDOWS\SYSTEM32\DNSAPI.dll
0x0000000066f40000 - 0x0000000066fbe000 	C:\Users\Josue\AppData\Local\Temp\liblz4-java15044578794399890595.so
0x00007ffc3f810000 - 0x00007ffc3f887000 	C:\WINDOWS\System32\fwpuclnt.dll
0x00007ffc38260000 - 0x00007ffc3826a000 	C:\Windows\System32\rasadhlp.dll
0x00007ffc40f60000 - 0x00007ffc40f69000 	C:\Program Files\Java\jdk-12.0.2\bin\management.dll
0x00007ffc35bf0000 - 0x00007ffc35bfc000 	C:\Program Files\Java\jdk-12.0.2\bin\management_ext.dll

dbghelp: loaded successfully - version: 4.0.5 - missing functions: none
symbol engine: initialized successfully - sym options: 0x614 - pdb path: .;C:\Program Files\Java\jdk-12.0.2\bin;C:\WINDOWS\SYSTEM32;C:\WINDOWS\WinSxS\amd64_microsoft.windows.common-controls_6595b64144ccf1df_6.0.18362.267_none_e6c5adbd130e444d;C:\Program Files\Java\jdk-12.0.2\bin\server;C:\Users\Josue\AppData\Local\Temp

VM Arguments:
jvm_args: -agentlib:jdwp=transport=dt_socket,address=127.0.0.1:62009,suspend=y,server=n -Des.http.port=9000 -Des.tcp.port=10000 -Dstore.path=S:\\es-server-1 -Djava.net.preferIPv4Stack=true -Djgroups.bind_addr=127.0.0.1 -javaagent:C:\Users\Josue\AppData\Local\JetBrains\Toolbox\apps\IDEA-U\ch-0\192.5728.98\plugins\java\lib\rt\debugger-agent.jar -Dfile.encoding=UTF-8 
java_command: io.joshworks.eventry.server.Server
java_class_path (initial): S:\Projects\fstore\es-server\target\classes;S:\Projects\fstore\event-store\target\classes;S:\Projects\fstore\logstore\target\classes;S:\Projects\fstore\codec\snappy-codec\target\classes;S:\maven-repository\org\xerial\snappy\snappy-java\1.1.7.1\snappy-java-1.1.7.1.jar;S:\Projects\fstore\codec\lz4-codec\target\classes;S:\maven-repository\org\lz4\lz4-java\1.5.1\lz4-java-1.5.1.jar;S:\maven-repository\org\jooq\jool\0.9.13\jool-0.9.13.jar;S:\Projects\fstore\serializer\kryo-serializer\target\classes;S:\maven-repository\com\esotericsoftware\kryo\4.0.1\kryo-4.0.1.jar;S:\maven-repository\com\esotericsoftware\reflectasm\1.11.3\reflectasm-1.11.3.jar;S:\maven-repository\org\ow2\asm\asm\5.0.4\asm-5.0.4.jar;S:\maven-repository\com\esotericsoftware\minlog\1.3.0\minlog-1.3.0.jar;S:\maven-repository\de\javakaffee\kryo-serializers\0.42\kryo-serializers-0.42.jar;S:\Projects\fstore\lsmtree\target\classes;S:\Projects\fstore\index\target\classes;S:\maven-repository\io\joshworks\unirest\unirest-java\1.8.0\unirest-java-1.8.0.jar;S:\maven-repository\org\apache\httpcomponents\httpclient\4.5.3\httpclient-4.5.3.jar;S:\maven-repository\org\apache\httpcomponents\httpcore\4.4.6\httpcore-4.4.6.jar;S:\maven-repository\commons-logging\commons-logging\1.2\commons-logging-1.2.jar;S:\maven-repository\commons-codec\commons-codec\1.9\commons-codec-1.9.jar;S:\maven-repository\org\apache\httpcomponents\httpasyncclient\4.1.3\httpasyncclient-4.1.3.jar;S:\maven-repository\org\apache\httpcomponents\httpcore-nio\4.4.6\httpcore-nio-4.4.6.jar;S:\maven-repository\org\apache\httpcomponents\httpmime\4.5.3\httpmime-4.5.3.jar;S:\Projects\fstore\networking\target\classes;S:\maven-repository\org\jgroups\jgroups\4.0.10.Final\jgroups-4.0.10.Final.jar;S:\maven-repository\org\slf4j\slf4j-api\1.7.25\slf4j-api-1.7.25.jar;S:\Projects\fstore\serializer\json-serializer\target\classes;S:\maven-repository\com\google\code\gson\gson\2.8.0\gson-2.8.0.jar;S:\Projects\fstore\serializer\standard-serializer\ta
Launcher Type: SUN_STANDARD

[Global flags]
     intx CICompilerCount                          = 12                                        {product} {ergonomic}
     uint ConcGCThreads                            = 3                                         {product} {ergonomic}
     uint G1ConcRefinementThreads                  = 13                                        {product} {ergonomic}
   size_t G1HeapRegionSize                         = 4194304                                   {product} {ergonomic}
    uintx GCDrainStackTargetSize                   = 64                                        {product} {ergonomic}
   size_t InitialHeapSize                          = 1073741824                                {product} {ergonomic}
   size_t MarkStackSize                            = 4194304                                   {product} {ergonomic}
   size_t MaxHeapSize                              = 17163091968                               {product} {ergonomic}
   size_t MaxNewSize                               = 10297016320                               {product} {ergonomic}
   size_t MinHeapDeltaBytes                        = 4194304                                   {product} {ergonomic}
    uintx NonNMethodCodeHeapSize                   = 7594288                                {pd product} {ergonomic}
    uintx NonProfiledCodeHeapSize                  = 122031976                              {pd product} {ergonomic}
    uintx ProfiledCodeHeapSize                     = 122031976                              {pd product} {ergonomic}
    uintx ReservedCodeCacheSize                    = 251658240                              {pd product} {ergonomic}
     bool SegmentedCodeCache                       = true                                      {product} {ergonomic}
     bool UseCompressedClassPointers               = true                                 {lp64_product} {ergonomic}
     bool UseCompressedOops                        = true                                 {lp64_product} {ergonomic}
     bool UseG1GC                                  = true                                      {product} {ergonomic}
     bool UseLargePagesIndividualAllocation        = false                                  {pd product} {ergonomic}

Logging:
Log output configuration:
 #0: stdout all=warning uptime,level,tags
 #1: stderr all=off uptime,level,tags

Environment Variables:
JAVA_HOME=C:\Program Files\Java\jdk-12.0.2
PATH=C:\Users\Josue\AppData\Local\JetBrains\Toolbox\apps\IDEA-U\ch-0\192.5728.98\jbr\\bin;C:\Users\Josue\AppData\Local\JetBrains\Toolbox\apps\IDEA-U\ch-0\192.5728.98\jbr\\bin\server;C:\WINDOWS\system32;C:\WINDOWS;C:\WINDOWS\System32\Wbem;C:\WINDOWS\System32\WindowsPowerShell\v1.0\;C:\WINDOWS\System32\OpenSSH\;C:\Program Files\Git\cmd;C:\Program Files\Java\jdk-12.0.2\bin;C:\Users\Josue\apache-maven-3.6.0\bin;C:\ProgramData\chocolatey\bin;C:\Users\Josue\gradle-5.2.1\bin;C:\Users\Josue\AppData\Local\Microsoft\WindowsApps;S:\Anaconda3\Scripts;S:\Anaconda3\Library;S:\Anaconda3\Library\bin;S:\Anaconda3\Library\mingw-w64\bin;
USERNAME=Josue
OS=Windows_NT
PROCESSOR_IDENTIFIER=AMD64 Family 23 Model 8 Stepping 2, AuthenticAMD



---------------  S Y S T E M  ---------------

OS: Windows 10 , 64 bit Build 18362 (10.0.18362.86)

CPU:total 16 (initial active 16) (16 cores per cpu, 2 threads per core) family 23 model 8 stepping 2, cmov, cx8, fxsr, mmx, sse, sse2, sse3, ssse3, sse4.1, sse4.2, popcnt, avx, avx2, aes, clmul, mmxext, 3dnowpref, lzcnt, sse4a, ht, tsc, tscinvbit, tscinv, bmi1, bmi2, adx, sha, fma

Memory: 4k page, system-wide physical 65456M (46928M free)
TotalPageFile size 75184M (AvailPageFile size 49688M)
current process WorkingSet (physical memory assigned to process): 163M, peak: 186M
current process commit charge ("private bytes"): 1207M, peak: 1235M

vm_info: Java HotSpot(TM) 64-Bit Server VM (12.0.2+10) for windows-amd64 JRE (12.0.2+10), built on Jul 16 2019 01:56:17 by "mach5one" with MS VC++ 15.5 (VS2017)

END.
