#
# A fatal error has been detected by the Java Runtime Environment:
#
#  EXCEPTION_ACCESS_VIOLATION (0xc0000005) at pc=0x00007ffc8efe11a0, pid=21440, tid=22604
#
# JRE version: OpenJDK Runtime Environment (15.0.1+9) (build 15.0.1+9-18)
# Java VM: OpenJDK 64-Bit Server VM (15.0.1+9-18, mixed mode, sharing, tiered, compressed oops, g1 gc, windows-amd64)
# Problematic frame:
# V  [jvm.dll+0x7611a0]
#
# No core dump will be written. Minidumps are not enabled by default on client versions of Windows
#
# If you would like to submit a bug report, please visit:
#   https://bugreport.java.com/bugreport/crash.jsp
#

---------------  S U M M A R Y ------------

Command Line: -ea --enable-preview --enable-preview -Didea.test.cyclic.buffer.size=1048576 -javaagent:C:\Users\jgontijo\AppData\Local\JetBrains\Toolbox\apps\IDEA-U\ch-0\211.6693.111\lib\idea_rt.jar=64352:C:\Users\jgontijo\AppData\Local\JetBrains\Toolbox\apps\IDEA-U\ch-0\211.6693.111\bin -Dfile.encoding=UTF-8 com.intellij.rt.junit.JUnitStarter -ideVersion5 -junit4 io.joshworks.es2.sstable.SSTablesTest,compaction

Host: Intel(R) Core(TM) i7-8665U CPU @ 1.90GHz, 8 cores, 31G,  Windows 10 , 64 bit Build 19041 (10.0.19041.928)
Time: Fri Jun  4 20:10:17 2021 GMT Daylight Time elapsed time: 0.734424 seconds (0d 0h 0m 0s)

---------------  T H R E A D  ---------------

Current thread (0x000002329abe7ac0):  JavaThread "main" [_thread_in_vm, id=22604, stack(0x000000e736900000,0x000000e736a00000)]

Stack: [0x000000e736900000,0x000000e736a00000],  sp=0x000000e7369fddd0,  free space=1015k
Native frames: (J=compiled Java code, j=interpreted, Vv=VM code, C=native code)
V  [jvm.dll+0x7611a0]
C  0x00000232a2def177

Java frames: (J=compiled Java code, j=interpreted, Vv=VM code)
j  jdk.internal.misc.Unsafe.getShort(Ljava/lang/Object;J)S+0 java.base@15.0.1
j  jdk.internal.misc.Unsafe.getShortUnaligned(Ljava/lang/Object;J)S+11 java.base@15.0.1
j  jdk.internal.misc.Unsafe.getShortUnaligned(Ljava/lang/Object;JZ)S+5 java.base@15.0.1
j  java.nio.DirectByteBuffer.getShort(J)S+13 java.base@15.0.1
j  java.nio.DirectByteBuffer.getShort(I)S+11 java.base@15.0.1
j  io.joshworks.es2.index.Block.level()I+5
j  io.joshworks.es2.index.BTreeIndexSegment.find(JILio/joshworks/es2/index/IndexFunction;)Lio/joshworks/es2/index/IndexEntry;+8
j  io.joshworks.es2.sstable.SSTable.get(JILio/joshworks/es2/sink/Sink;)I+9
j  io.joshworks.es2.sstable.SSTables.get(JILio/joshworks/es2/sink/Sink;)I+33
j  io.joshworks.es2.sstable.SSTablesTest.assertStream(JI)V+43
j  io.joshworks.es2.sstable.SSTablesTest.compaction()V+75
v  ~StubRoutines::call_stub
j  jdk.internal.reflect.NativeMethodAccessorImpl.invoke0(Ljava/lang/reflect/Method;Ljava/lang/Object;[Ljava/lang/Object;)Ljava/lang/Object;+0 java.base@15.0.1
j  jdk.internal.reflect.NativeMethodAccessorImpl.invoke(Ljava/lang/Object;[Ljava/lang/Object;)Ljava/lang/Object;+113 java.base@15.0.1
j  jdk.internal.reflect.DelegatingMethodAccessorImpl.invoke(Ljava/lang/Object;[Ljava/lang/Object;)Ljava/lang/Object;+6 java.base@15.0.1
j  java.lang.reflect.Method.invoke(Ljava/lang/Object;[Ljava/lang/Object;)Ljava/lang/Object;+59 java.base@15.0.1
j  org.junit.runners.model.FrameworkMethod$1.runReflectiveCall()Ljava/lang/Object;+15
j  org.junit.internal.runners.model.ReflectiveCallable.run()Ljava/lang/Object;+1
j  org.junit.runners.model.FrameworkMethod.invokeExplosively(Ljava/lang/Object;[Ljava/lang/Object;)Ljava/lang/Object;+10
j  org.junit.internal.runners.statements.InvokeMethod.evaluate()V+12
j  org.junit.internal.runners.statements.RunBefores.evaluate()V+49
j  org.junit.internal.runners.statements.RunAfters.evaluate()V+12
j  org.junit.runners.ParentRunner.runLeaf(Lorg/junit/runners/model/Statement;Lorg/junit/runner/Description;Lorg/junit/runner/notification/RunNotifier;)V+17
j  org.junit.runners.BlockJUnit4ClassRunner.runChild(Lorg/junit/runners/model/FrameworkMethod;Lorg/junit/runner/notification/RunNotifier;)V+30
j  org.junit.runners.BlockJUnit4ClassRunner.runChild(Ljava/lang/Object;Lorg/junit/runner/notification/RunNotifier;)V+6
j  org.junit.runners.ParentRunner$3.run()V+12
j  org.junit.runners.ParentRunner$1.schedule(Ljava/lang/Runnable;)V+1
j  org.junit.runners.ParentRunner.runChildren(Lorg/junit/runner/notification/RunNotifier;)V+44
j  org.junit.runners.ParentRunner.access$000(Lorg/junit/runners/ParentRunner;Lorg/junit/runner/notification/RunNotifier;)V+2
j  org.junit.runners.ParentRunner$2.evaluate()V+8
j  org.junit.runners.ParentRunner.run(Lorg/junit/runner/notification/RunNotifier;)V+20
j  org.junit.runner.JUnitCore.run(Lorg/junit/runner/Runner;)Lorg/junit/runner/Result;+37
j  com.intellij.junit4.JUnit4IdeaTestRunner.startRunnerWithArgs([Ljava/lang/String;Ljava/lang/String;IZ)I+166
j  com.intellij.rt.junit.IdeaTestRunner$Repeater.startRunnerWithArgs(Lcom/intellij/rt/junit/IdeaTestRunner;[Ljava/lang/String;Ljava/util/ArrayList;Ljava/lang/String;IZ)I+22
j  com.intellij.rt.junit.JUnitStarter.prepareStreamsAndStart([Ljava/lang/String;Ljava/lang/String;Ljava/util/ArrayList;Ljava/lang/String;)I+116
j  com.intellij.rt.junit.JUnitStarter.main([Ljava/lang/String;)V+97
v  ~StubRoutines::call_stub

siginfo: EXCEPTION_ACCESS_VIOLATION (0xc0000005), reading address 0x000002329ab70000


Register to memory mapping:

RIP=0x00007ffc8efe11a0 jvm.dll
RAX=0x0 is NULL
RBX=0x000002329abe7ac0 is a thread
RCX=0x000002329abe7ac0 is a thread
RDX=0x000000e7369fdec8 is pointing into the stack for thread: 0x000002329abe7ac0
RSP=0x000000e7369fddd0 is pointing into the stack for thread: 0x000002329abe7ac0
RBP=0x000000e7369fde90 is pointing into the stack for thread: 0x000002329abe7ac0
RSI=0x000002329ab70000 is an unknown value
RDI=0x0 is NULL
R8 =0x0 is NULL
R9 =0x000002329ab70000 is an unknown value
R10=0x00000232a2def148 is at code_begin+1000 in an Interpreter codelet
method entry point (kind = native)  [0x00000232a2deed60, 0x00000232a2def7e0]  2688 bytes
R11=0x0000000000000101 is an unknown value
R12=0x0 is NULL
R13=0x000000080064fbd8 is pointing into metadata
R14=0x000000e7369fdec8 is pointing into the stack for thread: 0x000002329abe7ac0
R15=0x000002329abe7ac0 is a thread


Registers:
RAX=0x0000000000000000, RBX=0x000002329abe7ac0, RCX=0x000002329abe7ac0, RDX=0x000000e7369fdec8
RSP=0x000000e7369fddd0, RBP=0x000000e7369fde90, RSI=0x000002329ab70000, RDI=0x0000000000000000
R8 =0x0000000000000000, R9 =0x000002329ab70000, R10=0x00000232a2def148, R11=0x0000000000000101
R12=0x0000000000000000, R13=0x000000080064fbd8, R14=0x000000e7369fdec8, R15=0x000002329abe7ac0
RIP=0x00007ffc8efe11a0, EFLAGS=0x0000000000010246

Top of Stack: (sp=0x000000e7369fddd0)
0x000000e7369fddd0:   000002329abe7ac0 00007ffc8ee7ca73
0x000000e7369fdde0:   000000e7369fde90 000000e7369fde90
0x000000e7369fddf0:   0000000000000478 00000232a2def177
0x000000e7369fde00:   00000008000a3618 0000000000000478
0x000000e7369fde10:   00000232c834d520 000002329abe7ac0
0x000000e7369fde20:   00000232c834d520 00000232c752a380
0x000000e7369fde30:   0000000000000001 00007ffc8ee4fb61
0x000000e7369fde40:   000000e7369fe140 000000e7369fde48
0x000000e7369fde50:   0000000000000000 000000e7369fdec8
0x000000e7369fde60:   00000008000a0ba0 0000000000000000
0x000000e7369fde70:   0000000623805278 00000008000a3618
0x000000e7369fde80:   0000000000000000 000000e7369fdeb0
0x000000e7369fde90:   000000e7369fdf18 00000232a2de9af0
0x000000e7369fdea0:   0000000000000000 00000232a2dec212
0x000000e7369fdeb0:   000002329ab70000 0000000000000000
0x000000e7369fdec0:   0000000000000000 000000062380b9f0 

Instructions: (pc=0x00007ffc8efe11a0)
0x00007ffc8efe10a0:   ff 48 8b 83 10 01 00 00 c0 e8 03 a8 01 74 08 48
0x00007ffc8efe10b0:   8b cb e8 c9 bb f2 ff 48 8b 74 24 38 c7 83 98 03
0x00007ffc8efe10c0:   00 00 04 00 00 00 48 8b 5c 24 30 48 83 c4 20 5f
0x00007ffc8efe10d0:   c3 cc cc cc cc cc cc cc cc cc cc cc cc cc cc cc
0x00007ffc8efe10e0:   48 89 5c 24 08 48 89 74 24 10 57 48 83 ec 20 8b
0x00007ffc8efe10f0:   81 88 00 00 00 48 8d 99 d8 fc ff ff 05 55 21 ff
0x00007ffc8efe1100:   ff 49 8b f1 49 8b f8 83 f8 01 76 0a 48 8b cb e8
0x00007ffc8efe1110:   6c c4 fd ff 33 db c7 83 98 03 00 00 05 00 00 00
0x00007ffc8efe1120:   e8 cb b6 eb ff 48 8b 03 48 8b cb ff 50 38 84 c0
0x00007ffc8efe1130:   74 0e 48 8b 83 10 01 00 00 c0 e8 03 24 01 eb 0b
0x00007ffc8efe1140:   8b 05 ca b5 33 00 85 c0 0f 95 c0 84 c0 75 0d 8b
0x00007ffc8efe1150:   83 e0 00 00 00 a9 04 00 00 20 74 08 48 8b cb e8
0x00007ffc8efe1160:   9c ca fd ff c7 83 98 03 00 00 06 00 00 00 48 85
0x00007ffc8efe1170:   ff 74 26 40 f6 c7 01 74 0c 48 8d 4f ff ff 15 25
0x00007ffc8efe1180:   a6 29 00 eb 09 48 8b cf ff 15 7a 2e 29 00 48 85
0x00007ffc8efe1190:   c0 74 06 0f b7 34 30 eb 11 c6 83 bc 03 00 00 01
0x00007ffc8efe11a0:   0f b7 36 c6 83 bc 03 00 00 00 48 8b bb f8 00 00
0x00007ffc8efe11b0:   00 48 8b 4f 10 48 83 39 00 74 0c 48 8b cf e8 cd
0x00007ffc8efe11c0:   35 bb ff 48 8b 4f 10 48 8b 47 08 48 89 48 10 48
0x00007ffc8efe11d0:   8b 4f 08 48 8b 47 18 48 89 41 18 48 8b 4f 08 48
0x00007ffc8efe11e0:   8b 47 20 48 89 41 20 c7 83 98 03 00 00 07 00 00
0x00007ffc8efe11f0:   00 e8 fa b5 eb ff 48 8b 8b 10 01 00 00 c0 e9 03
0x00007ffc8efe1200:   f6 c1 01 74 08 48 8b cb e8 73 ba f2 ff 0f b7 c6
0x00007ffc8efe1210:   c7 83 98 03 00 00 04 00 00 00 48 8b 5c 24 30 48
0x00007ffc8efe1220:   8b 74 24 38 48 83 c4 20 5f c3 cc cc cc cc cc cc
0x00007ffc8efe1230:   48 89 5c 24 08 48 89 74 24 10 57 48 83 ec 20 8b
0x00007ffc8efe1240:   81 88 00 00 00 48 8d 99 d8 fc ff ff 05 55 21 ff
0x00007ffc8efe1250:   ff 49 8b f1 49 8b f8 83 f8 01 76 0a 48 8b cb e8
0x00007ffc8efe1260:   1c c3 fd ff 33 db c7 83 98 03 00 00 05 00 00 00
0x00007ffc8efe1270:   e8 7b b5 eb ff 48 8b 03 48 8b cb ff 50 38 84 c0
0x00007ffc8efe1280:   74 0e 48 8b 83 10 01 00 00 c0 e8 03 24 01 eb 0b
0x00007ffc8efe1290:   8b 05 7a b4 33 00 85 c0 0f 95 c0 84 c0 75 0d 8b 


Stack slot to memory mapping:
stack at sp + 0 slots: 0x000002329abe7ac0 is a thread
stack at sp + 1 slots: 0x00007ffc8ee7ca73 jvm.dll
stack at sp + 2 slots: 0x000000e7369fde90 is pointing into the stack for thread: 0x000002329abe7ac0
stack at sp + 3 slots: 0x000000e7369fde90 is pointing into the stack for thread: 0x000002329abe7ac0
stack at sp + 4 slots: 0x0000000000000478 is an unknown value
stack at sp + 5 slots: 0x00000232a2def177 is at code_begin+1047 in an Interpreter codelet
method entry point (kind = native)  [0x00000232a2deed60, 0x00000232a2def7e0]  2688 bytes
stack at sp + 6 slots: {method} {0x00000008000a3620} 'getShort' '(Ljava/lang/Object;J)S' in 'jdk/internal/misc/Unsafe'
stack at sp + 7 slots: 0x0000000000000478 is an unknown value


---------------  P R O C E S S  ---------------

Threads class SMR info:
_java_thread_list=0x00000232c838f980, length=12, elements={
0x000002329abe7ac0, 0x00000232c7535c90, 0x00000232c7536770, 0x00000232c8211c30,
0x00000232c82124f0, 0x00000232c8213dc0, 0x00000232c8218670, 0x00000232c821b030,
0x00000232c8238110, 0x00000232c7520270, 0x00000232c83dfd80, 0x00000232c83e2630
}

Java Threads: ( => current thread )
=>0x000002329abe7ac0 JavaThread "main" [_thread_in_vm, id=22604, stack(0x000000e736900000,0x000000e736a00000)]
  0x00000232c7535c90 JavaThread "Reference Handler" daemon [_thread_blocked, id=24708, stack(0x000000e737000000,0x000000e737100000)]
  0x00000232c7536770 JavaThread "Finalizer" daemon [_thread_blocked, id=11048, stack(0x000000e737100000,0x000000e737200000)]
  0x00000232c8211c30 JavaThread "Signal Dispatcher" daemon [_thread_blocked, id=19892, stack(0x000000e737200000,0x000000e737300000)]
  0x00000232c82124f0 JavaThread "Attach Listener" daemon [_thread_blocked, id=4076, stack(0x000000e737300000,0x000000e737400000)]
  0x00000232c8213dc0 JavaThread "Service Thread" daemon [_thread_blocked, id=14716, stack(0x000000e737400000,0x000000e737500000)]
  0x00000232c8218670 JavaThread "C2 CompilerThread0" daemon [_thread_blocked, id=4216, stack(0x000000e737500000,0x000000e737600000)]
  0x00000232c821b030 JavaThread "C1 CompilerThread0" daemon [_thread_blocked, id=25420, stack(0x000000e737600000,0x000000e737700000)]
  0x00000232c8238110 JavaThread "Sweeper thread" daemon [_thread_blocked, id=7800, stack(0x000000e737700000,0x000000e737800000)]
  0x00000232c7520270 JavaThread "Common-Cleaner" daemon [_thread_blocked, id=28436, stack(0x000000e737800000,0x000000e737900000)]
  0x00000232c83dfd80 JavaThread "Monitor Ctrl-Break" daemon [_thread_in_native, id=12152, stack(0x000000e737900000,0x000000e737a00000)]
  0x00000232c83e2630 JavaThread "Notification Thread" daemon [_thread_blocked, id=18764, stack(0x000000e737a00000,0x000000e737b00000)]

Other Threads:
  0x00000232c7534500 VMThread "VM Thread" [stack: 0x000000e736f00000,0x000000e737000000] [id=31316]
  0x00000232c83e0250 WatcherThread [stack: 0x000000e737b00000,0x000000e737c00000] [id=15152]
  0x000002329ac5b270 GCTaskThread "GC Thread#0" [stack: 0x000000e736a00000,0x000000e736b00000] [id=21688]
  0x000002329ac6d0f0 ConcurrentGCThread "G1 Main Marker" [stack: 0x000000e736b00000,0x000000e736c00000] [id=29132]
  0x000002329ac6e800 ConcurrentGCThread "G1 Conc#0" [stack: 0x000000e736c00000,0x000000e736d00000] [id=19204]
  0x000002329ac8e650 ConcurrentGCThread "G1 Refine#0" [stack: 0x000000e736d00000,0x000000e736e00000] [id=16448]
  0x00000232c74288b0 ConcurrentGCThread "G1 Young RemSet Sampling" [stack: 0x000000e736e00000,0x000000e736f00000] [id=3708]

Threads with active compile tasks:

VM state: not at safepoint (normal execution)

VM Mutex/Monitor currently owned by a thread: None

Heap address: 0x0000000603c00000, size: 8132 MB, Compressed Oops mode: Zero based, Oop shift amount: 3
CDS archive(s) mapped at: [0x0000000800000000-0x0000000800b50000-0x0000000800b50000), size 11862016, SharedBaseAddress: 0x0000000800000000, ArchiveRelocationMode: 0.
Compressed class space mapped at: 0x0000000800b50000-0x0000000840b50000, size: 1073741824
Narrow klass base: 0x0000000800000000, Narrow klass shift: 3, Narrow klass range: 0x100000000

GC Precious Log:
 CPUs: 8 total, 8 available
 Memory: 32517M
 Large Page Support: Disabled
 NUMA Support: Disabled
 Compressed Oops: Enabled (Zero based)
 Heap Region Size: 4M
 Heap Min Capacity: 8M
 Heap Initial Capacity: 512M
 Heap Max Capacity: 8132M
 Pre-touch: Disabled
 Parallel Workers: 8
 Concurrent Workers: 2
 Concurrent Refinement Workers: 8
 Periodic GC: Disabled

Heap:
 garbage-first heap   total 524288K, used 8192K [0x0000000603c00000, 0x0000000800000000)
  region size 4096K, 3 young (12288K), 0 survivors (0K)
 Metaspace       used 4348K, capacity 5770K, committed 6016K, reserved 1056768K
  class space    used 488K, capacity 596K, committed 640K, reserved 1048576K

Heap Regions: E=young(eden), S=young(survivor), O=old, HS=humongous(starts), HC=humongous(continues), CS=collection set, F=free, OA=open archive, CA=closed archive, TAMS=top-at-mark-start (previous, next)
|   0|0x0000000603c00000, 0x0000000603c00000, 0x0000000604000000|  0%| F|  |TAMS 0x0000000603c00000, 0x0000000603c00000| Untracked 
|   1|0x0000000604000000, 0x0000000604000000, 0x0000000604400000|  0%| F|  |TAMS 0x0000000604000000, 0x0000000604000000| Untracked 
|   2|0x0000000604400000, 0x0000000604400000, 0x0000000604800000|  0%| F|  |TAMS 0x0000000604400000, 0x0000000604400000| Untracked 
|   3|0x0000000604800000, 0x0000000604800000, 0x0000000604c00000|  0%| F|  |TAMS 0x0000000604800000, 0x0000000604800000| Untracked 
|   4|0x0000000604c00000, 0x0000000604c00000, 0x0000000605000000|  0%| F|  |TAMS 0x0000000604c00000, 0x0000000604c00000| Untracked 
|   5|0x0000000605000000, 0x0000000605000000, 0x0000000605400000|  0%| F|  |TAMS 0x0000000605000000, 0x0000000605000000| Untracked 
|   6|0x0000000605400000, 0x0000000605400000, 0x0000000605800000|  0%| F|  |TAMS 0x0000000605400000, 0x0000000605400000| Untracked 
|   7|0x0000000605800000, 0x0000000605800000, 0x0000000605c00000|  0%| F|  |TAMS 0x0000000605800000, 0x0000000605800000| Untracked 
|   8|0x0000000605c00000, 0x0000000605c00000, 0x0000000606000000|  0%| F|  |TAMS 0x0000000605c00000, 0x0000000605c00000| Untracked 
|   9|0x0000000606000000, 0x0000000606000000, 0x0000000606400000|  0%| F|  |TAMS 0x0000000606000000, 0x0000000606000000| Untracked 
|  10|0x0000000606400000, 0x0000000606400000, 0x0000000606800000|  0%| F|  |TAMS 0x0000000606400000, 0x0000000606400000| Untracked 
|  11|0x0000000606800000, 0x0000000606800000, 0x0000000606c00000|  0%| F|  |TAMS 0x0000000606800000, 0x0000000606800000| Untracked 
|  12|0x0000000606c00000, 0x0000000606c00000, 0x0000000607000000|  0%| F|  |TAMS 0x0000000606c00000, 0x0000000606c00000| Untracked 
|  13|0x0000000607000000, 0x0000000607000000, 0x0000000607400000|  0%| F|  |TAMS 0x0000000607000000, 0x0000000607000000| Untracked 
|  14|0x0000000607400000, 0x0000000607400000, 0x0000000607800000|  0%| F|  |TAMS 0x0000000607400000, 0x0000000607400000| Untracked 
|  15|0x0000000607800000, 0x0000000607800000, 0x0000000607c00000|  0%| F|  |TAMS 0x0000000607800000, 0x0000000607800000| Untracked 
|  16|0x0000000607c00000, 0x0000000607c00000, 0x0000000608000000|  0%| F|  |TAMS 0x0000000607c00000, 0x0000000607c00000| Untracked 
|  17|0x0000000608000000, 0x0000000608000000, 0x0000000608400000|  0%| F|  |TAMS 0x0000000608000000, 0x0000000608000000| Untracked 
|  18|0x0000000608400000, 0x0000000608400000, 0x0000000608800000|  0%| F|  |TAMS 0x0000000608400000, 0x0000000608400000| Untracked 
|  19|0x0000000608800000, 0x0000000608800000, 0x0000000608c00000|  0%| F|  |TAMS 0x0000000608800000, 0x0000000608800000| Untracked 
|  20|0x0000000608c00000, 0x0000000608c00000, 0x0000000609000000|  0%| F|  |TAMS 0x0000000608c00000, 0x0000000608c00000| Untracked 
|  21|0x0000000609000000, 0x0000000609000000, 0x0000000609400000|  0%| F|  |TAMS 0x0000000609000000, 0x0000000609000000| Untracked 
|  22|0x0000000609400000, 0x0000000609400000, 0x0000000609800000|  0%| F|  |TAMS 0x0000000609400000, 0x0000000609400000| Untracked 
|  23|0x0000000609800000, 0x0000000609800000, 0x0000000609c00000|  0%| F|  |TAMS 0x0000000609800000, 0x0000000609800000| Untracked 
|  24|0x0000000609c00000, 0x0000000609c00000, 0x000000060a000000|  0%| F|  |TAMS 0x0000000609c00000, 0x0000000609c00000| Untracked 
|  25|0x000000060a000000, 0x000000060a000000, 0x000000060a400000|  0%| F|  |TAMS 0x000000060a000000, 0x000000060a000000| Untracked 
|  26|0x000000060a400000, 0x000000060a400000, 0x000000060a800000|  0%| F|  |TAMS 0x000000060a400000, 0x000000060a400000| Untracked 
|  27|0x000000060a800000, 0x000000060a800000, 0x000000060ac00000|  0%| F|  |TAMS 0x000000060a800000, 0x000000060a800000| Untracked 
|  28|0x000000060ac00000, 0x000000060ac00000, 0x000000060b000000|  0%| F|  |TAMS 0x000000060ac00000, 0x000000060ac00000| Untracked 
|  29|0x000000060b000000, 0x000000060b000000, 0x000000060b400000|  0%| F|  |TAMS 0x000000060b000000, 0x000000060b000000| Untracked 
|  30|0x000000060b400000, 0x000000060b400000, 0x000000060b800000|  0%| F|  |TAMS 0x000000060b400000, 0x000000060b400000| Untracked 
|  31|0x000000060b800000, 0x000000060b800000, 0x000000060bc00000|  0%| F|  |TAMS 0x000000060b800000, 0x000000060b800000| Untracked 
|  32|0x000000060bc00000, 0x000000060bc00000, 0x000000060c000000|  0%| F|  |TAMS 0x000000060bc00000, 0x000000060bc00000| Untracked 
|  33|0x000000060c000000, 0x000000060c000000, 0x000000060c400000|  0%| F|  |TAMS 0x000000060c000000, 0x000000060c000000| Untracked 
|  34|0x000000060c400000, 0x000000060c400000, 0x000000060c800000|  0%| F|  |TAMS 0x000000060c400000, 0x000000060c400000| Untracked 
|  35|0x000000060c800000, 0x000000060c800000, 0x000000060cc00000|  0%| F|  |TAMS 0x000000060c800000, 0x000000060c800000| Untracked 
|  36|0x000000060cc00000, 0x000000060cc00000, 0x000000060d000000|  0%| F|  |TAMS 0x000000060cc00000, 0x000000060cc00000| Untracked 
|  37|0x000000060d000000, 0x000000060d000000, 0x000000060d400000|  0%| F|  |TAMS 0x000000060d000000, 0x000000060d000000| Untracked 
|  38|0x000000060d400000, 0x000000060d400000, 0x000000060d800000|  0%| F|  |TAMS 0x000000060d400000, 0x000000060d400000| Untracked 
|  39|0x000000060d800000, 0x000000060d800000, 0x000000060dc00000|  0%| F|  |TAMS 0x000000060d800000, 0x000000060d800000| Untracked 
|  40|0x000000060dc00000, 0x000000060dc00000, 0x000000060e000000|  0%| F|  |TAMS 0x000000060dc00000, 0x000000060dc00000| Untracked 
|  41|0x000000060e000000, 0x000000060e000000, 0x000000060e400000|  0%| F|  |TAMS 0x000000060e000000, 0x000000060e000000| Untracked 
|  42|0x000000060e400000, 0x000000060e400000, 0x000000060e800000|  0%| F|  |TAMS 0x000000060e400000, 0x000000060e400000| Untracked 
|  43|0x000000060e800000, 0x000000060e800000, 0x000000060ec00000|  0%| F|  |TAMS 0x000000060e800000, 0x000000060e800000| Untracked 
|  44|0x000000060ec00000, 0x000000060ec00000, 0x000000060f000000|  0%| F|  |TAMS 0x000000060ec00000, 0x000000060ec00000| Untracked 
|  45|0x000000060f000000, 0x000000060f000000, 0x000000060f400000|  0%| F|  |TAMS 0x000000060f000000, 0x000000060f000000| Untracked 
|  46|0x000000060f400000, 0x000000060f400000, 0x000000060f800000|  0%| F|  |TAMS 0x000000060f400000, 0x000000060f400000| Untracked 
|  47|0x000000060f800000, 0x000000060f800000, 0x000000060fc00000|  0%| F|  |TAMS 0x000000060f800000, 0x000000060f800000| Untracked 
|  48|0x000000060fc00000, 0x000000060fc00000, 0x0000000610000000|  0%| F|  |TAMS 0x000000060fc00000, 0x000000060fc00000| Untracked 
|  49|0x0000000610000000, 0x0000000610000000, 0x0000000610400000|  0%| F|  |TAMS 0x0000000610000000, 0x0000000610000000| Untracked 
|  50|0x0000000610400000, 0x0000000610400000, 0x0000000610800000|  0%| F|  |TAMS 0x0000000610400000, 0x0000000610400000| Untracked 
|  51|0x0000000610800000, 0x0000000610800000, 0x0000000610c00000|  0%| F|  |TAMS 0x0000000610800000, 0x0000000610800000| Untracked 
|  52|0x0000000610c00000, 0x0000000610c00000, 0x0000000611000000|  0%| F|  |TAMS 0x0000000610c00000, 0x0000000610c00000| Untracked 
|  53|0x0000000611000000, 0x0000000611000000, 0x0000000611400000|  0%| F|  |TAMS 0x0000000611000000, 0x0000000611000000| Untracked 
|  54|0x0000000611400000, 0x0000000611400000, 0x0000000611800000|  0%| F|  |TAMS 0x0000000611400000, 0x0000000611400000| Untracked 
|  55|0x0000000611800000, 0x0000000611800000, 0x0000000611c00000|  0%| F|  |TAMS 0x0000000611800000, 0x0000000611800000| Untracked 
|  56|0x0000000611c00000, 0x0000000611c00000, 0x0000000612000000|  0%| F|  |TAMS 0x0000000611c00000, 0x0000000611c00000| Untracked 
|  57|0x0000000612000000, 0x0000000612000000, 0x0000000612400000|  0%| F|  |TAMS 0x0000000612000000, 0x0000000612000000| Untracked 
|  58|0x0000000612400000, 0x0000000612400000, 0x0000000612800000|  0%| F|  |TAMS 0x0000000612400000, 0x0000000612400000| Untracked 
|  59|0x0000000612800000, 0x0000000612800000, 0x0000000612c00000|  0%| F|  |TAMS 0x0000000612800000, 0x0000000612800000| Untracked 
|  60|0x0000000612c00000, 0x0000000612c00000, 0x0000000613000000|  0%| F|  |TAMS 0x0000000612c00000, 0x0000000612c00000| Untracked 
|  61|0x0000000613000000, 0x0000000613000000, 0x0000000613400000|  0%| F|  |TAMS 0x0000000613000000, 0x0000000613000000| Untracked 
|  62|0x0000000613400000, 0x0000000613400000, 0x0000000613800000|  0%| F|  |TAMS 0x0000000613400000, 0x0000000613400000| Untracked 
|  63|0x0000000613800000, 0x0000000613800000, 0x0000000613c00000|  0%| F|  |TAMS 0x0000000613800000, 0x0000000613800000| Untracked 
|  64|0x0000000613c00000, 0x0000000613c00000, 0x0000000614000000|  0%| F|  |TAMS 0x0000000613c00000, 0x0000000613c00000| Untracked 
|  65|0x0000000614000000, 0x0000000614000000, 0x0000000614400000|  0%| F|  |TAMS 0x0000000614000000, 0x0000000614000000| Untracked 
|  66|0x0000000614400000, 0x0000000614400000, 0x0000000614800000|  0%| F|  |TAMS 0x0000000614400000, 0x0000000614400000| Untracked 
|  67|0x0000000614800000, 0x0000000614800000, 0x0000000614c00000|  0%| F|  |TAMS 0x0000000614800000, 0x0000000614800000| Untracked 
|  68|0x0000000614c00000, 0x0000000614c00000, 0x0000000615000000|  0%| F|  |TAMS 0x0000000614c00000, 0x0000000614c00000| Untracked 
|  69|0x0000000615000000, 0x0000000615000000, 0x0000000615400000|  0%| F|  |TAMS 0x0000000615000000, 0x0000000615000000| Untracked 
|  70|0x0000000615400000, 0x0000000615400000, 0x0000000615800000|  0%| F|  |TAMS 0x0000000615400000, 0x0000000615400000| Untracked 
|  71|0x0000000615800000, 0x0000000615800000, 0x0000000615c00000|  0%| F|  |TAMS 0x0000000615800000, 0x0000000615800000| Untracked 
|  72|0x0000000615c00000, 0x0000000615c00000, 0x0000000616000000|  0%| F|  |TAMS 0x0000000615c00000, 0x0000000615c00000| Untracked 
|  73|0x0000000616000000, 0x0000000616000000, 0x0000000616400000|  0%| F|  |TAMS 0x0000000616000000, 0x0000000616000000| Untracked 
|  74|0x0000000616400000, 0x0000000616400000, 0x0000000616800000|  0%| F|  |TAMS 0x0000000616400000, 0x0000000616400000| Untracked 
|  75|0x0000000616800000, 0x0000000616800000, 0x0000000616c00000|  0%| F|  |TAMS 0x0000000616800000, 0x0000000616800000| Untracked 
|  76|0x0000000616c00000, 0x0000000616c00000, 0x0000000617000000|  0%| F|  |TAMS 0x0000000616c00000, 0x0000000616c00000| Untracked 
|  77|0x0000000617000000, 0x0000000617000000, 0x0000000617400000|  0%| F|  |TAMS 0x0000000617000000, 0x0000000617000000| Untracked 
|  78|0x0000000617400000, 0x0000000617400000, 0x0000000617800000|  0%| F|  |TAMS 0x0000000617400000, 0x0000000617400000| Untracked 
|  79|0x0000000617800000, 0x0000000617800000, 0x0000000617c00000|  0%| F|  |TAMS 0x0000000617800000, 0x0000000617800000| Untracked 
|  80|0x0000000617c00000, 0x0000000617c00000, 0x0000000618000000|  0%| F|  |TAMS 0x0000000617c00000, 0x0000000617c00000| Untracked 
|  81|0x0000000618000000, 0x0000000618000000, 0x0000000618400000|  0%| F|  |TAMS 0x0000000618000000, 0x0000000618000000| Untracked 
|  82|0x0000000618400000, 0x0000000618400000, 0x0000000618800000|  0%| F|  |TAMS 0x0000000618400000, 0x0000000618400000| Untracked 
|  83|0x0000000618800000, 0x0000000618800000, 0x0000000618c00000|  0%| F|  |TAMS 0x0000000618800000, 0x0000000618800000| Untracked 
|  84|0x0000000618c00000, 0x0000000618c00000, 0x0000000619000000|  0%| F|  |TAMS 0x0000000618c00000, 0x0000000618c00000| Untracked 
|  85|0x0000000619000000, 0x0000000619000000, 0x0000000619400000|  0%| F|  |TAMS 0x0000000619000000, 0x0000000619000000| Untracked 
|  86|0x0000000619400000, 0x0000000619400000, 0x0000000619800000|  0%| F|  |TAMS 0x0000000619400000, 0x0000000619400000| Untracked 
|  87|0x0000000619800000, 0x0000000619800000, 0x0000000619c00000|  0%| F|  |TAMS 0x0000000619800000, 0x0000000619800000| Untracked 
|  88|0x0000000619c00000, 0x0000000619c00000, 0x000000061a000000|  0%| F|  |TAMS 0x0000000619c00000, 0x0000000619c00000| Untracked 
|  89|0x000000061a000000, 0x000000061a000000, 0x000000061a400000|  0%| F|  |TAMS 0x000000061a000000, 0x000000061a000000| Untracked 
|  90|0x000000061a400000, 0x000000061a400000, 0x000000061a800000|  0%| F|  |TAMS 0x000000061a400000, 0x000000061a400000| Untracked 
|  91|0x000000061a800000, 0x000000061a800000, 0x000000061ac00000|  0%| F|  |TAMS 0x000000061a800000, 0x000000061a800000| Untracked 
|  92|0x000000061ac00000, 0x000000061ac00000, 0x000000061b000000|  0%| F|  |TAMS 0x000000061ac00000, 0x000000061ac00000| Untracked 
|  93|0x000000061b000000, 0x000000061b000000, 0x000000061b400000|  0%| F|  |TAMS 0x000000061b000000, 0x000000061b000000| Untracked 
|  94|0x000000061b400000, 0x000000061b400000, 0x000000061b800000|  0%| F|  |TAMS 0x000000061b400000, 0x000000061b400000| Untracked 
|  95|0x000000061b800000, 0x000000061b800000, 0x000000061bc00000|  0%| F|  |TAMS 0x000000061b800000, 0x000000061b800000| Untracked 
|  96|0x000000061bc00000, 0x000000061bc00000, 0x000000061c000000|  0%| F|  |TAMS 0x000000061bc00000, 0x000000061bc00000| Untracked 
|  97|0x000000061c000000, 0x000000061c000000, 0x000000061c400000|  0%| F|  |TAMS 0x000000061c000000, 0x000000061c000000| Untracked 
|  98|0x000000061c400000, 0x000000061c400000, 0x000000061c800000|  0%| F|  |TAMS 0x000000061c400000, 0x000000061c400000| Untracked 
|  99|0x000000061c800000, 0x000000061c800000, 0x000000061cc00000|  0%| F|  |TAMS 0x000000061c800000, 0x000000061c800000| Untracked 
| 100|0x000000061cc00000, 0x000000061cc00000, 0x000000061d000000|  0%| F|  |TAMS 0x000000061cc00000, 0x000000061cc00000| Untracked 
| 101|0x000000061d000000, 0x000000061d000000, 0x000000061d400000|  0%| F|  |TAMS 0x000000061d000000, 0x000000061d000000| Untracked 
| 102|0x000000061d400000, 0x000000061d400000, 0x000000061d800000|  0%| F|  |TAMS 0x000000061d400000, 0x000000061d400000| Untracked 
| 103|0x000000061d800000, 0x000000061d800000, 0x000000061dc00000|  0%| F|  |TAMS 0x000000061d800000, 0x000000061d800000| Untracked 
| 104|0x000000061dc00000, 0x000000061dc00000, 0x000000061e000000|  0%| F|  |TAMS 0x000000061dc00000, 0x000000061dc00000| Untracked 
| 105|0x000000061e000000, 0x000000061e000000, 0x000000061e400000|  0%| F|  |TAMS 0x000000061e000000, 0x000000061e000000| Untracked 
| 106|0x000000061e400000, 0x000000061e400000, 0x000000061e800000|  0%| F|  |TAMS 0x000000061e400000, 0x000000061e400000| Untracked 
| 107|0x000000061e800000, 0x000000061e800000, 0x000000061ec00000|  0%| F|  |TAMS 0x000000061e800000, 0x000000061e800000| Untracked 
| 108|0x000000061ec00000, 0x000000061ec00000, 0x000000061f000000|  0%| F|  |TAMS 0x000000061ec00000, 0x000000061ec00000| Untracked 
| 109|0x000000061f000000, 0x000000061f000000, 0x000000061f400000|  0%| F|  |TAMS 0x000000061f000000, 0x000000061f000000| Untracked 
| 110|0x000000061f400000, 0x000000061f400000, 0x000000061f800000|  0%| F|  |TAMS 0x000000061f400000, 0x000000061f400000| Untracked 
| 111|0x000000061f800000, 0x000000061f800000, 0x000000061fc00000|  0%| F|  |TAMS 0x000000061f800000, 0x000000061f800000| Untracked 
| 112|0x000000061fc00000, 0x000000061fc00000, 0x0000000620000000|  0%| F|  |TAMS 0x000000061fc00000, 0x000000061fc00000| Untracked 
| 113|0x0000000620000000, 0x0000000620000000, 0x0000000620400000|  0%| F|  |TAMS 0x0000000620000000, 0x0000000620000000| Untracked 
| 114|0x0000000620400000, 0x0000000620400000, 0x0000000620800000|  0%| F|  |TAMS 0x0000000620400000, 0x0000000620400000| Untracked 
| 115|0x0000000620800000, 0x0000000620800000, 0x0000000620c00000|  0%| F|  |TAMS 0x0000000620800000, 0x0000000620800000| Untracked 
| 116|0x0000000620c00000, 0x0000000620c00000, 0x0000000621000000|  0%| F|  |TAMS 0x0000000620c00000, 0x0000000620c00000| Untracked 
| 117|0x0000000621000000, 0x0000000621000000, 0x0000000621400000|  0%| F|  |TAMS 0x0000000621000000, 0x0000000621000000| Untracked 
| 118|0x0000000621400000, 0x0000000621400000, 0x0000000621800000|  0%| F|  |TAMS 0x0000000621400000, 0x0000000621400000| Untracked 
| 119|0x0000000621800000, 0x0000000621800000, 0x0000000621c00000|  0%| F|  |TAMS 0x0000000621800000, 0x0000000621800000| Untracked 
| 120|0x0000000621c00000, 0x0000000621c00000, 0x0000000622000000|  0%| F|  |TAMS 0x0000000621c00000, 0x0000000621c00000| Untracked 
| 121|0x0000000622000000, 0x0000000622000000, 0x0000000622400000|  0%| F|  |TAMS 0x0000000622000000, 0x0000000622000000| Untracked 
| 122|0x0000000622400000, 0x0000000622400000, 0x0000000622800000|  0%| F|  |TAMS 0x0000000622400000, 0x0000000622400000| Untracked 
| 123|0x0000000622800000, 0x0000000622800000, 0x0000000622c00000|  0%| F|  |TAMS 0x0000000622800000, 0x0000000622800000| Untracked 
| 124|0x0000000622c00000, 0x0000000622c00000, 0x0000000623000000|  0%| F|  |TAMS 0x0000000622c00000, 0x0000000622c00000| Untracked 
| 125|0x0000000623000000, 0x0000000623171f40, 0x0000000623400000| 36%| E|  |TAMS 0x0000000623000000, 0x0000000623000000| Complete 
| 126|0x0000000623400000, 0x0000000623800000, 0x0000000623800000|100%| E|CS|TAMS 0x0000000623400000, 0x0000000623400000| Complete 
| 127|0x0000000623800000, 0x0000000623c00000, 0x0000000623c00000|100%| E|CS|TAMS 0x0000000623800000, 0x0000000623800000| Complete 

Card table byte_map: [0x00000232b3100000,0x00000232b40f0000] _byte_map_base: 0x00000232b00e2000

Marking Bits (Prev, Next): (CMBitMap*) 0x000002329ac5c980, (CMBitMap*) 0x000002329ac5c9c0
 Prev Bits: [0x00000232b50e0000, 0x00000232bcff0000)
 Next Bits: [0x00000232bcff0000, 0x00000232c4f00000)

Polling page: 0x0000023298720000

Metaspace:

Usage:
  Non-class:      5.05 MB capacity,     3.77 MB ( 75%) used,     1.28 MB ( 25%) free+waste,     6.69 KB ( <1%) overhead. 
      Class:    596.00 KB capacity,   488.99 KB ( 82%) used,   103.76 KB ( 17%) free+waste,     3.25 KB ( <1%) overhead. 
       Both:      5.63 MB capacity,     4.25 MB ( 75%) used,     1.38 MB ( 24%) free+waste,     9.94 KB ( <1%) overhead. 

Virtual space:
  Non-class space:        8.00 MB reserved,       5.25 MB ( 66%) committed 
      Class space:        1.00 GB reserved,     640.00 KB ( <1%) committed 
             Both:        1.01 GB reserved,       5.88 MB ( <1%) committed 

Chunk freelists:
   Non-Class:  10.00 KB
       Class:  12.00 KB
        Both:  22.00 KB

MaxMetaspaceSize: 17179869184.00 GB
CompressedClassSpaceSize: 1.00 GB

CodeHeap 'non-profiled nmethods': size=120000Kb used=267Kb max_used=267Kb free=119732Kb
 bounds [0x00000232aa8b0000, 0x00000232aab20000, 0x00000232b1de0000]
CodeHeap 'profiled nmethods': size=120000Kb used=1376Kb max_used=1376Kb free=118623Kb
 bounds [0x00000232a3380000, 0x00000232a35f0000, 0x00000232aa8b0000]
CodeHeap 'non-nmethods': size=5760Kb used=1165Kb max_used=1180Kb free=4594Kb
 bounds [0x00000232a2de0000, 0x00000232a3050000, 0x00000232a3380000]
 total_blobs=1298 nmethods=877 adapters=334
 compilation: enabled
              stopped_count=0, restarted_count=0
 full_count=0

Compilation events (20 events):
Event: 0.704 Thread 0x00000232c821b030  865       3       java.net.URL::getDefaultPort (8 bytes)
Event: 0.704 Thread 0x00000232c821b030 nmethod 865 0x00000232a34d4390 code [0x00000232a34d4520, 0x00000232a34d4718]
Event: 0.705 Thread 0x00000232c8218670  866       4       sun.net.www.ParseUtil::firstEncodeIndex (86 bytes)
Event: 0.707 Thread 0x00000232c8218670 nmethod 866 0x00000232aa8f1c90 code [0x00000232aa8f1e20, 0x00000232aa8f2068]
Event: 0.717 Thread 0x00000232c821b030  867       3       java.net.URL::toString (5 bytes)
Event: 0.717 Thread 0x00000232c821b030 nmethod 867 0x00000232a34d4810 code [0x00000232a34d49c0, 0x00000232a34d4be8]
Event: 0.717 Thread 0x00000232c821b030  868       3       java.net.URL::toExternalForm (9 bytes)
Event: 0.717 Thread 0x00000232c821b030 nmethod 868 0x00000232a34d4d10 code [0x00000232a34d4ec0, 0x00000232a34d5088]
Event: 0.718 Thread 0x00000232c821b030  869       3       java.lang.invoke.MemberName::isMethod (8 bytes)
Event: 0.718 Thread 0x00000232c821b030 nmethod 869 0x00000232a34d5190 code [0x00000232a34d5340, 0x00000232a34d5578]
Event: 0.718 Thread 0x00000232c821b030  870       3       java.lang.invoke.MemberName::isCallerSensitive (8 bytes)
Event: 0.718 Thread 0x00000232c821b030 nmethod 870 0x00000232a34d5690 code [0x00000232a34d5840, 0x00000232a34d5a78]
Event: 0.718 Thread 0x00000232c821b030  871       3       jdk.internal.org.objectweb.asm.ByteVector::enlarge (51 bytes)
Event: 0.718 Thread 0x00000232c821b030 nmethod 871 0x00000232a34d5b90 code [0x00000232a34d5d40, 0x00000232a34d6068]
Event: 0.719 Thread 0x00000232c821b030  874       3       java.lang.invoke.InvokerBytecodeGenerator::emitImplicitConversion (161 bytes)
Event: 0.720 Thread 0x00000232c821b030 nmethod 874 0x00000232a34d6190 code [0x00000232a34d64a0, 0x00000232a34d72d8]
Event: 0.720 Thread 0x00000232c821b030  875       3       jdk.internal.org.objectweb.asm.MethodWriter::visitTypeInsn (116 bytes)
Event: 0.721 Thread 0x00000232c821b030 nmethod 875 0x00000232a34d7790 code [0x00000232a34d7980, 0x00000232a34d7d88]
Event: 0.722 Thread 0x00000232c821b030  876       3       java.lang.ref.Reference::clear (6 bytes)
Event: 0.722 Thread 0x00000232c821b030 nmethod 876 0x00000232a34d7f90 code [0x00000232a34d8120, 0x00000232a34d8258]

GC Heap History (0 events):
No events

Deoptimization events (20 events):
Event: 0.597 Thread 0x000002329abe7ac0 DEOPT PACKING pc=0x00000232a34c642e sp=0x000000e7369fd2b0
Event: 0.597 Thread 0x000002329abe7ac0 DEOPT UNPACKING pc=0x00000232a2e2e23f sp=0x000000e7369fc7b8 mode 0
Event: 0.597 Thread 0x000002329abe7ac0 DEOPT PACKING pc=0x00000232a34c642e sp=0x000000e7369fd2b0
Event: 0.597 Thread 0x000002329abe7ac0 DEOPT UNPACKING pc=0x00000232a2e2e23f sp=0x000000e7369fc7b8 mode 0
Event: 0.597 Thread 0x000002329abe7ac0 DEOPT PACKING pc=0x00000232a34c642e sp=0x000000e7369fd2b0
Event: 0.597 Thread 0x000002329abe7ac0 DEOPT UNPACKING pc=0x00000232a2e2e23f sp=0x000000e7369fc7b8 mode 0
Event: 0.598 Thread 0x000002329abe7ac0 DEOPT PACKING pc=0x00000232a34c642e sp=0x000000e7369fd2b0
Event: 0.598 Thread 0x000002329abe7ac0 DEOPT UNPACKING pc=0x00000232a2e2e23f sp=0x000000e7369fc7b8 mode 0
Event: 0.598 Thread 0x000002329abe7ac0 DEOPT PACKING pc=0x00000232a34c642e sp=0x000000e7369fd2b0
Event: 0.598 Thread 0x000002329abe7ac0 DEOPT UNPACKING pc=0x00000232a2e2e23f sp=0x000000e7369fc7b8 mode 0
Event: 0.599 Thread 0x000002329abe7ac0 DEOPT PACKING pc=0x00000232a34c642e sp=0x000000e7369fd2b0
Event: 0.599 Thread 0x000002329abe7ac0 DEOPT UNPACKING pc=0x00000232a2e2e23f sp=0x000000e7369fc7b8 mode 0
Event: 0.600 Thread 0x000002329abe7ac0 DEOPT PACKING pc=0x00000232a34c642e sp=0x000000e7369fd2b0
Event: 0.600 Thread 0x000002329abe7ac0 DEOPT UNPACKING pc=0x00000232a2e2e23f sp=0x000000e7369fc7b8 mode 0
Event: 0.600 Thread 0x000002329abe7ac0 DEOPT PACKING pc=0x00000232a34c642e sp=0x000000e7369fd2b0
Event: 0.600 Thread 0x000002329abe7ac0 DEOPT UNPACKING pc=0x00000232a2e2e23f sp=0x000000e7369fc7b8 mode 0
Event: 0.617 Thread 0x000002329abe7ac0 Uncommon trap: trap_request=0xffffff45 fr.pc=0x00000232aa8efce8 relative=0x0000000000000628
Event: 0.617 Thread 0x000002329abe7ac0 Uncommon trap: reason=unstable_if action=reinterpret pc=0x00000232aa8efce8 method=org.xerial.snappy.SnappyLoader.contentsEquals(Ljava/io/InputStream;Ljava/io/InputStream;)Z @ 39 c2
Event: 0.617 Thread 0x000002329abe7ac0 DEOPT PACKING pc=0x00000232aa8efce8 sp=0x000000e7369fd2f0
Event: 0.617 Thread 0x000002329abe7ac0 DEOPT UNPACKING pc=0x00000232a2e2e42f sp=0x000000e7369fd2b8 mode 2

Classes unloaded (0 events):
No events

Classes redefined (0 events):
No events

Internal exceptions (20 events):
Event: 0.340 Thread 0x000002329abe7ac0 Exception <a 'java/lang/NoSuchMethodError'{0x00000006235ca238}: 'void java.lang.invoke.DirectMethodHandle$Holder.invokeStaticInit(java.lang.Object, java.lang.Object)'> (0x00000006235ca238) 
thrown [./open/src/hotspot/share/interpreter/linkResolver.cpp, line 782]
Event: 0.345 Thread 0x000002329abe7ac0 Exception <a 'java/lang/NoSuchMethodError'{0x00000006235f7320}: 'java.lang.Object java.lang.invoke.DirectMethodHandle$Holder.invokeStaticInit(java.lang.Object, int, int, int, int)'> (0x00000006235f7320) 
thrown [./open/src/hotspot/share/interpreter/linkResolver.cpp, line 782]
Event: 0.410 Thread 0x000002329abe7ac0 Exception <a 'java/lang/NoSuchMethodError'{0x0000000623656be0}: 'java.lang.Object java.lang.invoke.DirectMethodHandle$Holder.invokeStaticInit(java.lang.Object, java.lang.Object, int, int, int, int)'> (0x0000000623656be0) 
thrown [./open/src/hotspot/share/interpreter/linkResolver.cpp, line 782]
Event: 0.433 Thread 0x000002329abe7ac0 Exception <a 'sun/nio/fs/WindowsException'{0x000000062369f2c8}> (0x000000062369f2c8) 
thrown [./open/src/hotspot/share/prims/jni.cpp, line 578]
Event: 0.435 Thread 0x000002329abe7ac0 Exception <a 'java/lang/IncompatibleClassChangeError'{0x00000006236a2c38}: Found class java.lang.Object, but interface was expected> (0x00000006236a2c38) 
thrown [./open/src/hotspot/share/interpreter/linkResolver.cpp, line 848]
Event: 0.435 Thread 0x000002329abe7ac0 Exception <a 'java/lang/NoSuchMethodError'{0x00000006236a61d0}: 'int java.lang.invoke.DirectMethodHandle$Holder.invokeSpecial(java.lang.Object, java.lang.Object, java.lang.Object)'> (0x00000006236a61d0) 
thrown [./open/src/hotspot/share/interpreter/linkResolver.cpp, line 782]
Event: 0.532 Thread 0x000002329abe7ac0 Exception <a 'java/lang/NoClassDefFoundError'{0x00000006237b32b8}: org/slf4j/impl/StaticLoggerBinder> (0x00000006237b32b8) 
thrown [./open/src/hotspot/share/classfile/systemDictionary.cpp, line 284]
Event: 0.534 Thread 0x000002329abe7ac0 Exception <a 'sun/nio/fs/WindowsException'{0x00000006237c1030}> (0x00000006237c1030) 
thrown [./open/src/hotspot/share/prims/jni.cpp, line 578]
Event: 0.534 Thread 0x000002329abe7ac0 Exception <a 'sun/nio/fs/WindowsException'{0x00000006237c1300}> (0x00000006237c1300) 
thrown [./open/src/hotspot/share/prims/jni.cpp, line 578]
Event: 0.537 Thread 0x000002329abe7ac0 Exception <a 'sun/nio/fs/WindowsException'{0x00000006237c3a08}> (0x00000006237c3a08) 
thrown [./open/src/hotspot/share/prims/jni.cpp, line 578]
Event: 0.537 Thread 0x000002329abe7ac0 Exception <a 'sun/nio/fs/WindowsException'{0x00000006237c3cd8}> (0x00000006237c3cd8) 
thrown [./open/src/hotspot/share/prims/jni.cpp, line 578]
Event: 0.552 Thread 0x000002329abe7ac0 Exception <a 'java/lang/NoSuchMethodError'{0x000000062300b038}: 'java.lang.Object java.lang.invoke.DirectMethodHandle$Holder.invokeStatic(java.lang.Object, int, int)'> (0x000000062300b038) 
thrown [./open/src/hotspot/share/interpreter/linkResolver.cpp, line 782]
Event: 0.692 Thread 0x000002329abe7ac0 Exception <a 'java/lang/NoSuchMethodError'{0x00000006230b84d0}: 'java.lang.Object java.lang.invoke.Invokers$Holder.invoke_MT(java.lang.Object, java.lang.Object, java.lang.Object)'> (0x00000006230b84d0) 
thrown [./open/src/hotspot/share/interpreter/linkResolver.cpp, line 782]
Event: 0.695 Thread 0x000002329abe7ac0 Exception <a 'sun/nio/fs/WindowsException'{0x00000006230c5b78}> (0x00000006230c5b78) 
thrown [./open/src/hotspot/share/prims/jni.cpp, line 578]
Event: 0.695 Thread 0x000002329abe7ac0 Exception <a 'sun/nio/fs/WindowsException'{0x00000006230c5e48}> (0x00000006230c5e48) 
thrown [./open/src/hotspot/share/prims/jni.cpp, line 578]
Event: 0.697 Thread 0x000002329abe7ac0 Exception <a 'sun/nio/fs/WindowsException'{0x00000006230c7278}> (0x00000006230c7278) 
thrown [./open/src/hotspot/share/prims/jni.cpp, line 578]
Event: 0.697 Thread 0x000002329abe7ac0 Exception <a 'sun/nio/fs/WindowsException'{0x00000006230c7548}> (0x00000006230c7548) 
thrown [./open/src/hotspot/share/prims/jni.cpp, line 578]
Event: 0.703 Thread 0x000002329abe7ac0 Exception <a 'java/lang/NoSuchMethodError'{0x00000006230d0ee0}: 'void java.lang.invoke.DirectMethodHandle$Holder.invokeVirtual(java.lang.Object, java.lang.Object)'> (0x00000006230d0ee0) 
thrown [./open/src/hotspot/share/interpreter/linkResolver.cpp, line 782]
Event: 0.718 Thread 0x000002329abe7ac0 Exception <a 'java/lang/NoSuchMethodError'{0x00000006230fe570}: 'void java.lang.invoke.DirectMethodHandle$Holder.invokeSpecial(java.lang.Object, java.lang.Object, java.lang.Object)'> (0x00000006230fe570) 
thrown [./open/src/hotspot/share/interpreter/linkResolver.cpp, line 782]
Event: 0.719 Thread 0x000002329abe7ac0 Exception <a 'java/lang/NoSuchMethodError'{0x0000000623109d98}: 'void java.lang.invoke.Invokers$Holder.invokeExact_MT(java.lang.Object, java.lang.Object, java.lang.Object)'> (0x0000000623109d98) 
thrown [./open/src/hotspot/share/interpreter/linkResolver.cpp, line 782]

Events (20 events):
Event: 0.683 loading class java/util/function/LongBinaryOperator
Event: 0.683 loading class java/util/function/LongBinaryOperator done
Event: 0.688 loading class java/nio/channels/FileChannel$MapMode
Event: 0.689 loading class java/nio/channels/FileChannel$MapMode done
Event: 0.691 loading class jdk/internal/misc/ExtendedMapMode
Event: 0.691 loading class jdk/internal/misc/ExtendedMapMode done
Event: 0.692 loading class sun/nio/ch/FileChannelImpl$DefaultUnmapper
Event: 0.692 loading class sun/nio/ch/FileChannelImpl$Unmapper
Event: 0.693 loading class jdk/internal/access/foreign/UnmapperProxy
Event: 0.693 loading class jdk/internal/access/foreign/UnmapperProxy done
Event: 0.693 loading class sun/nio/ch/FileChannelImpl$Unmapper done
Event: 0.693 loading class sun/nio/ch/FileChannelImpl$DefaultUnmapper done
Event: 0.693 loading class sun/nio/ch/Util$4
Event: 0.693 loading class sun/nio/ch/Util$4 done
Event: 0.693 loading class jdk/internal/access/foreign/MemorySegmentProxy
Event: 0.693 loading class jdk/internal/access/foreign/MemorySegmentProxy done
Event: 0.693 loading class java/util/concurrent/atomic/AtomicBoolean
Event: 0.693 loading class java/util/concurrent/atomic/AtomicBoolean done
Event: 0.717 loading class sun/misc/Unsafe
Event: 0.717 loading class sun/misc/Unsafe done


Dynamic libraries:
0x00007ff6ea930000 - 0x00007ff6ea93d000 	C:\Users\jgontijo\.jdks\openjdk-15.0.1\bin\java.exe
0x00007ffcfabb0000 - 0x00007ffcfada5000 	C:\WINDOWS\SYSTEM32\ntdll.dll
0x00007ffcfa560000 - 0x00007ffcfa61d000 	C:\WINDOWS\System32\KERNEL32.DLL
0x00007ffcf86b0000 - 0x00007ffcf8978000 	C:\WINDOWS\System32\KERNELBASE.dll
0x00007ffcf8b10000 - 0x00007ffcf8c10000 	C:\WINDOWS\System32\ucrtbase.dll
0x00007ffce0580000 - 0x00007ffce0599000 	C:\Users\jgontijo\.jdks\openjdk-15.0.1\bin\VCRUNTIME140.dll
0x00007ffcdfb40000 - 0x00007ffcdfb58000 	C:\Users\jgontijo\.jdks\openjdk-15.0.1\bin\jli.dll
0x00007ffcf94b0000 - 0x00007ffcf9650000 	C:\WINDOWS\System32\USER32.dll
0x00007ffcf6e10000 - 0x00007ffcf70aa000 	C:\WINDOWS\WinSxS\amd64_microsoft.windows.common-controls_6595b64144ccf1df_6.0.19041.844_none_ca00b6081b84eb1d\COMCTL32.dll
0x00007ffcf8500000 - 0x00007ffcf8522000 	C:\WINDOWS\System32\win32u.dll
0x00007ffcf98c0000 - 0x00007ffcf995e000 	C:\WINDOWS\System32\msvcrt.dll
0x00007ffcfa3e0000 - 0x00007ffcfa40a000 	C:\WINDOWS\System32\GDI32.dll
0x00007ffcf82f0000 - 0x00007ffcf83fb000 	C:\WINDOWS\System32\gdi32full.dll
0x00007ffcf8530000 - 0x00007ffcf85cd000 	C:\WINDOWS\System32\msvcp_win.dll
0x00007ffcf9480000 - 0x00007ffcf94b0000 	C:\WINDOWS\System32\IMM32.DLL
0x00007ffcae750000 - 0x00007ffcae7f4000 	C:\Program Files\McAfee\Endpoint Security\Threat Prevention\Ips\EpMPApi.dll
0x00007ffcf9780000 - 0x00007ffcf98ab000 	C:\WINDOWS\System32\RPCRT4.dll
0x00007ffcf93c0000 - 0x00007ffcf946c000 	C:\WINDOWS\System32\ADVAPI32.dll
0x00007ffcf9960000 - 0x00007ffcf99fb000 	C:\WINDOWS\System32\sechost.dll
0x00007ffcf8650000 - 0x00007ffcf86b0000 	C:\WINDOWS\System32\WINTRUST.dll
0x00007ffcf8980000 - 0x00007ffcf8adf000 	C:\WINDOWS\System32\CRYPT32.dll
0x00007ffcf7e70000 - 0x00007ffcf7e82000 	C:\WINDOWS\SYSTEM32\MSASN1.dll
0x0000000065020000 - 0x000000006502c000 	C:\Program Files\McAfee\Endpoint Security\Threat Prevention\Ips\EpMPThe.dll
0x00007ffccffb0000 - 0x00007ffcd0009000 	C:\Program Files\McAfee\Endpoint Security\Threat Prevention\Ips\HIPHandlers64.dll
0x00007ffcf9d60000 - 0x00007ffcf9db5000 	C:\WINDOWS\System32\SHLWAPI.dll
0x00007ffcf2570000 - 0x00007ffcf2754000 	C:\WINDOWS\SYSTEM32\dbghelp.dll
0x00007ffce6a70000 - 0x00007ffce6a7c000 	C:\Users\jgontijo\.jdks\openjdk-15.0.1\bin\vcruntime140_1.dll
0x00007ffccde90000 - 0x00007ffccdf21000 	C:\Users\jgontijo\.jdks\openjdk-15.0.1\bin\msvcp140.dll
0x00007ffc8e880000 - 0x00007ffc8f3de000 	C:\Users\jgontijo\.jdks\openjdk-15.0.1\bin\server\jvm.dll
0x00007ffcf9470000 - 0x00007ffcf9478000 	C:\WINDOWS\System32\PSAPI.DLL
0x00007ffcea860000 - 0x00007ffcea86a000 	C:\WINDOWS\SYSTEM32\VERSION.dll
0x00007ffce0640000 - 0x00007ffce0667000 	C:\WINDOWS\SYSTEM32\WINMM.dll
0x00007ffcdc3a0000 - 0x00007ffcdc3a9000 	C:\WINDOWS\SYSTEM32\WSOCK32.dll
0x00007ffcf9a00000 - 0x00007ffcf9a6b000 	C:\WINDOWS\System32\WS2_32.dll
0x00007ffcf6b50000 - 0x00007ffcf6b62000 	C:\WINDOWS\SYSTEM32\kernel.appcore.dll
0x00007ffce0760000 - 0x00007ffce076a000 	C:\Users\jgontijo\.jdks\openjdk-15.0.1\bin\jimage.dll
0x00007ffcd9ea0000 - 0x00007ffcd9ecc000 	C:\WINDOWS\SYSTEM32\dbgcore.DLL
0x00007ffcf85d0000 - 0x00007ffcf8650000 	C:\WINDOWS\System32\bcryptPrimitives.dll
0x00007ffcdfcc0000 - 0x00007ffcdfcce000 	C:\Users\jgontijo\.jdks\openjdk-15.0.1\bin\instrument.dll
0x00007ffcd1720000 - 0x00007ffcd1745000 	C:\Users\jgontijo\.jdks\openjdk-15.0.1\bin\java.dll
0x00007ffcf8c70000 - 0x00007ffcf93b2000 	C:\WINDOWS\System32\SHELL32.dll
0x00007ffcf2760000 - 0x00007ffcf2ef1000 	C:\WINDOWS\SYSTEM32\windows.storage.dll
0x00007ffcf7bc0000 - 0x00007ffcf7bec000 	C:\WINDOWS\SYSTEM32\Wldp.dll
0x00000232c8680000 - 0x00000232c89d5000 	C:\WINDOWS\System32\combase.dll
0x00007ffcfa240000 - 0x00007ffcfa2ee000 	C:\WINDOWS\System32\SHCORE.dll
0x00007ffcf8230000 - 0x00007ffcf824f000 	C:\WINDOWS\SYSTEM32\profapi.dll
0x00007ffcd10b0000 - 0x00007ffcd10c8000 	C:\Users\jgontijo\.jdks\openjdk-15.0.1\bin\zip.dll
0x00007ffcd98e0000 - 0x00007ffcd98f9000 	C:\Users\jgontijo\.jdks\openjdk-15.0.1\bin\net.dll
0x00007ffceb700000 - 0x00007ffceb80b000 	C:\WINDOWS\SYSTEM32\WINHTTP.dll
0x00007ffcf79a0000 - 0x00007ffcf7a0a000 	C:\WINDOWS\system32\mswsock.dll
0x00007ffcd16d0000 - 0x00007ffcd16e2000 	C:\Users\jgontijo\.jdks\openjdk-15.0.1\bin\nio.dll
0x00007ffccd9a0000 - 0x00007ffccd9ba000 	C:\Users\jgontijo\AppData\Local\JetBrains\Toolbox\apps\IDEA-U\ch-0\211.6693.111\bin\breakgen64.dll
0x00007ffcdfb30000 - 0x00007ffcdfb40000 	C:\Users\jgontijo\.jdks\openjdk-15.0.1\bin\verify.dll
0x00007ffcf7c00000 - 0x00007ffcf7c18000 	C:\WINDOWS\SYSTEM32\CRYPTSP.dll
0x00007ffcf7360000 - 0x00007ffcf7394000 	C:\WINDOWS\system32\rsaenh.dll
0x00007ffcf8ae0000 - 0x00007ffcf8b07000 	C:\WINDOWS\System32\bcrypt.dll
0x00007ffcf81b0000 - 0x00007ffcf81de000 	C:\WINDOWS\SYSTEM32\USERENV.dll
0x00007ffcf7b20000 - 0x00007ffcf7b2c000 	C:\WINDOWS\SYSTEM32\CRYPTBASE.dll
0x00007ffcf76b0000 - 0x00007ffcf76eb000 	C:\WINDOWS\SYSTEM32\IPHLPAPI.DLL
0x00007ffcfa230000 - 0x00007ffcfa238000 	C:\WINDOWS\System32\NSI.dll
0x00007ffceb090000 - 0x00007ffceb0a7000 	C:\WINDOWS\SYSTEM32\dhcpcsvc6.DLL
0x00007ffceb000000 - 0x00007ffceb01d000 	C:\WINDOWS\SYSTEM32\dhcpcsvc.DLL
0x00007ffcf76f0000 - 0x00007ffcf77bc000 	C:\WINDOWS\SYSTEM32\DNSAPI.dll
0x0000000066f40000 - 0x0000000066f6d000 	C:\Users\jgontijo\AppData\Local\Temp\liblz4-java16061840945430767159.so
0x0000000069140000 - 0x0000000069207000 	C:\Users\jgontijo\AppData\Local\Temp\snappy-1.1.7-a9551d71-7a4b-4b35-8ea0-3813e4a4a5fd-snappyjava.dll

dbghelp: loaded successfully - version: 4.0.5 - missing functions: none
symbol engine: initialized successfully - sym options: 0x614 - pdb path: .;C:\Users\jgontijo\.jdks\openjdk-15.0.1\bin;C:\WINDOWS\SYSTEM32;C:\WINDOWS\WinSxS\amd64_microsoft.windows.common-controls_6595b64144ccf1df_6.0.19041.844_none_ca00b6081b84eb1d;C:\Program Files\McAfee\Endpoint Security\Threat Prevention\Ips;C:\Users\jgontijo\.jdks\openjdk-15.0.1\bin\server;C:\Users\jgontijo\AppData\Local\JetBrains\Toolbox\apps\IDEA-U\ch-0\211.6693.111\bin;C:\Users\jgontijo\AppData\Local\Temp

VM Arguments:
jvm_args: -ea --enable-preview --enable-preview -Didea.test.cyclic.buffer.size=1048576 -javaagent:C:\Users\jgontijo\AppData\Local\JetBrains\Toolbox\apps\IDEA-U\ch-0\211.6693.111\lib\idea_rt.jar=64352:C:\Users\jgontijo\AppData\Local\JetBrains\Toolbox\apps\IDEA-U\ch-0\211.6693.111\bin -Dfile.encoding=UTF-8 
java_command: com.intellij.rt.junit.JUnitStarter -ideVersion5 -junit4 io.joshworks.es2.sstable.SSTablesTest,compaction
java_class_path (initial): C:\Users\jgontijo\AppData\Local\JetBrains\Toolbox\apps\IDEA-U\ch-0\211.6693.111\lib\idea_rt.jar;C:\Users\jgontijo\AppData\Local\JetBrains\Toolbox\apps\IDEA-U\ch-0\211.6693.111\plugins\junit\lib\junit5-rt.jar;C:\Users\jgontijo\AppData\Local\JetBrains\Toolbox\apps\IDEA-U\ch-0\211.6693.111\plugins\junit\lib\junit-rt.jar;C:\Users\jgontijo\Projects\Test\fstore\stream-db2\target\test-classes;C:\Users\jgontijo\Projects\Test\fstore\stream-db2\target\classes;C:\Users\jgontijo\Projects\Test\fstore\core\target\classes;C:\Users\jgontijo\.m2\repository\net\jpountz\lz4\lz4\1.3.0\lz4-1.3.0.jar;C:\Users\jgontijo\.m2\repository\org\slf4j\slf4j-api\1.7.25\slf4j-api-1.7.25.jar;C:\Users\jgontijo\.m2\repository\junit\junit\4.12\junit-4.12.jar;C:\Users\jgontijo\.m2\repository\org\hamcrest\hamcrest-core\1.3\hamcrest-core-1.3.jar;C:\Users\jgontijo\Projects\Test\fstore\codec\snappy-codec\target\classes;C:\Users\jgontijo\.m2\repository\org\xerial\snappy\snappy-java\1.1.7.1\snappy-java-1.1.7.1.jar;C:\Users\jgontijo\Projects\Test\fstore\codec\standard-codec\target\classes;C:\Users\jgontijo\Projects\Test\fstore\codec\lz4-codec\target\classes;C:\Users\jgontijo\.m2\repository\org\lz4\lz4-java\1.7.0\lz4-java-1.7.0.jar
Launcher Type: SUN_STANDARD

[Global flags]
     intx CICompilerCount                          = 4                                         {product} {ergonomic}
     uint ConcGCThreads                            = 2                                         {product} {ergonomic}
     uint G1ConcRefinementThreads                  = 8                                         {product} {ergonomic}
   size_t G1HeapRegionSize                         = 4194304                                   {product} {ergonomic}
    uintx GCDrainStackTargetSize                   = 64                                        {product} {ergonomic}
   size_t InitialHeapSize                          = 536870912                                 {product} {ergonomic}
   size_t MarkStackSize                            = 4194304                                   {product} {ergonomic}
   size_t MaxHeapSize                              = 8527020032                                {product} {ergonomic}
   size_t MaxNewSize                               = 5112856576                                {product} {ergonomic}
   size_t MinHeapDeltaBytes                        = 4194304                                   {product} {ergonomic}
   size_t MinHeapSize                              = 8388608                                   {product} {ergonomic}
    uintx NonNMethodCodeHeapSize                   = 5839372                                {pd product} {ergonomic}
    uintx NonProfiledCodeHeapSize                  = 122909434                              {pd product} {ergonomic}
    uintx ProfiledCodeHeapSize                     = 122909434                              {pd product} {ergonomic}
    uintx ReservedCodeCacheSize                    = 251658240                              {pd product} {ergonomic}
     bool SegmentedCodeCache                       = true                                      {product} {ergonomic}
   size_t SoftMaxHeapSize                          = 8527020032                             {manageable} {ergonomic}
     bool UseCompressedClassPointers               = true                                 {lp64_product} {ergonomic}
     bool UseCompressedOops                        = true                                 {lp64_product} {ergonomic}
     bool UseG1GC                                  = true                                      {product} {ergonomic}
     bool UseLargePagesIndividualAllocation        = false                                  {pd product} {ergonomic}

Logging:
Log output configuration:
 #0: stdout all=warning uptime,level,tags
 #1: stderr all=off uptime,level,tags

Environment Variables:
JAVA_HOME=C:\Program Files\Java\jdk1.8.0_281
PATH=C:\Program Files (x86)\Common Files\Oracle\Java\javapath;C:\WINDOWS\system32;C:\WINDOWS;C:\WINDOWS\System32\Wbem;C:\WINDOWS\System32\WindowsPowerShell\v1.0\;C:\WINDOWS\System32\OpenSSH\;C:\Program Files\nodejs\;C:\Program Files\Git\cmd;C:\Program Files\Git\mingw64\bin;C:\Program Files\Git\usr\bin;C:\Program Files\Docker\Docker\resources\bin;C:\ProgramData\DockerDesktop\version-bin;C:\Users\jgontijo\.cargo\bin;C:\Users\jgontijo\oci\bin;C:\Users\jgontijo\AppData\Local\atom\bin;C:\Users\jgontijo\AppData\Local\Programs\Python\Python36;C:\Users\jgontijo\AppData\Local\Microsoft\WindowsApps;C:\Users\jgontijo\apache-maven-3.6.1\bin;C:\Users\jgontijo\k8s;C:\Users\jgontijo\bin;C:\Program Files\Java\jdk1.8.0_281\bin;C:\Users\jgontijo\AppData\Local\Programs\Python\Python36\Scripts;C:\Users\jgontijo\AppData\Roaming\npm;C:\Users\jgontijo\helm;C:\Program Files\Sublime Text 3;C:\Users\jgontijo\AppData\Local\Programs\Microsoft VS Code\bin;C:\Users\jgontijo\AppData\Local\Microsoft\WindowsApps;C:\Program Files\mingw-w64\x86_64-8.1.0-posix-seh-rt_v6-rev0\mingw64\bin;C:\Program Files\CMake\bin;
USERNAME=jgontijo
OS=Windows_NT
PROCESSOR_IDENTIFIER=Intel64 Family 6 Model 142 Stepping 12, GenuineIntel



---------------  S Y S T E M  ---------------

OS:
 Windows 10 , 64 bit Build 19041 (10.0.19041.928)
OS uptime: 23 days 5:06 hours
HyperV virtualization detected

CPU: total 8 (initial active 8) (4 cores per cpu, 2 threads per core) family 6 model 142 stepping 12 microcode 0xde, cmov, cx8, fxsr, mmx, sse, sse2, sse3, ssse3, sse4.1, sse4.2, popcnt, vzeroupper, avx, avx2, aes, clmul, erms, 3dnowpref, lzcnt, ht, tsc, tscinvbit, bmi1, bmi2, adx, fma, clflush, clflushopt

Memory: 4k page, system-wide physical 32517M (9979M free)
TotalPageFile size 37381M (AvailPageFile size 6639M)
current process WorkingSet (physical memory assigned to process): 57M, peak: 57M
current process commit charge ("private bytes"): 623M, peak: 623M

vm_info: OpenJDK 64-Bit Server VM (15.0.1+9-18) for windows-amd64 JRE (15.0.1+9-18), built on Sep 15 2020 14:39:31 by "mach5one" with unknown MS VC++:1925

END.
