#
# A fatal error has been detected by the Java Runtime Environment:
#
#  EXCEPTION_ACCESS_VIOLATION (0xc0000005) at pc=0x00007ffc8efe11a0, pid=20684, tid=30008
#
# JRE version: OpenJDK Runtime Environment (15.0.1+9) (build 15.0.1+9-18)
# Java VM: OpenJDK 64-Bit Server VM (15.0.1+9-18, mixed mode, sharing, tiered, compressed oops, g1 gc, windows-amd64)
# Problematic frame:
# V  [jvm.dll+0x7611a0]
#
# No core dump will be written. Minidumps are not enabled by default on client versions of Windows
#
# If you would like to submit a bug report, please visit:
#   https://bugreport.java.com/bugreport/crash.jsp
#

---------------  S U M M A R Y ------------

Command Line: -ea --enable-preview --enable-preview -Didea.test.cyclic.buffer.size=1048576 -javaagent:C:\Users\jgontijo\AppData\Local\JetBrains\Toolbox\apps\IDEA-U\ch-0\211.6693.111\lib\idea_rt.jar=64327:C:\Users\jgontijo\AppData\Local\JetBrains\Toolbox\apps\IDEA-U\ch-0\211.6693.111\bin -Dfile.encoding=UTF-8 com.intellij.rt.junit.JUnitStarter -ideVersion5 -junit4 io.joshworks.es2.sstable.SSTablesTest,compaction

Host: Intel(R) Core(TM) i7-8665U CPU @ 1.90GHz, 8 cores, 31G,  Windows 10 , 64 bit Build 19041 (10.0.19041.928)
Time: Fri Jun  4 20:09:59 2021 GMT Daylight Time elapsed time: 1.181944 seconds (0d 0h 0m 1s)

---------------  T H R E A D  ---------------

Current thread (0x0000024332b87c70):  JavaThread "main" [_thread_in_vm, id=30008, stack(0x000000ca88800000,0x000000ca88900000)]

Stack: [0x000000ca88800000,0x000000ca88900000],  sp=0x000000ca888fdbf0,  free space=1014k
Native frames: (J=compiled Java code, j=interpreted, Vv=VM code, C=native code)
V  [jvm.dll+0x7611a0]
C  0x000002433b18f177

Java frames: (J=compiled Java code, j=interpreted, Vv=VM code)
j  jdk.internal.misc.Unsafe.getShort(Ljava/lang/Object;J)S+0 java.base@15.0.1
j  jdk.internal.misc.Unsafe.getShortUnaligned(Ljava/lang/Object;J)S+11 java.base@15.0.1
j  jdk.internal.misc.Unsafe.getShortUnaligned(Ljava/lang/Object;JZ)S+5 java.base@15.0.1
j  java.nio.DirectByteBuffer.getShort(J)S+13 java.base@15.0.1
j  java.nio.DirectByteBuffer.getShort(I)S+11 java.base@15.0.1
j  io.joshworks.es2.index.Block.level()I+5
j  io.joshworks.es2.index.BTreeIndexSegment.find(JILio/joshworks/es2/index/IndexFunction;)Lio/joshworks/es2/index/IndexEntry;+8
j  io.joshworks.es2.sstable.SSTable.get(JILio/joshworks/es2/sink/Sink;)I+9
j  io.joshworks.es2.sstable.SSTables.get(JILio/joshworks/es2/sink/Sink;)I+33
j  io.joshworks.es2.sstable.SSTablesTest.assertStream(JI)V+43
j  io.joshworks.es2.sstable.SSTablesTest.compaction()V+75
v  ~StubRoutines::call_stub
j  jdk.internal.reflect.NativeMethodAccessorImpl.invoke0(Ljava/lang/reflect/Method;Ljava/lang/Object;[Ljava/lang/Object;)Ljava/lang/Object;+0 java.base@15.0.1
j  jdk.internal.reflect.NativeMethodAccessorImpl.invoke(Ljava/lang/Object;[Ljava/lang/Object;)Ljava/lang/Object;+113 java.base@15.0.1
j  jdk.internal.reflect.DelegatingMethodAccessorImpl.invoke(Ljava/lang/Object;[Ljava/lang/Object;)Ljava/lang/Object;+6 java.base@15.0.1
j  java.lang.reflect.Method.invoke(Ljava/lang/Object;[Ljava/lang/Object;)Ljava/lang/Object;+59 java.base@15.0.1
j  org.junit.runners.model.FrameworkMethod$1.runReflectiveCall()Ljava/lang/Object;+15
j  org.junit.internal.runners.model.ReflectiveCallable.run()Ljava/lang/Object;+1
j  org.junit.runners.model.FrameworkMethod.invokeExplosively(Ljava/lang/Object;[Ljava/lang/Object;)Ljava/lang/Object;+10
j  org.junit.internal.runners.statements.InvokeMethod.evaluate()V+12
j  org.junit.internal.runners.statements.RunBefores.evaluate()V+49
j  org.junit.internal.runners.statements.RunAfters.evaluate()V+12
j  org.junit.runners.ParentRunner.runLeaf(Lorg/junit/runners/model/Statement;Lorg/junit/runner/Description;Lorg/junit/runner/notification/RunNotifier;)V+17
j  org.junit.runners.BlockJUnit4ClassRunner.runChild(Lorg/junit/runners/model/FrameworkMethod;Lorg/junit/runner/notification/RunNotifier;)V+30
j  org.junit.runners.BlockJUnit4ClassRunner.runChild(Ljava/lang/Object;Lorg/junit/runner/notification/RunNotifier;)V+6
j  org.junit.runners.ParentRunner$3.run()V+12
j  org.junit.runners.ParentRunner$1.schedule(Ljava/lang/Runnable;)V+1
j  org.junit.runners.ParentRunner.runChildren(Lorg/junit/runner/notification/RunNotifier;)V+44
j  org.junit.runners.ParentRunner.access$000(Lorg/junit/runners/ParentRunner;Lorg/junit/runner/notification/RunNotifier;)V+2
j  org.junit.runners.ParentRunner$2.evaluate()V+8
j  org.junit.runners.ParentRunner.run(Lorg/junit/runner/notification/RunNotifier;)V+20
j  org.junit.runner.JUnitCore.run(Lorg/junit/runner/Runner;)Lorg/junit/runner/Result;+37
j  com.intellij.junit4.JUnit4IdeaTestRunner.startRunnerWithArgs([Ljava/lang/String;Ljava/lang/String;IZ)I+166
j  com.intellij.rt.junit.IdeaTestRunner$Repeater.startRunnerWithArgs(Lcom/intellij/rt/junit/IdeaTestRunner;[Ljava/lang/String;Ljava/util/ArrayList;Ljava/lang/String;IZ)I+22
j  com.intellij.rt.junit.JUnitStarter.prepareStreamsAndStart([Ljava/lang/String;Ljava/lang/String;Ljava/util/ArrayList;Ljava/lang/String;)I+116
j  com.intellij.rt.junit.JUnitStarter.main([Ljava/lang/String;)V+97
v  ~StubRoutines::call_stub

siginfo: EXCEPTION_ACCESS_VIOLATION (0xc0000005), reading address 0x0000024361f20000


Register to memory mapping:

RIP=0x00007ffc8efe11a0 jvm.dll
RAX=0x0 is NULL
RBX=0x0000024332b87c70 is a thread
RCX=0x0000024332b87c70 is a thread
RDX=0x000000ca888fdce8 is pointing into the stack for thread: 0x0000024332b87c70
RSP=0x000000ca888fdbf0 is pointing into the stack for thread: 0x0000024332b87c70
RBP=0x000000ca888fdcb0 is pointing into the stack for thread: 0x0000024332b87c70
RSI=0x0000024361f20000 is an unknown value
RDI=0x0 is NULL
R8 =0x0 is NULL
R9 =0x0000024361f20000 is an unknown value
R10=0x000002433b18f148 is at code_begin+1000 in an Interpreter codelet
method entry point (kind = native)  [0x000002433b18ed60, 0x000002433b18f7e0]  2688 bytes
R11=0x0000000000000101 is an unknown value
R12=0x0 is NULL
R13=0x000000080064fbd8 is pointing into metadata
R14=0x000000ca888fdce8 is pointing into the stack for thread: 0x0000024332b87c70
R15=0x0000024332b87c70 is a thread


Registers:
RAX=0x0000000000000000, RBX=0x0000024332b87c70, RCX=0x0000024332b87c70, RDX=0x000000ca888fdce8
RSP=0x000000ca888fdbf0, RBP=0x000000ca888fdcb0, RSI=0x0000024361f20000, RDI=0x0000000000000000
R8 =0x0000000000000000, R9 =0x0000024361f20000, R10=0x000002433b18f148, R11=0x0000000000000101
R12=0x0000000000000000, R13=0x000000080064fbd8, R14=0x000000ca888fdce8, R15=0x0000024332b87c70
RIP=0x00007ffc8efe11a0, EFLAGS=0x0000000000010246

Top of Stack: (sp=0x000000ca888fdbf0)
0x000000ca888fdbf0:   0000024332b87c70 00007ffc8ee7ca73
0x000000ca888fdc00:   000000ca888fdcb0 000000ca888fdcb0
0x000000ca888fdc10:   0000000000000478 000002433b18f177
0x000000ca888fdc20:   00000008000a3618 0000000000000478
0x000000ca888fdc30:   0000024360e36a90 0000024332b87c70
0x000000ca888fdc40:   0000024360e36a90 000002436031ed80
0x000000ca888fdc50:   0000000000000001 00007ffc8ee4fb61
0x000000ca888fdc60:   000000ca888fdf60 000000ca888fdc68
0x000000ca888fdc70:   0000000000000000 000000ca888fdce8
0x000000ca888fdc80:   00000008000a0ba0 0000000000000000
0x000000ca888fdc90:   0000000623805278 00000008000a3618
0x000000ca888fdca0:   0000000000000000 000000ca888fdcd0
0x000000ca888fdcb0:   000000ca888fdd38 000002433b189af0
0x000000ca888fdcc0:   0000000000000000 000002433b18c212
0x000000ca888fdcd0:   0000024361f20000 0000000000000000
0x000000ca888fdce0:   0000000000000000 000000062380b9f0 

Instructions: (pc=0x00007ffc8efe11a0)
0x00007ffc8efe10a0:   ff 48 8b 83 10 01 00 00 c0 e8 03 a8 01 74 08 48
0x00007ffc8efe10b0:   8b cb e8 c9 bb f2 ff 48 8b 74 24 38 c7 83 98 03
0x00007ffc8efe10c0:   00 00 04 00 00 00 48 8b 5c 24 30 48 83 c4 20 5f
0x00007ffc8efe10d0:   c3 cc cc cc cc cc cc cc cc cc cc cc cc cc cc cc
0x00007ffc8efe10e0:   48 89 5c 24 08 48 89 74 24 10 57 48 83 ec 20 8b
0x00007ffc8efe10f0:   81 88 00 00 00 48 8d 99 d8 fc ff ff 05 55 21 ff
0x00007ffc8efe1100:   ff 49 8b f1 49 8b f8 83 f8 01 76 0a 48 8b cb e8
0x00007ffc8efe1110:   6c c4 fd ff 33 db c7 83 98 03 00 00 05 00 00 00
0x00007ffc8efe1120:   e8 cb b6 eb ff 48 8b 03 48 8b cb ff 50 38 84 c0
0x00007ffc8efe1130:   74 0e 48 8b 83 10 01 00 00 c0 e8 03 24 01 eb 0b
0x00007ffc8efe1140:   8b 05 ca b5 33 00 85 c0 0f 95 c0 84 c0 75 0d 8b
0x00007ffc8efe1150:   83 e0 00 00 00 a9 04 00 00 20 74 08 48 8b cb e8
0x00007ffc8efe1160:   9c ca fd ff c7 83 98 03 00 00 06 00 00 00 48 85
0x00007ffc8efe1170:   ff 74 26 40 f6 c7 01 74 0c 48 8d 4f ff ff 15 25
0x00007ffc8efe1180:   a6 29 00 eb 09 48 8b cf ff 15 7a 2e 29 00 48 85
0x00007ffc8efe1190:   c0 74 06 0f b7 34 30 eb 11 c6 83 bc 03 00 00 01
0x00007ffc8efe11a0:   0f b7 36 c6 83 bc 03 00 00 00 48 8b bb f8 00 00
0x00007ffc8efe11b0:   00 48 8b 4f 10 48 83 39 00 74 0c 48 8b cf e8 cd
0x00007ffc8efe11c0:   35 bb ff 48 8b 4f 10 48 8b 47 08 48 89 48 10 48
0x00007ffc8efe11d0:   8b 4f 08 48 8b 47 18 48 89 41 18 48 8b 4f 08 48
0x00007ffc8efe11e0:   8b 47 20 48 89 41 20 c7 83 98 03 00 00 07 00 00
0x00007ffc8efe11f0:   00 e8 fa b5 eb ff 48 8b 8b 10 01 00 00 c0 e9 03
0x00007ffc8efe1200:   f6 c1 01 74 08 48 8b cb e8 73 ba f2 ff 0f b7 c6
0x00007ffc8efe1210:   c7 83 98 03 00 00 04 00 00 00 48 8b 5c 24 30 48
0x00007ffc8efe1220:   8b 74 24 38 48 83 c4 20 5f c3 cc cc cc cc cc cc
0x00007ffc8efe1230:   48 89 5c 24 08 48 89 74 24 10 57 48 83 ec 20 8b
0x00007ffc8efe1240:   81 88 00 00 00 48 8d 99 d8 fc ff ff 05 55 21 ff
0x00007ffc8efe1250:   ff 49 8b f1 49 8b f8 83 f8 01 76 0a 48 8b cb e8
0x00007ffc8efe1260:   1c c3 fd ff 33 db c7 83 98 03 00 00 05 00 00 00
0x00007ffc8efe1270:   e8 7b b5 eb ff 48 8b 03 48 8b cb ff 50 38 84 c0
0x00007ffc8efe1280:   74 0e 48 8b 83 10 01 00 00 c0 e8 03 24 01 eb 0b
0x00007ffc8efe1290:   8b 05 7a b4 33 00 85 c0 0f 95 c0 84 c0 75 0d 8b 


Stack slot to memory mapping:
stack at sp + 0 slots: 0x0000024332b87c70 is a thread
stack at sp + 1 slots: 0x00007ffc8ee7ca73 jvm.dll
stack at sp + 2 slots: 0x000000ca888fdcb0 is pointing into the stack for thread: 0x0000024332b87c70
stack at sp + 3 slots: 0x000000ca888fdcb0 is pointing into the stack for thread: 0x0000024332b87c70
stack at sp + 4 slots: 0x0000000000000478 is an unknown value
stack at sp + 5 slots: 0x000002433b18f177 is at code_begin+1047 in an Interpreter codelet
method entry point (kind = native)  [0x000002433b18ed60, 0x000002433b18f7e0]  2688 bytes
stack at sp + 6 slots: {method} {0x00000008000a3620} 'getShort' '(Ljava/lang/Object;J)S' in 'jdk/internal/misc/Unsafe'
stack at sp + 7 slots: 0x0000000000000478 is an unknown value


---------------  P R O C E S S  ---------------

Threads class SMR info:
_java_thread_list=0x0000024360e66120, length=12, elements={
0x0000024332b87c70, 0x0000024360329f00, 0x000002436032a8e0, 0x0000024360340ab0,
0x0000024360343380, 0x0000024360344c50, 0x0000024360348d40, 0x0000024360351650,
0x0000024360356740, 0x0000024360cf0850, 0x0000024360e8c6d0, 0x0000024360e8f890
}

Java Threads: ( => current thread )
=>0x0000024332b87c70 JavaThread "main" [_thread_in_vm, id=30008, stack(0x000000ca88800000,0x000000ca88900000)]
  0x0000024360329f00 JavaThread "Reference Handler" daemon [_thread_blocked, id=23712, stack(0x000000ca88f00000,0x000000ca89000000)]
  0x000002436032a8e0 JavaThread "Finalizer" daemon [_thread_blocked, id=31172, stack(0x000000ca89000000,0x000000ca89100000)]
  0x0000024360340ab0 JavaThread "Signal Dispatcher" daemon [_thread_blocked, id=1772, stack(0x000000ca89100000,0x000000ca89200000)]
  0x0000024360343380 JavaThread "Attach Listener" daemon [_thread_blocked, id=28924, stack(0x000000ca89200000,0x000000ca89300000)]
  0x0000024360344c50 JavaThread "Service Thread" daemon [_thread_blocked, id=848, stack(0x000000ca89300000,0x000000ca89400000)]
  0x0000024360348d40 JavaThread "C2 CompilerThread0" daemon [_thread_blocked, id=23396, stack(0x000000ca89400000,0x000000ca89500000)]
  0x0000024360351650 JavaThread "C1 CompilerThread0" daemon [_thread_blocked, id=26052, stack(0x000000ca89500000,0x000000ca89600000)]
  0x0000024360356740 JavaThread "Sweeper thread" daemon [_thread_blocked, id=20264, stack(0x000000ca89600000,0x000000ca89700000)]
  0x0000024360cf0850 JavaThread "Common-Cleaner" daemon [_thread_blocked, id=31336, stack(0x000000ca89700000,0x000000ca89800000)]
  0x0000024360e8c6d0 JavaThread "Monitor Ctrl-Break" daemon [_thread_in_native, id=28792, stack(0x000000ca89800000,0x000000ca89900000)]
  0x0000024360e8f890 JavaThread "Notification Thread" daemon [_thread_blocked, id=23500, stack(0x000000ca89900000,0x000000ca89a00000)]

Other Threads:
  0x0000024360328870 VMThread "VM Thread" [stack: 0x000000ca88e00000,0x000000ca88f00000] [id=24068]
  0x0000024360e70080 WatcherThread [stack: 0x000000ca89a00000,0x000000ca89b00000] [id=28836]
  0x0000024332bfb420 GCTaskThread "GC Thread#0" [stack: 0x000000ca88900000,0x000000ca88a00000] [id=18676]
  0x0000024332c0d2a0 ConcurrentGCThread "G1 Main Marker" [stack: 0x000000ca88a00000,0x000000ca88b00000] [id=20100]
  0x0000024332c0e9b0 ConcurrentGCThread "G1 Conc#0" [stack: 0x000000ca88b00000,0x000000ca88c00000] [id=28972]
  0x0000024360219190 ConcurrentGCThread "G1 Refine#0" [stack: 0x000000ca88c00000,0x000000ca88d00000] [id=5020]
  0x000002436021bbb0 ConcurrentGCThread "G1 Young RemSet Sampling" [stack: 0x000000ca88d00000,0x000000ca88e00000] [id=29560]

Threads with active compile tasks:

VM state: not at safepoint (normal execution)

VM Mutex/Monitor currently owned by a thread: None

Heap address: 0x0000000603c00000, size: 8132 MB, Compressed Oops mode: Zero based, Oop shift amount: 3
CDS archive(s) mapped at: [0x0000000800000000-0x0000000800b50000-0x0000000800b50000), size 11862016, SharedBaseAddress: 0x0000000800000000, ArchiveRelocationMode: 0.
Compressed class space mapped at: 0x0000000800b50000-0x0000000840b50000, size: 1073741824
Narrow klass base: 0x0000000800000000, Narrow klass shift: 3, Narrow klass range: 0x100000000

GC Precious Log:
 CPUs: 8 total, 8 available
 Memory: 32517M
 Large Page Support: Disabled
 NUMA Support: Disabled
 Compressed Oops: Enabled (Zero based)
 Heap Region Size: 4M
 Heap Min Capacity: 8M
 Heap Initial Capacity: 512M
 Heap Max Capacity: 8132M
 Pre-touch: Disabled
 Parallel Workers: 8
 Concurrent Workers: 2
 Concurrent Refinement Workers: 8
 Periodic GC: Disabled

Heap:
 garbage-first heap   total 524288K, used 8192K [0x0000000603c00000, 0x0000000800000000)
  region size 4096K, 3 young (12288K), 0 survivors (0K)
 Metaspace       used 4528K, capacity 5774K, committed 6016K, reserved 1056768K
  class space    used 500K, capacity 596K, committed 640K, reserved 1048576K

Heap Regions: E=young(eden), S=young(survivor), O=old, HS=humongous(starts), HC=humongous(continues), CS=collection set, F=free, OA=open archive, CA=closed archive, TAMS=top-at-mark-start (previous, next)
|   0|0x0000000603c00000, 0x0000000603c00000, 0x0000000604000000|  0%| F|  |TAMS 0x0000000603c00000, 0x0000000603c00000| Untracked 
|   1|0x0000000604000000, 0x0000000604000000, 0x0000000604400000|  0%| F|  |TAMS 0x0000000604000000, 0x0000000604000000| Untracked 
|   2|0x0000000604400000, 0x0000000604400000, 0x0000000604800000|  0%| F|  |TAMS 0x0000000604400000, 0x0000000604400000| Untracked 
|   3|0x0000000604800000, 0x0000000604800000, 0x0000000604c00000|  0%| F|  |TAMS 0x0000000604800000, 0x0000000604800000| Untracked 
|   4|0x0000000604c00000, 0x0000000604c00000, 0x0000000605000000|  0%| F|  |TAMS 0x0000000604c00000, 0x0000000604c00000| Untracked 
|   5|0x0000000605000000, 0x0000000605000000, 0x0000000605400000|  0%| F|  |TAMS 0x0000000605000000, 0x0000000605000000| Untracked 
|   6|0x0000000605400000, 0x0000000605400000, 0x0000000605800000|  0%| F|  |TAMS 0x0000000605400000, 0x0000000605400000| Untracked 
|   7|0x0000000605800000, 0x0000000605800000, 0x0000000605c00000|  0%| F|  |TAMS 0x0000000605800000, 0x0000000605800000| Untracked 
|   8|0x0000000605c00000, 0x0000000605c00000, 0x0000000606000000|  0%| F|  |TAMS 0x0000000605c00000, 0x0000000605c00000| Untracked 
|   9|0x0000000606000000, 0x0000000606000000, 0x0000000606400000|  0%| F|  |TAMS 0x0000000606000000, 0x0000000606000000| Untracked 
|  10|0x0000000606400000, 0x0000000606400000, 0x0000000606800000|  0%| F|  |TAMS 0x0000000606400000, 0x0000000606400000| Untracked 
|  11|0x0000000606800000, 0x0000000606800000, 0x0000000606c00000|  0%| F|  |TAMS 0x0000000606800000, 0x0000000606800000| Untracked 
|  12|0x0000000606c00000, 0x0000000606c00000, 0x0000000607000000|  0%| F|  |TAMS 0x0000000606c00000, 0x0000000606c00000| Untracked 
|  13|0x0000000607000000, 0x0000000607000000, 0x0000000607400000|  0%| F|  |TAMS 0x0000000607000000, 0x0000000607000000| Untracked 
|  14|0x0000000607400000, 0x0000000607400000, 0x0000000607800000|  0%| F|  |TAMS 0x0000000607400000, 0x0000000607400000| Untracked 
|  15|0x0000000607800000, 0x0000000607800000, 0x0000000607c00000|  0%| F|  |TAMS 0x0000000607800000, 0x0000000607800000| Untracked 
|  16|0x0000000607c00000, 0x0000000607c00000, 0x0000000608000000|  0%| F|  |TAMS 0x0000000607c00000, 0x0000000607c00000| Untracked 
|  17|0x0000000608000000, 0x0000000608000000, 0x0000000608400000|  0%| F|  |TAMS 0x0000000608000000, 0x0000000608000000| Untracked 
|  18|0x0000000608400000, 0x0000000608400000, 0x0000000608800000|  0%| F|  |TAMS 0x0000000608400000, 0x0000000608400000| Untracked 
|  19|0x0000000608800000, 0x0000000608800000, 0x0000000608c00000|  0%| F|  |TAMS 0x0000000608800000, 0x0000000608800000| Untracked 
|  20|0x0000000608c00000, 0x0000000608c00000, 0x0000000609000000|  0%| F|  |TAMS 0x0000000608c00000, 0x0000000608c00000| Untracked 
|  21|0x0000000609000000, 0x0000000609000000, 0x0000000609400000|  0%| F|  |TAMS 0x0000000609000000, 0x0000000609000000| Untracked 
|  22|0x0000000609400000, 0x0000000609400000, 0x0000000609800000|  0%| F|  |TAMS 0x0000000609400000, 0x0000000609400000| Untracked 
|  23|0x0000000609800000, 0x0000000609800000, 0x0000000609c00000|  0%| F|  |TAMS 0x0000000609800000, 0x0000000609800000| Untracked 
|  24|0x0000000609c00000, 0x0000000609c00000, 0x000000060a000000|  0%| F|  |TAMS 0x0000000609c00000, 0x0000000609c00000| Untracked 
|  25|0x000000060a000000, 0x000000060a000000, 0x000000060a400000|  0%| F|  |TAMS 0x000000060a000000, 0x000000060a000000| Untracked 
|  26|0x000000060a400000, 0x000000060a400000, 0x000000060a800000|  0%| F|  |TAMS 0x000000060a400000, 0x000000060a400000| Untracked 
|  27|0x000000060a800000, 0x000000060a800000, 0x000000060ac00000|  0%| F|  |TAMS 0x000000060a800000, 0x000000060a800000| Untracked 
|  28|0x000000060ac00000, 0x000000060ac00000, 0x000000060b000000|  0%| F|  |TAMS 0x000000060ac00000, 0x000000060ac00000| Untracked 
|  29|0x000000060b000000, 0x000000060b000000, 0x000000060b400000|  0%| F|  |TAMS 0x000000060b000000, 0x000000060b000000| Untracked 
|  30|0x000000060b400000, 0x000000060b400000, 0x000000060b800000|  0%| F|  |TAMS 0x000000060b400000, 0x000000060b400000| Untracked 
|  31|0x000000060b800000, 0x000000060b800000, 0x000000060bc00000|  0%| F|  |TAMS 0x000000060b800000, 0x000000060b800000| Untracked 
|  32|0x000000060bc00000, 0x000000060bc00000, 0x000000060c000000|  0%| F|  |TAMS 0x000000060bc00000, 0x000000060bc00000| Untracked 
|  33|0x000000060c000000, 0x000000060c000000, 0x000000060c400000|  0%| F|  |TAMS 0x000000060c000000, 0x000000060c000000| Untracked 
|  34|0x000000060c400000, 0x000000060c400000, 0x000000060c800000|  0%| F|  |TAMS 0x000000060c400000, 0x000000060c400000| Untracked 
|  35|0x000000060c800000, 0x000000060c800000, 0x000000060cc00000|  0%| F|  |TAMS 0x000000060c800000, 0x000000060c800000| Untracked 
|  36|0x000000060cc00000, 0x000000060cc00000, 0x000000060d000000|  0%| F|  |TAMS 0x000000060cc00000, 0x000000060cc00000| Untracked 
|  37|0x000000060d000000, 0x000000060d000000, 0x000000060d400000|  0%| F|  |TAMS 0x000000060d000000, 0x000000060d000000| Untracked 
|  38|0x000000060d400000, 0x000000060d400000, 0x000000060d800000|  0%| F|  |TAMS 0x000000060d400000, 0x000000060d400000| Untracked 
|  39|0x000000060d800000, 0x000000060d800000, 0x000000060dc00000|  0%| F|  |TAMS 0x000000060d800000, 0x000000060d800000| Untracked 
|  40|0x000000060dc00000, 0x000000060dc00000, 0x000000060e000000|  0%| F|  |TAMS 0x000000060dc00000, 0x000000060dc00000| Untracked 
|  41|0x000000060e000000, 0x000000060e000000, 0x000000060e400000|  0%| F|  |TAMS 0x000000060e000000, 0x000000060e000000| Untracked 
|  42|0x000000060e400000, 0x000000060e400000, 0x000000060e800000|  0%| F|  |TAMS 0x000000060e400000, 0x000000060e400000| Untracked 
|  43|0x000000060e800000, 0x000000060e800000, 0x000000060ec00000|  0%| F|  |TAMS 0x000000060e800000, 0x000000060e800000| Untracked 
|  44|0x000000060ec00000, 0x000000060ec00000, 0x000000060f000000|  0%| F|  |TAMS 0x000000060ec00000, 0x000000060ec00000| Untracked 
|  45|0x000000060f000000, 0x000000060f000000, 0x000000060f400000|  0%| F|  |TAMS 0x000000060f000000, 0x000000060f000000| Untracked 
|  46|0x000000060f400000, 0x000000060f400000, 0x000000060f800000|  0%| F|  |TAMS 0x000000060f400000, 0x000000060f400000| Untracked 
|  47|0x000000060f800000, 0x000000060f800000, 0x000000060fc00000|  0%| F|  |TAMS 0x000000060f800000, 0x000000060f800000| Untracked 
|  48|0x000000060fc00000, 0x000000060fc00000, 0x0000000610000000|  0%| F|  |TAMS 0x000000060fc00000, 0x000000060fc00000| Untracked 
|  49|0x0000000610000000, 0x0000000610000000, 0x0000000610400000|  0%| F|  |TAMS 0x0000000610000000, 0x0000000610000000| Untracked 
|  50|0x0000000610400000, 0x0000000610400000, 0x0000000610800000|  0%| F|  |TAMS 0x0000000610400000, 0x0000000610400000| Untracked 
|  51|0x0000000610800000, 0x0000000610800000, 0x0000000610c00000|  0%| F|  |TAMS 0x0000000610800000, 0x0000000610800000| Untracked 
|  52|0x0000000610c00000, 0x0000000610c00000, 0x0000000611000000|  0%| F|  |TAMS 0x0000000610c00000, 0x0000000610c00000| Untracked 
|  53|0x0000000611000000, 0x0000000611000000, 0x0000000611400000|  0%| F|  |TAMS 0x0000000611000000, 0x0000000611000000| Untracked 
|  54|0x0000000611400000, 0x0000000611400000, 0x0000000611800000|  0%| F|  |TAMS 0x0000000611400000, 0x0000000611400000| Untracked 
|  55|0x0000000611800000, 0x0000000611800000, 0x0000000611c00000|  0%| F|  |TAMS 0x0000000611800000, 0x0000000611800000| Untracked 
|  56|0x0000000611c00000, 0x0000000611c00000, 0x0000000612000000|  0%| F|  |TAMS 0x0000000611c00000, 0x0000000611c00000| Untracked 
|  57|0x0000000612000000, 0x0000000612000000, 0x0000000612400000|  0%| F|  |TAMS 0x0000000612000000, 0x0000000612000000| Untracked 
|  58|0x0000000612400000, 0x0000000612400000, 0x0000000612800000|  0%| F|  |TAMS 0x0000000612400000, 0x0000000612400000| Untracked 
|  59|0x0000000612800000, 0x0000000612800000, 0x0000000612c00000|  0%| F|  |TAMS 0x0000000612800000, 0x0000000612800000| Untracked 
|  60|0x0000000612c00000, 0x0000000612c00000, 0x0000000613000000|  0%| F|  |TAMS 0x0000000612c00000, 0x0000000612c00000| Untracked 
|  61|0x0000000613000000, 0x0000000613000000, 0x0000000613400000|  0%| F|  |TAMS 0x0000000613000000, 0x0000000613000000| Untracked 
|  62|0x0000000613400000, 0x0000000613400000, 0x0000000613800000|  0%| F|  |TAMS 0x0000000613400000, 0x0000000613400000| Untracked 
|  63|0x0000000613800000, 0x0000000613800000, 0x0000000613c00000|  0%| F|  |TAMS 0x0000000613800000, 0x0000000613800000| Untracked 
|  64|0x0000000613c00000, 0x0000000613c00000, 0x0000000614000000|  0%| F|  |TAMS 0x0000000613c00000, 0x0000000613c00000| Untracked 
|  65|0x0000000614000000, 0x0000000614000000, 0x0000000614400000|  0%| F|  |TAMS 0x0000000614000000, 0x0000000614000000| Untracked 
|  66|0x0000000614400000, 0x0000000614400000, 0x0000000614800000|  0%| F|  |TAMS 0x0000000614400000, 0x0000000614400000| Untracked 
|  67|0x0000000614800000, 0x0000000614800000, 0x0000000614c00000|  0%| F|  |TAMS 0x0000000614800000, 0x0000000614800000| Untracked 
|  68|0x0000000614c00000, 0x0000000614c00000, 0x0000000615000000|  0%| F|  |TAMS 0x0000000614c00000, 0x0000000614c00000| Untracked 
|  69|0x0000000615000000, 0x0000000615000000, 0x0000000615400000|  0%| F|  |TAMS 0x0000000615000000, 0x0000000615000000| Untracked 
|  70|0x0000000615400000, 0x0000000615400000, 0x0000000615800000|  0%| F|  |TAMS 0x0000000615400000, 0x0000000615400000| Untracked 
|  71|0x0000000615800000, 0x0000000615800000, 0x0000000615c00000|  0%| F|  |TAMS 0x0000000615800000, 0x0000000615800000| Untracked 
|  72|0x0000000615c00000, 0x0000000615c00000, 0x0000000616000000|  0%| F|  |TAMS 0x0000000615c00000, 0x0000000615c00000| Untracked 
|  73|0x0000000616000000, 0x0000000616000000, 0x0000000616400000|  0%| F|  |TAMS 0x0000000616000000, 0x0000000616000000| Untracked 
|  74|0x0000000616400000, 0x0000000616400000, 0x0000000616800000|  0%| F|  |TAMS 0x0000000616400000, 0x0000000616400000| Untracked 
|  75|0x0000000616800000, 0x0000000616800000, 0x0000000616c00000|  0%| F|  |TAMS 0x0000000616800000, 0x0000000616800000| Untracked 
|  76|0x0000000616c00000, 0x0000000616c00000, 0x0000000617000000|  0%| F|  |TAMS 0x0000000616c00000, 0x0000000616c00000| Untracked 
|  77|0x0000000617000000, 0x0000000617000000, 0x0000000617400000|  0%| F|  |TAMS 0x0000000617000000, 0x0000000617000000| Untracked 
|  78|0x0000000617400000, 0x0000000617400000, 0x0000000617800000|  0%| F|  |TAMS 0x0000000617400000, 0x0000000617400000| Untracked 
|  79|0x0000000617800000, 0x0000000617800000, 0x0000000617c00000|  0%| F|  |TAMS 0x0000000617800000, 0x0000000617800000| Untracked 
|  80|0x0000000617c00000, 0x0000000617c00000, 0x0000000618000000|  0%| F|  |TAMS 0x0000000617c00000, 0x0000000617c00000| Untracked 
|  81|0x0000000618000000, 0x0000000618000000, 0x0000000618400000|  0%| F|  |TAMS 0x0000000618000000, 0x0000000618000000| Untracked 
|  82|0x0000000618400000, 0x0000000618400000, 0x0000000618800000|  0%| F|  |TAMS 0x0000000618400000, 0x0000000618400000| Untracked 
|  83|0x0000000618800000, 0x0000000618800000, 0x0000000618c00000|  0%| F|  |TAMS 0x0000000618800000, 0x0000000618800000| Untracked 
|  84|0x0000000618c00000, 0x0000000618c00000, 0x0000000619000000|  0%| F|  |TAMS 0x0000000618c00000, 0x0000000618c00000| Untracked 
|  85|0x0000000619000000, 0x0000000619000000, 0x0000000619400000|  0%| F|  |TAMS 0x0000000619000000, 0x0000000619000000| Untracked 
|  86|0x0000000619400000, 0x0000000619400000, 0x0000000619800000|  0%| F|  |TAMS 0x0000000619400000, 0x0000000619400000| Untracked 
|  87|0x0000000619800000, 0x0000000619800000, 0x0000000619c00000|  0%| F|  |TAMS 0x0000000619800000, 0x0000000619800000| Untracked 
|  88|0x0000000619c00000, 0x0000000619c00000, 0x000000061a000000|  0%| F|  |TAMS 0x0000000619c00000, 0x0000000619c00000| Untracked 
|  89|0x000000061a000000, 0x000000061a000000, 0x000000061a400000|  0%| F|  |TAMS 0x000000061a000000, 0x000000061a000000| Untracked 
|  90|0x000000061a400000, 0x000000061a400000, 0x000000061a800000|  0%| F|  |TAMS 0x000000061a400000, 0x000000061a400000| Untracked 
|  91|0x000000061a800000, 0x000000061a800000, 0x000000061ac00000|  0%| F|  |TAMS 0x000000061a800000, 0x000000061a800000| Untracked 
|  92|0x000000061ac00000, 0x000000061ac00000, 0x000000061b000000|  0%| F|  |TAMS 0x000000061ac00000, 0x000000061ac00000| Untracked 
|  93|0x000000061b000000, 0x000000061b000000, 0x000000061b400000|  0%| F|  |TAMS 0x000000061b000000, 0x000000061b000000| Untracked 
|  94|0x000000061b400000, 0x000000061b400000, 0x000000061b800000|  0%| F|  |TAMS 0x000000061b400000, 0x000000061b400000| Untracked 
|  95|0x000000061b800000, 0x000000061b800000, 0x000000061bc00000|  0%| F|  |TAMS 0x000000061b800000, 0x000000061b800000| Untracked 
|  96|0x000000061bc00000, 0x000000061bc00000, 0x000000061c000000|  0%| F|  |TAMS 0x000000061bc00000, 0x000000061bc00000| Untracked 
|  97|0x000000061c000000, 0x000000061c000000, 0x000000061c400000|  0%| F|  |TAMS 0x000000061c000000, 0x000000061c000000| Untracked 
|  98|0x000000061c400000, 0x000000061c400000, 0x000000061c800000|  0%| F|  |TAMS 0x000000061c400000, 0x000000061c400000| Untracked 
|  99|0x000000061c800000, 0x000000061c800000, 0x000000061cc00000|  0%| F|  |TAMS 0x000000061c800000, 0x000000061c800000| Untracked 
| 100|0x000000061cc00000, 0x000000061cc00000, 0x000000061d000000|  0%| F|  |TAMS 0x000000061cc00000, 0x000000061cc00000| Untracked 
| 101|0x000000061d000000, 0x000000061d000000, 0x000000061d400000|  0%| F|  |TAMS 0x000000061d000000, 0x000000061d000000| Untracked 
| 102|0x000000061d400000, 0x000000061d400000, 0x000000061d800000|  0%| F|  |TAMS 0x000000061d400000, 0x000000061d400000| Untracked 
| 103|0x000000061d800000, 0x000000061d800000, 0x000000061dc00000|  0%| F|  |TAMS 0x000000061d800000, 0x000000061d800000| Untracked 
| 104|0x000000061dc00000, 0x000000061dc00000, 0x000000061e000000|  0%| F|  |TAMS 0x000000061dc00000, 0x000000061dc00000| Untracked 
| 105|0x000000061e000000, 0x000000061e000000, 0x000000061e400000|  0%| F|  |TAMS 0x000000061e000000, 0x000000061e000000| Untracked 
| 106|0x000000061e400000, 0x000000061e400000, 0x000000061e800000|  0%| F|  |TAMS 0x000000061e400000, 0x000000061e400000| Untracked 
| 107|0x000000061e800000, 0x000000061e800000, 0x000000061ec00000|  0%| F|  |TAMS 0x000000061e800000, 0x000000061e800000| Untracked 
| 108|0x000000061ec00000, 0x000000061ec00000, 0x000000061f000000|  0%| F|  |TAMS 0x000000061ec00000, 0x000000061ec00000| Untracked 
| 109|0x000000061f000000, 0x000000061f000000, 0x000000061f400000|  0%| F|  |TAMS 0x000000061f000000, 0x000000061f000000| Untracked 
| 110|0x000000061f400000, 0x000000061f400000, 0x000000061f800000|  0%| F|  |TAMS 0x000000061f400000, 0x000000061f400000| Untracked 
| 111|0x000000061f800000, 0x000000061f800000, 0x000000061fc00000|  0%| F|  |TAMS 0x000000061f800000, 0x000000061f800000| Untracked 
| 112|0x000000061fc00000, 0x000000061fc00000, 0x0000000620000000|  0%| F|  |TAMS 0x000000061fc00000, 0x000000061fc00000| Untracked 
| 113|0x0000000620000000, 0x0000000620000000, 0x0000000620400000|  0%| F|  |TAMS 0x0000000620000000, 0x0000000620000000| Untracked 
| 114|0x0000000620400000, 0x0000000620400000, 0x0000000620800000|  0%| F|  |TAMS 0x0000000620400000, 0x0000000620400000| Untracked 
| 115|0x0000000620800000, 0x0000000620800000, 0x0000000620c00000|  0%| F|  |TAMS 0x0000000620800000, 0x0000000620800000| Untracked 
| 116|0x0000000620c00000, 0x0000000620c00000, 0x0000000621000000|  0%| F|  |TAMS 0x0000000620c00000, 0x0000000620c00000| Untracked 
| 117|0x0000000621000000, 0x0000000621000000, 0x0000000621400000|  0%| F|  |TAMS 0x0000000621000000, 0x0000000621000000| Untracked 
| 118|0x0000000621400000, 0x0000000621400000, 0x0000000621800000|  0%| F|  |TAMS 0x0000000621400000, 0x0000000621400000| Untracked 
| 119|0x0000000621800000, 0x0000000621800000, 0x0000000621c00000|  0%| F|  |TAMS 0x0000000621800000, 0x0000000621800000| Untracked 
| 120|0x0000000621c00000, 0x0000000621c00000, 0x0000000622000000|  0%| F|  |TAMS 0x0000000621c00000, 0x0000000621c00000| Untracked 
| 121|0x0000000622000000, 0x0000000622000000, 0x0000000622400000|  0%| F|  |TAMS 0x0000000622000000, 0x0000000622000000| Untracked 
| 122|0x0000000622400000, 0x0000000622400000, 0x0000000622800000|  0%| F|  |TAMS 0x0000000622400000, 0x0000000622400000| Untracked 
| 123|0x0000000622800000, 0x0000000622800000, 0x0000000622c00000|  0%| F|  |TAMS 0x0000000622800000, 0x0000000622800000| Untracked 
| 124|0x0000000622c00000, 0x0000000622c00000, 0x0000000623000000|  0%| F|  |TAMS 0x0000000622c00000, 0x0000000622c00000| Untracked 
| 125|0x0000000623000000, 0x0000000623266fb8, 0x0000000623400000| 60%| E|  |TAMS 0x0000000623000000, 0x0000000623000000| Complete 
| 126|0x0000000623400000, 0x0000000623800000, 0x0000000623800000|100%| E|CS|TAMS 0x0000000623400000, 0x0000000623400000| Complete 
| 127|0x0000000623800000, 0x0000000623c00000, 0x0000000623c00000|100%| E|CS|TAMS 0x0000000623800000, 0x0000000623800000| Complete 

Card table byte_map: [0x000002434bbe0000,0x000002434cbd0000] _byte_map_base: 0x0000024348bc2000

Marking Bits (Prev, Next): (CMBitMap*) 0x0000024332bfcb30, (CMBitMap*) 0x0000024332bfcb70
 Prev Bits: [0x000002434dbc0000, 0x0000024355ad0000)
 Next Bits: [0x0000024355ad0000, 0x000002435d9e0000)

Polling page: 0x0000024331350000

Metaspace:

Usage:
  Non-class:      5.06 MB capacity,     3.93 MB ( 78%) used,     1.12 MB ( 22%) free+waste,     6.75 KB ( <1%) overhead. 
      Class:    596.00 KB capacity,   500.76 KB ( 84%) used,    91.99 KB ( 15%) free+waste,     3.25 KB ( <1%) overhead. 
       Both:      5.64 MB capacity,     4.42 MB ( 78%) used,     1.21 MB ( 21%) free+waste,    10.00 KB ( <1%) overhead. 

Virtual space:
  Non-class space:        8.00 MB reserved,       5.25 MB ( 66%) committed 
      Class space:        1.00 GB reserved,     640.00 KB ( <1%) committed 
             Both:        1.01 GB reserved,       5.88 MB ( <1%) committed 

Chunk freelists:
   Non-Class:  6.00 KB
       Class:  12.00 KB
        Both:  18.00 KB

MaxMetaspaceSize: 17179869184.00 GB
CompressedClassSpaceSize: 1.00 GB

CodeHeap 'non-profiled nmethods': size=120000Kb used=285Kb max_used=285Kb free=119714Kb
 bounds [0x0000024342c50000, 0x0000024342ec0000, 0x000002434a180000]
CodeHeap 'profiled nmethods': size=120000Kb used=1434Kb max_used=1434Kb free=118565Kb
 bounds [0x000002433b720000, 0x000002433b990000, 0x0000024342c50000]
CodeHeap 'non-nmethods': size=5760Kb used=1167Kb max_used=1183Kb free=4592Kb
 bounds [0x000002433b180000, 0x000002433b3f0000, 0x000002433b720000]
 total_blobs=1332 nmethods=909 adapters=336
 compilation: enabled
              stopped_count=0, restarted_count=0
 full_count=0

Compilation events (20 events):
Event: 1.121 Thread 0x0000024360351650  896       3       java.lang.invoke.MemberName::isMethod (8 bytes)
Event: 1.122 Thread 0x0000024360351650 nmethod 896 0x000002433b883990 code [0x000002433b883b40, 0x000002433b883d78]
Event: 1.122 Thread 0x0000024360351650  897       3       java.lang.invoke.MethodHandles$Lookup::<init> (84 bytes)
Event: 1.122 Thread 0x0000024360351650 nmethod 897 0x000002433b883e90 code [0x000002433b884040, 0x000002433b884298]
Event: 1.124 Thread 0x0000024360348d40 nmethod 895 0x0000024342c95d90 code [0x0000024342c95f20, 0x0000024342c96168]
Event: 1.142 Thread 0x0000024360351650  898       3       java.io.FileInputStream::read (8 bytes)
Event: 1.142 Thread 0x0000024360351650 nmethod 898 0x000002433b884390 code [0x000002433b884540, 0x000002433b884668]
Event: 1.144 Thread 0x0000024360351650  900       3       java.net.URL::toString (5 bytes)
Event: 1.144 Thread 0x0000024360351650 nmethod 900 0x000002433b884710 code [0x000002433b8848c0, 0x000002433b884ae8]
Event: 1.144 Thread 0x0000024360351650  901       3       java.net.URL::toExternalForm (9 bytes)
Event: 1.144 Thread 0x0000024360351650 nmethod 901 0x000002433b884c10 code [0x000002433b884dc0, 0x000002433b884f88]
Event: 1.147 Thread 0x0000024360348d40  902       4       jdk.internal.org.objectweb.asm.ClassReader::readUnsignedShort (26 bytes)
Event: 1.148 Thread 0x0000024360348d40 nmethod 902 0x0000024342c96d10 code [0x0000024342c96e80, 0x0000024342c96f58]
Event: 1.148 Thread 0x0000024360351650  905       3       jdk.internal.org.objectweb.asm.MethodWriter::visitTypeInsn (116 bytes)
Event: 1.149 Thread 0x0000024360351650 nmethod 905 0x000002433b885090 code [0x000002433b885280, 0x000002433b885688]
Event: 1.151 Thread 0x0000024360351650  906       3       java.lang.ref.Reference::clear (6 bytes)
Event: 1.151 Thread 0x0000024360351650 nmethod 906 0x000002433b885890 code [0x000002433b885a20, 0x000002433b885b58]
Event: 1.152 Thread 0x0000024360351650  907       3       jdk.internal.ref.CleanerFactory::cleaner (4 bytes)
Event: 1.152 Thread 0x0000024360351650 nmethod 907 0x000002433b885c10 code [0x000002433b885da0, 0x000002433b885e98]
Event: 1.152 Thread 0x0000024360351650  909   !   3       java.lang.ClassLoader::addClass (27 bytes)

GC Heap History (0 events):
No events

Deoptimization events (20 events):
Event: 0.933 Thread 0x0000024332b87c70 DEOPT PACKING pc=0x000002433b866f2e sp=0x000000ca888fd0d0
Event: 0.933 Thread 0x0000024332b87c70 DEOPT UNPACKING pc=0x000002433b1ce23f sp=0x000000ca888fc5d8 mode 0
Event: 0.933 Thread 0x0000024332b87c70 DEOPT PACKING pc=0x000002433b866f2e sp=0x000000ca888fd0d0
Event: 0.933 Thread 0x0000024332b87c70 DEOPT UNPACKING pc=0x000002433b1ce23f sp=0x000000ca888fc5d8 mode 0
Event: 0.934 Thread 0x0000024332b87c70 DEOPT PACKING pc=0x000002433b866f2e sp=0x000000ca888fd0d0
Event: 0.934 Thread 0x0000024332b87c70 DEOPT UNPACKING pc=0x000002433b1ce23f sp=0x000000ca888fc5d8 mode 0
Event: 0.935 Thread 0x0000024332b87c70 DEOPT PACKING pc=0x000002433b866f2e sp=0x000000ca888fd0d0
Event: 0.935 Thread 0x0000024332b87c70 DEOPT UNPACKING pc=0x000002433b1ce23f sp=0x000000ca888fc5d8 mode 0
Event: 0.936 Thread 0x0000024332b87c70 DEOPT PACKING pc=0x000002433b866f2e sp=0x000000ca888fd0d0
Event: 0.936 Thread 0x0000024332b87c70 DEOPT UNPACKING pc=0x000002433b1ce23f sp=0x000000ca888fc5d8 mode 0
Event: 0.936 Thread 0x0000024332b87c70 DEOPT PACKING pc=0x000002433b866f2e sp=0x000000ca888fd0d0
Event: 0.936 Thread 0x0000024332b87c70 DEOPT UNPACKING pc=0x000002433b1ce23f sp=0x000000ca888fc5d8 mode 0
Event: 0.937 Thread 0x0000024332b87c70 DEOPT PACKING pc=0x000002433b866f2e sp=0x000000ca888fd0d0
Event: 0.937 Thread 0x0000024332b87c70 DEOPT UNPACKING pc=0x000002433b1ce23f sp=0x000000ca888fc5d8 mode 0
Event: 0.938 Thread 0x0000024332b87c70 DEOPT PACKING pc=0x000002433b866f2e sp=0x000000ca888fd0d0
Event: 0.938 Thread 0x0000024332b87c70 DEOPT UNPACKING pc=0x000002433b1ce23f sp=0x000000ca888fc5d8 mode 0
Event: 0.968 Thread 0x0000024332b87c70 Uncommon trap: trap_request=0xffffff45 fr.pc=0x0000024342c91268 relative=0x0000000000000628
Event: 0.968 Thread 0x0000024332b87c70 Uncommon trap: reason=unstable_if action=reinterpret pc=0x0000024342c91268 method=org.xerial.snappy.SnappyLoader.contentsEquals(Ljava/io/InputStream;Ljava/io/InputStream;)Z @ 39 c2
Event: 0.968 Thread 0x0000024332b87c70 DEOPT PACKING pc=0x0000024342c91268 sp=0x000000ca888fd110
Event: 0.968 Thread 0x0000024332b87c70 DEOPT UNPACKING pc=0x000002433b1ce42f sp=0x000000ca888fd0d8 mode 2

Classes unloaded (0 events):
No events

Classes redefined (0 events):
No events

Internal exceptions (20 events):
Event: 0.533 Thread 0x0000024332b87c70 Exception <a 'java/lang/NoSuchMethodError'{0x00000006235ca268}: 'void java.lang.invoke.DirectMethodHandle$Holder.invokeStaticInit(java.lang.Object, java.lang.Object)'> (0x00000006235ca268) 
thrown [./open/src/hotspot/share/interpreter/linkResolver.cpp, line 782]
Event: 0.552 Thread 0x0000024332b87c70 Exception <a 'java/lang/NoSuchMethodError'{0x00000006235f7348}: 'java.lang.Object java.lang.invoke.DirectMethodHandle$Holder.invokeStaticInit(java.lang.Object, int, int, int, int)'> (0x00000006235f7348) 
thrown [./open/src/hotspot/share/interpreter/linkResolver.cpp, line 782]
Event: 0.649 Thread 0x0000024332b87c70 Exception <a 'java/lang/NoSuchMethodError'{0x0000000623656120}: 'java.lang.Object java.lang.invoke.DirectMethodHandle$Holder.invokeStaticInit(java.lang.Object, java.lang.Object, int, int, int, int)'> (0x0000000623656120) 
thrown [./open/src/hotspot/share/interpreter/linkResolver.cpp, line 782]
Event: 0.684 Thread 0x0000024332b87c70 Exception <a 'sun/nio/fs/WindowsException'{0x000000062369e2c0}> (0x000000062369e2c0) 
thrown [./open/src/hotspot/share/prims/jni.cpp, line 578]
Event: 0.686 Thread 0x0000024332b87c70 Exception <a 'java/lang/IncompatibleClassChangeError'{0x00000006236a1c30}: Found class java.lang.Object, but interface was expected> (0x00000006236a1c30) 
thrown [./open/src/hotspot/share/interpreter/linkResolver.cpp, line 848]
Event: 0.687 Thread 0x0000024332b87c70 Exception <a 'java/lang/NoSuchMethodError'{0x00000006236a51c8}: 'int java.lang.invoke.DirectMethodHandle$Holder.invokeSpecial(java.lang.Object, java.lang.Object, java.lang.Object)'> (0x00000006236a51c8) 
thrown [./open/src/hotspot/share/interpreter/linkResolver.cpp, line 782]
Event: 0.843 Thread 0x0000024332b87c70 Exception <a 'java/lang/NoClassDefFoundError'{0x00000006237b1fc8}: org/slf4j/impl/StaticLoggerBinder> (0x00000006237b1fc8) 
thrown [./open/src/hotspot/share/classfile/systemDictionary.cpp, line 284]
Event: 0.847 Thread 0x0000024332b87c70 Exception <a 'sun/nio/fs/WindowsException'{0x00000006237bfd40}> (0x00000006237bfd40) 
thrown [./open/src/hotspot/share/prims/jni.cpp, line 578]
Event: 0.847 Thread 0x0000024332b87c70 Exception <a 'sun/nio/fs/WindowsException'{0x00000006237c0010}> (0x00000006237c0010) 
thrown [./open/src/hotspot/share/prims/jni.cpp, line 578]
Event: 0.851 Thread 0x0000024332b87c70 Exception <a 'sun/nio/fs/WindowsException'{0x00000006237c2718}> (0x00000006237c2718) 
thrown [./open/src/hotspot/share/prims/jni.cpp, line 578]
Event: 0.851 Thread 0x0000024332b87c70 Exception <a 'sun/nio/fs/WindowsException'{0x00000006237c29e8}> (0x00000006237c29e8) 
thrown [./open/src/hotspot/share/prims/jni.cpp, line 578]
Event: 0.875 Thread 0x0000024332b87c70 Exception <a 'java/lang/NoSuchMethodError'{0x0000000623009338}: 'java.lang.Object java.lang.invoke.DirectMethodHandle$Holder.invokeStatic(java.lang.Object, int, int)'> (0x0000000623009338) 
thrown [./open/src/hotspot/share/interpreter/linkResolver.cpp, line 782]
Event: 1.097 Thread 0x0000024332b87c70 Exception <a 'java/lang/NoSuchMethodError'{0x00000006230b64a8}: 'java.lang.Object java.lang.invoke.Invokers$Holder.invoke_MT(java.lang.Object, java.lang.Object, java.lang.Object)'> (0x00000006230b64a8) 
thrown [./open/src/hotspot/share/interpreter/linkResolver.cpp, line 782]
Event: 1.100 Thread 0x0000024332b87c70 Exception <a 'sun/nio/fs/WindowsException'{0x00000006230c3b50}> (0x00000006230c3b50) 
thrown [./open/src/hotspot/share/prims/jni.cpp, line 578]
Event: 1.100 Thread 0x0000024332b87c70 Exception <a 'sun/nio/fs/WindowsException'{0x00000006230c3e20}> (0x00000006230c3e20) 
thrown [./open/src/hotspot/share/prims/jni.cpp, line 578]
Event: 1.104 Thread 0x0000024332b87c70 Exception <a 'sun/nio/fs/WindowsException'{0x00000006230c5250}> (0x00000006230c5250) 
thrown [./open/src/hotspot/share/prims/jni.cpp, line 578]
Event: 1.104 Thread 0x0000024332b87c70 Exception <a 'sun/nio/fs/WindowsException'{0x00000006230c5520}> (0x00000006230c5520) 
thrown [./open/src/hotspot/share/prims/jni.cpp, line 578]
Event: 1.114 Thread 0x0000024332b87c70 Exception <a 'java/lang/NoSuchMethodError'{0x00000006230ceeb8}: 'void java.lang.invoke.DirectMethodHandle$Holder.invokeVirtual(java.lang.Object, java.lang.Object)'> (0x00000006230ceeb8) 
thrown [./open/src/hotspot/share/interpreter/linkResolver.cpp, line 782]
Event: 1.146 Thread 0x0000024332b87c70 Exception <a 'java/lang/NoSuchMethodError'{0x00000006231f2150}: 'void java.lang.invoke.DirectMethodHandle$Holder.invokeSpecial(java.lang.Object, java.lang.Object, java.lang.Object)'> (0x00000006231f2150) 
thrown [./open/src/hotspot/share/interpreter/linkResolver.cpp, line 782]
Event: 1.148 Thread 0x0000024332b87c70 Exception <a 'java/lang/NoSuchMethodError'{0x00000006231fde28}: 'void java.lang.invoke.Invokers$Holder.invokeExact_MT(java.lang.Object, java.lang.Object, java.lang.Object)'> (0x00000006231fde28) 
thrown [./open/src/hotspot/share/interpreter/linkResolver.cpp, line 782]

Events (20 events):
Event: 1.083 loading class java/util/function/LongBinaryOperator
Event: 1.083 loading class java/util/function/LongBinaryOperator done
Event: 1.090 loading class java/nio/channels/FileChannel$MapMode
Event: 1.090 loading class java/nio/channels/FileChannel$MapMode done
Event: 1.096 loading class jdk/internal/misc/ExtendedMapMode
Event: 1.096 loading class jdk/internal/misc/ExtendedMapMode done
Event: 1.098 loading class sun/nio/ch/FileChannelImpl$DefaultUnmapper
Event: 1.098 loading class sun/nio/ch/FileChannelImpl$Unmapper
Event: 1.098 loading class jdk/internal/access/foreign/UnmapperProxy
Event: 1.098 loading class jdk/internal/access/foreign/UnmapperProxy done
Event: 1.098 loading class sun/nio/ch/FileChannelImpl$Unmapper done
Event: 1.098 loading class sun/nio/ch/FileChannelImpl$DefaultUnmapper done
Event: 1.098 loading class sun/nio/ch/Util$4
Event: 1.098 loading class sun/nio/ch/Util$4 done
Event: 1.098 loading class jdk/internal/access/foreign/MemorySegmentProxy
Event: 1.098 loading class jdk/internal/access/foreign/MemorySegmentProxy done
Event: 1.098 loading class java/util/concurrent/atomic/AtomicBoolean
Event: 1.098 loading class java/util/concurrent/atomic/AtomicBoolean done
Event: 1.146 loading class sun/misc/Unsafe
Event: 1.146 loading class sun/misc/Unsafe done


Dynamic libraries:
0x00007ff6ea930000 - 0x00007ff6ea93d000 	C:\Users\jgontijo\.jdks\openjdk-15.0.1\bin\java.exe
0x00007ffcfabb0000 - 0x00007ffcfada5000 	C:\WINDOWS\SYSTEM32\ntdll.dll
0x00007ffcfa560000 - 0x00007ffcfa61d000 	C:\WINDOWS\System32\KERNEL32.DLL
0x00007ffcf86b0000 - 0x00007ffcf8978000 	C:\WINDOWS\System32\KERNELBASE.dll
0x00007ffcf8b10000 - 0x00007ffcf8c10000 	C:\WINDOWS\System32\ucrtbase.dll
0x00007ffce0580000 - 0x00007ffce0599000 	C:\Users\jgontijo\.jdks\openjdk-15.0.1\bin\VCRUNTIME140.dll
0x00007ffcdfb40000 - 0x00007ffcdfb58000 	C:\Users\jgontijo\.jdks\openjdk-15.0.1\bin\jli.dll
0x00007ffcf94b0000 - 0x00007ffcf9650000 	C:\WINDOWS\System32\USER32.dll
0x00007ffcf8500000 - 0x00007ffcf8522000 	C:\WINDOWS\System32\win32u.dll
0x00007ffcf6e10000 - 0x00007ffcf70aa000 	C:\WINDOWS\WinSxS\amd64_microsoft.windows.common-controls_6595b64144ccf1df_6.0.19041.844_none_ca00b6081b84eb1d\COMCTL32.dll
0x00007ffcfa3e0000 - 0x00007ffcfa40a000 	C:\WINDOWS\System32\GDI32.dll
0x00007ffcf98c0000 - 0x00007ffcf995e000 	C:\WINDOWS\System32\msvcrt.dll
0x00007ffcf82f0000 - 0x00007ffcf83fb000 	C:\WINDOWS\System32\gdi32full.dll
0x00007ffcf8530000 - 0x00007ffcf85cd000 	C:\WINDOWS\System32\msvcp_win.dll
0x00007ffcf9480000 - 0x00007ffcf94b0000 	C:\WINDOWS\System32\IMM32.DLL
0x00007ffcae750000 - 0x00007ffcae7f4000 	C:\Program Files\McAfee\Endpoint Security\Threat Prevention\Ips\EpMPApi.dll
0x00007ffcf9780000 - 0x00007ffcf98ab000 	C:\WINDOWS\System32\RPCRT4.dll
0x00007ffcf93c0000 - 0x00007ffcf946c000 	C:\WINDOWS\System32\ADVAPI32.dll
0x00007ffcf9960000 - 0x00007ffcf99fb000 	C:\WINDOWS\System32\sechost.dll
0x00007ffcf8650000 - 0x00007ffcf86b0000 	C:\WINDOWS\System32\WINTRUST.dll
0x00007ffcf8980000 - 0x00007ffcf8adf000 	C:\WINDOWS\System32\CRYPT32.dll
0x00007ffcf7e70000 - 0x00007ffcf7e82000 	C:\WINDOWS\SYSTEM32\MSASN1.dll
0x0000000065020000 - 0x000000006502c000 	C:\Program Files\McAfee\Endpoint Security\Threat Prevention\Ips\EpMPThe.dll
0x00007ffccffb0000 - 0x00007ffcd0009000 	C:\Program Files\McAfee\Endpoint Security\Threat Prevention\Ips\HIPHandlers64.dll
0x00007ffcf9d60000 - 0x00007ffcf9db5000 	C:\WINDOWS\System32\SHLWAPI.dll
0x00007ffcf2570000 - 0x00007ffcf2754000 	C:\WINDOWS\SYSTEM32\dbghelp.dll
0x00007ffce6a70000 - 0x00007ffce6a7c000 	C:\Users\jgontijo\.jdks\openjdk-15.0.1\bin\vcruntime140_1.dll
0x00007ffccde90000 - 0x00007ffccdf21000 	C:\Users\jgontijo\.jdks\openjdk-15.0.1\bin\msvcp140.dll
0x00007ffc8e880000 - 0x00007ffc8f3de000 	C:\Users\jgontijo\.jdks\openjdk-15.0.1\bin\server\jvm.dll
0x00007ffcf9470000 - 0x00007ffcf9478000 	C:\WINDOWS\System32\PSAPI.DLL
0x00007ffcea860000 - 0x00007ffcea86a000 	C:\WINDOWS\SYSTEM32\VERSION.dll
0x00007ffcdc3a0000 - 0x00007ffcdc3a9000 	C:\WINDOWS\SYSTEM32\WSOCK32.dll
0x00007ffce0640000 - 0x00007ffce0667000 	C:\WINDOWS\SYSTEM32\WINMM.dll
0x00007ffcf9a00000 - 0x00007ffcf9a6b000 	C:\WINDOWS\System32\WS2_32.dll
0x00007ffcf6b50000 - 0x00007ffcf6b62000 	C:\WINDOWS\SYSTEM32\kernel.appcore.dll
0x00007ffce0760000 - 0x00007ffce076a000 	C:\Users\jgontijo\.jdks\openjdk-15.0.1\bin\jimage.dll
0x00007ffcd9ea0000 - 0x00007ffcd9ecc000 	C:\WINDOWS\SYSTEM32\dbgcore.DLL
0x00007ffcf85d0000 - 0x00007ffcf8650000 	C:\WINDOWS\System32\bcryptPrimitives.dll
0x00007ffcdfcc0000 - 0x00007ffcdfcce000 	C:\Users\jgontijo\.jdks\openjdk-15.0.1\bin\instrument.dll
0x00007ffcd1720000 - 0x00007ffcd1745000 	C:\Users\jgontijo\.jdks\openjdk-15.0.1\bin\java.dll
0x00007ffcf8c70000 - 0x00007ffcf93b2000 	C:\WINDOWS\System32\SHELL32.dll
0x00007ffcf2760000 - 0x00007ffcf2ef1000 	C:\WINDOWS\SYSTEM32\windows.storage.dll
0x00007ffcf7bc0000 - 0x00007ffcf7bec000 	C:\WINDOWS\SYSTEM32\Wldp.dll
0x0000024361170000 - 0x00000243614c5000 	C:\WINDOWS\System32\combase.dll
0x00007ffcfa240000 - 0x00007ffcfa2ee000 	C:\WINDOWS\System32\SHCORE.dll
0x00007ffcf8230000 - 0x00007ffcf824f000 	C:\WINDOWS\SYSTEM32\profapi.dll
0x00007ffcd10b0000 - 0x00007ffcd10c8000 	C:\Users\jgontijo\.jdks\openjdk-15.0.1\bin\zip.dll
0x00007ffcd98e0000 - 0x00007ffcd98f9000 	C:\Users\jgontijo\.jdks\openjdk-15.0.1\bin\net.dll
0x00007ffceb700000 - 0x00007ffceb80b000 	C:\WINDOWS\SYSTEM32\WINHTTP.dll
0x00007ffcf79a0000 - 0x00007ffcf7a0a000 	C:\WINDOWS\system32\mswsock.dll
0x00007ffcd16d0000 - 0x00007ffcd16e2000 	C:\Users\jgontijo\.jdks\openjdk-15.0.1\bin\nio.dll
0x00007ffccd9a0000 - 0x00007ffccd9ba000 	C:\Users\jgontijo\AppData\Local\JetBrains\Toolbox\apps\IDEA-U\ch-0\211.6693.111\bin\breakgen64.dll
0x00007ffcdfb30000 - 0x00007ffcdfb40000 	C:\Users\jgontijo\.jdks\openjdk-15.0.1\bin\verify.dll
0x00007ffcf7c00000 - 0x00007ffcf7c18000 	C:\WINDOWS\SYSTEM32\CRYPTSP.dll
0x00007ffcf7360000 - 0x00007ffcf7394000 	C:\WINDOWS\system32\rsaenh.dll
0x00007ffcf8ae0000 - 0x00007ffcf8b07000 	C:\WINDOWS\System32\bcrypt.dll
0x00007ffcf81b0000 - 0x00007ffcf81de000 	C:\WINDOWS\SYSTEM32\USERENV.dll
0x00007ffcf7b20000 - 0x00007ffcf7b2c000 	C:\WINDOWS\SYSTEM32\CRYPTBASE.dll
0x00007ffcf76b0000 - 0x00007ffcf76eb000 	C:\WINDOWS\SYSTEM32\IPHLPAPI.DLL
0x00007ffcfa230000 - 0x00007ffcfa238000 	C:\WINDOWS\System32\NSI.dll
0x00007ffceb090000 - 0x00007ffceb0a7000 	C:\WINDOWS\SYSTEM32\dhcpcsvc6.DLL
0x00007ffceb000000 - 0x00007ffceb01d000 	C:\WINDOWS\SYSTEM32\dhcpcsvc.DLL
0x00007ffcf76f0000 - 0x00007ffcf77bc000 	C:\WINDOWS\SYSTEM32\DNSAPI.dll
0x0000000066f40000 - 0x0000000066f6d000 	C:\Users\jgontijo\AppData\Local\Temp\liblz4-java7217985743656613071.so
0x0000000069140000 - 0x0000000069207000 	C:\Users\jgontijo\AppData\Local\Temp\snappy-1.1.7-ef5574e0-bda5-42cb-92a2-2085fd7c0e7a-snappyjava.dll

dbghelp: loaded successfully - version: 4.0.5 - missing functions: none
symbol engine: initialized successfully - sym options: 0x614 - pdb path: .;C:\Users\jgontijo\.jdks\openjdk-15.0.1\bin;C:\WINDOWS\SYSTEM32;C:\WINDOWS\WinSxS\amd64_microsoft.windows.common-controls_6595b64144ccf1df_6.0.19041.844_none_ca00b6081b84eb1d;C:\Program Files\McAfee\Endpoint Security\Threat Prevention\Ips;C:\Users\jgontijo\.jdks\openjdk-15.0.1\bin\server;C:\Users\jgontijo\AppData\Local\JetBrains\Toolbox\apps\IDEA-U\ch-0\211.6693.111\bin;C:\Users\jgontijo\AppData\Local\Temp

VM Arguments:
jvm_args: -ea --enable-preview --enable-preview -Didea.test.cyclic.buffer.size=1048576 -javaagent:C:\Users\jgontijo\AppData\Local\JetBrains\Toolbox\apps\IDEA-U\ch-0\211.6693.111\lib\idea_rt.jar=64327:C:\Users\jgontijo\AppData\Local\JetBrains\Toolbox\apps\IDEA-U\ch-0\211.6693.111\bin -Dfile.encoding=UTF-8 
java_command: com.intellij.rt.junit.JUnitStarter -ideVersion5 -junit4 io.joshworks.es2.sstable.SSTablesTest,compaction
java_class_path (initial): C:\Users\jgontijo\AppData\Local\JetBrains\Toolbox\apps\IDEA-U\ch-0\211.6693.111\lib\idea_rt.jar;C:\Users\jgontijo\AppData\Local\JetBrains\Toolbox\apps\IDEA-U\ch-0\211.6693.111\plugins\junit\lib\junit5-rt.jar;C:\Users\jgontijo\AppData\Local\JetBrains\Toolbox\apps\IDEA-U\ch-0\211.6693.111\plugins\junit\lib\junit-rt.jar;C:\Users\jgontijo\Projects\Test\fstore\stream-db2\target\test-classes;C:\Users\jgontijo\Projects\Test\fstore\stream-db2\target\classes;C:\Users\jgontijo\Projects\Test\fstore\core\target\classes;C:\Users\jgontijo\.m2\repository\net\jpountz\lz4\lz4\1.3.0\lz4-1.3.0.jar;C:\Users\jgontijo\.m2\repository\org\slf4j\slf4j-api\1.7.25\slf4j-api-1.7.25.jar;C:\Users\jgontijo\.m2\repository\junit\junit\4.12\junit-4.12.jar;C:\Users\jgontijo\.m2\repository\org\hamcrest\hamcrest-core\1.3\hamcrest-core-1.3.jar;C:\Users\jgontijo\Projects\Test\fstore\codec\snappy-codec\target\classes;C:\Users\jgontijo\.m2\repository\org\xerial\snappy\snappy-java\1.1.7.1\snappy-java-1.1.7.1.jar;C:\Users\jgontijo\Projects\Test\fstore\codec\standard-codec\target\classes;C:\Users\jgontijo\Projects\Test\fstore\codec\lz4-codec\target\classes;C:\Users\jgontijo\.m2\repository\org\lz4\lz4-java\1.7.0\lz4-java-1.7.0.jar
Launcher Type: SUN_STANDARD

[Global flags]
     intx CICompilerCount                          = 4                                         {product} {ergonomic}
     uint ConcGCThreads                            = 2                                         {product} {ergonomic}
     uint G1ConcRefinementThreads                  = 8                                         {product} {ergonomic}
   size_t G1HeapRegionSize                         = 4194304                                   {product} {ergonomic}
    uintx GCDrainStackTargetSize                   = 64                                        {product} {ergonomic}
   size_t InitialHeapSize                          = 536870912                                 {product} {ergonomic}
   size_t MarkStackSize                            = 4194304                                   {product} {ergonomic}
   size_t MaxHeapSize                              = 8527020032                                {product} {ergonomic}
   size_t MaxNewSize                               = 5112856576                                {product} {ergonomic}
   size_t MinHeapDeltaBytes                        = 4194304                                   {product} {ergonomic}
   size_t MinHeapSize                              = 8388608                                   {product} {ergonomic}
    uintx NonNMethodCodeHeapSize                   = 5839372                                {pd product} {ergonomic}
    uintx NonProfiledCodeHeapSize                  = 122909434                              {pd product} {ergonomic}
    uintx ProfiledCodeHeapSize                     = 122909434                              {pd product} {ergonomic}
    uintx ReservedCodeCacheSize                    = 251658240                              {pd product} {ergonomic}
     bool SegmentedCodeCache                       = true                                      {product} {ergonomic}
   size_t SoftMaxHeapSize                          = 8527020032                             {manageable} {ergonomic}
     bool UseCompressedClassPointers               = true                                 {lp64_product} {ergonomic}
     bool UseCompressedOops                        = true                                 {lp64_product} {ergonomic}
     bool UseG1GC                                  = true                                      {product} {ergonomic}
     bool UseLargePagesIndividualAllocation        = false                                  {pd product} {ergonomic}

Logging:
Log output configuration:
 #0: stdout all=warning uptime,level,tags
 #1: stderr all=off uptime,level,tags

Environment Variables:
JAVA_HOME=C:\Program Files\Java\jdk1.8.0_281
PATH=C:\Program Files (x86)\Common Files\Oracle\Java\javapath;C:\WINDOWS\system32;C:\WINDOWS;C:\WINDOWS\System32\Wbem;C:\WINDOWS\System32\WindowsPowerShell\v1.0\;C:\WINDOWS\System32\OpenSSH\;C:\Program Files\nodejs\;C:\Program Files\Git\cmd;C:\Program Files\Git\mingw64\bin;C:\Program Files\Git\usr\bin;C:\Program Files\Docker\Docker\resources\bin;C:\ProgramData\DockerDesktop\version-bin;C:\Users\jgontijo\.cargo\bin;C:\Users\jgontijo\oci\bin;C:\Users\jgontijo\AppData\Local\atom\bin;C:\Users\jgontijo\AppData\Local\Programs\Python\Python36;C:\Users\jgontijo\AppData\Local\Microsoft\WindowsApps;C:\Users\jgontijo\apache-maven-3.6.1\bin;C:\Users\jgontijo\k8s;C:\Users\jgontijo\bin;C:\Program Files\Java\jdk1.8.0_281\bin;C:\Users\jgontijo\AppData\Local\Programs\Python\Python36\Scripts;C:\Users\jgontijo\AppData\Roaming\npm;C:\Users\jgontijo\helm;C:\Program Files\Sublime Text 3;C:\Users\jgontijo\AppData\Local\Programs\Microsoft VS Code\bin;C:\Users\jgontijo\AppData\Local\Microsoft\WindowsApps;C:\Program Files\mingw-w64\x86_64-8.1.0-posix-seh-rt_v6-rev0\mingw64\bin;C:\Program Files\CMake\bin;
USERNAME=jgontijo
OS=Windows_NT
PROCESSOR_IDENTIFIER=Intel64 Family 6 Model 142 Stepping 12, GenuineIntel



---------------  S Y S T E M  ---------------

OS:
 Windows 10 , 64 bit Build 19041 (10.0.19041.928)
OS uptime: 23 days 5:06 hours
HyperV virtualization detected

CPU: total 8 (initial active 8) (4 cores per cpu, 2 threads per core) family 6 model 142 stepping 12 microcode 0xde, cmov, cx8, fxsr, mmx, sse, sse2, sse3, ssse3, sse4.1, sse4.2, popcnt, vzeroupper, avx, avx2, aes, clmul, erms, 3dnowpref, lzcnt, ht, tsc, tscinvbit, bmi1, bmi2, adx, fma, clflush, clflushopt

Memory: 4k page, system-wide physical 32517M (9882M free)
TotalPageFile size 37381M (AvailPageFile size 6559M)
current process WorkingSet (physical memory assigned to process): 59M, peak: 59M
current process commit charge ("private bytes"): 623M, peak: 623M

vm_info: OpenJDK 64-Bit Server VM (15.0.1+9-18) for windows-amd64 JRE (15.0.1+9-18), built on Sep 15 2020 14:39:31 by "mach5one" with unknown MS VC++:1925

END.
